<?xml version="1.0" encoding="UTF-8"?>
<testsuite xmlns:xsi="http://www.w3.org/2001/XMLSchema-instance" xsi:schemaLocation="https://maven.apache.org/surefire/maven-surefire-plugin/xsd/surefire-test-report.xsd" name="TestSuite" time="4,582.504" tests="1228" errors="0" skipped="0" failures="226">
  <properties>
    <property name="java.vendor" value="Oracle Corporation"/>
    <property name="JOB_NAME" value="shield2.1"/>
    <property name="sun.java.launcher" value="SUN_STANDARD"/>
    <property name="NUMBER_OF_PROCESSORS" value="8"/>
    <property name="sun.management.compiler" value="HotSpot 64-Bit Tiered Compilers"/>
    <property name="JENKINS_HOME" value="C:\Users\gchand.NVIDIA.COM\.jenkins"/>
    <property name="FPS_BROWSER_USER_PROFILE_STRING" value="Default"/>
    <property name="HUDSON_SERVER_COOKIE" value="fa0386926b237830"/>
    <property name="POM_ARTIFACTID" value="shield"/>
    <property name="os.name" value="Windows 10"/>
    <property name="sun.boot.class.path" value="C:\Program Files\Java\jdk1.8.0_121\jre\lib\resources.jar;C:\Program Files\Java\jdk1.8.0_121\jre\lib\rt.jar;C:\Program Files\Java\jdk1.8.0_121\jre\lib\sunrsasign.jar;C:\Program Files\Java\jdk1.8.0_121\jre\lib\jsse.jar;C:\Program Files\Java\jdk1.8.0_121\jre\lib\jce.jar;C:\Program Files\Java\jdk1.8.0_121\jre\lib\charsets.jar;C:\Program Files\Java\jdk1.8.0_121\jre\lib\jfr.jar;C:\Program Files\Java\jdk1.8.0_121\jre\classes"/>
    <property name="EXECUTOR_NUMBER" value="1"/>
    <property name="user.country.format" value="IO"/>
    <property name="sun.desktop" value="windows"/>
    <property name="PATHEXT" value=".COM;.EXE;.BAT;.CMD;.VBS;.VBE;.JS;.JSE;.WSF;.WSH;.MSC"/>
    <property name="java.vm.specification.vendor" value="Oracle Corporation"/>
    <property name="POM_DISPLAYNAME" value="shield"/>
    <property name="NODE_LABELS" value="master"/>
    <property name="TEMP" value="C:\Users\GCHAND~1.COM\AppData\Local\Temp"/>
    <property name="java.runtime.version" value="1.8.0_121-b13"/>
    <property name="ROOT_BUILD_CAUSE" value="MANUALTRIGGER"/>
    <property name="FPS_BROWSER_APP_PROFILE_STRING" value="Internet Explorer"/>
    <property name="user.name" value="gchand"/>
    <property name="guice.disable.misplaced.annotation.check" value="true"/>
    <property name="CommonProgramW6432" value="C:\Program Files\Common Files"/>
    <property name="ProgramFiles" value="C:\Program Files"/>
    <property name="PROMPT" value="$P$G"/>
    <property name="user.language" value="en"/>
    <property name="JOB_BASE_NAME" value="shield2.1"/>
    <property name="RUN_CHANGES_DISPLAY_URL" value="http://gchand-dt/job/shield2.1/168/display/redirect?page=changes"/>
    <property name="BUILD_DISPLAY_NAME" value="#168"/>
    <property name="OneDrive" value="C:\Users\gchand.NVIDIA.COM\OneDrive - NVIDIA Corporation"/>
    <property name="sun.boot.library.path" value="C:\Program Files\Java\jdk1.8.0_121\jre\bin"/>
    <property name="LOCALAPPDATA" value="C:\Users\gchand.NVIDIA.COM\AppData\Local"/>
    <property name="java.version" value="1.8.0_121"/>
    <property name="PROCESSOR_LEVEL" value="6"/>
    <property name="user.timezone" value="Asia/Calcutta"/>
    <property name="USERNAME" value="gchand"/>
    <property name="sun.arch.data.model" value="64"/>
    <property name="NODE_NAME" value="master"/>
    <property name="java.endorsed.dirs" value="C:\Program Files\Java\jdk1.8.0_121\jre\lib\endorsed"/>
    <property name="BUILD_ID" value="168"/>
    <property name="sun.cpu.isalist" value="amd64"/>
    <property name="sun.jnu.encoding" value="Cp1252"/>
    <property name="file.encoding.pkg" value="sun.io"/>
    <property name="file.separator" value="\"/>
    <property name="java.specification.name" value="Java Platform API Specification"/>
    <property name="HOMEDRIVE" value="C:"/>
    <property name="java.class.version" value="52.0"/>
    <property name="=::" value="::\"/>
    <property name="org.slf4j.simpleLogger.defaultLogLevel" value="info"/>
    <property name="user.country" value="GB"/>
    <property name="ALLUSERSPROFILE" value="C:\ProgramData"/>
    <property name="java.home" value="C:\Program Files\Java\jdk1.8.0_121\jre"/>
    <property name="java.vm.info" value="mixed mode"/>
    <property name="os.version" value="10.0"/>
    <property name="=ExitCode" value="00000001"/>
    <property name="RUN_DISPLAY_URL" value="http://gchand-dt/job/shield2.1/168/display/redirect"/>
    <property name="POM_VERSION" value="0.0.1-SNAPSHOT"/>
    <property name="TMP" value="C:\Users\GCHAND~1.COM\AppData\Local\Temp"/>
    <property name="path.separator" value=";"/>
    <property name="java.vm.version" value="25.121-b13"/>
    <property name="user.variant" value=""/>
    <property name="JOB_DISPLAY_URL" value="http://gchand-dt/job/shield2.1/display/redirect"/>
    <property name="CommonProgramFiles(x86)" value="C:\Program Files (x86)\Common Files"/>
    <property name="USERDOMAIN_ROAMINGPROFILE" value="NVIDIA.COM"/>
    <property name="java.awt.printerjob" value="sun.awt.windows.WPrinterJob"/>
    <property name="FP_NO_HOST_CHECK" value="NO"/>
    <property name="JAVA_HOME" value="C:\Program Files\Java\jdk1.8.0_121"/>
    <property name="sun.io.unicode.encoding" value="UnicodeLittle"/>
    <property name="CommonProgramFiles" value="C:\Program Files\Common Files"/>
    <property name="ComSpec" value="C:\WINDOWS\system32\cmd.exe"/>
    <property name="awt.toolkit" value="sun.awt.windows.WToolkit"/>
    <property name="HOMEPATH" value="\Users\gchand.NVIDIA.COM"/>
    <property name="USERDNSDOMAIN" value="NVIDIA.COM"/>
    <property name="POM_PACKAGING" value="jar"/>
    <property name="user.script" value=""/>
    <property name="COMPUTERNAME" value="GCHAND-DT"/>
    <property name="POM_GROUPID" value="com.selenium.shield"/>
    <property name="user.home" value="C:\Users\gchand.NVIDIA.COM"/>
    <property name="PUBLIC" value="C:\Users\Public"/>
    <property name="BUILD_TAG" value="jenkins-shield2.1-168"/>
    <property name="JENKINS_SERVER_COOKIE" value="fa0386926b237830"/>
    <property name="HUDSON_URL" value="http://gchand-dt/"/>
    <property name="ProgramData" value="C:\ProgramData"/>
    <property name="java.specification.vendor" value="Oracle Corporation"/>
    <property name="USERPROFILE" value="C:\Users\gchand.NVIDIA.COM"/>
    <property name="CLASSPATH" value=""/>
    <property name="java.vendor.url" value="http://java.oracle.com/"/>
    <property name="java.library.path" value="C:\Program Files\Java\jdk1.8.0_121\bin;C:\WINDOWS\Sun\Java\bin;C:\WINDOWS\system32;C:\WINDOWS;C:\Program Files\apache-maven-3.3.9\/bin;C:\Program Files\Java\jdk1.8.0_121/bin;C:\ProgramData\Oracle\Java\javapath;C:\WINDOWS\system32;C:\WINDOWS;C:\WINDOWS\System32\Wbem;C:\WINDOWS\System32\WindowsPowerShell\v1.0\;C:\Program Files (x86)\NVIDIA Corporation\PhysX\Common;C:\Python27;C:\Python27\Scripts;C:\Users\gchand.NVIDIA.COM\Desktop\softwars\sqlite-tools-win32-x86-3130000;C:\Program Files\apache-maven-3.3.9\bin;C:\Program Files (x86)\Skype\Phone\;C:\Program Files\Java\jdk1.8.0_121\\bin;."/>
    <property name="ROOT_BUILD_CAUSE_MANUALTRIGGER" value="true"/>
    <property name="java.vm.vendor" value="Oracle Corporation"/>
    <property name="APPDATA" value="C:\Users\gchand.NVIDIA.COM\AppData\Roaming"/>
    <property name="java.runtime.name" value="Java(TM) SE Runtime Environment"/>
    <property name="maven.home" value="C:\Program Files\apache-maven-3.3.9"/>
    <property name="java.class.path" value="C:\Users\gchand.NVIDIA.COM\.jenkins\plugins\maven-plugin\WEB-INF\lib\maven33-agent-1.8.1.jar;C:\Program Files\apache-maven-3.3.9\boot\plexus-classworlds-2.5.2.jar;C:\Program Files\apache-maven-3.3.9/conf/logging"/>
    <property name="sun.java.command" value="jenkins.maven3.agent.Maven33Main C:\Program Files\apache-maven-3.3.9\ C:\Users\gchand.NVIDIA.COM\.jenkins\war\WEB-INF\lib\remoting-3.7.jar C:\Users\gchand.NVIDIA.COM\.jenkins\plugins\maven-plugin\WEB-INF\lib\maven33-interceptor-1.8.1.jar C:\Users\gchand.NVIDIA.COM\.jenkins\plugins\maven-plugin\WEB-INF\lib\maven3-interceptor-commons-1.8.1.jar 58234"/>
    <property name="Path" value="C:\ProgramData\Oracle\Java\javapath;C:\WINDOWS\system32;C:\WINDOWS;C:\WINDOWS\System32\Wbem;C:\WINDOWS\System32\WindowsPowerShell\v1.0\;C:\Program Files (x86)\NVIDIA Corporation\PhysX\Common;C:\Python27;C:\Python27\Scripts;C:\Users\gchand.NVIDIA.COM\Desktop\softwars\sqlite-tools-win32-x86-3130000;C:\Program Files\apache-maven-3.3.9\bin;C:\Program Files (x86)\Skype\Phone\;C:\Program Files\Java\jdk1.8.0_121\\bin"/>
    <property name="java.vm.specification.name" value="Java Virtual Machine Specification"/>
    <property name="PROCESSOR_ARCHITECTURE" value="AMD64"/>
    <property name="PATH+JDK" value="C:\Program Files\Java\jdk1.8.0_121/bin"/>
    <property name="PROCESSOR_IDENTIFIER" value="Intel64 Family 6 Model 94 Stepping 3, GenuineIntel"/>
    <property name="SESSIONNAME" value="Console"/>
    <property name="java.vm.specification.version" value="1.8"/>
    <property name="sun.os.patch.level" value=""/>
    <property name="sun.cpu.endian" value="little"/>
    <property name="M2_HOME" value="C:\Program Files\apache-maven-3.3.9\"/>
    <property name="java.io.tmpdir" value="C:\Users\GCHAND~1.COM\AppData\Local\Temp\"/>
    <property name="OS" value="Windows_NT"/>
    <property name="HUDSON_HOME" value="C:\Users\gchand.NVIDIA.COM\.jenkins"/>
    <property name="PATH+MAVEN" value="C:\Program Files\apache-maven-3.3.9\/bin"/>
    <property name="ProgramFiles(x86)" value="C:\Program Files (x86)"/>
    <property name="BUILD_URL" value="http://gchand-dt/job/shield2.1/168/"/>
    <property name="java.vendor.url.bug" value="http://bugreport.sun.com/bugreport/"/>
    <property name="java.awt.graphicsenv" value="sun.awt.Win32GraphicsEnvironment"/>
    <property name="os.arch" value="amd64"/>
    <property name="SystemRoot" value="C:\WINDOWS"/>
    <property name="java.ext.dirs" value="C:\Program Files\Java\jdk1.8.0_121\jre\lib\ext;C:\WINDOWS\Sun\Java\lib\ext"/>
    <property name="user.dir" value="C:\Users\gchand.NVIDIA.COM\.jenkins\workspace\shield2.1\shield2.1_SanityCheks_April10_2017.zip_expanded\SanityChecks-us"/>
    <property name="JOB_URL" value="http://gchand-dt/job/shield2.1/"/>
    <property name="LOGONSERVER" value="\\BGDC101"/>
    <property name="USERDOMAIN" value="NVIDIA.COM"/>
    <property name="line.separator" value="&#10;"/>
    <property name="MAVEN_HOME" value="C:\Program Files\apache-maven-3.3.9\"/>
    <property name="java.vm.name" value="Java HotSpot(TM) 64-Bit Server VM"/>
    <property name="BUILD_NUMBER" value="168"/>
    <property name="JENKINS_URL" value="http://gchand-dt/"/>
    <property name="PROCESSOR_REVISION" value="5e03"/>
    <property name="UATDATA" value="C:\WINDOWS\CCM\UATData\D9F8C395-CAB8-491d-B8AC-179A1FE1BE77"/>
    <property name="ProgramW6432" value="C:\Program Files"/>
    <property name="BUILD_CAUSE_MANUALTRIGGER" value="true"/>
    <property name="windir" value="C:\WINDOWS"/>
    <property name="=C:" value="C:\Users\gchand.NVIDIA.COM\Desktop\softwars"/>
    <property name="file.encoding" value="Cp1252"/>
    <property name="SystemDrive" value="C:"/>
    <property name="maven3.interceptor" value="C:\Users\gchand.NVIDIA.COM\.jenkins\plugins\maven-plugin\WEB-INF\lib\maven33-interceptor-1.8.1.jar"/>
    <property name="WORKSPACE" value="C:\Users\gchand.NVIDIA.COM\.jenkins\workspace\shield2.1"/>
    <property name="maven3.interceptor.common" value="C:\Users\gchand.NVIDIA.COM\.jenkins\plugins\maven-plugin\WEB-INF\lib\maven3-interceptor-commons-1.8.1.jar"/>
    <property name="java.specification.version" value="1.8"/>
    <property name="PSModulePath" value="C:\WINDOWS\system32\WindowsPowerShell\v1.0\Modules\"/>
    <property name="BUILD_CAUSE" value="MANUALTRIGGER"/>
  </properties>
  <testcase name="addProductToCart" classname="shield.enus.com.nvidia.www.javatests.AddToCartTestCases" time="2.229"/>
  <testcase name="addProductToCart" classname="shield.enus.com.nvidia.www.javatests.AddToCartTestCases" time="2.168"/>
  <testcase name="addProductToCart" classname="shield.enus.com.nvidia.www.javatests.AddToCartTestCases" time="2.163"/>
  <testcase name="addProductToCart" classname="shield.enus.com.nvidia.www.javatests.AddToCartTestCases" time="2.206"/>
  <testcase name="addProductToCart" classname="shield.enus.com.nvidia.www.javatests.AddToCartTestCases" time="4.352"/>
  <testcase name="addProductToCart" classname="shield.enus.com.nvidia.www.javatests.AddToCartTestCases" time="2.219"/>
  <testcase name="addProductToCart" classname="shield.enus.com.nvidia.www.javatests.AddToCartTestCases" time="2.209"/>
  <testcase name="addProductToCart" classname="shield.enus.com.nvidia.www.javatests.AddToCartTestCases" time="2.217"/>
  <testcase name="addProductToCart" classname="shield.enus.com.nvidia.www.javatests.AddToCartTestCases" time="4.372"/>
  <testcase name="addProductToCart" classname="shield.enus.com.nvidia.www.javatests.AddToCartTestCases" time="2.218"/>
  <testcase name="addProductToCart" classname="shield.enus.com.nvidia.www.javatests.AddToCartTestCases" time="4.316"/>
  <testcase name="addProductToCart" classname="shield.enus.com.nvidia.www.javatests.AddToCartTestCases" time="2.171"/>
  <testcase name="addProductToCart" classname="shield.enus.com.nvidia.www.javatests.AddToCartTestCases" time="2.188"/>
  <testcase name="addProductToCart" classname="shield.enus.com.nvidia.www.javatests.AddToCartTestCases" time="2.159"/>
  <testcase name="addProductToCart" classname="shield.enus.com.nvidia.www.javatests.AddToCartTestCases" time="2.167"/>
  <testcase name="addProductToCart" classname="shield.enus.com.nvidia.www.javatests.AddToCartTestCases" time="4.37"/>
  <testcase name="addProductToCart" classname="shield.enus.com.nvidia.www.javatests.AddToCartTestCases" time="2.191"/>
  <testcase name="addProductToCart" classname="shield.enus.com.nvidia.www.javatests.AddToCartTestCases" time="2.233"/>
  <testcase name="addProductToCart" classname="shield.enus.com.nvidia.www.javatests.AddToCartTestCases" time="2.151"/>
  <testcase name="addProductToCart" classname="shield.enus.com.nvidia.www.javatests.AddToCartTestCases" time="4.362">
    <failure message="expected [true] but found [false]" type="java.lang.AssertionError">java.lang.AssertionError: expected [true] but found [false]
	at shield.enus.com.nvidia.www.javatests.AddToCartTestCases.addProductToCart(AddToCartTestCases.java:34)
</failure>
    <system-out><![CDATA[Firefox has browser initiated successfully
browserInitialization successful
shieldHomWebElementInitialization successful
digitalriverWebElements successful
gcDRWebElements successful
Info:List of tab elemets in the page 1
Info:only one tab component in the page
info: Web element scrolling success [[FirefoxDriver: firefox on ANY (995547fc-25b3-43ac-bbb9-368666f6ac88)] -> xpath: .//li[contains(@data-tab, '-tab-2')]]
Error: Button call to action is not working
]]></system-out>
    <system-err><![CDATA[1492520267347	Marionette	INFO	New connections will no longer be accepted
[Child 12492] ###!!! ABORT: Aborting on channel error.: file c:/builds/moz2_slave/m-rel-w32-00000000000000000000/build/src/ipc/glue/MessageChannel.cpp, line 2143
[NPAPI 18744] ###!!! ABORT: Aborting on channel error.: file c:/builds/moz2_slave/m-rel-w32-00000000000000000000/build/src/ipc/glue/MessageChannel.cpp, line 2143
Apr 18, 2017 6:27:48 PM org.openqa.selenium.os.UnixProcess destroy
SEVERE: Unable to kill process with PID 12392
Apr 18, 2017 6:27:49 PM org.openqa.selenium.remote.ProtocolHandshake createSession
INFO: Attempting bi-dialect session, assuming Postel's Law holds true on the remote end
1492520269954	Marionette	INFO	Listening on port 57483
Apr 18, 2017 6:27:51 PM org.openqa.selenium.remote.ProtocolHandshake createSession
INFO: Detected dialect: W3C
Apr 18, 2017 6:27:57 PM org.openqa.selenium.remote.Augmenter extractRemoteWebDriver
WARNING: Augmenter should be applied to the instances of @Augmentable classes or previously augmented instances only
Apr 18, 2017 6:27:58 PM org.openqa.selenium.remote.Augmenter extractRemoteWebDriver
WARNING: Augmenter should be applied to the instances of @Augmentable classes or previously augmented instances only
Apr 18, 2017 6:27:58 PM org.openqa.selenium.remote.Augmenter extractRemoteWebDriver
WARNING: Augmenter should be applied to the instances of @Augmentable classes or previously augmented instances only
Apr 18, 2017 6:27:59 PM org.openqa.selenium.remote.Augmenter extractRemoteWebDriver
WARNING: Augmenter should be applied to the instances of @Augmentable classes or previously augmented instances only
Apr 18, 2017 6:27:59 PM org.openqa.selenium.remote.Augmenter extractRemoteWebDriver
WARNING: Augmenter should be applied to the instances of @Augmentable classes or previously augmented instances only
Apr 18, 2017 6:27:59 PM org.openqa.selenium.remote.Augmenter extractRemoteWebDriver
WARNING: Augmenter should be applied to the instances of @Augmentable classes or previously augmented instances only
]]></system-err>
  </testcase>
  <testcase name="addProductToCart" classname="shield.enus.com.nvidia.www.javatests.AddToCartTestCases" time="2.18"/>
  <testcase name="addProductToCart" classname="shield.enus.com.nvidia.www.javatests.AddToCartTestCases" time="4.24"/>
  <testcase name="addProductToCart" classname="shield.enus.com.nvidia.www.javatests.AddToCartTestCases" time="2.162"/>
  <testcase name="addProductToCart" classname="shield.enus.com.nvidia.www.javatests.AddToCartTestCases" time="2.198"/>
  <testcase name="addProductToCart" classname="shield.enus.com.nvidia.www.javatests.AddToCartTestCases" time="2.348">
    <failure message="expected [true] but found [false]" type="java.lang.AssertionError">java.lang.AssertionError: expected [true] but found [false]
	at shield.enus.com.nvidia.www.javatests.AddToCartTestCases.addProductToCart(AddToCartTestCases.java:34)
</failure>
    <system-out><![CDATA[Firefox has browser initiated successfully
browserInitialization successful
shieldHomWebElementInitialization successful
digitalriverWebElements successful
gcDRWebElements successful
Error: Button call to action is not working
]]></system-out>
    <system-err><![CDATA[1492520544531	Marionette	INFO	New connections will no longer be accepted
[Child 14076] ###!!! ABORT: Aborting on channel error.: file c:/builds/moz2_slave/m-rel-w32-00000000000000000000/build/src/ipc/glue/MessageChannel.cpp, line 2143
[NPAPI 10560] ###!!! ABORT: Aborting on channel error.: file c:/builds/moz2_slave/m-rel-w32-00000000000000000000/build/src/ipc/glue/MessageChannel.cpp, line 2143
Apr 18, 2017 6:32:25 PM org.openqa.selenium.os.UnixProcess destroy
SEVERE: Unable to kill process with PID 11308
Apr 18, 2017 6:32:26 PM org.openqa.selenium.remote.ProtocolHandshake createSession
INFO: Attempting bi-dialect session, assuming Postel's Law holds true on the remote end
1492520547779	Marionette	INFO	Listening on port 58311
Apr 18, 2017 6:32:29 PM org.openqa.selenium.remote.ProtocolHandshake createSession
INFO: Detected dialect: W3C
Apr 18, 2017 6:32:34 PM org.openqa.selenium.remote.Augmenter extractRemoteWebDriver
WARNING: Augmenter should be applied to the instances of @Augmentable classes or previously augmented instances only
Apr 18, 2017 6:32:34 PM org.openqa.selenium.remote.Augmenter extractRemoteWebDriver
WARNING: Augmenter should be applied to the instances of @Augmentable classes or previously augmented instances only
Apr 18, 2017 6:32:35 PM org.openqa.selenium.remote.Augmenter extractRemoteWebDriver
WARNING: Augmenter should be applied to the instances of @Augmentable classes or previously augmented instances only
Apr 18, 2017 6:32:35 PM org.openqa.selenium.remote.Augmenter extractRemoteWebDriver
WARNING: Augmenter should be applied to the instances of @Augmentable classes or previously augmented instances only
Apr 18, 2017 6:32:35 PM org.openqa.selenium.remote.Augmenter extractRemoteWebDriver
WARNING: Augmenter should be applied to the instances of @Augmentable classes or previously augmented instances only
Apr 18, 2017 6:32:36 PM org.openqa.selenium.remote.Augmenter extractRemoteWebDriver
WARNING: Augmenter should be applied to the instances of @Augmentable classes or previously augmented instances only
]]></system-err>
  </testcase>
  <testcase name="addProductToCart" classname="shield.enus.com.nvidia.www.javatests.AddToCartTestCases" time="4.561">
    <failure message="expected [true] but found [false]" type="java.lang.AssertionError">java.lang.AssertionError: expected [true] but found [false]
	at shield.enus.com.nvidia.www.javatests.AddToCartTestCases.addProductToCart(AddToCartTestCases.java:34)
</failure>
    <system-out><![CDATA[Firefox has browser initiated successfully
browserInitialization successful
shieldHomWebElementInitialization successful
digitalriverWebElements successful
gcDRWebElements successful
Info:List of tab elemets in the page 1
Info:only one tab component in the page
info: Web element scrolling success [[FirefoxDriver: firefox on ANY (2e274799-3502-4687-8f59-b0d5ac94e554)] -> xpath: .//li[contains(@data-tab, '-tab-2')]]
Error: Button call to action is not working
]]></system-out>
    <system-err><![CDATA[1492520660176	Marionette	INFO	New connections will no longer be accepted
[Child 7584] ###!!! ABORT: Aborting on channel error.: file c:/builds/moz2_slave/m-rel-w32-00000000000000000000/build/src/ipc/glue/MessageChannel.cpp, line 2143
Apr 18, 2017 6:34:21 PM org.openqa.selenium.os.UnixProcess destroy
SEVERE: Unable to kill process with PID 11540
Apr 18, 2017 6:34:21 PM org.openqa.selenium.remote.ProtocolHandshake createSession
INFO: Attempting bi-dialect session, assuming Postel's Law holds true on the remote end
1492520663957	Marionette	INFO	Listening on port 50588
Apr 18, 2017 6:34:25 PM org.openqa.selenium.remote.ProtocolHandshake createSession
INFO: Detected dialect: W3C
Apr 18, 2017 6:34:31 PM org.openqa.selenium.remote.Augmenter extractRemoteWebDriver
WARNING: Augmenter should be applied to the instances of @Augmentable classes or previously augmented instances only
Apr 18, 2017 6:34:32 PM org.openqa.selenium.remote.Augmenter extractRemoteWebDriver
WARNING: Augmenter should be applied to the instances of @Augmentable classes or previously augmented instances only
Apr 18, 2017 6:34:32 PM org.openqa.selenium.remote.Augmenter extractRemoteWebDriver
WARNING: Augmenter should be applied to the instances of @Augmentable classes or previously augmented instances only
Apr 18, 2017 6:34:33 PM org.openqa.selenium.remote.Augmenter extractRemoteWebDriver
WARNING: Augmenter should be applied to the instances of @Augmentable classes or previously augmented instances only
Apr 18, 2017 6:34:33 PM org.openqa.selenium.remote.Augmenter extractRemoteWebDriver
WARNING: Augmenter should be applied to the instances of @Augmentable classes or previously augmented instances only
Apr 18, 2017 6:34:33 PM org.openqa.selenium.remote.Augmenter extractRemoteWebDriver
WARNING: Augmenter should be applied to the instances of @Augmentable classes or previously augmented instances only
]]></system-err>
  </testcase>
  <testcase name="addProductToCart" classname="shield.enus.com.nvidia.www.javatests.AddToCartTestCases" time="2.209"/>
  <testcase name="addProductToCart" classname="shield.enus.com.nvidia.www.javatests.AddToCartTestCases" time="2.204"/>
  <testcase name="addProductToCart" classname="shield.enus.com.nvidia.www.javatests.AddToCartTestCases" time="2.214"/>
  <testcase name="addProductToCart" classname="shield.enus.com.nvidia.www.javatests.AddToCartTestCases" time="4.235"/>
  <testcase name="addProductToCart" classname="shield.enus.com.nvidia.www.javatests.AddToCartTestCases" time="2.208"/>
  <testcase name="addProductToCart" classname="shield.enus.com.nvidia.www.javatests.AddToCartTestCases" time="0.367">
    <failure message="expected [true] but found [false]" type="java.lang.AssertionError">java.lang.AssertionError: expected [true] but found [false]
	at shield.enus.com.nvidia.www.javatests.AddToCartTestCases.addProductToCart(AddToCartTestCases.java:34)
</failure>
    <system-out><![CDATA[Firefox has browser initiated successfully
browserInitialization exception
shieldHomWebElementInitialization successful
digitalriverWebElements successful
gcDRWebElements successful
 webelement not foundSession ID is null. Using WebDriver after calling quit()?
Build info: version: '3.0.1', revision: '1969d75', time: '2016-10-18 09:49:13 -0700'
System info: host: 'GCHAND-DT', ip: '10.24.35.10', os.name: 'Windows 10', os.arch: 'amd64', os.version: '10.0', java.version: '1.8.0_121'
Driver info: driver.version: RemoteWebDriver
Error: Button call to action is not working
]]></system-out>
    <system-err><![CDATA[1492520921964	Marionette	INFO	New connections will no longer be accepted
[Child 9948] ###!!! ABORT: Aborting on channel error.: file c:/builds/moz2_slave/m-rel-w32-00000000000000000000/build/src/ipc/glue/MessageChannel.cpp, line 2143
Apr 18, 2017 6:38:43 PM org.openqa.selenium.os.UnixProcess destroy
SEVERE: Unable to kill process with PID 8312
Apr 18, 2017 6:38:43 PM org.openqa.selenium.remote.ProtocolHandshake createSession
INFO: Attempting bi-dialect session, assuming Postel's Law holds true on the remote end
1492520924598	Marionette	INFO	Listening on port 63637
Apr 18, 2017 6:38:46 PM org.openqa.selenium.remote.ProtocolHandshake createSession
INFO: Detected dialect: W3C
JavaScript error: chrome://marionette/content/listener.js, line 1117: NS_ERROR_UNKNOWN_PROTOCOL: 
Apr 18, 2017 6:38:46 PM org.openqa.selenium.remote.Augmenter extractRemoteWebDriver
WARNING: Augmenter should be applied to the instances of @Augmentable classes or previously augmented instances only
]]></system-err>
  </testcase>
  <testcase name="addProductToCart" classname="shield.enus.com.nvidia.www.javatests.AddToCartTestCases" time="2.192"/>
  <testcase name="addProductToCart" classname="shield.enus.com.nvidia.www.javatests.AddToCartTestCases" time="2.178"/>
  <testcase name="addProductToCart" classname="shield.enus.com.nvidia.www.javatests.AddToCartTestCases" time="2.131"/>
  <testcase name="addProductToCart" classname="shield.enus.com.nvidia.www.javatests.AddToCartTestCases" time="2.153"/>
  <testcase name="addProductToCart" classname="shield.enus.com.nvidia.www.javatests.AddToCartTestCases" time="4.255"/>
  <testcase name="addProductToCart" classname="shield.enus.com.nvidia.www.javatests.AddToCartTestCases" time="2.193"/>
  <testcase name="addProductToCart" classname="shield.enus.com.nvidia.www.javatests.AddToCartTestCases" time="2.181"/>
  <testcase name="addProductToCart" classname="shield.enus.com.nvidia.www.javatests.AddToCartTestCases" time="2.191"/>
  <testcase name="addProductToCart" classname="shield.enus.com.nvidia.www.javatests.AddToCartTestCases" time="4.288"/>
  <testcase name="addProductToCart" classname="shield.enus.com.nvidia.www.javatests.AddToCartTestCases" time="2.23"/>
  <testcase name="addProductToCart" classname="shield.enus.com.nvidia.www.javatests.AddToCartTestCases" time="0.504">
    <failure message="expected [true] but found [false]" type="java.lang.AssertionError">java.lang.AssertionError: expected [true] but found [false]
	at shield.enus.com.nvidia.www.javatests.AddToCartTestCases.addProductToCart(AddToCartTestCases.java:34)
</failure>
    <system-out><![CDATA[Firefox has browser initiated successfully
browserInitialization exception
shieldHomWebElementInitialization successful
digitalriverWebElements successful
gcDRWebElements successful
 webelement not foundSession ID is null. Using WebDriver after calling quit()?
Build info: version: '3.0.1', revision: '1969d75', time: '2016-10-18 09:49:13 -0700'
System info: host: 'GCHAND-DT', ip: '10.24.35.10', os.name: 'Windows 10', os.arch: 'amd64', os.version: '10.0', java.version: '1.8.0_121'
Driver info: driver.version: RemoteWebDriver
Error: Button call to action is not working
]]></system-out>
    <system-err><![CDATA[1492521427870	Marionette	INFO	New connections will no longer be accepted
[Child 10828] ###!!! ABORT: Aborting on channel error.: file c:/builds/moz2_slave/m-rel-w32-00000000000000000000/build/src/ipc/glue/MessageChannel.cpp, line 2143
Apr 18, 2017 6:47:09 PM org.openqa.selenium.os.UnixProcess destroy
SEVERE: Unable to kill process with PID 12452
Apr 18, 2017 6:47:09 PM org.openqa.selenium.remote.ProtocolHandshake createSession
INFO: Attempting bi-dialect session, assuming Postel's Law holds true on the remote end
1492521431096	Marionette	INFO	Listening on port 55576
Apr 18, 2017 6:47:12 PM org.openqa.selenium.remote.ProtocolHandshake createSession
INFO: Detected dialect: W3C
JavaScript error: chrome://marionette/content/listener.js, line 1117: NS_ERROR_UNKNOWN_PROTOCOL: 
Apr 18, 2017 6:47:13 PM org.openqa.selenium.remote.Augmenter extractRemoteWebDriver
WARNING: Augmenter should be applied to the instances of @Augmentable classes or previously augmented instances only
]]></system-err>
  </testcase>
  <testcase name="addProductToCart" classname="shield.enus.com.nvidia.www.javatests.AddToCartTestCases" time="2.153"/>
  <testcase name="addProductToCart" classname="shield.enus.com.nvidia.www.javatests.AddToCartTestCases" time="2.198"/>
  <testcase name="addProductToCart" classname="shield.enus.com.nvidia.www.javatests.AddToCartTestCases" time="2.145"/>
  <testcase name="addProductToCart" classname="shield.enus.com.nvidia.www.javatests.AddToCartTestCases" time="2.176"/>
  <testcase name="addProductToCart" classname="shield.enus.com.nvidia.www.javatests.AddToCartTestCases" time="4.279"/>
  <testcase name="addProductToCart" classname="shield.enus.com.nvidia.www.javatests.AddToCartTestCases" time="2.201"/>
  <testcase name="addProductToCart" classname="shield.enus.com.nvidia.www.javatests.AddToCartTestCases" time="2.226"/>
  <testcase name="addProductToCart" classname="shield.enus.com.nvidia.www.javatests.AddToCartTestCases" time="2.147"/>
  <testcase name="addProductToCart" classname="shield.enus.com.nvidia.www.javatests.AddToCartTestCases" time="4.294"/>
  <testcase name="addProductToCart" classname="shield.enus.com.nvidia.www.javatests.AddToCartTestCases" time="2.184"/>
  <testcase name="addProductToCart" classname="shield.enus.com.nvidia.www.javatests.AddToCartTestCases" time="0.238">
    <failure message="expected [true] but found [false]" type="java.lang.AssertionError">java.lang.AssertionError: expected [true] but found [false]
	at shield.enus.com.nvidia.www.javatests.AddToCartTestCases.addProductToCart(AddToCartTestCases.java:34)
</failure>
    <system-out><![CDATA[Firefox has browser initiated successfully
browserInitialization exception
shieldHomWebElementInitialization successful
digitalriverWebElements successful
gcDRWebElements successful
 webelement not foundSession ID is null. Using WebDriver after calling quit()?
Build info: version: '3.0.1', revision: '1969d75', time: '2016-10-18 09:49:13 -0700'
System info: host: 'GCHAND-DT', ip: '10.24.35.10', os.name: 'Windows 10', os.arch: 'amd64', os.version: '10.0', java.version: '1.8.0_121'
Driver info: driver.version: RemoteWebDriver
Error: Button call to action is not working
]]></system-out>
    <system-err><![CDATA[1492521928179	Marionette	INFO	New connections will no longer be accepted
[Child 17732] ###!!! ABORT: Aborting on channel error.: file c:/builds/moz2_slave/m-rel-w32-00000000000000000000/build/src/ipc/glue/MessageChannel.cpp, line 2143
Apr 18, 2017 6:55:29 PM org.openqa.selenium.os.UnixProcess destroy
SEVERE: Unable to kill process with PID 15696
Apr 18, 2017 6:55:30 PM org.openqa.selenium.remote.ProtocolHandshake createSession
INFO: Attempting bi-dialect session, assuming Postel's Law holds true on the remote end
1492521931228	Marionette	INFO	Listening on port 52053
Apr 18, 2017 6:55:33 PM org.openqa.selenium.remote.ProtocolHandshake createSession
INFO: Detected dialect: W3C
JavaScript error: chrome://marionette/content/listener.js, line 1117: NS_ERROR_UNKNOWN_PROTOCOL: 
Apr 18, 2017 6:55:33 PM org.openqa.selenium.remote.Augmenter extractRemoteWebDriver
WARNING: Augmenter should be applied to the instances of @Augmentable classes or previously augmented instances only
]]></system-err>
  </testcase>
  <testcase name="addProductToCart" classname="shield.enus.com.nvidia.www.javatests.AddToCartTestCases" time="2.192"/>
  <testcase name="addProductToCart" classname="shield.enus.com.nvidia.www.javatests.AddToCartTestCases" time="2.19"/>
  <testcase name="addProductToCart" classname="shield.enus.com.nvidia.www.javatests.AddToCartTestCases" time="2.115"/>
  <testcase name="addProductToCart" classname="shield.enus.com.nvidia.www.javatests.AddToCartTestCases" time="2.179"/>
  <testcase name="addProductToCart" classname="shield.enus.com.nvidia.www.javatests.AddToCartTestCases" time="4.312"/>
  <testcase name="addProductToCart" classname="shield.enus.com.nvidia.www.javatests.AddToCartTestCases" time="2.208"/>
  <testcase name="addProductToCart" classname="shield.enus.com.nvidia.www.javatests.AddToCartTestCases" time="2.176"/>
  <testcase name="addProductToCart" classname="shield.enus.com.nvidia.www.javatests.AddToCartTestCases" time="2.187"/>
  <testcase name="addProductToCart" classname="shield.enus.com.nvidia.www.javatests.AddToCartTestCases" time="4.335"/>
  <testcase name="addProductToCart" classname="shield.enus.com.nvidia.www.javatests.AddToCartTestCases" time="2.232"/>
  <testcase name="addProductToCart" classname="shield.enus.com.nvidia.www.javatests.AddToCartTestCases" time="4.292"/>
  <testcase name="addProductToCart" classname="shield.enus.com.nvidia.www.javatests.AddToCartTestCases" time="2.223"/>
  <testcase name="addProductToCart" classname="shield.enus.com.nvidia.www.javatests.AddToCartTestCases" time="2.194"/>
  <testcase name="addProductToCart" classname="shield.enus.com.nvidia.www.javatests.AddToCartTestCases" time="2.141"/>
  <testcase name="addProductToCart" classname="shield.enus.com.nvidia.www.javatests.AddToCartTestCases" time="2.19"/>
  <testcase name="addProductToCart" classname="shield.enus.com.nvidia.www.javatests.AddToCartTestCases" time="2.174"/>
  <testcase name="addProductToCart" classname="shield.enus.com.nvidia.www.javatests.AddToCartTestCases" time="2.182"/>
  <testcase name="addProductToCart" classname="shield.enus.com.nvidia.www.javatests.AddToCartTestCases" time="2.194"/>
  <testcase name="addProductToCart" classname="shield.enus.com.nvidia.www.javatests.AddToCartTestCases" time="2.19"/>
  <testcase name="addProductToCart" classname="shield.enus.com.nvidia.www.javatests.AddToCartTestCases" time="4.538">
    <failure message="expected [true] but found [false]" type="java.lang.AssertionError">java.lang.AssertionError: expected [true] but found [false]
	at shield.enus.com.nvidia.www.javatests.AddToCartTestCases.addProductToCart(AddToCartTestCases.java:34)
</failure>
    <system-out><![CDATA[Firefox has browser initiated successfully
browserInitialization successful
shieldHomWebElementInitialization successful
digitalriverWebElements successful
gcDRWebElements successful
info: Web element.//div[starts-with(@class,'product-row__item js-product-item') and @data-digital-river-id='5088905800']/div[2]/a
info: Web element scrolling success [[FirefoxDriver: firefox on ANY (fcf2fcda-1e64-49d6-a633-1ae044ffc183)] -> xpath: .//div[starts-with(@class,'product-row__item js-product-item') and @data-digital-river-id='5088905800']/div[2]/a]
Error: Button call to action is not working
]]></system-out>
    <system-err><![CDATA[1492522832637	Marionette	INFO	New connections will no longer be accepted
[Child 17628] ###!!! ABORT: Aborting on channel error.: file c:/builds/moz2_slave/m-rel-w32-00000000000000000000/build/src/ipc/glue/MessageChannel.cpp, line 2143
[NPAPI 17492] ###!!! ABORT: Aborting on channel error.: file c:/builds/moz2_slave/m-rel-w32-00000000000000000000/build/src/ipc/glue/MessageChannel.cpp, line 2143
Apr 18, 2017 7:10:33 PM org.openqa.selenium.os.UnixProcess destroy
SEVERE: Unable to kill process with PID 608
Apr 18, 2017 7:10:34 PM org.openqa.selenium.remote.ProtocolHandshake createSession
INFO: Attempting bi-dialect session, assuming Postel's Law holds true on the remote end
1492522835552	Marionette	INFO	Listening on port 63459
Apr 18, 2017 7:10:37 PM org.openqa.selenium.remote.ProtocolHandshake createSession
INFO: Detected dialect: W3C
Apr 18, 2017 7:10:42 PM org.openqa.selenium.remote.Augmenter extractRemoteWebDriver
WARNING: Augmenter should be applied to the instances of @Augmentable classes or previously augmented instances only
Apr 18, 2017 7:10:43 PM org.openqa.selenium.remote.Augmenter extractRemoteWebDriver
WARNING: Augmenter should be applied to the instances of @Augmentable classes or previously augmented instances only
Apr 18, 2017 7:10:43 PM org.openqa.selenium.remote.Augmenter extractRemoteWebDriver
WARNING: Augmenter should be applied to the instances of @Augmentable classes or previously augmented instances only
Apr 18, 2017 7:10:44 PM org.openqa.selenium.remote.Augmenter extractRemoteWebDriver
WARNING: Augmenter should be applied to the instances of @Augmentable classes or previously augmented instances only
Apr 18, 2017 7:10:44 PM org.openqa.selenium.remote.Augmenter extractRemoteWebDriver
WARNING: Augmenter should be applied to the instances of @Augmentable classes or previously augmented instances only
Apr 18, 2017 7:10:44 PM org.openqa.selenium.remote.Augmenter extractRemoteWebDriver
WARNING: Augmenter should be applied to the instances of @Augmentable classes or previously augmented instances only
]]></system-err>
  </testcase>
  <testcase name="addProductToCart" classname="shield.enus.com.nvidia.www.javatests.AddToCartTestCases" time="2.203"/>
  <testcase name="addProductToCart" classname="shield.enus.com.nvidia.www.javatests.AddToCartTestCases" time="3.529">
    <failure message="expected [true] but found [false]" type="java.lang.AssertionError">java.lang.AssertionError: expected [true] but found [false]
	at shield.enus.com.nvidia.www.javatests.AddToCartTestCases.addProductToCart(AddToCartTestCases.java:34)
</failure>
    <system-out><![CDATA[Firefox has browser initiated successfully
browserInitialization successful
shieldHomWebElementInitialization successful
digitalriverWebElements successful
gcDRWebElements successful
info: Web element.//div[starts-with(@class,'product-row__item js-product-item') and @data-digital-river-id='5088796400']/div[2]/a
info: Web element scrolling success [[FirefoxDriver: firefox on ANY (0bfbaf1e-36db-4377-86bb-d7a2c1faff08)] -> xpath: .//div[starts-with(@class,'product-row__item js-product-item') and @data-digital-river-id='5088796400']/div[2]/a]
Error: Button call to action is not working
]]></system-out>
    <system-err><![CDATA[1492522960376	Marionette	INFO	New connections will no longer be accepted
[Child 12188] ###!!! ABORT: Aborting on channel error.: file c:/builds/moz2_slave/m-rel-w32-00000000000000000000/build/src/ipc/glue/MessageChannel.cpp, line 2143
Apr 18, 2017 7:12:41 PM org.openqa.selenium.os.UnixProcess destroy
SEVERE: Unable to kill process with PID 15692
Apr 18, 2017 7:12:42 PM org.openqa.selenium.remote.ProtocolHandshake createSession
INFO: Attempting bi-dialect session, assuming Postel's Law holds true on the remote end
1492522963327	Marionette	INFO	Listening on port 58548
Apr 18, 2017 7:12:45 PM org.openqa.selenium.remote.ProtocolHandshake createSession
INFO: Detected dialect: W3C
Apr 18, 2017 7:12:50 PM org.openqa.selenium.remote.Augmenter extractRemoteWebDriver
WARNING: Augmenter should be applied to the instances of @Augmentable classes or previously augmented instances only
Apr 18, 2017 7:12:51 PM org.openqa.selenium.remote.Augmenter extractRemoteWebDriver
WARNING: Augmenter should be applied to the instances of @Augmentable classes or previously augmented instances only
Apr 18, 2017 7:12:51 PM org.openqa.selenium.remote.Augmenter extractRemoteWebDriver
WARNING: Augmenter should be applied to the instances of @Augmentable classes or previously augmented instances only
Apr 18, 2017 7:12:51 PM org.openqa.selenium.remote.Augmenter extractRemoteWebDriver
WARNING: Augmenter should be applied to the instances of @Augmentable classes or previously augmented instances only
]]></system-err>
  </testcase>
  <testcase name="addProductToCart" classname="shield.enus.com.nvidia.www.javatests.AddToCartTestCases" time="2.179"/>
  <testcase name="addProductToCart" classname="shield.enus.com.nvidia.www.javatests.AddToCartTestCases" time="2.178"/>
  <testcase name="addProductToCart" classname="shield.enus.com.nvidia.www.javatests.AddToCartTestCases" time="1.084">
    <failure message="expected [true] but found [false]" type="java.lang.AssertionError">java.lang.AssertionError: expected [true] but found [false]
	at shield.enus.com.nvidia.www.javatests.AddToCartTestCases.addProductToCart(AddToCartTestCases.java:34)
</failure>
    <system-out><![CDATA[Firefox has browser initiated successfully
browserInitialization successful
shieldHomWebElementInitialization successful
digitalriverWebElements successful
gcDRWebElements successful
Error: Button call to action is not working
]]></system-out>
    <system-err><![CDATA[1492523108782	Marionette	INFO	New connections will no longer be accepted
[Child 9692] ###!!! ABORT: Aborting on channel error.: file c:/builds/moz2_slave/m-rel-w32-00000000000000000000/build/src/ipc/glue/MessageChannel.cpp, line 2143
[NPAPI 6856] ###!!! ABORT: Aborting on channel error.: file c:/builds/moz2_slave/m-rel-w32-00000000000000000000/build/src/ipc/glue/MessageChannel.cpp, line 2143
Apr 18, 2017 7:15:09 PM org.openqa.selenium.os.UnixProcess destroy
SEVERE: Unable to kill process with PID 13356
Apr 18, 2017 7:15:10 PM org.openqa.selenium.remote.ProtocolHandshake createSession
INFO: Attempting bi-dialect session, assuming Postel's Law holds true on the remote end
1492523111509	Marionette	INFO	Listening on port 56925
Apr 18, 2017 7:15:13 PM org.openqa.selenium.remote.ProtocolHandshake createSession
INFO: Detected dialect: W3C
Apr 18, 2017 7:15:18 PM org.openqa.selenium.remote.Augmenter extractRemoteWebDriver
WARNING: Augmenter should be applied to the instances of @Augmentable classes or previously augmented instances only
Apr 18, 2017 7:15:18 PM org.openqa.selenium.remote.Augmenter extractRemoteWebDriver
WARNING: Augmenter should be applied to the instances of @Augmentable classes or previously augmented instances only
Apr 18, 2017 7:15:18 PM org.openqa.selenium.remote.Augmenter extractRemoteWebDriver
WARNING: Augmenter should be applied to the instances of @Augmentable classes or previously augmented instances only
]]></system-err>
  </testcase>
  <testcase name="addProductToCart" classname="shield.enus.com.nvidia.www.javatests.AddToCartTestCases" time="2.186"/>
  <testcase name="addProductToCart" classname="shield.enus.com.nvidia.www.javatests.AddToCartTestCases" time="4.325"/>
  <testcase name="addProductToCart" classname="shield.enus.com.nvidia.www.javatests.AddToCartTestCases" time="2.199"/>
  <testcase name="addProductToCart" classname="shield.enus.com.nvidia.www.javatests.AddToCartTestCases" time="2.245"/>
  <testcase name="addProductToCart" classname="shield.enus.com.nvidia.www.javatests.AddToCartTestCases" time="2.18"/>
  <testcase name="addProductToCart" classname="shield.enus.com.nvidia.www.javatests.AddToCartTestCases" time="4.337"/>
  <testcase name="addProductToCart" classname="shield.enus.com.nvidia.www.javatests.AddToCartTestCases" time="2.204"/>
  <testcase name="addProductToCart" classname="shield.enus.com.nvidia.www.javatests.AddToCartTestCases" time="3.474">
    <failure message="expected [true] but found [false]" type="java.lang.AssertionError">java.lang.AssertionError: expected [true] but found [false]
	at shield.enus.com.nvidia.www.javatests.AddToCartTestCases.addProductToCart(AddToCartTestCases.java:34)
</failure>
    <system-out><![CDATA[Firefox has browser initiated successfully
browserInitialization successful
shieldHomWebElementInitialization successful
digitalriverWebElements successful
gcDRWebElements successful
Info:List of tab elemets in the page 2
Info: two tab component in the page
info: Web element scrolling success [[FirefoxDriver: firefox on ANY (e4fcfda9-43e9-46ef-89e5-db75bc7c4293)] -> xpath: .//li[contains(@data-tab, '-tab-2')]]
Error: Button call to action is not working
]]></system-out>
    <system-err><![CDATA[1492523481566	Marionette	INFO	New connections will no longer be accepted
[Child 15448] ###!!! ABORT: Aborting on channel error.: file c:/builds/moz2_slave/m-rel-w32-00000000000000000000/build/src/ipc/glue/MessageChannel.cpp, line 2143
Apr 18, 2017 7:21:22 PM org.openqa.selenium.os.UnixProcess destroy
SEVERE: Unable to kill process with PID 17920
Apr 18, 2017 7:21:23 PM org.openqa.selenium.remote.ProtocolHandshake createSession
INFO: Attempting bi-dialect session, assuming Postel's Law holds true on the remote end
1492523485456	Marionette	INFO	Listening on port 52491
Apr 18, 2017 7:21:28 PM org.openqa.selenium.remote.ProtocolHandshake createSession
INFO: Detected dialect: W3C
Apr 18, 2017 7:21:34 PM org.openqa.selenium.remote.Augmenter extractRemoteWebDriver
WARNING: Augmenter should be applied to the instances of @Augmentable classes or previously augmented instances only
Apr 18, 2017 7:21:34 PM org.openqa.selenium.remote.Augmenter extractRemoteWebDriver
WARNING: Augmenter should be applied to the instances of @Augmentable classes or previously augmented instances only
Apr 18, 2017 7:21:34 PM org.openqa.selenium.remote.Augmenter extractRemoteWebDriver
WARNING: Augmenter should be applied to the instances of @Augmentable classes or previously augmented instances only
Apr 18, 2017 7:21:34 PM org.openqa.selenium.remote.Augmenter extractRemoteWebDriver
WARNING: Augmenter should be applied to the instances of @Augmentable classes or previously augmented instances only
]]></system-err>
  </testcase>
  <testcase name="verifyButtonText" classname="shield.enus.com.nvidia.www.javatests.AddToCartTestCases" time="0.04"/>
  <testcase name="verifyButtonText" classname="shield.enus.com.nvidia.www.javatests.AddToCartTestCases" time="0.018"/>
  <testcase name="verifyButtonText" classname="shield.enus.com.nvidia.www.javatests.AddToCartTestCases" time="0.017"/>
  <testcase name="verifyButtonText" classname="shield.enus.com.nvidia.www.javatests.AddToCartTestCases" time="0.02"/>
  <testcase name="verifyButtonText" classname="shield.enus.com.nvidia.www.javatests.AddToCartTestCases" time="0.03"/>
  <testcase name="verifyButtonText" classname="shield.enus.com.nvidia.www.javatests.AddToCartTestCases" time="0.021"/>
  <testcase name="verifyButtonText" classname="shield.enus.com.nvidia.www.javatests.AddToCartTestCases" time="0.021"/>
  <testcase name="verifyButtonText" classname="shield.enus.com.nvidia.www.javatests.AddToCartTestCases" time="0.022"/>
  <testcase name="verifyButtonText" classname="shield.enus.com.nvidia.www.javatests.AddToCartTestCases" time="0.023"/>
  <testcase name="verifyButtonText" classname="shield.enus.com.nvidia.www.javatests.AddToCartTestCases" time="0.02"/>
  <testcase name="verifyButtonText" classname="shield.enus.com.nvidia.www.javatests.AddToCartTestCases" time="0.019"/>
  <testcase name="verifyButtonText" classname="shield.enus.com.nvidia.www.javatests.AddToCartTestCases" time="0.017"/>
  <testcase name="verifyButtonText" classname="shield.enus.com.nvidia.www.javatests.AddToCartTestCases" time="0.017"/>
  <testcase name="verifyButtonText" classname="shield.enus.com.nvidia.www.javatests.AddToCartTestCases" time="0.017">
    <failure message="expected [true] but found [false]" type="java.lang.AssertionError">java.lang.AssertionError: expected [true] but found [false]
	at shield.enus.com.nvidia.www.javatests.AddToCartTestCases.verifyButtonText(AddToCartTestCases.java:43)
</failure>
    <system-out><![CDATA[productID: 327801400 provided buttonText: Add to Cart Actual Button Text: NOTIFY ME
]]></system-out>
  </testcase>
  <testcase name="verifyButtonText" classname="shield.enus.com.nvidia.www.javatests.AddToCartTestCases" time="0.021"/>
  <testcase name="verifyButtonText" classname="shield.enus.com.nvidia.www.javatests.AddToCartTestCases" time="0.044"/>
  <testcase name="verifyButtonText" classname="shield.enus.com.nvidia.www.javatests.AddToCartTestCases" time="0.022"/>
  <testcase name="verifyButtonText" classname="shield.enus.com.nvidia.www.javatests.AddToCartTestCases" time="0.021"/>
  <testcase name="verifyButtonText" classname="shield.enus.com.nvidia.www.javatests.AddToCartTestCases" time="0.022"/>
  <testcase name="verifyButtonText" classname="shield.enus.com.nvidia.www.javatests.AddToCartTestCases" time="2.203">
    <failure message="expected [true] but found [false]" type="java.lang.AssertionError">java.lang.AssertionError: expected [true] but found [false]
	at shield.enus.com.nvidia.www.javatests.AddToCartTestCases.verifyButtonText(AddToCartTestCases.java:43)
</failure>
    <system-out><![CDATA[Exception in CheckButtonText productID: 5088905300 provided buttonText: Add to Cart Actual Button Text: 
]]></system-out>
    <system-err><![CDATA[Apr 18, 2017 6:28:00 PM org.openqa.selenium.remote.Augmenter extractRemoteWebDriver
WARNING: Augmenter should be applied to the instances of @Augmentable classes or previously augmented instances only
Apr 18, 2017 6:28:00 PM org.openqa.selenium.remote.Augmenter extractRemoteWebDriver
WARNING: Augmenter should be applied to the instances of @Augmentable classes or previously augmented instances only
Apr 18, 2017 6:28:00 PM org.openqa.selenium.remote.Augmenter extractRemoteWebDriver
WARNING: Augmenter should be applied to the instances of @Augmentable classes or previously augmented instances only
Apr 18, 2017 6:28:01 PM org.openqa.selenium.remote.Augmenter extractRemoteWebDriver
WARNING: Augmenter should be applied to the instances of @Augmentable classes or previously augmented instances only
Apr 18, 2017 6:28:01 PM org.openqa.selenium.remote.Augmenter extractRemoteWebDriver
WARNING: Augmenter should be applied to the instances of @Augmentable classes or previously augmented instances only
Apr 18, 2017 6:28:01 PM org.openqa.selenium.remote.Augmenter extractRemoteWebDriver
WARNING: Augmenter should be applied to the instances of @Augmentable classes or previously augmented instances only
]]></system-err>
  </testcase>
  <testcase name="verifyButtonText" classname="shield.enus.com.nvidia.www.javatests.AddToCartTestCases" time="0.02"/>
  <testcase name="verifyButtonText" classname="shield.enus.com.nvidia.www.javatests.AddToCartTestCases" time="0.019"/>
  <testcase name="verifyButtonText" classname="shield.enus.com.nvidia.www.javatests.AddToCartTestCases" time="0.019"/>
  <testcase name="verifyButtonText" classname="shield.enus.com.nvidia.www.javatests.AddToCartTestCases" time="0.02"/>
  <testcase name="verifyButtonText" classname="shield.enus.com.nvidia.www.javatests.AddToCartTestCases" time="2.106">
    <failure message="expected [true] but found [false]" type="java.lang.AssertionError">java.lang.AssertionError: expected [true] but found [false]
	at shield.enus.com.nvidia.www.javatests.AddToCartTestCases.verifyButtonText(AddToCartTestCases.java:43)
</failure>
    <system-out><![CDATA[Exception in CheckButtonText productID: 5088794600 provided buttonText: AGGIUNGI AL CARRELLO Actual Button Text: 
]]></system-out>
    <system-err><![CDATA[Apr 18, 2017 6:32:36 PM org.openqa.selenium.remote.Augmenter extractRemoteWebDriver
WARNING: Augmenter should be applied to the instances of @Augmentable classes or previously augmented instances only
Apr 18, 2017 6:32:36 PM org.openqa.selenium.remote.Augmenter extractRemoteWebDriver
WARNING: Augmenter should be applied to the instances of @Augmentable classes or previously augmented instances only
Apr 18, 2017 6:32:37 PM org.openqa.selenium.remote.Augmenter extractRemoteWebDriver
WARNING: Augmenter should be applied to the instances of @Augmentable classes or previously augmented instances only
Apr 18, 2017 6:32:37 PM org.openqa.selenium.remote.Augmenter extractRemoteWebDriver
WARNING: Augmenter should be applied to the instances of @Augmentable classes or previously augmented instances only
Apr 18, 2017 6:32:37 PM org.openqa.selenium.remote.Augmenter extractRemoteWebDriver
WARNING: Augmenter should be applied to the instances of @Augmentable classes or previously augmented instances only
Apr 18, 2017 6:32:38 PM org.openqa.selenium.remote.Augmenter extractRemoteWebDriver
WARNING: Augmenter should be applied to the instances of @Augmentable classes or previously augmented instances only
]]></system-err>
  </testcase>
  <testcase name="verifyButtonText" classname="shield.enus.com.nvidia.www.javatests.AddToCartTestCases" time="2.374">
    <failure message="expected [true] but found [false]" type="java.lang.AssertionError">java.lang.AssertionError: expected [true] but found [false]
	at shield.enus.com.nvidia.www.javatests.AddToCartTestCases.verifyButtonText(AddToCartTestCases.java:43)
</failure>
    <system-out><![CDATA[Exception in CheckButtonText productID: 5088794700 provided buttonText: AGGIUNGI AL CARRELLO Actual Button Text: 
]]></system-out>
    <system-err><![CDATA[Apr 18, 2017 6:34:34 PM org.openqa.selenium.remote.Augmenter extractRemoteWebDriver
WARNING: Augmenter should be applied to the instances of @Augmentable classes or previously augmented instances only
Apr 18, 2017 6:34:34 PM org.openqa.selenium.remote.Augmenter extractRemoteWebDriver
WARNING: Augmenter should be applied to the instances of @Augmentable classes or previously augmented instances only
Apr 18, 2017 6:34:35 PM org.openqa.selenium.remote.Augmenter extractRemoteWebDriver
WARNING: Augmenter should be applied to the instances of @Augmentable classes or previously augmented instances only
Apr 18, 2017 6:34:35 PM org.openqa.selenium.remote.Augmenter extractRemoteWebDriver
WARNING: Augmenter should be applied to the instances of @Augmentable classes or previously augmented instances only
Apr 18, 2017 6:34:35 PM org.openqa.selenium.remote.Augmenter extractRemoteWebDriver
WARNING: Augmenter should be applied to the instances of @Augmentable classes or previously augmented instances only
Apr 18, 2017 6:34:36 PM org.openqa.selenium.remote.Augmenter extractRemoteWebDriver
WARNING: Augmenter should be applied to the instances of @Augmentable classes or previously augmented instances only
]]></system-err>
  </testcase>
  <testcase name="verifyButtonText" classname="shield.enus.com.nvidia.www.javatests.AddToCartTestCases" time="0.019"/>
  <testcase name="verifyButtonText" classname="shield.enus.com.nvidia.www.javatests.AddToCartTestCases" time="0.031"/>
  <testcase name="verifyButtonText" classname="shield.enus.com.nvidia.www.javatests.AddToCartTestCases" time="0.021"/>
  <testcase name="verifyButtonText" classname="shield.enus.com.nvidia.www.javatests.AddToCartTestCases" time="0.024">
    <failure message="expected [true] but found [false]" type="java.lang.AssertionError">java.lang.AssertionError: expected [true] but found [false]
	at shield.enus.com.nvidia.www.javatests.AddToCartTestCases.verifyButtonText(AddToCartTestCases.java:43)
</failure>
    <system-out><![CDATA[productID: 5088906100 provided buttonText: AIN DEN EINKAUFSWAGEN Actual Button Text: AGGIUNGI AL CARRELLO
]]></system-out>
  </testcase>
  <testcase name="verifyButtonText" classname="shield.enus.com.nvidia.www.javatests.AddToCartTestCases" time="0.018"/>
  <testcase name="verifyButtonText" classname="shield.enus.com.nvidia.www.javatests.AddToCartTestCases" time="0.221">
    <failure message="expected [true] but found [false]" type="java.lang.AssertionError">java.lang.AssertionError: expected [true] but found [false]
	at shield.enus.com.nvidia.www.javatests.AddToCartTestCases.verifyButtonText(AddToCartTestCases.java:43)
</failure>
    <system-out><![CDATA[Exception in CheckButtonText productID: 5088796700 provided buttonText: AGGIUNGI AL CARRELLO Actual Button Text: 
]]></system-out>
    <system-err><![CDATA[Apr 18, 2017 6:38:46 PM org.openqa.selenium.remote.Augmenter extractRemoteWebDriver
WARNING: Augmenter should be applied to the instances of @Augmentable classes or previously augmented instances only
]]></system-err>
  </testcase>
  <testcase name="verifyButtonText" classname="shield.enus.com.nvidia.www.javatests.AddToCartTestCases" time="0.016"/>
  <testcase name="verifyButtonText" classname="shield.enus.com.nvidia.www.javatests.AddToCartTestCases" time="0.017"/>
  <testcase name="verifyButtonText" classname="shield.enus.com.nvidia.www.javatests.AddToCartTestCases" time="0.017">
    <failure message="expected [true] but found [false]" type="java.lang.AssertionError">java.lang.AssertionError: expected [true] but found [false]
	at shield.enus.com.nvidia.www.javatests.AddToCartTestCases.verifyButtonText(AddToCartTestCases.java:43)
</failure>
    <system-out><![CDATA[productID: 327801700 provided buttonText: AJOUTER AU PANIER Actual Button Text: NOTIFY ME
]]></system-out>
  </testcase>
  <testcase name="verifyButtonText" classname="shield.enus.com.nvidia.www.javatests.AddToCartTestCases" time="0.02"/>
  <testcase name="verifyButtonText" classname="shield.enus.com.nvidia.www.javatests.AddToCartTestCases" time="0.042"/>
  <testcase name="verifyButtonText" classname="shield.enus.com.nvidia.www.javatests.AddToCartTestCases" time="0.02"/>
  <testcase name="verifyButtonText" classname="shield.enus.com.nvidia.www.javatests.AddToCartTestCases" time="0.021"/>
  <testcase name="verifyButtonText" classname="shield.enus.com.nvidia.www.javatests.AddToCartTestCases" time="0.021"/>
  <testcase name="verifyButtonText" classname="shield.enus.com.nvidia.www.javatests.AddToCartTestCases" time="0.022">
    <failure message="expected [true] but found [false]" type="java.lang.AssertionError">java.lang.AssertionError: expected [true] but found [false]
	at shield.enus.com.nvidia.www.javatests.AddToCartTestCases.verifyButtonText(AddToCartTestCases.java:43)
</failure>
    <system-out><![CDATA[productID: 5088905600 provided buttonText: AAJOUTER AU PANIER Actual Button Text: AJOUTER AU PANIER
]]></system-out>
  </testcase>
  <testcase name="verifyButtonText" classname="shield.enus.com.nvidia.www.javatests.AddToCartTestCases" time="0.024"/>
  <testcase name="verifyButtonText" classname="shield.enus.com.nvidia.www.javatests.AddToCartTestCases" time="0.242">
    <failure message="expected [true] but found [false]" type="java.lang.AssertionError">java.lang.AssertionError: expected [true] but found [false]
	at shield.enus.com.nvidia.www.javatests.AddToCartTestCases.verifyButtonText(AddToCartTestCases.java:43)
</failure>
    <system-out><![CDATA[Exception in CheckButtonText productID: 5088796200 provided buttonText: AJOUTER AU PANIER Actual Button Text: 
]]></system-out>
    <system-err><![CDATA[Apr 18, 2017 6:47:13 PM org.openqa.selenium.remote.Augmenter extractRemoteWebDriver
WARNING: Augmenter should be applied to the instances of @Augmentable classes or previously augmented instances only
]]></system-err>
  </testcase>
  <testcase name="verifyButtonText" classname="shield.enus.com.nvidia.www.javatests.AddToCartTestCases" time="0.028"/>
  <testcase name="verifyButtonText" classname="shield.enus.com.nvidia.www.javatests.AddToCartTestCases" time="0.018"/>
  <testcase name="verifyButtonText" classname="shield.enus.com.nvidia.www.javatests.AddToCartTestCases" time="0.012">
    <failure message="expected [true] but found [false]" type="java.lang.AssertionError">java.lang.AssertionError: expected [true] but found [false]
	at shield.enus.com.nvidia.www.javatests.AddToCartTestCases.verifyButtonText(AddToCartTestCases.java:43)
</failure>
    <system-out><![CDATA[productID: 327801100 provided buttonText: IN DEN EINKAUFSWAGEN Actual Button Text: NOTIFY ME
]]></system-out>
  </testcase>
  <testcase name="verifyButtonText" classname="shield.enus.com.nvidia.www.javatests.AddToCartTestCases" time="0.02"/>
  <testcase name="verifyButtonText" classname="shield.enus.com.nvidia.www.javatests.AddToCartTestCases" time="0.021"/>
  <testcase name="verifyButtonText" classname="shield.enus.com.nvidia.www.javatests.AddToCartTestCases" time="0.019"/>
  <testcase name="verifyButtonText" classname="shield.enus.com.nvidia.www.javatests.AddToCartTestCases" time="0.021"/>
  <testcase name="verifyButtonText" classname="shield.enus.com.nvidia.www.javatests.AddToCartTestCases" time="0.026"/>
  <testcase name="verifyButtonText" classname="shield.enus.com.nvidia.www.javatests.AddToCartTestCases" time="0.018">
    <failure message="expected [true] but found [false]" type="java.lang.AssertionError">java.lang.AssertionError: expected [true] but found [false]
	at shield.enus.com.nvidia.www.javatests.AddToCartTestCases.verifyButtonText(AddToCartTestCases.java:43)
</failure>
    <system-out><![CDATA[productID: 5088905400 provided buttonText: AIN DEN EINKAUFSWAGEN Actual Button Text: IN DEN EINKAUFSWAGEN
]]></system-out>
  </testcase>
  <testcase name="verifyButtonText" classname="shield.enus.com.nvidia.www.javatests.AddToCartTestCases" time="0.023"/>
  <testcase name="verifyButtonText" classname="shield.enus.com.nvidia.www.javatests.AddToCartTestCases" time="0.233">
    <failure message="expected [true] but found [false]" type="java.lang.AssertionError">java.lang.AssertionError: expected [true] but found [false]
	at shield.enus.com.nvidia.www.javatests.AddToCartTestCases.verifyButtonText(AddToCartTestCases.java:43)
</failure>
    <system-out><![CDATA[Exception in CheckButtonText productID: 5088794700 provided buttonText: IN DEN EINKAUFSWAGEN Actual Button Text: 
]]></system-out>
    <system-err><![CDATA[Apr 18, 2017 6:55:33 PM org.openqa.selenium.remote.Augmenter extractRemoteWebDriver
WARNING: Augmenter should be applied to the instances of @Augmentable classes or previously augmented instances only
]]></system-err>
  </testcase>
  <testcase name="verifyButtonText" classname="shield.enus.com.nvidia.www.javatests.AddToCartTestCases" time="0.019"/>
  <testcase name="verifyButtonText" classname="shield.enus.com.nvidia.www.javatests.AddToCartTestCases" time="0.019"/>
  <testcase name="verifyButtonText" classname="shield.enus.com.nvidia.www.javatests.AddToCartTestCases" time="0.016">
    <failure message="expected [true] but found [false]" type="java.lang.AssertionError">java.lang.AssertionError: expected [true] but found [false]
	at shield.enus.com.nvidia.www.javatests.AddToCartTestCases.verifyButtonText(AddToCartTestCases.java:43)
</failure>
    <system-out><![CDATA[productID: 330265600 provided buttonText: TOEVOEGEN AAN WINKELWAGEN Actual Button Text: NOTIFY ME
]]></system-out>
  </testcase>
  <testcase name="verifyButtonText" classname="shield.enus.com.nvidia.www.javatests.AddToCartTestCases" time="0.019"/>
  <testcase name="verifyButtonText" classname="shield.enus.com.nvidia.www.javatests.AddToCartTestCases" time="0.019"/>
  <testcase name="verifyButtonText" classname="shield.enus.com.nvidia.www.javatests.AddToCartTestCases" time="0.02"/>
  <testcase name="verifyButtonText" classname="shield.enus.com.nvidia.www.javatests.AddToCartTestCases" time="0.031"/>
  <testcase name="verifyButtonText" classname="shield.enus.com.nvidia.www.javatests.AddToCartTestCases" time="0.026"/>
  <testcase name="verifyButtonText" classname="shield.enus.com.nvidia.www.javatests.AddToCartTestCases" time="0.022"/>
  <testcase name="verifyButtonText" classname="shield.enus.com.nvidia.www.javatests.AddToCartTestCases" time="0.018"/>
  <testcase name="verifyButtonText" classname="shield.enus.com.nvidia.www.javatests.AddToCartTestCases" time="0.021"/>
  <testcase name="verifyButtonText" classname="shield.enus.com.nvidia.www.javatests.AddToCartTestCases" time="0.013"/>
  <testcase name="verifyButtonText" classname="shield.enus.com.nvidia.www.javatests.AddToCartTestCases" time="0.018"/>
  <testcase name="verifyButtonText" classname="shield.enus.com.nvidia.www.javatests.AddToCartTestCases" time="0.017">
    <failure message="expected [true] but found [false]" type="java.lang.AssertionError">java.lang.AssertionError: expected [true] but found [false]
	at shield.enus.com.nvidia.www.javatests.AddToCartTestCases.verifyButtonText(AddToCartTestCases.java:43)
</failure>
    <system-out><![CDATA[productID: 327802300 provided buttonText: LÄGG I KUNDVAGN Actual Button Text: NOTIFY ME
]]></system-out>
  </testcase>
  <testcase name="verifyButtonText" classname="shield.enus.com.nvidia.www.javatests.AddToCartTestCases" time="0.018"/>
  <testcase name="verifyButtonText" classname="shield.enus.com.nvidia.www.javatests.AddToCartTestCases" time="0.021"/>
  <testcase name="verifyButtonText" classname="shield.enus.com.nvidia.www.javatests.AddToCartTestCases" time="0.019"/>
  <testcase name="verifyButtonText" classname="shield.enus.com.nvidia.www.javatests.AddToCartTestCases" time="0.019"/>
  <testcase name="verifyButtonText" classname="shield.enus.com.nvidia.www.javatests.AddToCartTestCases" time="0.02"/>
  <testcase name="verifyButtonText" classname="shield.enus.com.nvidia.www.javatests.AddToCartTestCases" time="0.015">
    <failure message="expected [true] but found [false]" type="java.lang.AssertionError">java.lang.AssertionError: expected [true] but found [false]
	at shield.enus.com.nvidia.www.javatests.AddToCartTestCases.verifyButtonText(AddToCartTestCases.java:43)
</failure>
    <system-out><![CDATA[productID: 5088905800 provided buttonText: LÄGG I KUNDVAGN Actual Button Text: 
]]></system-out>
  </testcase>
  <testcase name="verifyButtonText" classname="shield.enus.com.nvidia.www.javatests.AddToCartTestCases" time="0.019"/>
  <testcase name="verifyButtonText" classname="shield.enus.com.nvidia.www.javatests.AddToCartTestCases" time="0.012">
    <failure message="expected [true] but found [false]" type="java.lang.AssertionError">java.lang.AssertionError: expected [true] but found [false]
	at shield.enus.com.nvidia.www.javatests.AddToCartTestCases.verifyButtonText(AddToCartTestCases.java:43)
</failure>
    <system-out><![CDATA[productID: 5088796400 provided buttonText: LÄGG I KUNDVAGN Actual Button Text: 
]]></system-out>
  </testcase>
  <testcase name="verifyButtonText" classname="shield.enus.com.nvidia.www.javatests.AddToCartTestCases" time="0.017"/>
  <testcase name="verifyButtonText" classname="shield.enus.com.nvidia.www.javatests.AddToCartTestCases" time="0.014"/>
  <testcase name="verifyButtonText" classname="shield.enus.com.nvidia.www.javatests.AddToCartTestCases" time="1.026">
    <failure message="expected [true] but found [false]" type="java.lang.AssertionError">java.lang.AssertionError: expected [true] but found [false]
	at shield.enus.com.nvidia.www.javatests.AddToCartTestCases.verifyButtonText(AddToCartTestCases.java:43)
</failure>
    <system-out><![CDATA[Exception in CheckButtonText productID: 330265600 provided buttonText: LEGG TIL I HANDLEVOGN Actual Button Text: 
]]></system-out>
    <system-err><![CDATA[Apr 18, 2017 7:15:19 PM org.openqa.selenium.remote.Augmenter extractRemoteWebDriver
WARNING: Augmenter should be applied to the instances of @Augmentable classes or previously augmented instances only
Apr 18, 2017 7:15:19 PM org.openqa.selenium.remote.Augmenter extractRemoteWebDriver
WARNING: Augmenter should be applied to the instances of @Augmentable classes or previously augmented instances only
Apr 18, 2017 7:15:19 PM org.openqa.selenium.remote.Augmenter extractRemoteWebDriver
WARNING: Augmenter should be applied to the instances of @Augmentable classes or previously augmented instances only
]]></system-err>
  </testcase>
  <testcase name="verifyButtonText" classname="shield.enus.com.nvidia.www.javatests.AddToCartTestCases" time="0.019"/>
  <testcase name="verifyButtonText" classname="shield.enus.com.nvidia.www.javatests.AddToCartTestCases" time="0.035"/>
  <testcase name="verifyButtonText" classname="shield.enus.com.nvidia.www.javatests.AddToCartTestCases" time="0.02"/>
  <testcase name="verifyButtonText" classname="shield.enus.com.nvidia.www.javatests.AddToCartTestCases" time="0.023"/>
  <testcase name="verifyButtonText" classname="shield.enus.com.nvidia.www.javatests.AddToCartTestCases" time="0.02"/>
  <testcase name="verifyButtonText" classname="shield.enus.com.nvidia.www.javatests.AddToCartTestCases" time="0.019"/>
  <testcase name="verifyButtonText" classname="shield.enus.com.nvidia.www.javatests.AddToCartTestCases" time="0.017"/>
  <testcase name="verifyButtonText" classname="shield.enus.com.nvidia.www.javatests.AddToCartTestCases" time="1.29">
    <failure message="expected [true] but found [false]" type="java.lang.AssertionError">java.lang.AssertionError: expected [true] but found [false]
	at shield.enus.com.nvidia.www.javatests.AddToCartTestCases.verifyButtonText(AddToCartTestCases.java:43)
</failure>
    <system-out><![CDATA[Exception in CheckButtonText productID: 5088796500 provided buttonText: LEGG TIL I HANDLEVOGN Actual Button Text: 
]]></system-out>
    <system-err><![CDATA[Apr 18, 2017 7:21:35 PM org.openqa.selenium.remote.Augmenter extractRemoteWebDriver
WARNING: Augmenter should be applied to the instances of @Augmentable classes or previously augmented instances only
Apr 18, 2017 7:21:35 PM org.openqa.selenium.remote.Augmenter extractRemoteWebDriver
WARNING: Augmenter should be applied to the instances of @Augmentable classes or previously augmented instances only
Apr 18, 2017 7:21:35 PM org.openqa.selenium.remote.Augmenter extractRemoteWebDriver
WARNING: Augmenter should be applied to the instances of @Augmentable classes or previously augmented instances only
Apr 18, 2017 7:21:36 PM org.openqa.selenium.remote.Augmenter extractRemoteWebDriver
WARNING: Augmenter should be applied to the instances of @Augmentable classes or previously augmented instances only
]]></system-err>
  </testcase>
  <testcase name="verifyPrice" classname="shield.enus.com.nvidia.www.javatests.AddToCartTestCases" time="0.015"/>
  <testcase name="verifyPrice" classname="shield.enus.com.nvidia.www.javatests.AddToCartTestCases" time="0.016"/>
  <testcase name="verifyPrice" classname="shield.enus.com.nvidia.www.javatests.AddToCartTestCases" time="0.015"/>
  <testcase name="verifyPrice" classname="shield.enus.com.nvidia.www.javatests.AddToCartTestCases" time="0.017"/>
  <testcase name="verifyPrice" classname="shield.enus.com.nvidia.www.javatests.AddToCartTestCases" time="0.02"/>
  <testcase name="verifyPrice" classname="shield.enus.com.nvidia.www.javatests.AddToCartTestCases" time="0.014"/>
  <testcase name="verifyPrice" classname="shield.enus.com.nvidia.www.javatests.AddToCartTestCases" time="0.063"/>
  <testcase name="verifyPrice" classname="shield.enus.com.nvidia.www.javatests.AddToCartTestCases" time="0.016"/>
  <testcase name="verifyPrice" classname="shield.enus.com.nvidia.www.javatests.AddToCartTestCases" time="0.027"/>
  <testcase name="verifyPrice" classname="shield.enus.com.nvidia.www.javatests.AddToCartTestCases" time="0.016"/>
  <testcase name="verifyPrice" classname="shield.enus.com.nvidia.www.javatests.AddToCartTestCases" time="0.017"/>
  <testcase name="verifyPrice" classname="shield.enus.com.nvidia.www.javatests.AddToCartTestCases" time="0.014"/>
  <testcase name="verifyPrice" classname="shield.enus.com.nvidia.www.javatests.AddToCartTestCases" time="0.014"/>
  <testcase name="verifyPrice" classname="shield.enus.com.nvidia.www.javatests.AddToCartTestCases" time="0.019"/>
  <testcase name="verifyPrice" classname="shield.enus.com.nvidia.www.javatests.AddToCartTestCases" time="0.015"/>
  <testcase name="verifyPrice" classname="shield.enus.com.nvidia.www.javatests.AddToCartTestCases" time="0.013"/>
  <testcase name="verifyPrice" classname="shield.enus.com.nvidia.www.javatests.AddToCartTestCases" time="0.014"/>
  <testcase name="verifyPrice" classname="shield.enus.com.nvidia.www.javatests.AddToCartTestCases" time="0.015"/>
  <testcase name="verifyPrice" classname="shield.enus.com.nvidia.www.javatests.AddToCartTestCases" time="0.015"/>
  <testcase name="verifyPrice" classname="shield.enus.com.nvidia.www.javatests.AddToCartTestCases" time="2.157">
    <failure message="expected [true] but found [false]" type="java.lang.AssertionError">java.lang.AssertionError: expected [true] but found [false]
	at shield.enus.com.nvidia.www.javatests.AddToCartTestCases.verifyPrice(AddToCartTestCases.java:51)
</failure>
    <system-out><![CDATA[Info: webelement: null
Info: webelement Exception : org.openqa.selenium.NoSuchElementException: Unable to locate element: .//div[starts-with(@class,'product-row__item js-product-item') and @data-digital-river-id='5088905300']/div[1]
For documentation on this error, please visit: http://seleniumhq.org/exceptions/no_such_element.html
Build info: version: '3.0.1', revision: '1969d75', time: '2016-10-18 09:49:13 -0700'
System info: host: 'GCHAND-DT', ip: '10.24.35.10', os.name: 'Windows 10', os.arch: 'amd64', os.version: '10.0', java.version: '1.8.0_121'
Driver info: org.openqa.selenium.firefox.FirefoxDriver
Capabilities [{moz:profile=C:\Users\GCHAND~1.COM\AppData\Local\Temp\rust_mozprofile.5RwaCZ8YOdEX, rotatable=false, timeouts={implicit=0, page load=300000, script=30000}, pageLoadStrategy=normal, platform=ANY, specificationLevel=0, moz:accessibilityChecks=false, acceptInsecureCerts=false, browserVersion=52.0.2, platformVersion=10.0, moz:processID=10332, browserName=firefox, platformName=windows_nt}]
Session ID: 995547fc-25b3-43ac-bbb9-368666f6ac88
*** Element info: {Using=xpath, value=.//div[starts-with(@class,'product-row__item js-product-item') and @data-digital-river-id='5088905300']/div[1]}
Error: Exception in CheckButtonText productID: 5088905300 provided buttonText: $ 29.99  Actual Button Text: 
]]></system-out>
    <system-err><![CDATA[Apr 18, 2017 6:28:02 PM org.openqa.selenium.remote.Augmenter extractRemoteWebDriver
WARNING: Augmenter should be applied to the instances of @Augmentable classes or previously augmented instances only
Apr 18, 2017 6:28:02 PM org.openqa.selenium.remote.Augmenter extractRemoteWebDriver
WARNING: Augmenter should be applied to the instances of @Augmentable classes or previously augmented instances only
Apr 18, 2017 6:28:03 PM org.openqa.selenium.remote.Augmenter extractRemoteWebDriver
WARNING: Augmenter should be applied to the instances of @Augmentable classes or previously augmented instances only
Apr 18, 2017 6:28:03 PM org.openqa.selenium.remote.Augmenter extractRemoteWebDriver
WARNING: Augmenter should be applied to the instances of @Augmentable classes or previously augmented instances only
Apr 18, 2017 6:28:03 PM org.openqa.selenium.remote.Augmenter extractRemoteWebDriver
WARNING: Augmenter should be applied to the instances of @Augmentable classes or previously augmented instances only
Apr 18, 2017 6:28:03 PM org.openqa.selenium.remote.Augmenter extractRemoteWebDriver
WARNING: Augmenter should be applied to the instances of @Augmentable classes or previously augmented instances only
]]></system-err>
  </testcase>
  <testcase name="verifyPrice" classname="shield.enus.com.nvidia.www.javatests.AddToCartTestCases" time="0.016"/>
  <testcase name="verifyPrice" classname="shield.enus.com.nvidia.www.javatests.AddToCartTestCases" time="0.013"/>
  <testcase name="verifyPrice" classname="shield.enus.com.nvidia.www.javatests.AddToCartTestCases" time="0.014"/>
  <testcase name="verifyPrice" classname="shield.enus.com.nvidia.www.javatests.AddToCartTestCases" time="0.013"/>
  <testcase name="verifyPrice" classname="shield.enus.com.nvidia.www.javatests.AddToCartTestCases" time="2.183">
    <failure message="expected [true] but found [false]" type="java.lang.AssertionError">java.lang.AssertionError: expected [true] but found [false]
	at shield.enus.com.nvidia.www.javatests.AddToCartTestCases.verifyPrice(AddToCartTestCases.java:51)
</failure>
    <system-out><![CDATA[Info: webelement: null
Info: webelement Exception : org.openqa.selenium.NoSuchElementException: Unable to locate element: .//div[starts-with(@class,'product-row__item js-product-item') and @data-digital-river-id='5088794600']/div[1]
For documentation on this error, please visit: http://seleniumhq.org/exceptions/no_such_element.html
Build info: version: '3.0.1', revision: '1969d75', time: '2016-10-18 09:49:13 -0700'
System info: host: 'GCHAND-DT', ip: '10.24.35.10', os.name: 'Windows 10', os.arch: 'amd64', os.version: '10.0', java.version: '1.8.0_121'
Driver info: org.openqa.selenium.firefox.FirefoxDriver
Capabilities [{moz:profile=C:\Users\GCHAND~1.COM\AppData\Local\Temp\rust_mozprofile.3gYfeyDed7e0, rotatable=false, timeouts={implicit=0, page load=300000, script=30000}, pageLoadStrategy=normal, platform=ANY, specificationLevel=0, moz:accessibilityChecks=false, acceptInsecureCerts=false, browserVersion=52.0.2, platformVersion=10.0, moz:processID=15412, browserName=firefox, platformName=windows_nt}]
Session ID: 51c29467-c86c-4952-a939-f1b516b2491c
*** Element info: {Using=xpath, value=.//div[starts-with(@class,'product-row__item js-product-item') and @data-digital-river-id='5088794600']/div[1]}
Error: Exception in CheckButtonText productID: 5088794600 provided buttonText: €229.99  Actual Button Text: 
]]></system-out>
    <system-err><![CDATA[Apr 18, 2017 6:32:38 PM org.openqa.selenium.remote.Augmenter extractRemoteWebDriver
WARNING: Augmenter should be applied to the instances of @Augmentable classes or previously augmented instances only
Apr 18, 2017 6:32:39 PM org.openqa.selenium.remote.Augmenter extractRemoteWebDriver
WARNING: Augmenter should be applied to the instances of @Augmentable classes or previously augmented instances only
Apr 18, 2017 6:32:39 PM org.openqa.selenium.remote.Augmenter extractRemoteWebDriver
WARNING: Augmenter should be applied to the instances of @Augmentable classes or previously augmented instances only
Apr 18, 2017 6:32:39 PM org.openqa.selenium.remote.Augmenter extractRemoteWebDriver
WARNING: Augmenter should be applied to the instances of @Augmentable classes or previously augmented instances only
Apr 18, 2017 6:32:40 PM org.openqa.selenium.remote.Augmenter extractRemoteWebDriver
WARNING: Augmenter should be applied to the instances of @Augmentable classes or previously augmented instances only
Apr 18, 2017 6:32:40 PM org.openqa.selenium.remote.Augmenter extractRemoteWebDriver
WARNING: Augmenter should be applied to the instances of @Augmentable classes or previously augmented instances only
]]></system-err>
  </testcase>
  <testcase name="verifyPrice" classname="shield.enus.com.nvidia.www.javatests.AddToCartTestCases" time="2.44">
    <failure message="expected [true] but found [false]" type="java.lang.AssertionError">java.lang.AssertionError: expected [true] but found [false]
	at shield.enus.com.nvidia.www.javatests.AddToCartTestCases.verifyPrice(AddToCartTestCases.java:51)
</failure>
    <system-out><![CDATA[Info: webelement: null
Info: webelement Exception : org.openqa.selenium.NoSuchElementException: Unable to locate element: .//div[starts-with(@class,'product-row__item js-product-item') and @data-digital-river-id='5088794700']/div[1]
For documentation on this error, please visit: http://seleniumhq.org/exceptions/no_such_element.html
Build info: version: '3.0.1', revision: '1969d75', time: '2016-10-18 09:49:13 -0700'
System info: host: 'GCHAND-DT', ip: '10.24.35.10', os.name: 'Windows 10', os.arch: 'amd64', os.version: '10.0', java.version: '1.8.0_121'
Driver info: org.openqa.selenium.firefox.FirefoxDriver
Capabilities [{moz:profile=C:\Users\GCHAND~1.COM\AppData\Local\Temp\rust_mozprofile.aeIULV3uD6V8, rotatable=false, timeouts={implicit=0, page load=300000, script=30000}, pageLoadStrategy=normal, platform=ANY, specificationLevel=0, moz:accessibilityChecks=false, acceptInsecureCerts=false, browserVersion=52.0.2, platformVersion=10.0, moz:processID=15476, browserName=firefox, platformName=windows_nt}]
Session ID: 2e274799-3502-4687-8f59-b0d5ac94e554
*** Element info: {Using=xpath, value=.//div[starts-with(@class,'product-row__item js-product-item') and @data-digital-river-id='5088794700']/div[1]}
Error: Exception in CheckButtonText productID: 5088794700 provided buttonText: €329.99  Actual Button Text: 
]]></system-out>
    <system-err><![CDATA[Apr 18, 2017 6:34:36 PM org.openqa.selenium.remote.Augmenter extractRemoteWebDriver
WARNING: Augmenter should be applied to the instances of @Augmentable classes or previously augmented instances only
Apr 18, 2017 6:34:37 PM org.openqa.selenium.remote.Augmenter extractRemoteWebDriver
WARNING: Augmenter should be applied to the instances of @Augmentable classes or previously augmented instances only
Apr 18, 2017 6:34:37 PM org.openqa.selenium.remote.Augmenter extractRemoteWebDriver
WARNING: Augmenter should be applied to the instances of @Augmentable classes or previously augmented instances only
Apr 18, 2017 6:34:37 PM org.openqa.selenium.remote.Augmenter extractRemoteWebDriver
WARNING: Augmenter should be applied to the instances of @Augmentable classes or previously augmented instances only
Apr 18, 2017 6:34:38 PM org.openqa.selenium.remote.Augmenter extractRemoteWebDriver
WARNING: Augmenter should be applied to the instances of @Augmentable classes or previously augmented instances only
Apr 18, 2017 6:34:38 PM org.openqa.selenium.remote.Augmenter extractRemoteWebDriver
WARNING: Augmenter should be applied to the instances of @Augmentable classes or previously augmented instances only
]]></system-err>
  </testcase>
  <testcase name="verifyPrice" classname="shield.enus.com.nvidia.www.javatests.AddToCartTestCases" time="0.013"/>
  <testcase name="verifyPrice" classname="shield.enus.com.nvidia.www.javatests.AddToCartTestCases" time="0.016"/>
  <testcase name="verifyPrice" classname="shield.enus.com.nvidia.www.javatests.AddToCartTestCases" time="0.015"/>
  <testcase name="verifyPrice" classname="shield.enus.com.nvidia.www.javatests.AddToCartTestCases" time="0.013"/>
  <testcase name="verifyPrice" classname="shield.enus.com.nvidia.www.javatests.AddToCartTestCases" time="0.016"/>
  <testcase name="verifyPrice" classname="shield.enus.com.nvidia.www.javatests.AddToCartTestCases" time="0.201">
    <failure message="expected [true] but found [false]" type="java.lang.AssertionError">java.lang.AssertionError: expected [true] but found [false]
	at shield.enus.com.nvidia.www.javatests.AddToCartTestCases.verifyPrice(AddToCartTestCases.java:51)
</failure>
    <system-out><![CDATA[Info: webelement: null
Info: webelement Exception : org.openqa.selenium.NoSuchSessionException: Session ID is null. Using WebDriver after calling quit()?
Build info: version: '3.0.1', revision: '1969d75', time: '2016-10-18 09:49:13 -0700'
System info: host: 'GCHAND-DT', ip: '10.24.35.10', os.name: 'Windows 10', os.arch: 'amd64', os.version: '10.0', java.version: '1.8.0_121'
Driver info: driver.version: RemoteWebDriver
Error: Exception in CheckButtonText productID: 5088796700 provided buttonText: €329.99  Actual Button Text: 
]]></system-out>
    <system-err><![CDATA[Apr 18, 2017 6:38:47 PM org.openqa.selenium.remote.Augmenter extractRemoteWebDriver
WARNING: Augmenter should be applied to the instances of @Augmentable classes or previously augmented instances only
]]></system-err>
  </testcase>
  <testcase name="verifyPrice" classname="shield.enus.com.nvidia.www.javatests.AddToCartTestCases" time="0.014"/>
  <testcase name="verifyPrice" classname="shield.enus.com.nvidia.www.javatests.AddToCartTestCases" time="0.016"/>
  <testcase name="verifyPrice" classname="shield.enus.com.nvidia.www.javatests.AddToCartTestCases" time="0.013"/>
  <testcase name="verifyPrice" classname="shield.enus.com.nvidia.www.javatests.AddToCartTestCases" time="0.015"/>
  <testcase name="verifyPrice" classname="shield.enus.com.nvidia.www.javatests.AddToCartTestCases" time="0.014"/>
  <testcase name="verifyPrice" classname="shield.enus.com.nvidia.www.javatests.AddToCartTestCases" time="0.016"/>
  <testcase name="verifyPrice" classname="shield.enus.com.nvidia.www.javatests.AddToCartTestCases" time="0.015"/>
  <testcase name="verifyPrice" classname="shield.enus.com.nvidia.www.javatests.AddToCartTestCases" time="0.014"/>
  <testcase name="verifyPrice" classname="shield.enus.com.nvidia.www.javatests.AddToCartTestCases" time="0.014"/>
  <testcase name="verifyPrice" classname="shield.enus.com.nvidia.www.javatests.AddToCartTestCases" time="0.018"/>
  <testcase name="verifyPrice" classname="shield.enus.com.nvidia.www.javatests.AddToCartTestCases" time="0.199">
    <failure message="expected [true] but found [false]" type="java.lang.AssertionError">java.lang.AssertionError: expected [true] but found [false]
	at shield.enus.com.nvidia.www.javatests.AddToCartTestCases.verifyPrice(AddToCartTestCases.java:51)
</failure>
    <system-out><![CDATA[Info: webelement: null
Info: webelement Exception : org.openqa.selenium.NoSuchSessionException: Session ID is null. Using WebDriver after calling quit()?
Build info: version: '3.0.1', revision: '1969d75', time: '2016-10-18 09:49:13 -0700'
System info: host: 'GCHAND-DT', ip: '10.24.35.10', os.name: 'Windows 10', os.arch: 'amd64', os.version: '10.0', java.version: '1.8.0_121'
Driver info: driver.version: RemoteWebDriver
Error: Exception in CheckButtonText productID: 5088796200 provided buttonText: €329.99  Actual Button Text: 
]]></system-out>
    <system-err><![CDATA[Apr 18, 2017 6:47:13 PM org.openqa.selenium.remote.Augmenter extractRemoteWebDriver
WARNING: Augmenter should be applied to the instances of @Augmentable classes or previously augmented instances only
]]></system-err>
  </testcase>
  <testcase name="verifyPrice" classname="shield.enus.com.nvidia.www.javatests.AddToCartTestCases" time="0.013"/>
  <testcase name="verifyPrice" classname="shield.enus.com.nvidia.www.javatests.AddToCartTestCases" time="0.013"/>
  <testcase name="verifyPrice" classname="shield.enus.com.nvidia.www.javatests.AddToCartTestCases" time="0.014"/>
  <testcase name="verifyPrice" classname="shield.enus.com.nvidia.www.javatests.AddToCartTestCases" time="0.014"/>
  <testcase name="verifyPrice" classname="shield.enus.com.nvidia.www.javatests.AddToCartTestCases" time="0.014"/>
  <testcase name="verifyPrice" classname="shield.enus.com.nvidia.www.javatests.AddToCartTestCases" time="0.015"/>
  <testcase name="verifyPrice" classname="shield.enus.com.nvidia.www.javatests.AddToCartTestCases" time="0.015"/>
  <testcase name="verifyPrice" classname="shield.enus.com.nvidia.www.javatests.AddToCartTestCases" time="0.015"/>
  <testcase name="verifyPrice" classname="shield.enus.com.nvidia.www.javatests.AddToCartTestCases" time="0.013"/>
  <testcase name="verifyPrice" classname="shield.enus.com.nvidia.www.javatests.AddToCartTestCases" time="0.015"/>
  <testcase name="verifyPrice" classname="shield.enus.com.nvidia.www.javatests.AddToCartTestCases" time="0.221">
    <failure message="expected [true] but found [false]" type="java.lang.AssertionError">java.lang.AssertionError: expected [true] but found [false]
	at shield.enus.com.nvidia.www.javatests.AddToCartTestCases.verifyPrice(AddToCartTestCases.java:51)
</failure>
    <system-out><![CDATA[Info: webelement: null
Info: webelement Exception : org.openqa.selenium.NoSuchSessionException: Session ID is null. Using WebDriver after calling quit()?
Build info: version: '3.0.1', revision: '1969d75', time: '2016-10-18 09:49:13 -0700'
System info: host: 'GCHAND-DT', ip: '10.24.35.10', os.name: 'Windows 10', os.arch: 'amd64', os.version: '10.0', java.version: '1.8.0_121'
Driver info: driver.version: RemoteWebDriver
Error: Exception in CheckButtonText productID: 5088794700 provided buttonText: €329.99  Actual Button Text: 
]]></system-out>
    <system-err><![CDATA[Apr 18, 2017 6:55:33 PM org.openqa.selenium.remote.Augmenter extractRemoteWebDriver
WARNING: Augmenter should be applied to the instances of @Augmentable classes or previously augmented instances only
]]></system-err>
  </testcase>
  <testcase name="verifyPrice" classname="shield.enus.com.nvidia.www.javatests.AddToCartTestCases" time="0.012"/>
  <testcase name="verifyPrice" classname="shield.enus.com.nvidia.www.javatests.AddToCartTestCases" time="0.014"/>
  <testcase name="verifyPrice" classname="shield.enus.com.nvidia.www.javatests.AddToCartTestCases" time="0.015"/>
  <testcase name="verifyPrice" classname="shield.enus.com.nvidia.www.javatests.AddToCartTestCases" time="0.014"/>
  <testcase name="verifyPrice" classname="shield.enus.com.nvidia.www.javatests.AddToCartTestCases" time="0.014"/>
  <testcase name="verifyPrice" classname="shield.enus.com.nvidia.www.javatests.AddToCartTestCases" time="0.015"/>
  <testcase name="verifyPrice" classname="shield.enus.com.nvidia.www.javatests.AddToCartTestCases" time="0.016"/>
  <testcase name="verifyPrice" classname="shield.enus.com.nvidia.www.javatests.AddToCartTestCases" time="0.016"/>
  <testcase name="verifyPrice" classname="shield.enus.com.nvidia.www.javatests.AddToCartTestCases" time="0.013"/>
  <testcase name="verifyPrice" classname="shield.enus.com.nvidia.www.javatests.AddToCartTestCases" time="0.015"/>
  <testcase name="verifyPrice" classname="shield.enus.com.nvidia.www.javatests.AddToCartTestCases" time="0.013"/>
  <testcase name="verifyPrice" classname="shield.enus.com.nvidia.www.javatests.AddToCartTestCases" time="0.013"/>
  <testcase name="verifyPrice" classname="shield.enus.com.nvidia.www.javatests.AddToCartTestCases" time="0.014"/>
  <testcase name="verifyPrice" classname="shield.enus.com.nvidia.www.javatests.AddToCartTestCases" time="0.013"/>
  <testcase name="verifyPrice" classname="shield.enus.com.nvidia.www.javatests.AddToCartTestCases" time="0.015"/>
  <testcase name="verifyPrice" classname="shield.enus.com.nvidia.www.javatests.AddToCartTestCases" time="0.016"/>
  <testcase name="verifyPrice" classname="shield.enus.com.nvidia.www.javatests.AddToCartTestCases" time="0.015"/>
  <testcase name="verifyPrice" classname="shield.enus.com.nvidia.www.javatests.AddToCartTestCases" time="0.016"/>
  <testcase name="verifyPrice" classname="shield.enus.com.nvidia.www.javatests.AddToCartTestCases" time="0.014"/>
  <testcase name="verifyPrice" classname="shield.enus.com.nvidia.www.javatests.AddToCartTestCases" time="0.01">
    <failure message="expected [true] but found [false]" type="java.lang.AssertionError">java.lang.AssertionError: expected [true] but found [false]
	at shield.enus.com.nvidia.www.javatests.AddToCartTestCases.verifyPrice(AddToCartTestCases.java:51)
</failure>
    <system-out><![CDATA[productID: 5088905800 provided buttonText: 349.00 kr Actual Button Text: 
]]></system-out>
  </testcase>
  <testcase name="verifyPrice" classname="shield.enus.com.nvidia.www.javatests.AddToCartTestCases" time="0.014"/>
  <testcase name="verifyPrice" classname="shield.enus.com.nvidia.www.javatests.AddToCartTestCases" time="0.009">
    <failure message="expected [true] but found [false]" type="java.lang.AssertionError">java.lang.AssertionError: expected [true] but found [false]
	at shield.enus.com.nvidia.www.javatests.AddToCartTestCases.verifyPrice(AddToCartTestCases.java:51)
</failure>
    <system-out><![CDATA[productID: 5088796400 provided buttonText: 3,199.00 kr Actual Button Text: 
]]></system-out>
  </testcase>
  <testcase name="verifyPrice" classname="shield.enus.com.nvidia.www.javatests.AddToCartTestCases" time="0.013"/>
  <testcase name="verifyPrice" classname="shield.enus.com.nvidia.www.javatests.AddToCartTestCases" time="0.013"/>
  <testcase name="verifyPrice" classname="shield.enus.com.nvidia.www.javatests.AddToCartTestCases" time="1">
    <failure message="expected [true] but found [false]" type="java.lang.AssertionError">java.lang.AssertionError: expected [true] but found [false]
	at shield.enus.com.nvidia.www.javatests.AddToCartTestCases.verifyPrice(AddToCartTestCases.java:51)
</failure>
    <system-out><![CDATA[Info: webelement: null
Info: webelement Exception : org.openqa.selenium.NoSuchElementException: Unable to locate element: .//div[starts-with(@class,'product-row__item js-product-item') and @data-digital-river-id='330265600']/div[1]
For documentation on this error, please visit: http://seleniumhq.org/exceptions/no_such_element.html
Build info: version: '3.0.1', revision: '1969d75', time: '2016-10-18 09:49:13 -0700'
System info: host: 'GCHAND-DT', ip: '10.24.35.10', os.name: 'Windows 10', os.arch: 'amd64', os.version: '10.0', java.version: '1.8.0_121'
Driver info: org.openqa.selenium.firefox.FirefoxDriver
Capabilities [{moz:profile=C:\Users\GCHAND~1.COM\AppData\Local\Temp\rust_mozprofile.7tQEGTbfmm6T, rotatable=false, timeouts={implicit=0, page load=300000, script=30000}, pageLoadStrategy=normal, platform=ANY, specificationLevel=0, moz:accessibilityChecks=false, acceptInsecureCerts=false, browserVersion=52.0.2, platformVersion=10.0, moz:processID=8036, browserName=firefox, platformName=windows_nt}]
Session ID: d4a585f6-771e-41cf-978f-077f082e01b2
*** Element info: {Using=xpath, value=.//div[starts-with(@class,'product-row__item js-product-item') and @data-digital-river-id='330265600']/div[1]}
Error: Exception in CheckButtonText productID: 330265600 provided buttonText: kr 1,899.00  Actual Button Text: 
]]></system-out>
    <system-err><![CDATA[Apr 18, 2017 7:15:20 PM org.openqa.selenium.remote.Augmenter extractRemoteWebDriver
WARNING: Augmenter should be applied to the instances of @Augmentable classes or previously augmented instances only
Apr 18, 2017 7:15:20 PM org.openqa.selenium.remote.Augmenter extractRemoteWebDriver
WARNING: Augmenter should be applied to the instances of @Augmentable classes or previously augmented instances only
Apr 18, 2017 7:15:20 PM org.openqa.selenium.remote.Augmenter extractRemoteWebDriver
WARNING: Augmenter should be applied to the instances of @Augmentable classes or previously augmented instances only
]]></system-err>
  </testcase>
  <testcase name="verifyPrice" classname="shield.enus.com.nvidia.www.javatests.AddToCartTestCases" time="0.014"/>
  <testcase name="verifyPrice" classname="shield.enus.com.nvidia.www.javatests.AddToCartTestCases" time="0.015"/>
  <testcase name="verifyPrice" classname="shield.enus.com.nvidia.www.javatests.AddToCartTestCases" time="0.015"/>
  <testcase name="verifyPrice" classname="shield.enus.com.nvidia.www.javatests.AddToCartTestCases" time="0.023"/>
  <testcase name="verifyPrice" classname="shield.enus.com.nvidia.www.javatests.AddToCartTestCases" time="0.015"/>
  <testcase name="verifyPrice" classname="shield.enus.com.nvidia.www.javatests.AddToCartTestCases" time="0.012"/>
  <testcase name="verifyPrice" classname="shield.enus.com.nvidia.www.javatests.AddToCartTestCases" time="0.014"/>
  <testcase name="verifyPrice" classname="shield.enus.com.nvidia.www.javatests.AddToCartTestCases" time="1.282">
    <failure message="expected [true] but found [false]" type="java.lang.AssertionError">java.lang.AssertionError: expected [true] but found [false]
	at shield.enus.com.nvidia.www.javatests.AddToCartTestCases.verifyPrice(AddToCartTestCases.java:51)
</failure>
    <system-out><![CDATA[Info: webelement: null
Info: webelement Exception : org.openqa.selenium.NoSuchElementException: Unable to locate element: .//div[starts-with(@class,'product-row__item js-product-item') and @data-digital-river-id='5088796500']/div[1]
For documentation on this error, please visit: http://seleniumhq.org/exceptions/no_such_element.html
Build info: version: '3.0.1', revision: '1969d75', time: '2016-10-18 09:49:13 -0700'
System info: host: 'GCHAND-DT', ip: '10.24.35.10', os.name: 'Windows 10', os.arch: 'amd64', os.version: '10.0', java.version: '1.8.0_121'
Driver info: org.openqa.selenium.firefox.FirefoxDriver
Capabilities [{moz:profile=C:\Users\GCHAND~1.COM\AppData\Local\Temp\rust_mozprofile.ctXGeUvsC0XS, rotatable=false, timeouts={implicit=0, page load=300000, script=30000}, pageLoadStrategy=normal, platform=ANY, specificationLevel=0, moz:accessibilityChecks=false, acceptInsecureCerts=false, browserVersion=52.0.2, platformVersion=10.0, moz:processID=15244, browserName=firefox, platformName=windows_nt}]
Session ID: e4fcfda9-43e9-46ef-89e5-db75bc7c4293
*** Element info: {Using=xpath, value=.//div[starts-with(@class,'product-row__item js-product-item') and @data-digital-river-id='5088796500']/div[1]}
Error: Exception in CheckButtonText productID: 5088796500 provided buttonText: kr 2,999.00  Actual Button Text: 
]]></system-out>
    <system-err><![CDATA[Apr 18, 2017 7:21:36 PM org.openqa.selenium.remote.Augmenter extractRemoteWebDriver
WARNING: Augmenter should be applied to the instances of @Augmentable classes or previously augmented instances only
Apr 18, 2017 7:21:36 PM org.openqa.selenium.remote.Augmenter extractRemoteWebDriver
WARNING: Augmenter should be applied to the instances of @Augmentable classes or previously augmented instances only
Apr 18, 2017 7:21:37 PM org.openqa.selenium.remote.Augmenter extractRemoteWebDriver
WARNING: Augmenter should be applied to the instances of @Augmentable classes or previously augmented instances only
Apr 18, 2017 7:21:37 PM org.openqa.selenium.remote.Augmenter extractRemoteWebDriver
WARNING: Augmenter should be applied to the instances of @Augmentable classes or previously augmented instances only
]]></system-err>
  </testcase>
  <testcase name="verifyCartOverLayPopup" classname="shield.enus.com.nvidia.www.javatests.AddToCartTestCases" time="0.046"/>
  <testcase name="verifyCartOverLayPopup" classname="shield.enus.com.nvidia.www.javatests.AddToCartTestCases" time="0.022"/>
  <testcase name="verifyCartOverLayPopup" classname="shield.enus.com.nvidia.www.javatests.AddToCartTestCases" time="0.022"/>
  <testcase name="verifyCartOverLayPopup" classname="shield.enus.com.nvidia.www.javatests.AddToCartTestCases" time="0.023"/>
  <testcase name="verifyCartOverLayPopup" classname="shield.enus.com.nvidia.www.javatests.AddToCartTestCases" time="0.036"/>
  <testcase name="verifyCartOverLayPopup" classname="shield.enus.com.nvidia.www.javatests.AddToCartTestCases" time="0.052"/>
  <testcase name="verifyCartOverLayPopup" classname="shield.enus.com.nvidia.www.javatests.AddToCartTestCases" time="0.022"/>
  <testcase name="verifyCartOverLayPopup" classname="shield.enus.com.nvidia.www.javatests.AddToCartTestCases" time="0.025"/>
  <testcase name="verifyCartOverLayPopup" classname="shield.enus.com.nvidia.www.javatests.AddToCartTestCases" time="0.023"/>
  <testcase name="verifyCartOverLayPopup" classname="shield.enus.com.nvidia.www.javatests.AddToCartTestCases" time="0.023"/>
  <testcase name="verifyCartOverLayPopup" classname="shield.enus.com.nvidia.www.javatests.AddToCartTestCases" time="0.022"/>
  <testcase name="verifyCartOverLayPopup" classname="shield.enus.com.nvidia.www.javatests.AddToCartTestCases" time="0.021"/>
  <testcase name="verifyCartOverLayPopup" classname="shield.enus.com.nvidia.www.javatests.AddToCartTestCases" time="0.019"/>
  <testcase name="verifyCartOverLayPopup" classname="shield.enus.com.nvidia.www.javatests.AddToCartTestCases" time="1.12">
    <failure message="expected [true] but found [false]" type="java.lang.AssertionError">java.lang.AssertionError: expected [true] but found [false]
	at shield.enus.com.nvidia.www.javatests.AddToCartTestCases.verifyCartOverLayPopup(AddToCartTestCases.java:61)
</failure>
    <system-out><![CDATA[Info: Cart overLay pop-up not showing Exception
]]></system-out>
    <system-err><![CDATA[Apr 18, 2017 6:23:35 PM org.openqa.selenium.remote.Augmenter extractRemoteWebDriver
WARNING: Augmenter should be applied to the instances of @Augmentable classes or previously augmented instances only
Apr 18, 2017 6:23:36 PM org.openqa.selenium.remote.Augmenter extractRemoteWebDriver
WARNING: Augmenter should be applied to the instances of @Augmentable classes or previously augmented instances only
Apr 18, 2017 6:23:36 PM org.openqa.selenium.remote.Augmenter extractRemoteWebDriver
WARNING: Augmenter should be applied to the instances of @Augmentable classes or previously augmented instances only
]]></system-err>
  </testcase>
  <testcase name="verifyCartOverLayPopup" classname="shield.enus.com.nvidia.www.javatests.AddToCartTestCases" time="0.021"/>
  <testcase name="verifyCartOverLayPopup" classname="shield.enus.com.nvidia.www.javatests.AddToCartTestCases" time="0.025"/>
  <testcase name="verifyCartOverLayPopup" classname="shield.enus.com.nvidia.www.javatests.AddToCartTestCases" time="0.02"/>
  <testcase name="verifyCartOverLayPopup" classname="shield.enus.com.nvidia.www.javatests.AddToCartTestCases" time="0.021"/>
  <testcase name="verifyCartOverLayPopup" classname="shield.enus.com.nvidia.www.javatests.AddToCartTestCases" time="0.021"/>
  <testcase name="verifyCartOverLayPopup" classname="shield.enus.com.nvidia.www.javatests.AddToCartTestCases" time="2.046">
    <failure message="expected [true] but found [false]" type="java.lang.AssertionError">java.lang.AssertionError: expected [true] but found [false]
	at shield.enus.com.nvidia.www.javatests.AddToCartTestCases.verifyCartOverLayPopup(AddToCartTestCases.java:61)
</failure>
    <system-out><![CDATA[Info: Cart overLay pop-up not showing Exception
]]></system-out>
    <system-err><![CDATA[Apr 18, 2017 6:28:04 PM org.openqa.selenium.remote.Augmenter extractRemoteWebDriver
WARNING: Augmenter should be applied to the instances of @Augmentable classes or previously augmented instances only
Apr 18, 2017 6:28:04 PM org.openqa.selenium.remote.Augmenter extractRemoteWebDriver
WARNING: Augmenter should be applied to the instances of @Augmentable classes or previously augmented instances only
Apr 18, 2017 6:28:05 PM org.openqa.selenium.remote.Augmenter extractRemoteWebDriver
WARNING: Augmenter should be applied to the instances of @Augmentable classes or previously augmented instances only
Apr 18, 2017 6:28:05 PM org.openqa.selenium.remote.Augmenter extractRemoteWebDriver
WARNING: Augmenter should be applied to the instances of @Augmentable classes or previously augmented instances only
Apr 18, 2017 6:28:05 PM org.openqa.selenium.remote.Augmenter extractRemoteWebDriver
WARNING: Augmenter should be applied to the instances of @Augmentable classes or previously augmented instances only
Apr 18, 2017 6:28:05 PM org.openqa.selenium.remote.Augmenter extractRemoteWebDriver
WARNING: Augmenter should be applied to the instances of @Augmentable classes or previously augmented instances only
]]></system-err>
  </testcase>
  <testcase name="verifyCartOverLayPopup" classname="shield.enus.com.nvidia.www.javatests.AddToCartTestCases" time="0.023"/>
  <testcase name="verifyCartOverLayPopup" classname="shield.enus.com.nvidia.www.javatests.AddToCartTestCases" time="0.018"/>
  <testcase name="verifyCartOverLayPopup" classname="shield.enus.com.nvidia.www.javatests.AddToCartTestCases" time="0.027"/>
  <testcase name="verifyCartOverLayPopup" classname="shield.enus.com.nvidia.www.javatests.AddToCartTestCases" time="0.02"/>
  <testcase name="verifyCartOverLayPopup" classname="shield.enus.com.nvidia.www.javatests.AddToCartTestCases" time="2.079">
    <failure message="expected [true] but found [false]" type="java.lang.AssertionError">java.lang.AssertionError: expected [true] but found [false]
	at shield.enus.com.nvidia.www.javatests.AddToCartTestCases.verifyCartOverLayPopup(AddToCartTestCases.java:61)
</failure>
    <system-out><![CDATA[Info: Cart overLay pop-up not showing Exception
]]></system-out>
    <system-err><![CDATA[Apr 18, 2017 6:32:40 PM org.openqa.selenium.remote.Augmenter extractRemoteWebDriver
WARNING: Augmenter should be applied to the instances of @Augmentable classes or previously augmented instances only
Apr 18, 2017 6:32:41 PM org.openqa.selenium.remote.Augmenter extractRemoteWebDriver
WARNING: Augmenter should be applied to the instances of @Augmentable classes or previously augmented instances only
Apr 18, 2017 6:32:41 PM org.openqa.selenium.remote.Augmenter extractRemoteWebDriver
WARNING: Augmenter should be applied to the instances of @Augmentable classes or previously augmented instances only
Apr 18, 2017 6:32:41 PM org.openqa.selenium.remote.Augmenter extractRemoteWebDriver
WARNING: Augmenter should be applied to the instances of @Augmentable classes or previously augmented instances only
Apr 18, 2017 6:32:42 PM org.openqa.selenium.remote.Augmenter extractRemoteWebDriver
WARNING: Augmenter should be applied to the instances of @Augmentable classes or previously augmented instances only
Apr 18, 2017 6:32:42 PM org.openqa.selenium.remote.Augmenter extractRemoteWebDriver
WARNING: Augmenter should be applied to the instances of @Augmentable classes or previously augmented instances only
]]></system-err>
  </testcase>
  <testcase name="verifyCartOverLayPopup" classname="shield.enus.com.nvidia.www.javatests.AddToCartTestCases" time="2.373">
    <failure message="expected [true] but found [false]" type="java.lang.AssertionError">java.lang.AssertionError: expected [true] but found [false]
	at shield.enus.com.nvidia.www.javatests.AddToCartTestCases.verifyCartOverLayPopup(AddToCartTestCases.java:61)
</failure>
    <system-out><![CDATA[Info: Cart overLay pop-up not showing Exception
]]></system-out>
    <system-err><![CDATA[Apr 18, 2017 6:34:38 PM org.openqa.selenium.remote.Augmenter extractRemoteWebDriver
WARNING: Augmenter should be applied to the instances of @Augmentable classes or previously augmented instances only
Apr 18, 2017 6:34:39 PM org.openqa.selenium.remote.Augmenter extractRemoteWebDriver
WARNING: Augmenter should be applied to the instances of @Augmentable classes or previously augmented instances only
Apr 18, 2017 6:34:39 PM org.openqa.selenium.remote.Augmenter extractRemoteWebDriver
WARNING: Augmenter should be applied to the instances of @Augmentable classes or previously augmented instances only
Apr 18, 2017 6:34:40 PM org.openqa.selenium.remote.Augmenter extractRemoteWebDriver
WARNING: Augmenter should be applied to the instances of @Augmentable classes or previously augmented instances only
Apr 18, 2017 6:34:40 PM org.openqa.selenium.remote.Augmenter extractRemoteWebDriver
WARNING: Augmenter should be applied to the instances of @Augmentable classes or previously augmented instances only
Apr 18, 2017 6:34:40 PM org.openqa.selenium.remote.Augmenter extractRemoteWebDriver
WARNING: Augmenter should be applied to the instances of @Augmentable classes or previously augmented instances only
]]></system-err>
  </testcase>
  <testcase name="verifyCartOverLayPopup" classname="shield.enus.com.nvidia.www.javatests.AddToCartTestCases" time="0.02"/>
  <testcase name="verifyCartOverLayPopup" classname="shield.enus.com.nvidia.www.javatests.AddToCartTestCases" time="0.021"/>
  <testcase name="verifyCartOverLayPopup" classname="shield.enus.com.nvidia.www.javatests.AddToCartTestCases" time="0.022"/>
  <testcase name="verifyCartOverLayPopup" classname="shield.enus.com.nvidia.www.javatests.AddToCartTestCases" time="0.019"/>
  <testcase name="verifyCartOverLayPopup" classname="shield.enus.com.nvidia.www.javatests.AddToCartTestCases" time="0.026"/>
  <testcase name="verifyCartOverLayPopup" classname="shield.enus.com.nvidia.www.javatests.AddToCartTestCases" time="0.215">
    <failure message="expected [true] but found [false]" type="java.lang.AssertionError">java.lang.AssertionError: expected [true] but found [false]
	at shield.enus.com.nvidia.www.javatests.AddToCartTestCases.verifyCartOverLayPopup(AddToCartTestCases.java:61)
</failure>
    <system-out><![CDATA[Info: Cart overLay pop-up not showing Exception
]]></system-out>
    <system-err><![CDATA[Apr 18, 2017 6:38:47 PM org.openqa.selenium.remote.Augmenter extractRemoteWebDriver
WARNING: Augmenter should be applied to the instances of @Augmentable classes or previously augmented instances only
]]></system-err>
  </testcase>
  <testcase name="verifyCartOverLayPopup" classname="shield.enus.com.nvidia.www.javatests.AddToCartTestCases" time="0.022"/>
  <testcase name="verifyCartOverLayPopup" classname="shield.enus.com.nvidia.www.javatests.AddToCartTestCases" time="0.019"/>
  <testcase name="verifyCartOverLayPopup" classname="shield.enus.com.nvidia.www.javatests.AddToCartTestCases" time="1.013">
    <failure message="expected [true] but found [false]" type="java.lang.AssertionError">java.lang.AssertionError: expected [true] but found [false]
	at shield.enus.com.nvidia.www.javatests.AddToCartTestCases.verifyCartOverLayPopup(AddToCartTestCases.java:61)
</failure>
    <system-out><![CDATA[Info: Cart overLay pop-up not showing Exception
]]></system-out>
    <system-err><![CDATA[Apr 18, 2017 6:40:55 PM org.openqa.selenium.remote.Augmenter extractRemoteWebDriver
WARNING: Augmenter should be applied to the instances of @Augmentable classes or previously augmented instances only
Apr 18, 2017 6:40:56 PM org.openqa.selenium.remote.Augmenter extractRemoteWebDriver
WARNING: Augmenter should be applied to the instances of @Augmentable classes or previously augmented instances only
Apr 18, 2017 6:40:56 PM org.openqa.selenium.remote.Augmenter extractRemoteWebDriver
WARNING: Augmenter should be applied to the instances of @Augmentable classes or previously augmented instances only
]]></system-err>
  </testcase>
  <testcase name="verifyCartOverLayPopup" classname="shield.enus.com.nvidia.www.javatests.AddToCartTestCases" time="0.021"/>
  <testcase name="verifyCartOverLayPopup" classname="shield.enus.com.nvidia.www.javatests.AddToCartTestCases" time="0.029"/>
  <testcase name="verifyCartOverLayPopup" classname="shield.enus.com.nvidia.www.javatests.AddToCartTestCases" time="0.022"/>
  <testcase name="verifyCartOverLayPopup" classname="shield.enus.com.nvidia.www.javatests.AddToCartTestCases" time="0.021"/>
  <testcase name="verifyCartOverLayPopup" classname="shield.enus.com.nvidia.www.javatests.AddToCartTestCases" time="0.023"/>
  <testcase name="verifyCartOverLayPopup" classname="shield.enus.com.nvidia.www.javatests.AddToCartTestCases" time="0.026"/>
  <testcase name="verifyCartOverLayPopup" classname="shield.enus.com.nvidia.www.javatests.AddToCartTestCases" time="0.022"/>
  <testcase name="verifyCartOverLayPopup" classname="shield.enus.com.nvidia.www.javatests.AddToCartTestCases" time="0.213">
    <failure message="expected [true] but found [false]" type="java.lang.AssertionError">java.lang.AssertionError: expected [true] but found [false]
	at shield.enus.com.nvidia.www.javatests.AddToCartTestCases.verifyCartOverLayPopup(AddToCartTestCases.java:61)
</failure>
    <system-out><![CDATA[Info: Cart overLay pop-up not showing Exception
]]></system-out>
    <system-err><![CDATA[Apr 18, 2017 6:47:13 PM org.openqa.selenium.remote.Augmenter extractRemoteWebDriver
WARNING: Augmenter should be applied to the instances of @Augmentable classes or previously augmented instances only
]]></system-err>
  </testcase>
  <testcase name="verifyCartOverLayPopup" classname="shield.enus.com.nvidia.www.javatests.AddToCartTestCases" time="0.025"/>
  <testcase name="verifyCartOverLayPopup" classname="shield.enus.com.nvidia.www.javatests.AddToCartTestCases" time="0.02"/>
  <testcase name="verifyCartOverLayPopup" classname="shield.enus.com.nvidia.www.javatests.AddToCartTestCases" time="1.083">
    <failure message="expected [true] but found [false]" type="java.lang.AssertionError">java.lang.AssertionError: expected [true] but found [false]
	at shield.enus.com.nvidia.www.javatests.AddToCartTestCases.verifyCartOverLayPopup(AddToCartTestCases.java:61)
</failure>
    <system-out><![CDATA[Info: Cart overLay pop-up not showing Exception
]]></system-out>
    <system-err><![CDATA[Apr 18, 2017 6:49:23 PM org.openqa.selenium.remote.Augmenter extractRemoteWebDriver
WARNING: Augmenter should be applied to the instances of @Augmentable classes or previously augmented instances only
Apr 18, 2017 6:49:23 PM org.openqa.selenium.remote.Augmenter extractRemoteWebDriver
WARNING: Augmenter should be applied to the instances of @Augmentable classes or previously augmented instances only
Apr 18, 2017 6:49:24 PM org.openqa.selenium.remote.Augmenter extractRemoteWebDriver
WARNING: Augmenter should be applied to the instances of @Augmentable classes or previously augmented instances only
]]></system-err>
  </testcase>
  <testcase name="verifyCartOverLayPopup" classname="shield.enus.com.nvidia.www.javatests.AddToCartTestCases" time="0.021"/>
  <testcase name="verifyCartOverLayPopup" classname="shield.enus.com.nvidia.www.javatests.AddToCartTestCases" time="0.021"/>
  <testcase name="verifyCartOverLayPopup" classname="shield.enus.com.nvidia.www.javatests.AddToCartTestCases" time="0.021"/>
  <testcase name="verifyCartOverLayPopup" classname="shield.enus.com.nvidia.www.javatests.AddToCartTestCases" time="0.021"/>
  <testcase name="verifyCartOverLayPopup" classname="shield.enus.com.nvidia.www.javatests.AddToCartTestCases" time="0.021"/>
  <testcase name="verifyCartOverLayPopup" classname="shield.enus.com.nvidia.www.javatests.AddToCartTestCases" time="0.019"/>
  <testcase name="verifyCartOverLayPopup" classname="shield.enus.com.nvidia.www.javatests.AddToCartTestCases" time="0.023"/>
  <testcase name="verifyCartOverLayPopup" classname="shield.enus.com.nvidia.www.javatests.AddToCartTestCases" time="0.207">
    <failure message="expected [true] but found [false]" type="java.lang.AssertionError">java.lang.AssertionError: expected [true] but found [false]
	at shield.enus.com.nvidia.www.javatests.AddToCartTestCases.verifyCartOverLayPopup(AddToCartTestCases.java:61)
</failure>
    <system-out><![CDATA[Info: Cart overLay pop-up not showing Exception
]]></system-out>
    <system-err><![CDATA[Apr 18, 2017 6:55:34 PM org.openqa.selenium.remote.Augmenter extractRemoteWebDriver
WARNING: Augmenter should be applied to the instances of @Augmentable classes or previously augmented instances only
]]></system-err>
  </testcase>
  <testcase name="verifyCartOverLayPopup" classname="shield.enus.com.nvidia.www.javatests.AddToCartTestCases" time="0.022"/>
  <testcase name="verifyCartOverLayPopup" classname="shield.enus.com.nvidia.www.javatests.AddToCartTestCases" time="0.02"/>
  <testcase name="verifyCartOverLayPopup" classname="shield.enus.com.nvidia.www.javatests.AddToCartTestCases" time="1.024">
    <failure message="expected [true] but found [false]" type="java.lang.AssertionError">java.lang.AssertionError: expected [true] but found [false]
	at shield.enus.com.nvidia.www.javatests.AddToCartTestCases.verifyCartOverLayPopup(AddToCartTestCases.java:61)
</failure>
    <system-out><![CDATA[Info: Cart overLay pop-up not showing Exception
]]></system-out>
    <system-err><![CDATA[Apr 18, 2017 6:57:42 PM org.openqa.selenium.remote.Augmenter extractRemoteWebDriver
WARNING: Augmenter should be applied to the instances of @Augmentable classes or previously augmented instances only
Apr 18, 2017 6:57:42 PM org.openqa.selenium.remote.Augmenter extractRemoteWebDriver
WARNING: Augmenter should be applied to the instances of @Augmentable classes or previously augmented instances only
Apr 18, 2017 6:57:42 PM org.openqa.selenium.remote.Augmenter extractRemoteWebDriver
WARNING: Augmenter should be applied to the instances of @Augmentable classes or previously augmented instances only
]]></system-err>
  </testcase>
  <testcase name="verifyCartOverLayPopup" classname="shield.enus.com.nvidia.www.javatests.AddToCartTestCases" time="0.021"/>
  <testcase name="verifyCartOverLayPopup" classname="shield.enus.com.nvidia.www.javatests.AddToCartTestCases" time="0.019"/>
  <testcase name="verifyCartOverLayPopup" classname="shield.enus.com.nvidia.www.javatests.AddToCartTestCases" time="0.02"/>
  <testcase name="verifyCartOverLayPopup" classname="shield.enus.com.nvidia.www.javatests.AddToCartTestCases" time="0.021"/>
  <testcase name="verifyCartOverLayPopup" classname="shield.enus.com.nvidia.www.javatests.AddToCartTestCases" time="0.026"/>
  <testcase name="verifyCartOverLayPopup" classname="shield.enus.com.nvidia.www.javatests.AddToCartTestCases" time="0.018"/>
  <testcase name="verifyCartOverLayPopup" classname="shield.enus.com.nvidia.www.javatests.AddToCartTestCases" time="0.021"/>
  <testcase name="verifyCartOverLayPopup" classname="shield.enus.com.nvidia.www.javatests.AddToCartTestCases" time="0.019"/>
  <testcase name="verifyCartOverLayPopup" classname="shield.enus.com.nvidia.www.javatests.AddToCartTestCases" time="0.032"/>
  <testcase name="verifyCartOverLayPopup" classname="shield.enus.com.nvidia.www.javatests.AddToCartTestCases" time="0.021"/>
  <testcase name="verifyCartOverLayPopup" classname="shield.enus.com.nvidia.www.javatests.AddToCartTestCases" time="1.036">
    <failure message="expected [true] but found [false]" type="java.lang.AssertionError">java.lang.AssertionError: expected [true] but found [false]
	at shield.enus.com.nvidia.www.javatests.AddToCartTestCases.verifyCartOverLayPopup(AddToCartTestCases.java:61)
</failure>
    <system-out><![CDATA[Info: Cart overLay pop-up not showing Exception
]]></system-out>
    <system-err><![CDATA[Apr 18, 2017 7:06:25 PM org.openqa.selenium.remote.Augmenter extractRemoteWebDriver
WARNING: Augmenter should be applied to the instances of @Augmentable classes or previously augmented instances only
Apr 18, 2017 7:06:26 PM org.openqa.selenium.remote.Augmenter extractRemoteWebDriver
WARNING: Augmenter should be applied to the instances of @Augmentable classes or previously augmented instances only
Apr 18, 2017 7:06:26 PM org.openqa.selenium.remote.Augmenter extractRemoteWebDriver
WARNING: Augmenter should be applied to the instances of @Augmentable classes or previously augmented instances only
]]></system-err>
  </testcase>
  <testcase name="verifyCartOverLayPopup" classname="shield.enus.com.nvidia.www.javatests.AddToCartTestCases" time="0.021"/>
  <testcase name="verifyCartOverLayPopup" classname="shield.enus.com.nvidia.www.javatests.AddToCartTestCases" time="0.022"/>
  <testcase name="verifyCartOverLayPopup" classname="shield.enus.com.nvidia.www.javatests.AddToCartTestCases" time="0.02"/>
  <testcase name="verifyCartOverLayPopup" classname="shield.enus.com.nvidia.www.javatests.AddToCartTestCases" time="0.021"/>
  <testcase name="verifyCartOverLayPopup" classname="shield.enus.com.nvidia.www.javatests.AddToCartTestCases" time="0.022"/>
  <testcase name="verifyCartOverLayPopup" classname="shield.enus.com.nvidia.www.javatests.AddToCartTestCases" time="2.397">
    <failure message="expected [true] but found [false]" type="java.lang.AssertionError">java.lang.AssertionError: expected [true] but found [false]
	at shield.enus.com.nvidia.www.javatests.AddToCartTestCases.verifyCartOverLayPopup(AddToCartTestCases.java:61)
</failure>
    <system-out><![CDATA[Info: Cart overLay pop-up not showing Exception
]]></system-out>
    <system-err><![CDATA[Apr 18, 2017 7:10:45 PM org.openqa.selenium.remote.Augmenter extractRemoteWebDriver
WARNING: Augmenter should be applied to the instances of @Augmentable classes or previously augmented instances only
Apr 18, 2017 7:10:45 PM org.openqa.selenium.remote.Augmenter extractRemoteWebDriver
WARNING: Augmenter should be applied to the instances of @Augmentable classes or previously augmented instances only
Apr 18, 2017 7:10:46 PM org.openqa.selenium.remote.Augmenter extractRemoteWebDriver
WARNING: Augmenter should be applied to the instances of @Augmentable classes or previously augmented instances only
Apr 18, 2017 7:10:46 PM org.openqa.selenium.remote.Augmenter extractRemoteWebDriver
WARNING: Augmenter should be applied to the instances of @Augmentable classes or previously augmented instances only
Apr 18, 2017 7:10:46 PM org.openqa.selenium.remote.Augmenter extractRemoteWebDriver
WARNING: Augmenter should be applied to the instances of @Augmentable classes or previously augmented instances only
Apr 18, 2017 7:10:47 PM org.openqa.selenium.remote.Augmenter extractRemoteWebDriver
WARNING: Augmenter should be applied to the instances of @Augmentable classes or previously augmented instances only
]]></system-err>
  </testcase>
  <testcase name="verifyCartOverLayPopup" classname="shield.enus.com.nvidia.www.javatests.AddToCartTestCases" time="0.021"/>
  <testcase name="verifyCartOverLayPopup" classname="shield.enus.com.nvidia.www.javatests.AddToCartTestCases" time="1.279">
    <failure message="expected [true] but found [false]" type="java.lang.AssertionError">java.lang.AssertionError: expected [true] but found [false]
	at shield.enus.com.nvidia.www.javatests.AddToCartTestCases.verifyCartOverLayPopup(AddToCartTestCases.java:61)
</failure>
    <system-out><![CDATA[Info: Cart overLay pop-up not showing Exception
]]></system-out>
    <system-err><![CDATA[Apr 18, 2017 7:12:52 PM org.openqa.selenium.remote.Augmenter extractRemoteWebDriver
WARNING: Augmenter should be applied to the instances of @Augmentable classes or previously augmented instances only
Apr 18, 2017 7:12:52 PM org.openqa.selenium.remote.Augmenter extractRemoteWebDriver
WARNING: Augmenter should be applied to the instances of @Augmentable classes or previously augmented instances only
Apr 18, 2017 7:12:52 PM org.openqa.selenium.remote.Augmenter extractRemoteWebDriver
WARNING: Augmenter should be applied to the instances of @Augmentable classes or previously augmented instances only
Apr 18, 2017 7:12:53 PM org.openqa.selenium.remote.Augmenter extractRemoteWebDriver
WARNING: Augmenter should be applied to the instances of @Augmentable classes or previously augmented instances only
]]></system-err>
  </testcase>
  <testcase name="verifyCartOverLayPopup" classname="shield.enus.com.nvidia.www.javatests.AddToCartTestCases" time="0.021"/>
  <testcase name="verifyCartOverLayPopup" classname="shield.enus.com.nvidia.www.javatests.AddToCartTestCases" time="0.021"/>
  <testcase name="verifyCartOverLayPopup" classname="shield.enus.com.nvidia.www.javatests.AddToCartTestCases" time="1.053">
    <failure message="expected [true] but found [false]" type="java.lang.AssertionError">java.lang.AssertionError: expected [true] but found [false]
	at shield.enus.com.nvidia.www.javatests.AddToCartTestCases.verifyCartOverLayPopup(AddToCartTestCases.java:61)
</failure>
    <system-out><![CDATA[Info: Cart overLay pop-up not showing Exception
]]></system-out>
    <system-err><![CDATA[Apr 18, 2017 7:15:21 PM org.openqa.selenium.remote.Augmenter extractRemoteWebDriver
WARNING: Augmenter should be applied to the instances of @Augmentable classes or previously augmented instances only
Apr 18, 2017 7:15:21 PM org.openqa.selenium.remote.Augmenter extractRemoteWebDriver
WARNING: Augmenter should be applied to the instances of @Augmentable classes or previously augmented instances only
Apr 18, 2017 7:15:21 PM org.openqa.selenium.remote.Augmenter extractRemoteWebDriver
WARNING: Augmenter should be applied to the instances of @Augmentable classes or previously augmented instances only
]]></system-err>
  </testcase>
  <testcase name="verifyCartOverLayPopup" classname="shield.enus.com.nvidia.www.javatests.AddToCartTestCases" time="0.021"/>
  <testcase name="verifyCartOverLayPopup" classname="shield.enus.com.nvidia.www.javatests.AddToCartTestCases" time="0.021"/>
  <testcase name="verifyCartOverLayPopup" classname="shield.enus.com.nvidia.www.javatests.AddToCartTestCases" time="0.021"/>
  <testcase name="verifyCartOverLayPopup" classname="shield.enus.com.nvidia.www.javatests.AddToCartTestCases" time="0.025"/>
  <testcase name="verifyCartOverLayPopup" classname="shield.enus.com.nvidia.www.javatests.AddToCartTestCases" time="0.021"/>
  <testcase name="verifyCartOverLayPopup" classname="shield.enus.com.nvidia.www.javatests.AddToCartTestCases" time="0.02"/>
  <testcase name="verifyCartOverLayPopup" classname="shield.enus.com.nvidia.www.javatests.AddToCartTestCases" time="0.024"/>
  <testcase name="verifyCartOverLayPopup" classname="shield.enus.com.nvidia.www.javatests.AddToCartTestCases" time="1.285">
    <failure message="expected [true] but found [false]" type="java.lang.AssertionError">java.lang.AssertionError: expected [true] but found [false]
	at shield.enus.com.nvidia.www.javatests.AddToCartTestCases.verifyCartOverLayPopup(AddToCartTestCases.java:61)
</failure>
    <system-out><![CDATA[Info: Cart overLay pop-up not showing Exception
]]></system-out>
    <system-err><![CDATA[Apr 18, 2017 7:21:37 PM org.openqa.selenium.remote.Augmenter extractRemoteWebDriver
WARNING: Augmenter should be applied to the instances of @Augmentable classes or previously augmented instances only
Apr 18, 2017 7:21:38 PM org.openqa.selenium.remote.Augmenter extractRemoteWebDriver
WARNING: Augmenter should be applied to the instances of @Augmentable classes or previously augmented instances only
Apr 18, 2017 7:21:38 PM org.openqa.selenium.remote.Augmenter extractRemoteWebDriver
WARNING: Augmenter should be applied to the instances of @Augmentable classes or previously augmented instances only
Apr 18, 2017 7:21:38 PM org.openqa.selenium.remote.Augmenter extractRemoteWebDriver
WARNING: Augmenter should be applied to the instances of @Augmentable classes or previously augmented instances only
]]></system-err>
  </testcase>
  <testcase name="verifyProductAddedToCart" classname="shield.enus.com.nvidia.www.javatests.AddToCartTestCases" time="0.04"/>
  <testcase name="verifyProductAddedToCart" classname="shield.enus.com.nvidia.www.javatests.AddToCartTestCases" time="0.026"/>
  <testcase name="verifyProductAddedToCart" classname="shield.enus.com.nvidia.www.javatests.AddToCartTestCases" time="0.029"/>
  <testcase name="verifyProductAddedToCart" classname="shield.enus.com.nvidia.www.javatests.AddToCartTestCases" time="0.026"/>
  <testcase name="verifyProductAddedToCart" classname="shield.enus.com.nvidia.www.javatests.AddToCartTestCases" time="0.023"/>
  <testcase name="verifyProductAddedToCart" classname="shield.enus.com.nvidia.www.javatests.AddToCartTestCases" time="0.022"/>
  <testcase name="verifyProductAddedToCart" classname="shield.enus.com.nvidia.www.javatests.AddToCartTestCases" time="0.027"/>
  <testcase name="verifyProductAddedToCart" classname="shield.enus.com.nvidia.www.javatests.AddToCartTestCases" time="0.023"/>
  <testcase name="verifyProductAddedToCart" classname="shield.enus.com.nvidia.www.javatests.AddToCartTestCases" time="0.036"/>
  <testcase name="verifyProductAddedToCart" classname="shield.enus.com.nvidia.www.javatests.AddToCartTestCases" time="0.032"/>
  <testcase name="verifyProductAddedToCart" classname="shield.enus.com.nvidia.www.javatests.AddToCartTestCases" time="0.056"/>
  <testcase name="verifyProductAddedToCart" classname="shield.enus.com.nvidia.www.javatests.AddToCartTestCases" time="0.02"/>
  <testcase name="verifyProductAddedToCart" classname="shield.enus.com.nvidia.www.javatests.AddToCartTestCases" time="0.02"/>
  <testcase name="verifyProductAddedToCart" classname="shield.enus.com.nvidia.www.javatests.AddToCartTestCases" time="0.006">
    <failure message="expected [true] but found [false]" type="java.lang.AssertionError">java.lang.AssertionError: expected [true] but found [false]
	at shield.enus.com.nvidia.www.javatests.AddToCartTestCases.verifyProductAddedToCart(AddToCartTestCases.java:70)
</failure>
    <system-out><![CDATA[ SHIELD product is not added to cart after click the add to cart 
]]></system-out>
  </testcase>
  <testcase name="verifyProductAddedToCart" classname="shield.enus.com.nvidia.www.javatests.AddToCartTestCases" time="0.027"/>
  <testcase name="verifyProductAddedToCart" classname="shield.enus.com.nvidia.www.javatests.AddToCartTestCases" time="0.02"/>
  <testcase name="verifyProductAddedToCart" classname="shield.enus.com.nvidia.www.javatests.AddToCartTestCases" time="0.028"/>
  <testcase name="verifyProductAddedToCart" classname="shield.enus.com.nvidia.www.javatests.AddToCartTestCases" time="0.021"/>
  <testcase name="verifyProductAddedToCart" classname="shield.enus.com.nvidia.www.javatests.AddToCartTestCases" time="0.028"/>
  <testcase name="verifyProductAddedToCart" classname="shield.enus.com.nvidia.www.javatests.AddToCartTestCases" time="0.003">
    <failure message="expected [true] but found [false]" type="java.lang.AssertionError">java.lang.AssertionError: expected [true] but found [false]
	at shield.enus.com.nvidia.www.javatests.AddToCartTestCases.verifyProductAddedToCart(AddToCartTestCases.java:70)
</failure>
    <system-out><![CDATA[ SHIELD product is not added to cart after click the add to cart 
]]></system-out>
  </testcase>
  <testcase name="verifyProductAddedToCart" classname="shield.enus.com.nvidia.www.javatests.AddToCartTestCases" time="0.038"/>
  <testcase name="verifyProductAddedToCart" classname="shield.enus.com.nvidia.www.javatests.AddToCartTestCases" time="0.034"/>
  <testcase name="verifyProductAddedToCart" classname="shield.enus.com.nvidia.www.javatests.AddToCartTestCases" time="0.023"/>
  <testcase name="verifyProductAddedToCart" classname="shield.enus.com.nvidia.www.javatests.AddToCartTestCases" time="0.028"/>
  <testcase name="verifyProductAddedToCart" classname="shield.enus.com.nvidia.www.javatests.AddToCartTestCases" time="0.004">
    <failure message="expected [true] but found [false]" type="java.lang.AssertionError">java.lang.AssertionError: expected [true] but found [false]
	at shield.enus.com.nvidia.www.javatests.AddToCartTestCases.verifyProductAddedToCart(AddToCartTestCases.java:70)
</failure>
    <system-out><![CDATA[ SHIELD product is not added to cart after click the add to cart 
]]></system-out>
  </testcase>
  <testcase name="verifyProductAddedToCart" classname="shield.enus.com.nvidia.www.javatests.AddToCartTestCases" time="0.004">
    <failure message="expected [true] but found [false]" type="java.lang.AssertionError">java.lang.AssertionError: expected [true] but found [false]
	at shield.enus.com.nvidia.www.javatests.AddToCartTestCases.verifyProductAddedToCart(AddToCartTestCases.java:70)
</failure>
    <system-out><![CDATA[ SHIELD product is not added to cart after click the add to cart 
]]></system-out>
  </testcase>
  <testcase name="verifyProductAddedToCart" classname="shield.enus.com.nvidia.www.javatests.AddToCartTestCases" time="0.019"/>
  <testcase name="verifyProductAddedToCart" classname="shield.enus.com.nvidia.www.javatests.AddToCartTestCases" time="0.023"/>
  <testcase name="verifyProductAddedToCart" classname="shield.enus.com.nvidia.www.javatests.AddToCartTestCases" time="0.042"/>
  <testcase name="verifyProductAddedToCart" classname="shield.enus.com.nvidia.www.javatests.AddToCartTestCases" time="0.029"/>
  <testcase name="verifyProductAddedToCart" classname="shield.enus.com.nvidia.www.javatests.AddToCartTestCases" time="0.025"/>
  <testcase name="verifyProductAddedToCart" classname="shield.enus.com.nvidia.www.javatests.AddToCartTestCases" time="0.001">
    <failure message="expected [true] but found [false]" type="java.lang.AssertionError">java.lang.AssertionError: expected [true] but found [false]
	at shield.enus.com.nvidia.www.javatests.AddToCartTestCases.verifyProductAddedToCart(AddToCartTestCases.java:70)
</failure>
    <system-out><![CDATA[ SHIELD product is not added to cart after click the add to cart 
]]></system-out>
  </testcase>
  <testcase name="verifyProductAddedToCart" classname="shield.enus.com.nvidia.www.javatests.AddToCartTestCases" time="0.019"/>
  <testcase name="verifyProductAddedToCart" classname="shield.enus.com.nvidia.www.javatests.AddToCartTestCases" time="0.021"/>
  <testcase name="verifyProductAddedToCart" classname="shield.enus.com.nvidia.www.javatests.AddToCartTestCases" time="0.004">
    <failure message="expected [true] but found [false]" type="java.lang.AssertionError">java.lang.AssertionError: expected [true] but found [false]
	at shield.enus.com.nvidia.www.javatests.AddToCartTestCases.verifyProductAddedToCart(AddToCartTestCases.java:70)
</failure>
    <system-out><![CDATA[ SHIELD product is not added to cart after click the add to cart 
]]></system-out>
  </testcase>
  <testcase name="verifyProductAddedToCart" classname="shield.enus.com.nvidia.www.javatests.AddToCartTestCases" time="0.028"/>
  <testcase name="verifyProductAddedToCart" classname="shield.enus.com.nvidia.www.javatests.AddToCartTestCases" time="0.021"/>
  <testcase name="verifyProductAddedToCart" classname="shield.enus.com.nvidia.www.javatests.AddToCartTestCases" time="0.026"/>
  <testcase name="verifyProductAddedToCart" classname="shield.enus.com.nvidia.www.javatests.AddToCartTestCases" time="0.032"/>
  <testcase name="verifyProductAddedToCart" classname="shield.enus.com.nvidia.www.javatests.AddToCartTestCases" time="0.025"/>
  <testcase name="verifyProductAddedToCart" classname="shield.enus.com.nvidia.www.javatests.AddToCartTestCases" time="0.021"/>
  <testcase name="verifyProductAddedToCart" classname="shield.enus.com.nvidia.www.javatests.AddToCartTestCases" time="0.037"/>
  <testcase name="verifyProductAddedToCart" classname="shield.enus.com.nvidia.www.javatests.AddToCartTestCases" time="0">
    <failure message="expected [true] but found [false]" type="java.lang.AssertionError">java.lang.AssertionError: expected [true] but found [false]
	at shield.enus.com.nvidia.www.javatests.AddToCartTestCases.verifyProductAddedToCart(AddToCartTestCases.java:70)
</failure>
    <system-out><![CDATA[ SHIELD product is not added to cart after click the add to cart 
]]></system-out>
  </testcase>
  <testcase name="verifyProductAddedToCart" classname="shield.enus.com.nvidia.www.javatests.AddToCartTestCases" time="0.022"/>
  <testcase name="verifyProductAddedToCart" classname="shield.enus.com.nvidia.www.javatests.AddToCartTestCases" time="0.019"/>
  <testcase name="verifyProductAddedToCart" classname="shield.enus.com.nvidia.www.javatests.AddToCartTestCases" time="0.004">
    <failure message="expected [true] but found [false]" type="java.lang.AssertionError">java.lang.AssertionError: expected [true] but found [false]
	at shield.enus.com.nvidia.www.javatests.AddToCartTestCases.verifyProductAddedToCart(AddToCartTestCases.java:70)
</failure>
    <system-out><![CDATA[ SHIELD product is not added to cart after click the add to cart 
]]></system-out>
  </testcase>
  <testcase name="verifyProductAddedToCart" classname="shield.enus.com.nvidia.www.javatests.AddToCartTestCases" time="0.028"/>
  <testcase name="verifyProductAddedToCart" classname="shield.enus.com.nvidia.www.javatests.AddToCartTestCases" time="0.027"/>
  <testcase name="verifyProductAddedToCart" classname="shield.enus.com.nvidia.www.javatests.AddToCartTestCases" time="0.028"/>
  <testcase name="verifyProductAddedToCart" classname="shield.enus.com.nvidia.www.javatests.AddToCartTestCases" time="0.028"/>
  <testcase name="verifyProductAddedToCart" classname="shield.enus.com.nvidia.www.javatests.AddToCartTestCases" time="0.021"/>
  <testcase name="verifyProductAddedToCart" classname="shield.enus.com.nvidia.www.javatests.AddToCartTestCases" time="0.019"/>
  <testcase name="verifyProductAddedToCart" classname="shield.enus.com.nvidia.www.javatests.AddToCartTestCases" time="0.025"/>
  <testcase name="verifyProductAddedToCart" classname="shield.enus.com.nvidia.www.javatests.AddToCartTestCases" time="0">
    <failure message="expected [true] but found [false]" type="java.lang.AssertionError">java.lang.AssertionError: expected [true] but found [false]
	at shield.enus.com.nvidia.www.javatests.AddToCartTestCases.verifyProductAddedToCart(AddToCartTestCases.java:70)
</failure>
    <system-out><![CDATA[ SHIELD product is not added to cart after click the add to cart 
]]></system-out>
  </testcase>
  <testcase name="verifyProductAddedToCart" classname="shield.enus.com.nvidia.www.javatests.AddToCartTestCases" time="0.019"/>
  <testcase name="verifyProductAddedToCart" classname="shield.enus.com.nvidia.www.javatests.AddToCartTestCases" time="0.019"/>
  <testcase name="verifyProductAddedToCart" classname="shield.enus.com.nvidia.www.javatests.AddToCartTestCases" time="0.004">
    <failure message="expected [true] but found [false]" type="java.lang.AssertionError">java.lang.AssertionError: expected [true] but found [false]
	at shield.enus.com.nvidia.www.javatests.AddToCartTestCases.verifyProductAddedToCart(AddToCartTestCases.java:70)
</failure>
    <system-out><![CDATA[ SHIELD product is not added to cart after click the add to cart 
]]></system-out>
  </testcase>
  <testcase name="verifyProductAddedToCart" classname="shield.enus.com.nvidia.www.javatests.AddToCartTestCases" time="0.029"/>
  <testcase name="verifyProductAddedToCart" classname="shield.enus.com.nvidia.www.javatests.AddToCartTestCases" time="0.018"/>
  <testcase name="verifyProductAddedToCart" classname="shield.enus.com.nvidia.www.javatests.AddToCartTestCases" time="0.027"/>
  <testcase name="verifyProductAddedToCart" classname="shield.enus.com.nvidia.www.javatests.AddToCartTestCases" time="0.02"/>
  <testcase name="verifyProductAddedToCart" classname="shield.enus.com.nvidia.www.javatests.AddToCartTestCases" time="0.03"/>
  <testcase name="verifyProductAddedToCart" classname="shield.enus.com.nvidia.www.javatests.AddToCartTestCases" time="0.02"/>
  <testcase name="verifyProductAddedToCart" classname="shield.enus.com.nvidia.www.javatests.AddToCartTestCases" time="0.018"/>
  <testcase name="verifyProductAddedToCart" classname="shield.enus.com.nvidia.www.javatests.AddToCartTestCases" time="0.019"/>
  <testcase name="verifyProductAddedToCart" classname="shield.enus.com.nvidia.www.javatests.AddToCartTestCases" time="0.021"/>
  <testcase name="verifyProductAddedToCart" classname="shield.enus.com.nvidia.www.javatests.AddToCartTestCases" time="0.032"/>
  <testcase name="verifyProductAddedToCart" classname="shield.enus.com.nvidia.www.javatests.AddToCartTestCases" time="0.003">
    <failure message="expected [true] but found [false]" type="java.lang.AssertionError">java.lang.AssertionError: expected [true] but found [false]
	at shield.enus.com.nvidia.www.javatests.AddToCartTestCases.verifyProductAddedToCart(AddToCartTestCases.java:70)
</failure>
    <system-out><![CDATA[ SHIELD product is not added to cart after click the add to cart 
]]></system-out>
  </testcase>
  <testcase name="verifyProductAddedToCart" classname="shield.enus.com.nvidia.www.javatests.AddToCartTestCases" time="0.03"/>
  <testcase name="verifyProductAddedToCart" classname="shield.enus.com.nvidia.www.javatests.AddToCartTestCases" time="0.025"/>
  <testcase name="verifyProductAddedToCart" classname="shield.enus.com.nvidia.www.javatests.AddToCartTestCases" time="0.019"/>
  <testcase name="verifyProductAddedToCart" classname="shield.enus.com.nvidia.www.javatests.AddToCartTestCases" time="0.028"/>
  <testcase name="verifyProductAddedToCart" classname="shield.enus.com.nvidia.www.javatests.AddToCartTestCases" time="0.028"/>
  <testcase name="verifyProductAddedToCart" classname="shield.enus.com.nvidia.www.javatests.AddToCartTestCases" time="0.005">
    <failure message="expected [true] but found [false]" type="java.lang.AssertionError">java.lang.AssertionError: expected [true] but found [false]
	at shield.enus.com.nvidia.www.javatests.AddToCartTestCases.verifyProductAddedToCart(AddToCartTestCases.java:70)
</failure>
    <system-out><![CDATA[ SHIELD product is not added to cart after click the add to cart 
]]></system-out>
  </testcase>
  <testcase name="verifyProductAddedToCart" classname="shield.enus.com.nvidia.www.javatests.AddToCartTestCases" time="0.018"/>
  <testcase name="verifyProductAddedToCart" classname="shield.enus.com.nvidia.www.javatests.AddToCartTestCases" time="0.005">
    <failure message="expected [true] but found [false]" type="java.lang.AssertionError">java.lang.AssertionError: expected [true] but found [false]
	at shield.enus.com.nvidia.www.javatests.AddToCartTestCases.verifyProductAddedToCart(AddToCartTestCases.java:70)
</failure>
    <system-out><![CDATA[ SHIELD product is not added to cart after click the add to cart 
]]></system-out>
  </testcase>
  <testcase name="verifyProductAddedToCart" classname="shield.enus.com.nvidia.www.javatests.AddToCartTestCases" time="0.033"/>
  <testcase name="verifyProductAddedToCart" classname="shield.enus.com.nvidia.www.javatests.AddToCartTestCases" time="0.024"/>
  <testcase name="verifyProductAddedToCart" classname="shield.enus.com.nvidia.www.javatests.AddToCartTestCases" time="0.008">
    <failure message="expected [true] but found [false]" type="java.lang.AssertionError">java.lang.AssertionError: expected [true] but found [false]
	at shield.enus.com.nvidia.www.javatests.AddToCartTestCases.verifyProductAddedToCart(AddToCartTestCases.java:70)
</failure>
    <system-out><![CDATA[ SHIELD product is not added to cart after click the add to cart 
]]></system-out>
  </testcase>
  <testcase name="verifyProductAddedToCart" classname="shield.enus.com.nvidia.www.javatests.AddToCartTestCases" time="0.03"/>
  <testcase name="verifyProductAddedToCart" classname="shield.enus.com.nvidia.www.javatests.AddToCartTestCases" time="0.028"/>
  <testcase name="verifyProductAddedToCart" classname="shield.enus.com.nvidia.www.javatests.AddToCartTestCases" time="0.027"/>
  <testcase name="verifyProductAddedToCart" classname="shield.enus.com.nvidia.www.javatests.AddToCartTestCases" time="0.032"/>
  <testcase name="verifyProductAddedToCart" classname="shield.enus.com.nvidia.www.javatests.AddToCartTestCases" time="0.028"/>
  <testcase name="verifyProductAddedToCart" classname="shield.enus.com.nvidia.www.javatests.AddToCartTestCases" time="0.033"/>
  <testcase name="verifyProductAddedToCart" classname="shield.enus.com.nvidia.www.javatests.AddToCartTestCases" time="0.028"/>
  <testcase name="verifyProductAddedToCart" classname="shield.enus.com.nvidia.www.javatests.AddToCartTestCases" time="0.005">
    <failure message="expected [true] but found [false]" type="java.lang.AssertionError">java.lang.AssertionError: expected [true] but found [false]
	at shield.enus.com.nvidia.www.javatests.AddToCartTestCases.verifyProductAddedToCart(AddToCartTestCases.java:70)
</failure>
    <system-out><![CDATA[ SHIELD product is not added to cart after click the add to cart 
]]></system-out>
  </testcase>
  <testcase name="verifyCartTotalAmout" classname="shield.enus.com.nvidia.www.javatests.AddToCartTestCases" time="0.056"/>
  <testcase name="verifyCartTotalAmout" classname="shield.enus.com.nvidia.www.javatests.AddToCartTestCases" time="0.022"/>
  <testcase name="verifyCartTotalAmout" classname="shield.enus.com.nvidia.www.javatests.AddToCartTestCases" time="0.037"/>
  <testcase name="verifyCartTotalAmout" classname="shield.enus.com.nvidia.www.javatests.AddToCartTestCases" time="0.026"/>
  <testcase name="verifyCartTotalAmout" classname="shield.enus.com.nvidia.www.javatests.AddToCartTestCases" time="0.026"/>
  <testcase name="verifyCartTotalAmout" classname="shield.enus.com.nvidia.www.javatests.AddToCartTestCases" time="0.02"/>
  <testcase name="verifyCartTotalAmout" classname="shield.enus.com.nvidia.www.javatests.AddToCartTestCases" time="0.018"/>
  <testcase name="verifyCartTotalAmout" classname="shield.enus.com.nvidia.www.javatests.AddToCartTestCases" time="0.022"/>
  <testcase name="verifyCartTotalAmout" classname="shield.enus.com.nvidia.www.javatests.AddToCartTestCases" time="0.036"/>
  <testcase name="verifyCartTotalAmout" classname="shield.enus.com.nvidia.www.javatests.AddToCartTestCases" time="0.019"/>
  <testcase name="verifyCartTotalAmout" classname="shield.enus.com.nvidia.www.javatests.AddToCartTestCases" time="0.022"/>
  <testcase name="verifyCartTotalAmout" classname="shield.enus.com.nvidia.www.javatests.AddToCartTestCases" time="0.027"/>
  <testcase name="verifyCartTotalAmout" classname="shield.enus.com.nvidia.www.javatests.AddToCartTestCases" time="0.03"/>
  <testcase name="verifyCartTotalAmout" classname="shield.enus.com.nvidia.www.javatests.AddToCartTestCases" time="1.062">
    <failure message="expected [true] but found [false]" type="java.lang.AssertionError">java.lang.AssertionError: expected [true] but found [false]
	at shield.enus.com.nvidia.www.javatests.AddToCartTestCases.verifyCartTotalAmout(AddToCartTestCases.java:78)
</failure>
    <system-out><![CDATA[Cart total  amount not shows, getting exception
]]></system-out>
    <system-err><![CDATA[Apr 18, 2017 6:23:36 PM org.openqa.selenium.remote.Augmenter extractRemoteWebDriver
WARNING: Augmenter should be applied to the instances of @Augmentable classes or previously augmented instances only
Apr 18, 2017 6:23:37 PM org.openqa.selenium.remote.Augmenter extractRemoteWebDriver
WARNING: Augmenter should be applied to the instances of @Augmentable classes or previously augmented instances only
Apr 18, 2017 6:23:37 PM org.openqa.selenium.remote.Augmenter extractRemoteWebDriver
WARNING: Augmenter should be applied to the instances of @Augmentable classes or previously augmented instances only
]]></system-err>
  </testcase>
  <testcase name="verifyCartTotalAmout" classname="shield.enus.com.nvidia.www.javatests.AddToCartTestCases" time="0.024"/>
  <testcase name="verifyCartTotalAmout" classname="shield.enus.com.nvidia.www.javatests.AddToCartTestCases" time="0.021"/>
  <testcase name="verifyCartTotalAmout" classname="shield.enus.com.nvidia.www.javatests.AddToCartTestCases" time="0.017"/>
  <testcase name="verifyCartTotalAmout" classname="shield.enus.com.nvidia.www.javatests.AddToCartTestCases" time="0.031"/>
  <testcase name="verifyCartTotalAmout" classname="shield.enus.com.nvidia.www.javatests.AddToCartTestCases" time="0.022"/>
  <testcase name="verifyCartTotalAmout" classname="shield.enus.com.nvidia.www.javatests.AddToCartTestCases" time="2.145">
    <failure message="expected [true] but found [false]" type="java.lang.AssertionError">java.lang.AssertionError: expected [true] but found [false]
	at shield.enus.com.nvidia.www.javatests.AddToCartTestCases.verifyCartTotalAmout(AddToCartTestCases.java:78)
</failure>
    <system-out><![CDATA[Cart total  amount not shows, getting exception
]]></system-out>
    <system-err><![CDATA[Apr 18, 2017 6:28:06 PM org.openqa.selenium.remote.Augmenter extractRemoteWebDriver
WARNING: Augmenter should be applied to the instances of @Augmentable classes or previously augmented instances only
Apr 18, 2017 6:28:06 PM org.openqa.selenium.remote.Augmenter extractRemoteWebDriver
WARNING: Augmenter should be applied to the instances of @Augmentable classes or previously augmented instances only
Apr 18, 2017 6:28:07 PM org.openqa.selenium.remote.Augmenter extractRemoteWebDriver
WARNING: Augmenter should be applied to the instances of @Augmentable classes or previously augmented instances only
Apr 18, 2017 6:28:07 PM org.openqa.selenium.remote.Augmenter extractRemoteWebDriver
WARNING: Augmenter should be applied to the instances of @Augmentable classes or previously augmented instances only
Apr 18, 2017 6:28:07 PM org.openqa.selenium.remote.Augmenter extractRemoteWebDriver
WARNING: Augmenter should be applied to the instances of @Augmentable classes or previously augmented instances only
Apr 18, 2017 6:28:08 PM org.openqa.selenium.remote.Augmenter extractRemoteWebDriver
WARNING: Augmenter should be applied to the instances of @Augmentable classes or previously augmented instances only
]]></system-err>
  </testcase>
  <testcase name="verifyCartTotalAmout" classname="shield.enus.com.nvidia.www.javatests.AddToCartTestCases" time="0.025"/>
  <testcase name="verifyCartTotalAmout" classname="shield.enus.com.nvidia.www.javatests.AddToCartTestCases" time="0.027"/>
  <testcase name="verifyCartTotalAmout" classname="shield.enus.com.nvidia.www.javatests.AddToCartTestCases" time="0.021"/>
  <testcase name="verifyCartTotalAmout" classname="shield.enus.com.nvidia.www.javatests.AddToCartTestCases" time="0.018"/>
  <testcase name="verifyCartTotalAmout" classname="shield.enus.com.nvidia.www.javatests.AddToCartTestCases" time="2.217">
    <failure message="expected [true] but found [false]" type="java.lang.AssertionError">java.lang.AssertionError: expected [true] but found [false]
	at shield.enus.com.nvidia.www.javatests.AddToCartTestCases.verifyCartTotalAmout(AddToCartTestCases.java:78)
</failure>
    <system-out><![CDATA[Cart total  amount not shows, getting exception
]]></system-out>
    <system-err><![CDATA[Apr 18, 2017 6:32:42 PM org.openqa.selenium.remote.Augmenter extractRemoteWebDriver
WARNING: Augmenter should be applied to the instances of @Augmentable classes or previously augmented instances only
Apr 18, 2017 6:32:43 PM org.openqa.selenium.remote.Augmenter extractRemoteWebDriver
WARNING: Augmenter should be applied to the instances of @Augmentable classes or previously augmented instances only
Apr 18, 2017 6:32:43 PM org.openqa.selenium.remote.Augmenter extractRemoteWebDriver
WARNING: Augmenter should be applied to the instances of @Augmentable classes or previously augmented instances only
Apr 18, 2017 6:32:44 PM org.openqa.selenium.remote.Augmenter extractRemoteWebDriver
WARNING: Augmenter should be applied to the instances of @Augmentable classes or previously augmented instances only
Apr 18, 2017 6:32:44 PM org.openqa.selenium.remote.Augmenter extractRemoteWebDriver
WARNING: Augmenter should be applied to the instances of @Augmentable classes or previously augmented instances only
Apr 18, 2017 6:32:44 PM org.openqa.selenium.remote.Augmenter extractRemoteWebDriver
WARNING: Augmenter should be applied to the instances of @Augmentable classes or previously augmented instances only
]]></system-err>
  </testcase>
  <testcase name="verifyCartTotalAmout" classname="shield.enus.com.nvidia.www.javatests.AddToCartTestCases" time="2.361">
    <failure message="expected [true] but found [false]" type="java.lang.AssertionError">java.lang.AssertionError: expected [true] but found [false]
	at shield.enus.com.nvidia.www.javatests.AddToCartTestCases.verifyCartTotalAmout(AddToCartTestCases.java:78)
</failure>
    <system-out><![CDATA[Cart total  amount not shows, getting exception
]]></system-out>
    <system-err><![CDATA[Apr 18, 2017 6:34:41 PM org.openqa.selenium.remote.Augmenter extractRemoteWebDriver
WARNING: Augmenter should be applied to the instances of @Augmentable classes or previously augmented instances only
Apr 18, 2017 6:34:41 PM org.openqa.selenium.remote.Augmenter extractRemoteWebDriver
WARNING: Augmenter should be applied to the instances of @Augmentable classes or previously augmented instances only
Apr 18, 2017 6:34:42 PM org.openqa.selenium.remote.Augmenter extractRemoteWebDriver
WARNING: Augmenter should be applied to the instances of @Augmentable classes or previously augmented instances only
Apr 18, 2017 6:34:42 PM org.openqa.selenium.remote.Augmenter extractRemoteWebDriver
WARNING: Augmenter should be applied to the instances of @Augmentable classes or previously augmented instances only
Apr 18, 2017 6:34:42 PM org.openqa.selenium.remote.Augmenter extractRemoteWebDriver
WARNING: Augmenter should be applied to the instances of @Augmentable classes or previously augmented instances only
Apr 18, 2017 6:34:43 PM org.openqa.selenium.remote.Augmenter extractRemoteWebDriver
WARNING: Augmenter should be applied to the instances of @Augmentable classes or previously augmented instances only
]]></system-err>
  </testcase>
  <testcase name="verifyCartTotalAmout" classname="shield.enus.com.nvidia.www.javatests.AddToCartTestCases" time="0.031"/>
  <testcase name="verifyCartTotalAmout" classname="shield.enus.com.nvidia.www.javatests.AddToCartTestCases" time="0.02"/>
  <testcase name="verifyCartTotalAmout" classname="shield.enus.com.nvidia.www.javatests.AddToCartTestCases" time="0.024"/>
  <testcase name="verifyCartTotalAmout" classname="shield.enus.com.nvidia.www.javatests.AddToCartTestCases" time="0.021"/>
  <testcase name="verifyCartTotalAmout" classname="shield.enus.com.nvidia.www.javatests.AddToCartTestCases" time="0.081"/>
  <testcase name="verifyCartTotalAmout" classname="shield.enus.com.nvidia.www.javatests.AddToCartTestCases" time="0.217">
    <failure message="expected [true] but found [false]" type="java.lang.AssertionError">java.lang.AssertionError: expected [true] but found [false]
	at shield.enus.com.nvidia.www.javatests.AddToCartTestCases.verifyCartTotalAmout(AddToCartTestCases.java:78)
</failure>
    <system-out><![CDATA[Cart total  amount not shows, getting exception
]]></system-out>
    <system-err><![CDATA[Apr 18, 2017 6:38:47 PM org.openqa.selenium.remote.Augmenter extractRemoteWebDriver
WARNING: Augmenter should be applied to the instances of @Augmentable classes or previously augmented instances only
]]></system-err>
  </testcase>
  <testcase name="verifyCartTotalAmout" classname="shield.enus.com.nvidia.www.javatests.AddToCartTestCases" time="0.031"/>
  <testcase name="verifyCartTotalAmout" classname="shield.enus.com.nvidia.www.javatests.AddToCartTestCases" time="0.03"/>
  <testcase name="verifyCartTotalAmout" classname="shield.enus.com.nvidia.www.javatests.AddToCartTestCases" time="1.01">
    <failure message="expected [true] but found [false]" type="java.lang.AssertionError">java.lang.AssertionError: expected [true] but found [false]
	at shield.enus.com.nvidia.www.javatests.AddToCartTestCases.verifyCartTotalAmout(AddToCartTestCases.java:78)
</failure>
    <system-out><![CDATA[Cart total  amount not shows, getting exception
]]></system-out>
    <system-err><![CDATA[Apr 18, 2017 6:40:56 PM org.openqa.selenium.remote.Augmenter extractRemoteWebDriver
WARNING: Augmenter should be applied to the instances of @Augmentable classes or previously augmented instances only
Apr 18, 2017 6:40:57 PM org.openqa.selenium.remote.Augmenter extractRemoteWebDriver
WARNING: Augmenter should be applied to the instances of @Augmentable classes or previously augmented instances only
Apr 18, 2017 6:40:57 PM org.openqa.selenium.remote.Augmenter extractRemoteWebDriver
WARNING: Augmenter should be applied to the instances of @Augmentable classes or previously augmented instances only
]]></system-err>
  </testcase>
  <testcase name="verifyCartTotalAmout" classname="shield.enus.com.nvidia.www.javatests.AddToCartTestCases" time="0.031"/>
  <testcase name="verifyCartTotalAmout" classname="shield.enus.com.nvidia.www.javatests.AddToCartTestCases" time="0.019"/>
  <testcase name="verifyCartTotalAmout" classname="shield.enus.com.nvidia.www.javatests.AddToCartTestCases" time="0.021"/>
  <testcase name="verifyCartTotalAmout" classname="shield.enus.com.nvidia.www.javatests.AddToCartTestCases" time="0.018"/>
  <testcase name="verifyCartTotalAmout" classname="shield.enus.com.nvidia.www.javatests.AddToCartTestCases" time="0.022"/>
  <testcase name="verifyCartTotalAmout" classname="shield.enus.com.nvidia.www.javatests.AddToCartTestCases" time="0.022"/>
  <testcase name="verifyCartTotalAmout" classname="shield.enus.com.nvidia.www.javatests.AddToCartTestCases" time="0.021"/>
  <testcase name="verifyCartTotalAmout" classname="shield.enus.com.nvidia.www.javatests.AddToCartTestCases" time="0.216">
    <failure message="expected [true] but found [false]" type="java.lang.AssertionError">java.lang.AssertionError: expected [true] but found [false]
	at shield.enus.com.nvidia.www.javatests.AddToCartTestCases.verifyCartTotalAmout(AddToCartTestCases.java:78)
</failure>
    <system-out><![CDATA[Cart total  amount not shows, getting exception
]]></system-out>
    <system-err><![CDATA[Apr 18, 2017 6:47:14 PM org.openqa.selenium.remote.Augmenter extractRemoteWebDriver
WARNING: Augmenter should be applied to the instances of @Augmentable classes or previously augmented instances only
]]></system-err>
  </testcase>
  <testcase name="verifyCartTotalAmout" classname="shield.enus.com.nvidia.www.javatests.AddToCartTestCases" time="0.077"/>
  <testcase name="verifyCartTotalAmout" classname="shield.enus.com.nvidia.www.javatests.AddToCartTestCases" time="0.03"/>
  <testcase name="verifyCartTotalAmout" classname="shield.enus.com.nvidia.www.javatests.AddToCartTestCases" time="1.05">
    <failure message="expected [true] but found [false]" type="java.lang.AssertionError">java.lang.AssertionError: expected [true] but found [false]
	at shield.enus.com.nvidia.www.javatests.AddToCartTestCases.verifyCartTotalAmout(AddToCartTestCases.java:78)
</failure>
    <system-out><![CDATA[Cart total  amount not shows, getting exception
]]></system-out>
    <system-err><![CDATA[Apr 18, 2017 6:49:24 PM org.openqa.selenium.remote.Augmenter extractRemoteWebDriver
WARNING: Augmenter should be applied to the instances of @Augmentable classes or previously augmented instances only
Apr 18, 2017 6:49:24 PM org.openqa.selenium.remote.Augmenter extractRemoteWebDriver
WARNING: Augmenter should be applied to the instances of @Augmentable classes or previously augmented instances only
Apr 18, 2017 6:49:25 PM org.openqa.selenium.remote.Augmenter extractRemoteWebDriver
WARNING: Augmenter should be applied to the instances of @Augmentable classes or previously augmented instances only
]]></system-err>
  </testcase>
  <testcase name="verifyCartTotalAmout" classname="shield.enus.com.nvidia.www.javatests.AddToCartTestCases" time="0.025"/>
  <testcase name="verifyCartTotalAmout" classname="shield.enus.com.nvidia.www.javatests.AddToCartTestCases" time="0.024"/>
  <testcase name="verifyCartTotalAmout" classname="shield.enus.com.nvidia.www.javatests.AddToCartTestCases" time="0.017"/>
  <testcase name="verifyCartTotalAmout" classname="shield.enus.com.nvidia.www.javatests.AddToCartTestCases" time="0.017"/>
  <testcase name="verifyCartTotalAmout" classname="shield.enus.com.nvidia.www.javatests.AddToCartTestCases" time="0.02"/>
  <testcase name="verifyCartTotalAmout" classname="shield.enus.com.nvidia.www.javatests.AddToCartTestCases" time="0.03"/>
  <testcase name="verifyCartTotalAmout" classname="shield.enus.com.nvidia.www.javatests.AddToCartTestCases" time="0.022"/>
  <testcase name="verifyCartTotalAmout" classname="shield.enus.com.nvidia.www.javatests.AddToCartTestCases" time="0.244">
    <failure message="expected [true] but found [false]" type="java.lang.AssertionError">java.lang.AssertionError: expected [true] but found [false]
	at shield.enus.com.nvidia.www.javatests.AddToCartTestCases.verifyCartTotalAmout(AddToCartTestCases.java:78)
</failure>
    <system-out><![CDATA[Cart total  amount not shows, getting exception
]]></system-out>
    <system-err><![CDATA[Apr 18, 2017 6:55:34 PM org.openqa.selenium.remote.Augmenter extractRemoteWebDriver
WARNING: Augmenter should be applied to the instances of @Augmentable classes or previously augmented instances only
]]></system-err>
  </testcase>
  <testcase name="verifyCartTotalAmout" classname="shield.enus.com.nvidia.www.javatests.AddToCartTestCases" time="0.026"/>
  <testcase name="verifyCartTotalAmout" classname="shield.enus.com.nvidia.www.javatests.AddToCartTestCases" time="0.075"/>
  <testcase name="verifyCartTotalAmout" classname="shield.enus.com.nvidia.www.javatests.AddToCartTestCases" time="1.03">
    <failure message="expected [true] but found [false]" type="java.lang.AssertionError">java.lang.AssertionError: expected [true] but found [false]
	at shield.enus.com.nvidia.www.javatests.AddToCartTestCases.verifyCartTotalAmout(AddToCartTestCases.java:78)
</failure>
    <system-out><![CDATA[Cart total  amount not shows, getting exception
]]></system-out>
    <system-err><![CDATA[Apr 18, 2017 6:57:43 PM org.openqa.selenium.remote.Augmenter extractRemoteWebDriver
WARNING: Augmenter should be applied to the instances of @Augmentable classes or previously augmented instances only
Apr 18, 2017 6:57:43 PM org.openqa.selenium.remote.Augmenter extractRemoteWebDriver
WARNING: Augmenter should be applied to the instances of @Augmentable classes or previously augmented instances only
Apr 18, 2017 6:57:43 PM org.openqa.selenium.remote.Augmenter extractRemoteWebDriver
WARNING: Augmenter should be applied to the instances of @Augmentable classes or previously augmented instances only
]]></system-err>
  </testcase>
  <testcase name="verifyCartTotalAmout" classname="shield.enus.com.nvidia.www.javatests.AddToCartTestCases" time="0.021"/>
  <testcase name="verifyCartTotalAmout" classname="shield.enus.com.nvidia.www.javatests.AddToCartTestCases" time="0.028"/>
  <testcase name="verifyCartTotalAmout" classname="shield.enus.com.nvidia.www.javatests.AddToCartTestCases" time="0.034"/>
  <testcase name="verifyCartTotalAmout" classname="shield.enus.com.nvidia.www.javatests.AddToCartTestCases" time="0.031"/>
  <testcase name="verifyCartTotalAmout" classname="shield.enus.com.nvidia.www.javatests.AddToCartTestCases" time="0.022"/>
  <testcase name="verifyCartTotalAmout" classname="shield.enus.com.nvidia.www.javatests.AddToCartTestCases" time="0.024"/>
  <testcase name="verifyCartTotalAmout" classname="shield.enus.com.nvidia.www.javatests.AddToCartTestCases" time="0.027"/>
  <testcase name="verifyCartTotalAmout" classname="shield.enus.com.nvidia.www.javatests.AddToCartTestCases" time="0.03"/>
  <testcase name="verifyCartTotalAmout" classname="shield.enus.com.nvidia.www.javatests.AddToCartTestCases" time="0.016"/>
  <testcase name="verifyCartTotalAmout" classname="shield.enus.com.nvidia.www.javatests.AddToCartTestCases" time="0.02"/>
  <testcase name="verifyCartTotalAmout" classname="shield.enus.com.nvidia.www.javatests.AddToCartTestCases" time="1.035">
    <failure message="expected [true] but found [false]" type="java.lang.AssertionError">java.lang.AssertionError: expected [true] but found [false]
	at shield.enus.com.nvidia.www.javatests.AddToCartTestCases.verifyCartTotalAmout(AddToCartTestCases.java:78)
</failure>
    <system-out><![CDATA[Cart total  amount not shows, getting exception
]]></system-out>
    <system-err><![CDATA[Apr 18, 2017 7:06:26 PM org.openqa.selenium.remote.Augmenter extractRemoteWebDriver
WARNING: Augmenter should be applied to the instances of @Augmentable classes or previously augmented instances only
Apr 18, 2017 7:06:27 PM org.openqa.selenium.remote.Augmenter extractRemoteWebDriver
WARNING: Augmenter should be applied to the instances of @Augmentable classes or previously augmented instances only
Apr 18, 2017 7:06:27 PM org.openqa.selenium.remote.Augmenter extractRemoteWebDriver
WARNING: Augmenter should be applied to the instances of @Augmentable classes or previously augmented instances only
]]></system-err>
  </testcase>
  <testcase name="verifyCartTotalAmout" classname="shield.enus.com.nvidia.www.javatests.AddToCartTestCases" time="0.017"/>
  <testcase name="verifyCartTotalAmout" classname="shield.enus.com.nvidia.www.javatests.AddToCartTestCases" time="0.018"/>
  <testcase name="verifyCartTotalAmout" classname="shield.enus.com.nvidia.www.javatests.AddToCartTestCases" time="0.032"/>
  <testcase name="verifyCartTotalAmout" classname="shield.enus.com.nvidia.www.javatests.AddToCartTestCases" time="0.019"/>
  <testcase name="verifyCartTotalAmout" classname="shield.enus.com.nvidia.www.javatests.AddToCartTestCases" time="0.021"/>
  <testcase name="verifyCartTotalAmout" classname="shield.enus.com.nvidia.www.javatests.AddToCartTestCases" time="2.407">
    <failure message="expected [true] but found [false]" type="java.lang.AssertionError">java.lang.AssertionError: expected [true] but found [false]
	at shield.enus.com.nvidia.www.javatests.AddToCartTestCases.verifyCartTotalAmout(AddToCartTestCases.java:78)
</failure>
    <system-out><![CDATA[Cart total  amount not shows, getting exception
]]></system-out>
    <system-err><![CDATA[Apr 18, 2017 7:10:47 PM org.openqa.selenium.remote.Augmenter extractRemoteWebDriver
WARNING: Augmenter should be applied to the instances of @Augmentable classes or previously augmented instances only
Apr 18, 2017 7:10:48 PM org.openqa.selenium.remote.Augmenter extractRemoteWebDriver
WARNING: Augmenter should be applied to the instances of @Augmentable classes or previously augmented instances only
Apr 18, 2017 7:10:48 PM org.openqa.selenium.remote.Augmenter extractRemoteWebDriver
WARNING: Augmenter should be applied to the instances of @Augmentable classes or previously augmented instances only
Apr 18, 2017 7:10:48 PM org.openqa.selenium.remote.Augmenter extractRemoteWebDriver
WARNING: Augmenter should be applied to the instances of @Augmentable classes or previously augmented instances only
Apr 18, 2017 7:10:49 PM org.openqa.selenium.remote.Augmenter extractRemoteWebDriver
WARNING: Augmenter should be applied to the instances of @Augmentable classes or previously augmented instances only
Apr 18, 2017 7:10:49 PM org.openqa.selenium.remote.Augmenter extractRemoteWebDriver
WARNING: Augmenter should be applied to the instances of @Augmentable classes or previously augmented instances only
]]></system-err>
  </testcase>
  <testcase name="verifyCartTotalAmout" classname="shield.enus.com.nvidia.www.javatests.AddToCartTestCases" time="0.033"/>
  <testcase name="verifyCartTotalAmout" classname="shield.enus.com.nvidia.www.javatests.AddToCartTestCases" time="1.265">
    <failure message="expected [true] but found [false]" type="java.lang.AssertionError">java.lang.AssertionError: expected [true] but found [false]
	at shield.enus.com.nvidia.www.javatests.AddToCartTestCases.verifyCartTotalAmout(AddToCartTestCases.java:78)
</failure>
    <system-out><![CDATA[Cart total  amount not shows, getting exception
]]></system-out>
    <system-err><![CDATA[Apr 18, 2017 7:12:53 PM org.openqa.selenium.remote.Augmenter extractRemoteWebDriver
WARNING: Augmenter should be applied to the instances of @Augmentable classes or previously augmented instances only
Apr 18, 2017 7:12:53 PM org.openqa.selenium.remote.Augmenter extractRemoteWebDriver
WARNING: Augmenter should be applied to the instances of @Augmentable classes or previously augmented instances only
Apr 18, 2017 7:12:54 PM org.openqa.selenium.remote.Augmenter extractRemoteWebDriver
WARNING: Augmenter should be applied to the instances of @Augmentable classes or previously augmented instances only
Apr 18, 2017 7:12:54 PM org.openqa.selenium.remote.Augmenter extractRemoteWebDriver
WARNING: Augmenter should be applied to the instances of @Augmentable classes or previously augmented instances only
]]></system-err>
  </testcase>
  <testcase name="verifyCartTotalAmout" classname="shield.enus.com.nvidia.www.javatests.AddToCartTestCases" time="0.02"/>
  <testcase name="verifyCartTotalAmout" classname="shield.enus.com.nvidia.www.javatests.AddToCartTestCases" time="0.02"/>
  <testcase name="verifyCartTotalAmout" classname="shield.enus.com.nvidia.www.javatests.AddToCartTestCases" time="0.985">
    <failure message="expected [true] but found [false]" type="java.lang.AssertionError">java.lang.AssertionError: expected [true] but found [false]
	at shield.enus.com.nvidia.www.javatests.AddToCartTestCases.verifyCartTotalAmout(AddToCartTestCases.java:78)
</failure>
    <system-out><![CDATA[Cart total  amount not shows, getting exception
]]></system-out>
    <system-err><![CDATA[Apr 18, 2017 7:15:22 PM org.openqa.selenium.remote.Augmenter extractRemoteWebDriver
WARNING: Augmenter should be applied to the instances of @Augmentable classes or previously augmented instances only
Apr 18, 2017 7:15:22 PM org.openqa.selenium.remote.Augmenter extractRemoteWebDriver
WARNING: Augmenter should be applied to the instances of @Augmentable classes or previously augmented instances only
Apr 18, 2017 7:15:22 PM org.openqa.selenium.remote.Augmenter extractRemoteWebDriver
WARNING: Augmenter should be applied to the instances of @Augmentable classes or previously augmented instances only
]]></system-err>
  </testcase>
  <testcase name="verifyCartTotalAmout" classname="shield.enus.com.nvidia.www.javatests.AddToCartTestCases" time="0.017"/>
  <testcase name="verifyCartTotalAmout" classname="shield.enus.com.nvidia.www.javatests.AddToCartTestCases" time="0.022"/>
  <testcase name="verifyCartTotalAmout" classname="shield.enus.com.nvidia.www.javatests.AddToCartTestCases" time="0.02"/>
  <testcase name="verifyCartTotalAmout" classname="shield.enus.com.nvidia.www.javatests.AddToCartTestCases" time="0.019"/>
  <testcase name="verifyCartTotalAmout" classname="shield.enus.com.nvidia.www.javatests.AddToCartTestCases" time="0.021"/>
  <testcase name="verifyCartTotalAmout" classname="shield.enus.com.nvidia.www.javatests.AddToCartTestCases" time="0.024"/>
  <testcase name="verifyCartTotalAmout" classname="shield.enus.com.nvidia.www.javatests.AddToCartTestCases" time="0.02"/>
  <testcase name="verifyCartTotalAmout" classname="shield.enus.com.nvidia.www.javatests.AddToCartTestCases" time="1.28">
    <failure message="expected [true] but found [false]" type="java.lang.AssertionError">java.lang.AssertionError: expected [true] but found [false]
	at shield.enus.com.nvidia.www.javatests.AddToCartTestCases.verifyCartTotalAmout(AddToCartTestCases.java:78)
</failure>
    <system-out><![CDATA[Cart total  amount not shows, getting exception
]]></system-out>
    <system-err><![CDATA[Apr 18, 2017 7:21:39 PM org.openqa.selenium.remote.Augmenter extractRemoteWebDriver
WARNING: Augmenter should be applied to the instances of @Augmentable classes or previously augmented instances only
Apr 18, 2017 7:21:39 PM org.openqa.selenium.remote.Augmenter extractRemoteWebDriver
WARNING: Augmenter should be applied to the instances of @Augmentable classes or previously augmented instances only
Apr 18, 2017 7:21:39 PM org.openqa.selenium.remote.Augmenter extractRemoteWebDriver
WARNING: Augmenter should be applied to the instances of @Augmentable classes or previously augmented instances only
Apr 18, 2017 7:21:40 PM org.openqa.selenium.remote.Augmenter extractRemoteWebDriver
WARNING: Augmenter should be applied to the instances of @Augmentable classes or previously augmented instances only
]]></system-err>
  </testcase>
  <testcase name="verifyCartSubTotal" classname="shield.enus.com.nvidia.www.javatests.AddToCartTestCases" time="0.069"/>
  <testcase name="verifyCartSubTotal" classname="shield.enus.com.nvidia.www.javatests.AddToCartTestCases" time="0.044"/>
  <testcase name="verifyCartSubTotal" classname="shield.enus.com.nvidia.www.javatests.AddToCartTestCases" time="0.07"/>
  <testcase name="verifyCartSubTotal" classname="shield.enus.com.nvidia.www.javatests.AddToCartTestCases" time="0.091"/>
  <testcase name="verifyCartSubTotal" classname="shield.enus.com.nvidia.www.javatests.AddToCartTestCases" time="0.07"/>
  <testcase name="verifyCartSubTotal" classname="shield.enus.com.nvidia.www.javatests.AddToCartTestCases" time="0.063"/>
  <testcase name="verifyCartSubTotal" classname="shield.enus.com.nvidia.www.javatests.AddToCartTestCases" time="0.061"/>
  <testcase name="verifyCartSubTotal" classname="shield.enus.com.nvidia.www.javatests.AddToCartTestCases" time="0.036"/>
  <testcase name="verifyCartSubTotal" classname="shield.enus.com.nvidia.www.javatests.AddToCartTestCases" time="0.066"/>
  <testcase name="verifyCartSubTotal" classname="shield.enus.com.nvidia.www.javatests.AddToCartTestCases" time="0.034"/>
  <testcase name="verifyCartSubTotal" classname="shield.enus.com.nvidia.www.javatests.AddToCartTestCases" time="0.098"/>
  <testcase name="verifyCartSubTotal" classname="shield.enus.com.nvidia.www.javatests.AddToCartTestCases" time="0.034"/>
  <testcase name="verifyCartSubTotal" classname="shield.enus.com.nvidia.www.javatests.AddToCartTestCases" time="0.036"/>
  <testcase name="verifyCartSubTotal" classname="shield.enus.com.nvidia.www.javatests.AddToCartTestCases" time="1.082">
    <failure message="expected [true] but found [false]" type="java.lang.AssertionError">java.lang.AssertionError: expected [true] but found [false]
	at shield.enus.com.nvidia.www.javatests.AddToCartTestCases.verifyCartSubTotal(AddToCartTestCases.java:87)
</failure>
    <system-out><![CDATA[Cart Product total exception 
]]></system-out>
    <system-err><![CDATA[Apr 18, 2017 6:23:37 PM org.openqa.selenium.remote.Augmenter extractRemoteWebDriver
WARNING: Augmenter should be applied to the instances of @Augmentable classes or previously augmented instances only
Apr 18, 2017 6:23:38 PM org.openqa.selenium.remote.Augmenter extractRemoteWebDriver
WARNING: Augmenter should be applied to the instances of @Augmentable classes or previously augmented instances only
Apr 18, 2017 6:23:38 PM org.openqa.selenium.remote.Augmenter extractRemoteWebDriver
WARNING: Augmenter should be applied to the instances of @Augmentable classes or previously augmented instances only
]]></system-err>
  </testcase>
  <testcase name="verifyCartSubTotal" classname="shield.enus.com.nvidia.www.javatests.AddToCartTestCases" time="0.044"/>
  <testcase name="verifyCartSubTotal" classname="shield.enus.com.nvidia.www.javatests.AddToCartTestCases" time="0.08"/>
  <testcase name="verifyCartSubTotal" classname="shield.enus.com.nvidia.www.javatests.AddToCartTestCases" time="0.107"/>
  <testcase name="verifyCartSubTotal" classname="shield.enus.com.nvidia.www.javatests.AddToCartTestCases" time="0.038"/>
  <testcase name="verifyCartSubTotal" classname="shield.enus.com.nvidia.www.javatests.AddToCartTestCases" time="0.034"/>
  <testcase name="verifyCartSubTotal" classname="shield.enus.com.nvidia.www.javatests.AddToCartTestCases" time="2.099">
    <failure message="expected [true] but found [false]" type="java.lang.AssertionError">java.lang.AssertionError: expected [true] but found [false]
	at shield.enus.com.nvidia.www.javatests.AddToCartTestCases.verifyCartSubTotal(AddToCartTestCases.java:87)
</failure>
    <system-out><![CDATA[Cart Product total exception 
]]></system-out>
    <system-err><![CDATA[Apr 18, 2017 6:28:08 PM org.openqa.selenium.remote.Augmenter extractRemoteWebDriver
WARNING: Augmenter should be applied to the instances of @Augmentable classes or previously augmented instances only
Apr 18, 2017 6:28:08 PM org.openqa.selenium.remote.Augmenter extractRemoteWebDriver
WARNING: Augmenter should be applied to the instances of @Augmentable classes or previously augmented instances only
Apr 18, 2017 6:28:09 PM org.openqa.selenium.remote.Augmenter extractRemoteWebDriver
WARNING: Augmenter should be applied to the instances of @Augmentable classes or previously augmented instances only
Apr 18, 2017 6:28:09 PM org.openqa.selenium.remote.Augmenter extractRemoteWebDriver
WARNING: Augmenter should be applied to the instances of @Augmentable classes or previously augmented instances only
Apr 18, 2017 6:28:09 PM org.openqa.selenium.remote.Augmenter extractRemoteWebDriver
WARNING: Augmenter should be applied to the instances of @Augmentable classes or previously augmented instances only
Apr 18, 2017 6:28:10 PM org.openqa.selenium.remote.Augmenter extractRemoteWebDriver
WARNING: Augmenter should be applied to the instances of @Augmentable classes or previously augmented instances only
]]></system-err>
  </testcase>
  <testcase name="verifyCartSubTotal" classname="shield.enus.com.nvidia.www.javatests.AddToCartTestCases" time="0.042"/>
  <testcase name="verifyCartSubTotal" classname="shield.enus.com.nvidia.www.javatests.AddToCartTestCases" time="0.044"/>
  <testcase name="verifyCartSubTotal" classname="shield.enus.com.nvidia.www.javatests.AddToCartTestCases" time="0.036"/>
  <testcase name="verifyCartSubTotal" classname="shield.enus.com.nvidia.www.javatests.AddToCartTestCases" time="0.037"/>
  <testcase name="verifyCartSubTotal" classname="shield.enus.com.nvidia.www.javatests.AddToCartTestCases" time="2.174">
    <failure message="expected [true] but found [false]" type="java.lang.AssertionError">java.lang.AssertionError: expected [true] but found [false]
	at shield.enus.com.nvidia.www.javatests.AddToCartTestCases.verifyCartSubTotal(AddToCartTestCases.java:87)
</failure>
    <system-out><![CDATA[Cart Product total exception 
]]></system-out>
    <system-err><![CDATA[Apr 18, 2017 6:32:45 PM org.openqa.selenium.remote.Augmenter extractRemoteWebDriver
WARNING: Augmenter should be applied to the instances of @Augmentable classes or previously augmented instances only
Apr 18, 2017 6:32:45 PM org.openqa.selenium.remote.Augmenter extractRemoteWebDriver
WARNING: Augmenter should be applied to the instances of @Augmentable classes or previously augmented instances only
Apr 18, 2017 6:32:45 PM org.openqa.selenium.remote.Augmenter extractRemoteWebDriver
WARNING: Augmenter should be applied to the instances of @Augmentable classes or previously augmented instances only
Apr 18, 2017 6:32:46 PM org.openqa.selenium.remote.Augmenter extractRemoteWebDriver
WARNING: Augmenter should be applied to the instances of @Augmentable classes or previously augmented instances only
Apr 18, 2017 6:32:46 PM org.openqa.selenium.remote.Augmenter extractRemoteWebDriver
WARNING: Augmenter should be applied to the instances of @Augmentable classes or previously augmented instances only
Apr 18, 2017 6:32:46 PM org.openqa.selenium.remote.Augmenter extractRemoteWebDriver
WARNING: Augmenter should be applied to the instances of @Augmentable classes or previously augmented instances only
]]></system-err>
  </testcase>
  <testcase name="verifyCartSubTotal" classname="shield.enus.com.nvidia.www.javatests.AddToCartTestCases" time="2.332">
    <failure message="expected [true] but found [false]" type="java.lang.AssertionError">java.lang.AssertionError: expected [true] but found [false]
	at shield.enus.com.nvidia.www.javatests.AddToCartTestCases.verifyCartSubTotal(AddToCartTestCases.java:87)
</failure>
    <system-out><![CDATA[Cart Product total exception 
]]></system-out>
    <system-err><![CDATA[Apr 18, 2017 6:34:43 PM org.openqa.selenium.remote.Augmenter extractRemoteWebDriver
WARNING: Augmenter should be applied to the instances of @Augmentable classes or previously augmented instances only
Apr 18, 2017 6:34:44 PM org.openqa.selenium.remote.Augmenter extractRemoteWebDriver
WARNING: Augmenter should be applied to the instances of @Augmentable classes or previously augmented instances only
Apr 18, 2017 6:34:44 PM org.openqa.selenium.remote.Augmenter extractRemoteWebDriver
WARNING: Augmenter should be applied to the instances of @Augmentable classes or previously augmented instances only
Apr 18, 2017 6:34:45 PM org.openqa.selenium.remote.Augmenter extractRemoteWebDriver
WARNING: Augmenter should be applied to the instances of @Augmentable classes or previously augmented instances only
Apr 18, 2017 6:34:45 PM org.openqa.selenium.remote.Augmenter extractRemoteWebDriver
WARNING: Augmenter should be applied to the instances of @Augmentable classes or previously augmented instances only
Apr 18, 2017 6:34:45 PM org.openqa.selenium.remote.Augmenter extractRemoteWebDriver
WARNING: Augmenter should be applied to the instances of @Augmentable classes or previously augmented instances only
]]></system-err>
  </testcase>
  <testcase name="verifyCartSubTotal" classname="shield.enus.com.nvidia.www.javatests.AddToCartTestCases" time="0.032"/>
  <testcase name="verifyCartSubTotal" classname="shield.enus.com.nvidia.www.javatests.AddToCartTestCases" time="0.034"/>
  <testcase name="verifyCartSubTotal" classname="shield.enus.com.nvidia.www.javatests.AddToCartTestCases" time="0.085"/>
  <testcase name="verifyCartSubTotal" classname="shield.enus.com.nvidia.www.javatests.AddToCartTestCases" time="0.036"/>
  <testcase name="verifyCartSubTotal" classname="shield.enus.com.nvidia.www.javatests.AddToCartTestCases" time="0.049"/>
  <testcase name="verifyCartSubTotal" classname="shield.enus.com.nvidia.www.javatests.AddToCartTestCases" time="0.204">
    <failure message="expected [true] but found [false]" type="java.lang.AssertionError">java.lang.AssertionError: expected [true] but found [false]
	at shield.enus.com.nvidia.www.javatests.AddToCartTestCases.verifyCartSubTotal(AddToCartTestCases.java:87)
</failure>
    <system-out><![CDATA[Cart Product total exception 
]]></system-out>
    <system-err><![CDATA[Apr 18, 2017 6:38:47 PM org.openqa.selenium.remote.Augmenter extractRemoteWebDriver
WARNING: Augmenter should be applied to the instances of @Augmentable classes or previously augmented instances only
]]></system-err>
  </testcase>
  <testcase name="verifyCartSubTotal" classname="shield.enus.com.nvidia.www.javatests.AddToCartTestCases" time="0.039"/>
  <testcase name="verifyCartSubTotal" classname="shield.enus.com.nvidia.www.javatests.AddToCartTestCases" time="0.034"/>
  <testcase name="verifyCartSubTotal" classname="shield.enus.com.nvidia.www.javatests.AddToCartTestCases" time="1.107">
    <failure message="expected [true] but found [false]" type="java.lang.AssertionError">java.lang.AssertionError: expected [true] but found [false]
	at shield.enus.com.nvidia.www.javatests.AddToCartTestCases.verifyCartSubTotal(AddToCartTestCases.java:87)
</failure>
    <system-out><![CDATA[Cart Product total exception 
]]></system-out>
    <system-err><![CDATA[Apr 18, 2017 6:40:57 PM org.openqa.selenium.remote.Augmenter extractRemoteWebDriver
WARNING: Augmenter should be applied to the instances of @Augmentable classes or previously augmented instances only
Apr 18, 2017 6:40:58 PM org.openqa.selenium.remote.Augmenter extractRemoteWebDriver
WARNING: Augmenter should be applied to the instances of @Augmentable classes or previously augmented instances only
Apr 18, 2017 6:40:58 PM org.openqa.selenium.remote.Augmenter extractRemoteWebDriver
WARNING: Augmenter should be applied to the instances of @Augmentable classes or previously augmented instances only
]]></system-err>
  </testcase>
  <testcase name="verifyCartSubTotal" classname="shield.enus.com.nvidia.www.javatests.AddToCartTestCases" time="0.044"/>
  <testcase name="verifyCartSubTotal" classname="shield.enus.com.nvidia.www.javatests.AddToCartTestCases" time="0.059"/>
  <testcase name="verifyCartSubTotal" classname="shield.enus.com.nvidia.www.javatests.AddToCartTestCases" time="0.042"/>
  <testcase name="verifyCartSubTotal" classname="shield.enus.com.nvidia.www.javatests.AddToCartTestCases" time="0.033"/>
  <testcase name="verifyCartSubTotal" classname="shield.enus.com.nvidia.www.javatests.AddToCartTestCases" time="0.037"/>
  <testcase name="verifyCartSubTotal" classname="shield.enus.com.nvidia.www.javatests.AddToCartTestCases" time="0.037"/>
  <testcase name="verifyCartSubTotal" classname="shield.enus.com.nvidia.www.javatests.AddToCartTestCases" time="0.034"/>
  <testcase name="verifyCartSubTotal" classname="shield.enus.com.nvidia.www.javatests.AddToCartTestCases" time="0.229">
    <failure message="expected [true] but found [false]" type="java.lang.AssertionError">java.lang.AssertionError: expected [true] but found [false]
	at shield.enus.com.nvidia.www.javatests.AddToCartTestCases.verifyCartSubTotal(AddToCartTestCases.java:87)
</failure>
    <system-out><![CDATA[Cart Product total exception 
]]></system-out>
    <system-err><![CDATA[Apr 18, 2017 6:47:14 PM org.openqa.selenium.remote.Augmenter extractRemoteWebDriver
WARNING: Augmenter should be applied to the instances of @Augmentable classes or previously augmented instances only
]]></system-err>
  </testcase>
  <testcase name="verifyCartSubTotal" classname="shield.enus.com.nvidia.www.javatests.AddToCartTestCases" time="0.054"/>
  <testcase name="verifyCartSubTotal" classname="shield.enus.com.nvidia.www.javatests.AddToCartTestCases" time="0.033"/>
  <testcase name="verifyCartSubTotal" classname="shield.enus.com.nvidia.www.javatests.AddToCartTestCases" time="1.056">
    <failure message="expected [true] but found [false]" type="java.lang.AssertionError">java.lang.AssertionError: expected [true] but found [false]
	at shield.enus.com.nvidia.www.javatests.AddToCartTestCases.verifyCartSubTotal(AddToCartTestCases.java:87)
</failure>
    <system-out><![CDATA[Cart Product total exception 
]]></system-out>
    <system-err><![CDATA[Apr 18, 2017 6:49:25 PM org.openqa.selenium.remote.Augmenter extractRemoteWebDriver
WARNING: Augmenter should be applied to the instances of @Augmentable classes or previously augmented instances only
Apr 18, 2017 6:49:25 PM org.openqa.selenium.remote.Augmenter extractRemoteWebDriver
WARNING: Augmenter should be applied to the instances of @Augmentable classes or previously augmented instances only
Apr 18, 2017 6:49:26 PM org.openqa.selenium.remote.Augmenter extractRemoteWebDriver
WARNING: Augmenter should be applied to the instances of @Augmentable classes or previously augmented instances only
]]></system-err>
  </testcase>
  <testcase name="verifyCartSubTotal" classname="shield.enus.com.nvidia.www.javatests.AddToCartTestCases" time="0.033"/>
  <testcase name="verifyCartSubTotal" classname="shield.enus.com.nvidia.www.javatests.AddToCartTestCases" time="0.033"/>
  <testcase name="verifyCartSubTotal" classname="shield.enus.com.nvidia.www.javatests.AddToCartTestCases" time="0.035"/>
  <testcase name="verifyCartSubTotal" classname="shield.enus.com.nvidia.www.javatests.AddToCartTestCases" time="0.037"/>
  <testcase name="verifyCartSubTotal" classname="shield.enus.com.nvidia.www.javatests.AddToCartTestCases" time="0.033"/>
  <testcase name="verifyCartSubTotal" classname="shield.enus.com.nvidia.www.javatests.AddToCartTestCases" time="0.035"/>
  <testcase name="verifyCartSubTotal" classname="shield.enus.com.nvidia.www.javatests.AddToCartTestCases" time="0.036"/>
  <testcase name="verifyCartSubTotal" classname="shield.enus.com.nvidia.www.javatests.AddToCartTestCases" time="0.214">
    <failure message="expected [true] but found [false]" type="java.lang.AssertionError">java.lang.AssertionError: expected [true] but found [false]
	at shield.enus.com.nvidia.www.javatests.AddToCartTestCases.verifyCartSubTotal(AddToCartTestCases.java:87)
</failure>
    <system-out><![CDATA[Cart Product total exception 
]]></system-out>
    <system-err><![CDATA[Apr 18, 2017 6:55:34 PM org.openqa.selenium.remote.Augmenter extractRemoteWebDriver
WARNING: Augmenter should be applied to the instances of @Augmentable classes or previously augmented instances only
]]></system-err>
  </testcase>
  <testcase name="verifyCartSubTotal" classname="shield.enus.com.nvidia.www.javatests.AddToCartTestCases" time="0.034"/>
  <testcase name="verifyCartSubTotal" classname="shield.enus.com.nvidia.www.javatests.AddToCartTestCases" time="0.058"/>
  <testcase name="verifyCartSubTotal" classname="shield.enus.com.nvidia.www.javatests.AddToCartTestCases" time="1.027">
    <failure message="expected [true] but found [false]" type="java.lang.AssertionError">java.lang.AssertionError: expected [true] but found [false]
	at shield.enus.com.nvidia.www.javatests.AddToCartTestCases.verifyCartSubTotal(AddToCartTestCases.java:87)
</failure>
    <system-out><![CDATA[Cart Product total exception 
]]></system-out>
    <system-err><![CDATA[Apr 18, 2017 6:57:44 PM org.openqa.selenium.remote.Augmenter extractRemoteWebDriver
WARNING: Augmenter should be applied to the instances of @Augmentable classes or previously augmented instances only
Apr 18, 2017 6:57:44 PM org.openqa.selenium.remote.Augmenter extractRemoteWebDriver
WARNING: Augmenter should be applied to the instances of @Augmentable classes or previously augmented instances only
Apr 18, 2017 6:57:44 PM org.openqa.selenium.remote.Augmenter extractRemoteWebDriver
WARNING: Augmenter should be applied to the instances of @Augmentable classes or previously augmented instances only
]]></system-err>
  </testcase>
  <testcase name="verifyCartSubTotal" classname="shield.enus.com.nvidia.www.javatests.AddToCartTestCases" time="0.034"/>
  <testcase name="verifyCartSubTotal" classname="shield.enus.com.nvidia.www.javatests.AddToCartTestCases" time="0.037"/>
  <testcase name="verifyCartSubTotal" classname="shield.enus.com.nvidia.www.javatests.AddToCartTestCases" time="0.051"/>
  <testcase name="verifyCartSubTotal" classname="shield.enus.com.nvidia.www.javatests.AddToCartTestCases" time="0.035"/>
  <testcase name="verifyCartSubTotal" classname="shield.enus.com.nvidia.www.javatests.AddToCartTestCases" time="0.043"/>
  <testcase name="verifyCartSubTotal" classname="shield.enus.com.nvidia.www.javatests.AddToCartTestCases" time="0.037"/>
  <testcase name="verifyCartSubTotal" classname="shield.enus.com.nvidia.www.javatests.AddToCartTestCases" time="0.034"/>
  <testcase name="verifyCartSubTotal" classname="shield.enus.com.nvidia.www.javatests.AddToCartTestCases" time="0.032"/>
  <testcase name="verifyCartSubTotal" classname="shield.enus.com.nvidia.www.javatests.AddToCartTestCases" time="0.058"/>
  <testcase name="verifyCartSubTotal" classname="shield.enus.com.nvidia.www.javatests.AddToCartTestCases" time="0.033"/>
  <testcase name="verifyCartSubTotal" classname="shield.enus.com.nvidia.www.javatests.AddToCartTestCases" time="0.994">
    <failure message="expected [true] but found [false]" type="java.lang.AssertionError">java.lang.AssertionError: expected [true] but found [false]
	at shield.enus.com.nvidia.www.javatests.AddToCartTestCases.verifyCartSubTotal(AddToCartTestCases.java:87)
</failure>
    <system-out><![CDATA[Cart Product total exception 
]]></system-out>
    <system-err><![CDATA[Apr 18, 2017 7:06:27 PM org.openqa.selenium.remote.Augmenter extractRemoteWebDriver
WARNING: Augmenter should be applied to the instances of @Augmentable classes or previously augmented instances only
Apr 18, 2017 7:06:28 PM org.openqa.selenium.remote.Augmenter extractRemoteWebDriver
WARNING: Augmenter should be applied to the instances of @Augmentable classes or previously augmented instances only
Apr 18, 2017 7:06:28 PM org.openqa.selenium.remote.Augmenter extractRemoteWebDriver
WARNING: Augmenter should be applied to the instances of @Augmentable classes or previously augmented instances only
]]></system-err>
  </testcase>
  <testcase name="verifyCartSubTotal" classname="shield.enus.com.nvidia.www.javatests.AddToCartTestCases" time="0.037"/>
  <testcase name="verifyCartSubTotal" classname="shield.enus.com.nvidia.www.javatests.AddToCartTestCases" time="0.036"/>
  <testcase name="verifyCartSubTotal" classname="shield.enus.com.nvidia.www.javatests.AddToCartTestCases" time="0.032"/>
  <testcase name="verifyCartSubTotal" classname="shield.enus.com.nvidia.www.javatests.AddToCartTestCases" time="0.037"/>
  <testcase name="verifyCartSubTotal" classname="shield.enus.com.nvidia.www.javatests.AddToCartTestCases" time="0.036"/>
  <testcase name="verifyCartSubTotal" classname="shield.enus.com.nvidia.www.javatests.AddToCartTestCases" time="2.364">
    <failure message="expected [true] but found [false]" type="java.lang.AssertionError">java.lang.AssertionError: expected [true] but found [false]
	at shield.enus.com.nvidia.www.javatests.AddToCartTestCases.verifyCartSubTotal(AddToCartTestCases.java:87)
</failure>
    <system-out><![CDATA[Cart Product total exception 
]]></system-out>
    <system-err><![CDATA[Apr 18, 2017 7:10:49 PM org.openqa.selenium.remote.Augmenter extractRemoteWebDriver
WARNING: Augmenter should be applied to the instances of @Augmentable classes or previously augmented instances only
Apr 18, 2017 7:10:50 PM org.openqa.selenium.remote.Augmenter extractRemoteWebDriver
WARNING: Augmenter should be applied to the instances of @Augmentable classes or previously augmented instances only
Apr 18, 2017 7:10:50 PM org.openqa.selenium.remote.Augmenter extractRemoteWebDriver
WARNING: Augmenter should be applied to the instances of @Augmentable classes or previously augmented instances only
Apr 18, 2017 7:10:51 PM org.openqa.selenium.remote.Augmenter extractRemoteWebDriver
WARNING: Augmenter should be applied to the instances of @Augmentable classes or previously augmented instances only
Apr 18, 2017 7:10:51 PM org.openqa.selenium.remote.Augmenter extractRemoteWebDriver
WARNING: Augmenter should be applied to the instances of @Augmentable classes or previously augmented instances only
Apr 18, 2017 7:10:51 PM org.openqa.selenium.remote.Augmenter extractRemoteWebDriver
WARNING: Augmenter should be applied to the instances of @Augmentable classes or previously augmented instances only
]]></system-err>
  </testcase>
  <testcase name="verifyCartSubTotal" classname="shield.enus.com.nvidia.www.javatests.AddToCartTestCases" time="0.035"/>
  <testcase name="verifyCartSubTotal" classname="shield.enus.com.nvidia.www.javatests.AddToCartTestCases" time="1.309">
    <failure message="expected [true] but found [false]" type="java.lang.AssertionError">java.lang.AssertionError: expected [true] but found [false]
	at shield.enus.com.nvidia.www.javatests.AddToCartTestCases.verifyCartSubTotal(AddToCartTestCases.java:87)
</failure>
    <system-out><![CDATA[Cart Product total exception 
]]></system-out>
    <system-err><![CDATA[Apr 18, 2017 7:12:54 PM org.openqa.selenium.remote.Augmenter extractRemoteWebDriver
WARNING: Augmenter should be applied to the instances of @Augmentable classes or previously augmented instances only
Apr 18, 2017 7:12:55 PM org.openqa.selenium.remote.Augmenter extractRemoteWebDriver
WARNING: Augmenter should be applied to the instances of @Augmentable classes or previously augmented instances only
Apr 18, 2017 7:12:55 PM org.openqa.selenium.remote.Augmenter extractRemoteWebDriver
WARNING: Augmenter should be applied to the instances of @Augmentable classes or previously augmented instances only
Apr 18, 2017 7:12:55 PM org.openqa.selenium.remote.Augmenter extractRemoteWebDriver
WARNING: Augmenter should be applied to the instances of @Augmentable classes or previously augmented instances only
]]></system-err>
  </testcase>
  <testcase name="verifyCartSubTotal" classname="shield.enus.com.nvidia.www.javatests.AddToCartTestCases" time="0.031"/>
  <testcase name="verifyCartSubTotal" classname="shield.enus.com.nvidia.www.javatests.AddToCartTestCases" time="0.034"/>
  <testcase name="verifyCartSubTotal" classname="shield.enus.com.nvidia.www.javatests.AddToCartTestCases" time="1.263">
    <failure message="expected [true] but found [false]" type="java.lang.AssertionError">java.lang.AssertionError: expected [true] but found [false]
	at shield.enus.com.nvidia.www.javatests.AddToCartTestCases.verifyCartSubTotal(AddToCartTestCases.java:87)
</failure>
    <system-out><![CDATA[Cart Product total exception 
]]></system-out>
    <system-err><![CDATA[Apr 18, 2017 7:15:23 PM org.openqa.selenium.remote.Augmenter extractRemoteWebDriver
WARNING: Augmenter should be applied to the instances of @Augmentable classes or previously augmented instances only
Apr 18, 2017 7:15:23 PM org.openqa.selenium.remote.Augmenter extractRemoteWebDriver
WARNING: Augmenter should be applied to the instances of @Augmentable classes or previously augmented instances only
Apr 18, 2017 7:15:24 PM org.openqa.selenium.remote.Augmenter extractRemoteWebDriver
WARNING: Augmenter should be applied to the instances of @Augmentable classes or previously augmented instances only
]]></system-err>
  </testcase>
  <testcase name="verifyCartSubTotal" classname="shield.enus.com.nvidia.www.javatests.AddToCartTestCases" time="0.037"/>
  <testcase name="verifyCartSubTotal" classname="shield.enus.com.nvidia.www.javatests.AddToCartTestCases" time="0.083"/>
  <testcase name="verifyCartSubTotal" classname="shield.enus.com.nvidia.www.javatests.AddToCartTestCases" time="0.032"/>
  <testcase name="verifyCartSubTotal" classname="shield.enus.com.nvidia.www.javatests.AddToCartTestCases" time="0.043"/>
  <testcase name="verifyCartSubTotal" classname="shield.enus.com.nvidia.www.javatests.AddToCartTestCases" time="0.032"/>
  <testcase name="verifyCartSubTotal" classname="shield.enus.com.nvidia.www.javatests.AddToCartTestCases" time="0.04"/>
  <testcase name="verifyCartSubTotal" classname="shield.enus.com.nvidia.www.javatests.AddToCartTestCases" time="0.033"/>
  <testcase name="verifyCartSubTotal" classname="shield.enus.com.nvidia.www.javatests.AddToCartTestCases" time="1.293">
    <failure message="expected [true] but found [false]" type="java.lang.AssertionError">java.lang.AssertionError: expected [true] but found [false]
	at shield.enus.com.nvidia.www.javatests.AddToCartTestCases.verifyCartSubTotal(AddToCartTestCases.java:87)
</failure>
    <system-out><![CDATA[Cart Product total exception 
]]></system-out>
    <system-err><![CDATA[Apr 18, 2017 7:21:40 PM org.openqa.selenium.remote.Augmenter extractRemoteWebDriver
WARNING: Augmenter should be applied to the instances of @Augmentable classes or previously augmented instances only
Apr 18, 2017 7:21:40 PM org.openqa.selenium.remote.Augmenter extractRemoteWebDriver
WARNING: Augmenter should be applied to the instances of @Augmentable classes or previously augmented instances only
Apr 18, 2017 7:21:41 PM org.openqa.selenium.remote.Augmenter extractRemoteWebDriver
WARNING: Augmenter should be applied to the instances of @Augmentable classes or previously augmented instances only
Apr 18, 2017 7:21:41 PM org.openqa.selenium.remote.Augmenter extractRemoteWebDriver
WARNING: Augmenter should be applied to the instances of @Augmentable classes or previously augmented instances only
]]></system-err>
  </testcase>
  <testcase name="verifyCartCounterUpdate" classname="shield.enus.com.nvidia.www.javatests.AddToCartTestCases" time="0.01"/>
  <testcase name="verifyCartCounterUpdate" classname="shield.enus.com.nvidia.www.javatests.AddToCartTestCases" time="0.1"/>
  <testcase name="verifyCartCounterUpdate" classname="shield.enus.com.nvidia.www.javatests.AddToCartTestCases" time="0.052"/>
  <testcase name="verifyCartCounterUpdate" classname="shield.enus.com.nvidia.www.javatests.AddToCartTestCases" time="0.009"/>
  <testcase name="verifyCartCounterUpdate" classname="shield.enus.com.nvidia.www.javatests.AddToCartTestCases" time="0.008"/>
  <testcase name="verifyCartCounterUpdate" classname="shield.enus.com.nvidia.www.javatests.AddToCartTestCases" time="0.012"/>
  <testcase name="verifyCartCounterUpdate" classname="shield.enus.com.nvidia.www.javatests.AddToCartTestCases" time="0.009"/>
  <testcase name="verifyCartCounterUpdate" classname="shield.enus.com.nvidia.www.javatests.AddToCartTestCases" time="0.019"/>
  <testcase name="verifyCartCounterUpdate" classname="shield.enus.com.nvidia.www.javatests.AddToCartTestCases" time="0.008"/>
  <testcase name="verifyCartCounterUpdate" classname="shield.enus.com.nvidia.www.javatests.AddToCartTestCases" time="0.01"/>
  <testcase name="verifyCartCounterUpdate" classname="shield.enus.com.nvidia.www.javatests.AddToCartTestCases" time="0.009"/>
  <testcase name="verifyCartCounterUpdate" classname="shield.enus.com.nvidia.www.javatests.AddToCartTestCases" time="0.008"/>
  <testcase name="verifyCartCounterUpdate" classname="shield.enus.com.nvidia.www.javatests.AddToCartTestCases" time="0.011"/>
  <testcase name="verifyCartCounterUpdate" classname="shield.enus.com.nvidia.www.javatests.AddToCartTestCases" time="0.014">
    <failure message="expected [true] but found [false]" type="java.lang.AssertionError">java.lang.AssertionError: expected [true] but found [false]
	at shield.enus.com.nvidia.www.javatests.AddToCartTestCases.verifyCartCounterUpdate(AddToCartTestCases.java:94)
</failure>
  </testcase>
  <testcase name="verifyCartCounterUpdate" classname="shield.enus.com.nvidia.www.javatests.AddToCartTestCases" time="0.011"/>
  <testcase name="verifyCartCounterUpdate" classname="shield.enus.com.nvidia.www.javatests.AddToCartTestCases" time="0.008"/>
  <testcase name="verifyCartCounterUpdate" classname="shield.enus.com.nvidia.www.javatests.AddToCartTestCases" time="0.013"/>
  <testcase name="verifyCartCounterUpdate" classname="shield.enus.com.nvidia.www.javatests.AddToCartTestCases" time="0.011"/>
  <testcase name="verifyCartCounterUpdate" classname="shield.enus.com.nvidia.www.javatests.AddToCartTestCases" time="0.008"/>
  <testcase name="verifyCartCounterUpdate" classname="shield.enus.com.nvidia.www.javatests.AddToCartTestCases" time="0.013">
    <failure message="expected [true] but found [false]" type="java.lang.AssertionError">java.lang.AssertionError: expected [true] but found [false]
	at shield.enus.com.nvidia.www.javatests.AddToCartTestCases.verifyCartCounterUpdate(AddToCartTestCases.java:94)
</failure>
  </testcase>
  <testcase name="verifyCartCounterUpdate" classname="shield.enus.com.nvidia.www.javatests.AddToCartTestCases" time="0.033"/>
  <testcase name="verifyCartCounterUpdate" classname="shield.enus.com.nvidia.www.javatests.AddToCartTestCases" time="0.031"/>
  <testcase name="verifyCartCounterUpdate" classname="shield.enus.com.nvidia.www.javatests.AddToCartTestCases" time="0.011"/>
  <testcase name="verifyCartCounterUpdate" classname="shield.enus.com.nvidia.www.javatests.AddToCartTestCases" time="0.007"/>
  <testcase name="verifyCartCounterUpdate" classname="shield.enus.com.nvidia.www.javatests.AddToCartTestCases" time="0.012">
    <failure message="expected [true] but found [false]" type="java.lang.AssertionError">java.lang.AssertionError: expected [true] but found [false]
	at shield.enus.com.nvidia.www.javatests.AddToCartTestCases.verifyCartCounterUpdate(AddToCartTestCases.java:94)
</failure>
  </testcase>
  <testcase name="verifyCartCounterUpdate" classname="shield.enus.com.nvidia.www.javatests.AddToCartTestCases" time="0.011">
    <failure message="expected [true] but found [false]" type="java.lang.AssertionError">java.lang.AssertionError: expected [true] but found [false]
	at shield.enus.com.nvidia.www.javatests.AddToCartTestCases.verifyCartCounterUpdate(AddToCartTestCases.java:94)
</failure>
  </testcase>
  <testcase name="verifyCartCounterUpdate" classname="shield.enus.com.nvidia.www.javatests.AddToCartTestCases" time="0.009"/>
  <testcase name="verifyCartCounterUpdate" classname="shield.enus.com.nvidia.www.javatests.AddToCartTestCases" time="0.008"/>
  <testcase name="verifyCartCounterUpdate" classname="shield.enus.com.nvidia.www.javatests.AddToCartTestCases" time="0.011"/>
  <testcase name="verifyCartCounterUpdate" classname="shield.enus.com.nvidia.www.javatests.AddToCartTestCases" time="0.008"/>
  <testcase name="verifyCartCounterUpdate" classname="shield.enus.com.nvidia.www.javatests.AddToCartTestCases" time="0.008"/>
  <testcase name="verifyCartCounterUpdate" classname="shield.enus.com.nvidia.www.javatests.AddToCartTestCases" time="0.214">
    <failure message="expected [true] but found [false]" type="java.lang.AssertionError">java.lang.AssertionError: expected [true] but found [false]
	at shield.enus.com.nvidia.www.javatests.AddToCartTestCases.verifyCartCounterUpdate(AddToCartTestCases.java:94)
</failure>
    <system-out><![CDATA[Cart Counter has updated once added the product 
]]></system-out>
    <system-err><![CDATA[Apr 18, 2017 6:38:47 PM org.openqa.selenium.remote.Augmenter extractRemoteWebDriver
WARNING: Augmenter should be applied to the instances of @Augmentable classes or previously augmented instances only
]]></system-err>
  </testcase>
  <testcase name="verifyCartCounterUpdate" classname="shield.enus.com.nvidia.www.javatests.AddToCartTestCases" time="0.009"/>
  <testcase name="verifyCartCounterUpdate" classname="shield.enus.com.nvidia.www.javatests.AddToCartTestCases" time="0.007"/>
  <testcase name="verifyCartCounterUpdate" classname="shield.enus.com.nvidia.www.javatests.AddToCartTestCases" time="0.011">
    <failure message="expected [true] but found [false]" type="java.lang.AssertionError">java.lang.AssertionError: expected [true] but found [false]
	at shield.enus.com.nvidia.www.javatests.AddToCartTestCases.verifyCartCounterUpdate(AddToCartTestCases.java:94)
</failure>
  </testcase>
  <testcase name="verifyCartCounterUpdate" classname="shield.enus.com.nvidia.www.javatests.AddToCartTestCases" time="0.031"/>
  <testcase name="verifyCartCounterUpdate" classname="shield.enus.com.nvidia.www.javatests.AddToCartTestCases" time="0.012"/>
  <testcase name="verifyCartCounterUpdate" classname="shield.enus.com.nvidia.www.javatests.AddToCartTestCases" time="0.018"/>
  <testcase name="verifyCartCounterUpdate" classname="shield.enus.com.nvidia.www.javatests.AddToCartTestCases" time="0.008"/>
  <testcase name="verifyCartCounterUpdate" classname="shield.enus.com.nvidia.www.javatests.AddToCartTestCases" time="0.01"/>
  <testcase name="verifyCartCounterUpdate" classname="shield.enus.com.nvidia.www.javatests.AddToCartTestCases" time="0.007"/>
  <testcase name="verifyCartCounterUpdate" classname="shield.enus.com.nvidia.www.javatests.AddToCartTestCases" time="0.032"/>
  <testcase name="verifyCartCounterUpdate" classname="shield.enus.com.nvidia.www.javatests.AddToCartTestCases" time="0.219">
    <failure message="expected [true] but found [false]" type="java.lang.AssertionError">java.lang.AssertionError: expected [true] but found [false]
	at shield.enus.com.nvidia.www.javatests.AddToCartTestCases.verifyCartCounterUpdate(AddToCartTestCases.java:94)
</failure>
    <system-out><![CDATA[Cart Counter has updated once added the product 
]]></system-out>
    <system-err><![CDATA[Apr 18, 2017 6:47:14 PM org.openqa.selenium.remote.Augmenter extractRemoteWebDriver
WARNING: Augmenter should be applied to the instances of @Augmentable classes or previously augmented instances only
]]></system-err>
  </testcase>
  <testcase name="verifyCartCounterUpdate" classname="shield.enus.com.nvidia.www.javatests.AddToCartTestCases" time="0.008"/>
  <testcase name="verifyCartCounterUpdate" classname="shield.enus.com.nvidia.www.javatests.AddToCartTestCases" time="0.008"/>
  <testcase name="verifyCartCounterUpdate" classname="shield.enus.com.nvidia.www.javatests.AddToCartTestCases" time="0.014">
    <failure message="expected [true] but found [false]" type="java.lang.AssertionError">java.lang.AssertionError: expected [true] but found [false]
	at shield.enus.com.nvidia.www.javatests.AddToCartTestCases.verifyCartCounterUpdate(AddToCartTestCases.java:94)
</failure>
  </testcase>
  <testcase name="verifyCartCounterUpdate" classname="shield.enus.com.nvidia.www.javatests.AddToCartTestCases" time="0.008"/>
  <testcase name="verifyCartCounterUpdate" classname="shield.enus.com.nvidia.www.javatests.AddToCartTestCases" time="0.009"/>
  <testcase name="verifyCartCounterUpdate" classname="shield.enus.com.nvidia.www.javatests.AddToCartTestCases" time="0.008"/>
  <testcase name="verifyCartCounterUpdate" classname="shield.enus.com.nvidia.www.javatests.AddToCartTestCases" time="0.008"/>
  <testcase name="verifyCartCounterUpdate" classname="shield.enus.com.nvidia.www.javatests.AddToCartTestCases" time="0.008"/>
  <testcase name="verifyCartCounterUpdate" classname="shield.enus.com.nvidia.www.javatests.AddToCartTestCases" time="0.008"/>
  <testcase name="verifyCartCounterUpdate" classname="shield.enus.com.nvidia.www.javatests.AddToCartTestCases" time="0.01"/>
  <testcase name="verifyCartCounterUpdate" classname="shield.enus.com.nvidia.www.javatests.AddToCartTestCases" time="0.239">
    <failure message="expected [true] but found [false]" type="java.lang.AssertionError">java.lang.AssertionError: expected [true] but found [false]
	at shield.enus.com.nvidia.www.javatests.AddToCartTestCases.verifyCartCounterUpdate(AddToCartTestCases.java:94)
</failure>
    <system-out><![CDATA[Cart Counter has updated once added the product 
]]></system-out>
    <system-err><![CDATA[Apr 18, 2017 6:55:34 PM org.openqa.selenium.remote.Augmenter extractRemoteWebDriver
WARNING: Augmenter should be applied to the instances of @Augmentable classes or previously augmented instances only
]]></system-err>
  </testcase>
  <testcase name="verifyCartCounterUpdate" classname="shield.enus.com.nvidia.www.javatests.AddToCartTestCases" time="0.022"/>
  <testcase name="verifyCartCounterUpdate" classname="shield.enus.com.nvidia.www.javatests.AddToCartTestCases" time="0.007"/>
  <testcase name="verifyCartCounterUpdate" classname="shield.enus.com.nvidia.www.javatests.AddToCartTestCases" time="0.015">
    <failure message="expected [true] but found [false]" type="java.lang.AssertionError">java.lang.AssertionError: expected [true] but found [false]
	at shield.enus.com.nvidia.www.javatests.AddToCartTestCases.verifyCartCounterUpdate(AddToCartTestCases.java:94)
</failure>
  </testcase>
  <testcase name="verifyCartCounterUpdate" classname="shield.enus.com.nvidia.www.javatests.AddToCartTestCases" time="0.007"/>
  <testcase name="verifyCartCounterUpdate" classname="shield.enus.com.nvidia.www.javatests.AddToCartTestCases" time="0.008"/>
  <testcase name="verifyCartCounterUpdate" classname="shield.enus.com.nvidia.www.javatests.AddToCartTestCases" time="0.032"/>
  <testcase name="verifyCartCounterUpdate" classname="shield.enus.com.nvidia.www.javatests.AddToCartTestCases" time="0.009"/>
  <testcase name="verifyCartCounterUpdate" classname="shield.enus.com.nvidia.www.javatests.AddToCartTestCases" time="0.028"/>
  <testcase name="verifyCartCounterUpdate" classname="shield.enus.com.nvidia.www.javatests.AddToCartTestCases" time="0.008"/>
  <testcase name="verifyCartCounterUpdate" classname="shield.enus.com.nvidia.www.javatests.AddToCartTestCases" time="0.008"/>
  <testcase name="verifyCartCounterUpdate" classname="shield.enus.com.nvidia.www.javatests.AddToCartTestCases" time="0.007"/>
  <testcase name="verifyCartCounterUpdate" classname="shield.enus.com.nvidia.www.javatests.AddToCartTestCases" time="0.009"/>
  <testcase name="verifyCartCounterUpdate" classname="shield.enus.com.nvidia.www.javatests.AddToCartTestCases" time="0.008"/>
  <testcase name="verifyCartCounterUpdate" classname="shield.enus.com.nvidia.www.javatests.AddToCartTestCases" time="0.039">
    <failure message="expected [true] but found [false]" type="java.lang.AssertionError">java.lang.AssertionError: expected [true] but found [false]
	at shield.enus.com.nvidia.www.javatests.AddToCartTestCases.verifyCartCounterUpdate(AddToCartTestCases.java:94)
</failure>
  </testcase>
  <testcase name="verifyCartCounterUpdate" classname="shield.enus.com.nvidia.www.javatests.AddToCartTestCases" time="0.008"/>
  <testcase name="verifyCartCounterUpdate" classname="shield.enus.com.nvidia.www.javatests.AddToCartTestCases" time="0.012"/>
  <testcase name="verifyCartCounterUpdate" classname="shield.enus.com.nvidia.www.javatests.AddToCartTestCases" time="0.008"/>
  <testcase name="verifyCartCounterUpdate" classname="shield.enus.com.nvidia.www.javatests.AddToCartTestCases" time="0.008"/>
  <testcase name="verifyCartCounterUpdate" classname="shield.enus.com.nvidia.www.javatests.AddToCartTestCases" time="0.008"/>
  <testcase name="verifyCartCounterUpdate" classname="shield.enus.com.nvidia.www.javatests.AddToCartTestCases" time="0.009">
    <failure message="expected [true] but found [false]" type="java.lang.AssertionError">java.lang.AssertionError: expected [true] but found [false]
	at shield.enus.com.nvidia.www.javatests.AddToCartTestCases.verifyCartCounterUpdate(AddToCartTestCases.java:94)
</failure>
  </testcase>
  <testcase name="verifyCartCounterUpdate" classname="shield.enus.com.nvidia.www.javatests.AddToCartTestCases" time="0.009"/>
  <testcase name="verifyCartCounterUpdate" classname="shield.enus.com.nvidia.www.javatests.AddToCartTestCases" time="0.009">
    <failure message="expected [true] but found [false]" type="java.lang.AssertionError">java.lang.AssertionError: expected [true] but found [false]
	at shield.enus.com.nvidia.www.javatests.AddToCartTestCases.verifyCartCounterUpdate(AddToCartTestCases.java:94)
</failure>
  </testcase>
  <testcase name="verifyCartCounterUpdate" classname="shield.enus.com.nvidia.www.javatests.AddToCartTestCases" time="0.008"/>
  <testcase name="verifyCartCounterUpdate" classname="shield.enus.com.nvidia.www.javatests.AddToCartTestCases" time="0.007"/>
  <testcase name="verifyCartCounterUpdate" classname="shield.enus.com.nvidia.www.javatests.AddToCartTestCases" time="0.013">
    <failure message="expected [true] but found [false]" type="java.lang.AssertionError">java.lang.AssertionError: expected [true] but found [false]
	at shield.enus.com.nvidia.www.javatests.AddToCartTestCases.verifyCartCounterUpdate(AddToCartTestCases.java:94)
</failure>
  </testcase>
  <testcase name="verifyCartCounterUpdate" classname="shield.enus.com.nvidia.www.javatests.AddToCartTestCases" time="0.008"/>
  <testcase name="verifyCartCounterUpdate" classname="shield.enus.com.nvidia.www.javatests.AddToCartTestCases" time="0.009"/>
  <testcase name="verifyCartCounterUpdate" classname="shield.enus.com.nvidia.www.javatests.AddToCartTestCases" time="0.009"/>
  <testcase name="verifyCartCounterUpdate" classname="shield.enus.com.nvidia.www.javatests.AddToCartTestCases" time="0.03"/>
  <testcase name="verifyCartCounterUpdate" classname="shield.enus.com.nvidia.www.javatests.AddToCartTestCases" time="0.008"/>
  <testcase name="verifyCartCounterUpdate" classname="shield.enus.com.nvidia.www.javatests.AddToCartTestCases" time="0.015"/>
  <testcase name="verifyCartCounterUpdate" classname="shield.enus.com.nvidia.www.javatests.AddToCartTestCases" time="0.01"/>
  <testcase name="verifyCartCounterUpdate" classname="shield.enus.com.nvidia.www.javatests.AddToCartTestCases" time="0.011">
    <failure message="expected [true] but found [false]" type="java.lang.AssertionError">java.lang.AssertionError: expected [true] but found [false]
	at shield.enus.com.nvidia.www.javatests.AddToCartTestCases.verifyCartCounterUpdate(AddToCartTestCases.java:94)
</failure>
  </testcase>
  <testcase name="verifyCartProductCountIncrease" classname="shield.enus.com.nvidia.www.javatests.AddToCartTestCases" time="5.094"/>
  <testcase name="verifyCartProductCountIncrease" classname="shield.enus.com.nvidia.www.javatests.AddToCartTestCases" time="5.092"/>
  <testcase name="verifyCartProductCountIncrease" classname="shield.enus.com.nvidia.www.javatests.AddToCartTestCases" time="5.082"/>
  <testcase name="verifyCartProductCountIncrease" classname="shield.enus.com.nvidia.www.javatests.AddToCartTestCases" time="5.116"/>
  <testcase name="verifyCartProductCountIncrease" classname="shield.enus.com.nvidia.www.javatests.AddToCartTestCases" time="5.096"/>
  <testcase name="verifyCartProductCountIncrease" classname="shield.enus.com.nvidia.www.javatests.AddToCartTestCases" time="5.059"/>
  <testcase name="verifyCartProductCountIncrease" classname="shield.enus.com.nvidia.www.javatests.AddToCartTestCases" time="5.132"/>
  <testcase name="verifyCartProductCountIncrease" classname="shield.enus.com.nvidia.www.javatests.AddToCartTestCases" time="5.194"/>
  <testcase name="verifyCartProductCountIncrease" classname="shield.enus.com.nvidia.www.javatests.AddToCartTestCases" time="5.134"/>
  <testcase name="verifyCartProductCountIncrease" classname="shield.enus.com.nvidia.www.javatests.AddToCartTestCases" time="5.094"/>
  <testcase name="verifyCartProductCountIncrease" classname="shield.enus.com.nvidia.www.javatests.AddToCartTestCases" time="5.058"/>
  <testcase name="verifyCartProductCountIncrease" classname="shield.enus.com.nvidia.www.javatests.AddToCartTestCases" time="5.133"/>
  <testcase name="verifyCartProductCountIncrease" classname="shield.enus.com.nvidia.www.javatests.AddToCartTestCases" time="5.132"/>
  <testcase name="verifyCartProductCountIncrease" classname="shield.enus.com.nvidia.www.javatests.AddToCartTestCases" time="6.24">
    <failure message="expected [true] but found [false]" type="java.lang.AssertionError">java.lang.AssertionError: expected [true] but found [false]
	at shield.enus.com.nvidia.www.javatests.AddToCartTestCases.verifyCartProductCountIncrease(AddToCartTestCases.java:102)
</failure>
    <system-out><![CDATA[CartCountIncrease 1
product count exception
Unable to locate element: .//li[@class='cart-item cart-item--327801400']/div[1]/a[2]
For documentation on this error, please visit: http://seleniumhq.org/exceptions/no_such_element.html
Build info: version: '3.0.1', revision: '1969d75', time: '2016-10-18 09:49:13 -0700'
System info: host: 'GCHAND-DT', ip: '10.24.35.10', os.name: 'Windows 10', os.arch: 'amd64', os.version: '10.0', java.version: '1.8.0_121'
Driver info: org.openqa.selenium.firefox.FirefoxDriver
Capabilities [{moz:profile=C:\Users\GCHAND~1.COM\AppData\Local\Temp\rust_mozprofile.kdEYecIMUooL, rotatable=false, timeouts={implicit=0, page load=300000, script=30000}, pageLoadStrategy=normal, platform=ANY, specificationLevel=0, moz:accessibilityChecks=false, acceptInsecureCerts=false, browserVersion=52.0.2, platformVersion=10.0, moz:processID=3128, browserName=firefox, platformName=windows_nt}]
Session ID: 37ea40f4-ea60-42a6-9abb-07e2ea4eec93
*** Element info: {Using=xpath, value=.//li[@class='cart-item cart-item--327801400']/div[1]/a[2]}
null
]]></system-out>
    <system-err><![CDATA[Apr 18, 2017 6:23:44 PM org.openqa.selenium.remote.Augmenter extractRemoteWebDriver
WARNING: Augmenter should be applied to the instances of @Augmentable classes or previously augmented instances only
Apr 18, 2017 6:23:44 PM org.openqa.selenium.remote.Augmenter extractRemoteWebDriver
WARNING: Augmenter should be applied to the instances of @Augmentable classes or previously augmented instances only
Apr 18, 2017 6:23:44 PM org.openqa.selenium.remote.Augmenter extractRemoteWebDriver
WARNING: Augmenter should be applied to the instances of @Augmentable classes or previously augmented instances only
]]></system-err>
  </testcase>
  <testcase name="verifyCartProductCountIncrease" classname="shield.enus.com.nvidia.www.javatests.AddToCartTestCases" time="5.147"/>
  <testcase name="verifyCartProductCountIncrease" classname="shield.enus.com.nvidia.www.javatests.AddToCartTestCases" time="5.115"/>
  <testcase name="verifyCartProductCountIncrease" classname="shield.enus.com.nvidia.www.javatests.AddToCartTestCases" time="5.065"/>
  <testcase name="verifyCartProductCountIncrease" classname="shield.enus.com.nvidia.www.javatests.AddToCartTestCases" time="5.126"/>
  <testcase name="verifyCartProductCountIncrease" classname="shield.enus.com.nvidia.www.javatests.AddToCartTestCases" time="5.124"/>
  <testcase name="verifyCartProductCountIncrease" classname="shield.enus.com.nvidia.www.javatests.AddToCartTestCases" time="7.271">
    <failure message="expected [true] but found [false]" type="java.lang.AssertionError">java.lang.AssertionError: expected [true] but found [false]
	at shield.enus.com.nvidia.www.javatests.AddToCartTestCases.verifyCartProductCountIncrease(AddToCartTestCases.java:102)
</failure>
    <system-out><![CDATA[CartCountIncrease 1
product count exception
Unable to locate element: .//li[@class='cart-item cart-item--5088905300']/div[1]/a[2]
For documentation on this error, please visit: http://seleniumhq.org/exceptions/no_such_element.html
Build info: version: '3.0.1', revision: '1969d75', time: '2016-10-18 09:49:13 -0700'
System info: host: 'GCHAND-DT', ip: '10.24.35.10', os.name: 'Windows 10', os.arch: 'amd64', os.version: '10.0', java.version: '1.8.0_121'
Driver info: org.openqa.selenium.firefox.FirefoxDriver
Capabilities [{moz:profile=C:\Users\GCHAND~1.COM\AppData\Local\Temp\rust_mozprofile.5RwaCZ8YOdEX, rotatable=false, timeouts={implicit=0, page load=300000, script=30000}, pageLoadStrategy=normal, platform=ANY, specificationLevel=0, moz:accessibilityChecks=false, acceptInsecureCerts=false, browserVersion=52.0.2, platformVersion=10.0, moz:processID=10332, browserName=firefox, platformName=windows_nt}]
Session ID: 995547fc-25b3-43ac-bbb9-368666f6ac88
*** Element info: {Using=xpath, value=.//li[@class='cart-item cart-item--5088905300']/div[1]/a[2]}
null
]]></system-out>
    <system-err><![CDATA[Apr 18, 2017 6:28:15 PM org.openqa.selenium.remote.Augmenter extractRemoteWebDriver
WARNING: Augmenter should be applied to the instances of @Augmentable classes or previously augmented instances only
Apr 18, 2017 6:28:16 PM org.openqa.selenium.remote.Augmenter extractRemoteWebDriver
WARNING: Augmenter should be applied to the instances of @Augmentable classes or previously augmented instances only
Apr 18, 2017 6:28:16 PM org.openqa.selenium.remote.Augmenter extractRemoteWebDriver
WARNING: Augmenter should be applied to the instances of @Augmentable classes or previously augmented instances only
Apr 18, 2017 6:28:16 PM org.openqa.selenium.remote.Augmenter extractRemoteWebDriver
WARNING: Augmenter should be applied to the instances of @Augmentable classes or previously augmented instances only
Apr 18, 2017 6:28:17 PM org.openqa.selenium.remote.Augmenter extractRemoteWebDriver
WARNING: Augmenter should be applied to the instances of @Augmentable classes or previously augmented instances only
Apr 18, 2017 6:28:17 PM org.openqa.selenium.remote.Augmenter extractRemoteWebDriver
WARNING: Augmenter should be applied to the instances of @Augmentable classes or previously augmented instances only
]]></system-err>
  </testcase>
  <testcase name="verifyCartProductCountIncrease" classname="shield.enus.com.nvidia.www.javatests.AddToCartTestCases" time="5.119"/>
  <testcase name="verifyCartProductCountIncrease" classname="shield.enus.com.nvidia.www.javatests.AddToCartTestCases" time="5.114"/>
  <testcase name="verifyCartProductCountIncrease" classname="shield.enus.com.nvidia.www.javatests.AddToCartTestCases" time="5.113"/>
  <testcase name="verifyCartProductCountIncrease" classname="shield.enus.com.nvidia.www.javatests.AddToCartTestCases" time="5.118"/>
  <testcase name="verifyCartProductCountIncrease" classname="shield.enus.com.nvidia.www.javatests.AddToCartTestCases" time="7.159">
    <failure message="expected [true] but found [false]" type="java.lang.AssertionError">java.lang.AssertionError: expected [true] but found [false]
	at shield.enus.com.nvidia.www.javatests.AddToCartTestCases.verifyCartProductCountIncrease(AddToCartTestCases.java:102)
</failure>
    <system-out><![CDATA[CartCountIncrease 1
product count exception
Unable to locate element: .//li[@class='cart-item cart-item--5088794600']/div[1]/a[2]
For documentation on this error, please visit: http://seleniumhq.org/exceptions/no_such_element.html
Build info: version: '3.0.1', revision: '1969d75', time: '2016-10-18 09:49:13 -0700'
System info: host: 'GCHAND-DT', ip: '10.24.35.10', os.name: 'Windows 10', os.arch: 'amd64', os.version: '10.0', java.version: '1.8.0_121'
Driver info: org.openqa.selenium.firefox.FirefoxDriver
Capabilities [{moz:profile=C:\Users\GCHAND~1.COM\AppData\Local\Temp\rust_mozprofile.3gYfeyDed7e0, rotatable=false, timeouts={implicit=0, page load=300000, script=30000}, pageLoadStrategy=normal, platform=ANY, specificationLevel=0, moz:accessibilityChecks=false, acceptInsecureCerts=false, browserVersion=52.0.2, platformVersion=10.0, moz:processID=15412, browserName=firefox, platformName=windows_nt}]
Session ID: 51c29467-c86c-4952-a939-f1b516b2491c
*** Element info: {Using=xpath, value=.//li[@class='cart-item cart-item--5088794600']/div[1]/a[2]}
null
]]></system-out>
    <system-err><![CDATA[Apr 18, 2017 6:32:52 PM org.openqa.selenium.remote.Augmenter extractRemoteWebDriver
WARNING: Augmenter should be applied to the instances of @Augmentable classes or previously augmented instances only
Apr 18, 2017 6:32:52 PM org.openqa.selenium.remote.Augmenter extractRemoteWebDriver
WARNING: Augmenter should be applied to the instances of @Augmentable classes or previously augmented instances only
Apr 18, 2017 6:32:53 PM org.openqa.selenium.remote.Augmenter extractRemoteWebDriver
WARNING: Augmenter should be applied to the instances of @Augmentable classes or previously augmented instances only
Apr 18, 2017 6:32:53 PM org.openqa.selenium.remote.Augmenter extractRemoteWebDriver
WARNING: Augmenter should be applied to the instances of @Augmentable classes or previously augmented instances only
Apr 18, 2017 6:32:53 PM org.openqa.selenium.remote.Augmenter extractRemoteWebDriver
WARNING: Augmenter should be applied to the instances of @Augmentable classes or previously augmented instances only
Apr 18, 2017 6:32:54 PM org.openqa.selenium.remote.Augmenter extractRemoteWebDriver
WARNING: Augmenter should be applied to the instances of @Augmentable classes or previously augmented instances only
]]></system-err>
  </testcase>
  <testcase name="verifyCartProductCountIncrease" classname="shield.enus.com.nvidia.www.javatests.AddToCartTestCases" time="7.515">
    <failure message="expected [true] but found [false]" type="java.lang.AssertionError">java.lang.AssertionError: expected [true] but found [false]
	at shield.enus.com.nvidia.www.javatests.AddToCartTestCases.verifyCartProductCountIncrease(AddToCartTestCases.java:102)
</failure>
    <system-out><![CDATA[CartCountIncrease 1
product count exception
Unable to locate element: .//li[@class='cart-item cart-item--5088794700']/div[1]/a[2]
For documentation on this error, please visit: http://seleniumhq.org/exceptions/no_such_element.html
Build info: version: '3.0.1', revision: '1969d75', time: '2016-10-18 09:49:13 -0700'
System info: host: 'GCHAND-DT', ip: '10.24.35.10', os.name: 'Windows 10', os.arch: 'amd64', os.version: '10.0', java.version: '1.8.0_121'
Driver info: org.openqa.selenium.firefox.FirefoxDriver
Capabilities [{moz:profile=C:\Users\GCHAND~1.COM\AppData\Local\Temp\rust_mozprofile.aeIULV3uD6V8, rotatable=false, timeouts={implicit=0, page load=300000, script=30000}, pageLoadStrategy=normal, platform=ANY, specificationLevel=0, moz:accessibilityChecks=false, acceptInsecureCerts=false, browserVersion=52.0.2, platformVersion=10.0, moz:processID=15476, browserName=firefox, platformName=windows_nt}]
Session ID: 2e274799-3502-4687-8f59-b0d5ac94e554
*** Element info: {Using=xpath, value=.//li[@class='cart-item cart-item--5088794700']/div[1]/a[2]}
null
]]></system-out>
    <system-err><![CDATA[Apr 18, 2017 6:34:51 PM org.openqa.selenium.remote.Augmenter extractRemoteWebDriver
WARNING: Augmenter should be applied to the instances of @Augmentable classes or previously augmented instances only
Apr 18, 2017 6:34:51 PM org.openqa.selenium.remote.Augmenter extractRemoteWebDriver
WARNING: Augmenter should be applied to the instances of @Augmentable classes or previously augmented instances only
Apr 18, 2017 6:34:52 PM org.openqa.selenium.remote.Augmenter extractRemoteWebDriver
WARNING: Augmenter should be applied to the instances of @Augmentable classes or previously augmented instances only
Apr 18, 2017 6:34:52 PM org.openqa.selenium.remote.Augmenter extractRemoteWebDriver
WARNING: Augmenter should be applied to the instances of @Augmentable classes or previously augmented instances only
Apr 18, 2017 6:34:52 PM org.openqa.selenium.remote.Augmenter extractRemoteWebDriver
WARNING: Augmenter should be applied to the instances of @Augmentable classes or previously augmented instances only
Apr 18, 2017 6:34:53 PM org.openqa.selenium.remote.Augmenter extractRemoteWebDriver
WARNING: Augmenter should be applied to the instances of @Augmentable classes or previously augmented instances only
]]></system-err>
  </testcase>
  <testcase name="verifyCartProductCountIncrease" classname="shield.enus.com.nvidia.www.javatests.AddToCartTestCases" time="5.093"/>
  <testcase name="verifyCartProductCountIncrease" classname="shield.enus.com.nvidia.www.javatests.AddToCartTestCases" time="5.131"/>
  <testcase name="verifyCartProductCountIncrease" classname="shield.enus.com.nvidia.www.javatests.AddToCartTestCases" time="5.101"/>
  <testcase name="verifyCartProductCountIncrease" classname="shield.enus.com.nvidia.www.javatests.AddToCartTestCases" time="5.115"/>
  <testcase name="verifyCartProductCountIncrease" classname="shield.enus.com.nvidia.www.javatests.AddToCartTestCases" time="5.072"/>
  <testcase name="verifyCartProductCountIncrease" classname="shield.enus.com.nvidia.www.javatests.AddToCartTestCases" time="0.212">
    <failure message="expected [true] but found [false]" type="java.lang.AssertionError">java.lang.AssertionError: expected [true] but found [false]
	at shield.enus.com.nvidia.www.javatests.AddToCartTestCases.verifyCartProductCountIncrease(AddToCartTestCases.java:102)
</failure>
    <system-out><![CDATA[product count exception
Session ID is null. Using WebDriver after calling quit()?
Build info: version: '3.0.1', revision: '1969d75', time: '2016-10-18 09:49:13 -0700'
System info: host: 'GCHAND-DT', ip: '10.24.35.10', os.name: 'Windows 10', os.arch: 'amd64', os.version: '10.0', java.version: '1.8.0_121'
Driver info: driver.version: RemoteWebDriver
null
]]></system-out>
    <system-err><![CDATA[Apr 18, 2017 6:38:48 PM org.openqa.selenium.remote.Augmenter extractRemoteWebDriver
WARNING: Augmenter should be applied to the instances of @Augmentable classes or previously augmented instances only
]]></system-err>
  </testcase>
  <testcase name="verifyCartProductCountIncrease" classname="shield.enus.com.nvidia.www.javatests.AddToCartTestCases" time="5.152"/>
  <testcase name="verifyCartProductCountIncrease" classname="shield.enus.com.nvidia.www.javatests.AddToCartTestCases" time="5.122"/>
  <testcase name="verifyCartProductCountIncrease" classname="shield.enus.com.nvidia.www.javatests.AddToCartTestCases" time="6.114">
    <failure message="expected [true] but found [false]" type="java.lang.AssertionError">java.lang.AssertionError: expected [true] but found [false]
	at shield.enus.com.nvidia.www.javatests.AddToCartTestCases.verifyCartProductCountIncrease(AddToCartTestCases.java:102)
</failure>
    <system-out><![CDATA[CartCountIncrease 1
product count exception
Unable to locate element: .//li[@class='cart-item cart-item--327801700']/div[1]/a[2]
For documentation on this error, please visit: http://seleniumhq.org/exceptions/no_such_element.html
Build info: version: '3.0.1', revision: '1969d75', time: '2016-10-18 09:49:13 -0700'
System info: host: 'GCHAND-DT', ip: '10.24.35.10', os.name: 'Windows 10', os.arch: 'amd64', os.version: '10.0', java.version: '1.8.0_121'
Driver info: org.openqa.selenium.firefox.FirefoxDriver
Capabilities [{moz:profile=C:\Users\GCHAND~1.COM\AppData\Local\Temp\rust_mozprofile.yrOHPey3gz8J, rotatable=false, timeouts={implicit=0, page load=300000, script=30000}, pageLoadStrategy=normal, platform=ANY, specificationLevel=0, moz:accessibilityChecks=false, acceptInsecureCerts=false, browserVersion=52.0.2, platformVersion=10.0, moz:processID=3292, browserName=firefox, platformName=windows_nt}]
Session ID: 6899cae2-4684-4728-b244-b01d561fc31a
*** Element info: {Using=xpath, value=.//li[@class='cart-item cart-item--327801700']/div[1]/a[2]}
null
]]></system-out>
    <system-err><![CDATA[Apr 18, 2017 6:41:03 PM org.openqa.selenium.remote.Augmenter extractRemoteWebDriver
WARNING: Augmenter should be applied to the instances of @Augmentable classes or previously augmented instances only
Apr 18, 2017 6:41:04 PM org.openqa.selenium.remote.Augmenter extractRemoteWebDriver
WARNING: Augmenter should be applied to the instances of @Augmentable classes or previously augmented instances only
Apr 18, 2017 6:41:04 PM org.openqa.selenium.remote.Augmenter extractRemoteWebDriver
WARNING: Augmenter should be applied to the instances of @Augmentable classes or previously augmented instances only
]]></system-err>
  </testcase>
  <testcase name="verifyCartProductCountIncrease" classname="shield.enus.com.nvidia.www.javatests.AddToCartTestCases" time="5.118"/>
  <testcase name="verifyCartProductCountIncrease" classname="shield.enus.com.nvidia.www.javatests.AddToCartTestCases" time="5.104"/>
  <testcase name="verifyCartProductCountIncrease" classname="shield.enus.com.nvidia.www.javatests.AddToCartTestCases" time="5.154"/>
  <testcase name="verifyCartProductCountIncrease" classname="shield.enus.com.nvidia.www.javatests.AddToCartTestCases" time="5.058"/>
  <testcase name="verifyCartProductCountIncrease" classname="shield.enus.com.nvidia.www.javatests.AddToCartTestCases" time="5.099"/>
  <testcase name="verifyCartProductCountIncrease" classname="shield.enus.com.nvidia.www.javatests.AddToCartTestCases" time="5.122"/>
  <testcase name="verifyCartProductCountIncrease" classname="shield.enus.com.nvidia.www.javatests.AddToCartTestCases" time="5.11"/>
  <testcase name="verifyCartProductCountIncrease" classname="shield.enus.com.nvidia.www.javatests.AddToCartTestCases" time="0.221">
    <failure message="expected [true] but found [false]" type="java.lang.AssertionError">java.lang.AssertionError: expected [true] but found [false]
	at shield.enus.com.nvidia.www.javatests.AddToCartTestCases.verifyCartProductCountIncrease(AddToCartTestCases.java:102)
</failure>
    <system-out><![CDATA[product count exception
Session ID is null. Using WebDriver after calling quit()?
Build info: version: '3.0.1', revision: '1969d75', time: '2016-10-18 09:49:13 -0700'
System info: host: 'GCHAND-DT', ip: '10.24.35.10', os.name: 'Windows 10', os.arch: 'amd64', os.version: '10.0', java.version: '1.8.0_121'
Driver info: driver.version: RemoteWebDriver
null
]]></system-out>
    <system-err><![CDATA[Apr 18, 2017 6:47:14 PM org.openqa.selenium.remote.Augmenter extractRemoteWebDriver
WARNING: Augmenter should be applied to the instances of @Augmentable classes or previously augmented instances only
]]></system-err>
  </testcase>
  <testcase name="verifyCartProductCountIncrease" classname="shield.enus.com.nvidia.www.javatests.AddToCartTestCases" time="5.13"/>
  <testcase name="verifyCartProductCountIncrease" classname="shield.enus.com.nvidia.www.javatests.AddToCartTestCases" time="5.113"/>
  <testcase name="verifyCartProductCountIncrease" classname="shield.enus.com.nvidia.www.javatests.AddToCartTestCases" time="6.086">
    <failure message="expected [true] but found [false]" type="java.lang.AssertionError">java.lang.AssertionError: expected [true] but found [false]
	at shield.enus.com.nvidia.www.javatests.AddToCartTestCases.verifyCartProductCountIncrease(AddToCartTestCases.java:102)
</failure>
    <system-out><![CDATA[CartCountIncrease 1
product count exception
Unable to locate element: .//li[@class='cart-item cart-item--327801100']/div[1]/a[2]
For documentation on this error, please visit: http://seleniumhq.org/exceptions/no_such_element.html
Build info: version: '3.0.1', revision: '1969d75', time: '2016-10-18 09:49:13 -0700'
System info: host: 'GCHAND-DT', ip: '10.24.35.10', os.name: 'Windows 10', os.arch: 'amd64', os.version: '10.0', java.version: '1.8.0_121'
Driver info: org.openqa.selenium.firefox.FirefoxDriver
Capabilities [{moz:profile=C:\Users\GCHAND~1.COM\AppData\Local\Temp\rust_mozprofile.lYaB1Q4EKbtV, rotatable=false, timeouts={implicit=0, page load=300000, script=30000}, pageLoadStrategy=normal, platform=ANY, specificationLevel=0, moz:accessibilityChecks=false, acceptInsecureCerts=false, browserVersion=52.0.2, platformVersion=10.0, moz:processID=14788, browserName=firefox, platformName=windows_nt}]
Session ID: abe1999b-27cd-420a-8ab5-bd323c2da777
*** Element info: {Using=xpath, value=.//li[@class='cart-item cart-item--327801100']/div[1]/a[2]}
null
]]></system-out>
    <system-err><![CDATA[Apr 18, 2017 6:49:31 PM org.openqa.selenium.remote.Augmenter extractRemoteWebDriver
WARNING: Augmenter should be applied to the instances of @Augmentable classes or previously augmented instances only
Apr 18, 2017 6:49:32 PM org.openqa.selenium.remote.Augmenter extractRemoteWebDriver
WARNING: Augmenter should be applied to the instances of @Augmentable classes or previously augmented instances only
Apr 18, 2017 6:49:32 PM org.openqa.selenium.remote.Augmenter extractRemoteWebDriver
WARNING: Augmenter should be applied to the instances of @Augmentable classes or previously augmented instances only
]]></system-err>
  </testcase>
  <testcase name="verifyCartProductCountIncrease" classname="shield.enus.com.nvidia.www.javatests.AddToCartTestCases" time="5.107"/>
  <testcase name="verifyCartProductCountIncrease" classname="shield.enus.com.nvidia.www.javatests.AddToCartTestCases" time="5.125"/>
  <testcase name="verifyCartProductCountIncrease" classname="shield.enus.com.nvidia.www.javatests.AddToCartTestCases" time="5.119"/>
  <testcase name="verifyCartProductCountIncrease" classname="shield.enus.com.nvidia.www.javatests.AddToCartTestCases" time="5.111"/>
  <testcase name="verifyCartProductCountIncrease" classname="shield.enus.com.nvidia.www.javatests.AddToCartTestCases" time="5.062"/>
  <testcase name="verifyCartProductCountIncrease" classname="shield.enus.com.nvidia.www.javatests.AddToCartTestCases" time="5.116"/>
  <testcase name="verifyCartProductCountIncrease" classname="shield.enus.com.nvidia.www.javatests.AddToCartTestCases" time="5.094"/>
  <testcase name="verifyCartProductCountIncrease" classname="shield.enus.com.nvidia.www.javatests.AddToCartTestCases" time="0.206">
    <failure message="expected [true] but found [false]" type="java.lang.AssertionError">java.lang.AssertionError: expected [true] but found [false]
	at shield.enus.com.nvidia.www.javatests.AddToCartTestCases.verifyCartProductCountIncrease(AddToCartTestCases.java:102)
</failure>
    <system-out><![CDATA[product count exception
Session ID is null. Using WebDriver after calling quit()?
Build info: version: '3.0.1', revision: '1969d75', time: '2016-10-18 09:49:13 -0700'
System info: host: 'GCHAND-DT', ip: '10.24.35.10', os.name: 'Windows 10', os.arch: 'amd64', os.version: '10.0', java.version: '1.8.0_121'
Driver info: driver.version: RemoteWebDriver
null
]]></system-out>
    <system-err><![CDATA[Apr 18, 2017 6:55:34 PM org.openqa.selenium.remote.Augmenter extractRemoteWebDriver
WARNING: Augmenter should be applied to the instances of @Augmentable classes or previously augmented instances only
]]></system-err>
  </testcase>
  <testcase name="verifyCartProductCountIncrease" classname="shield.enus.com.nvidia.www.javatests.AddToCartTestCases" time="5.094"/>
  <testcase name="verifyCartProductCountIncrease" classname="shield.enus.com.nvidia.www.javatests.AddToCartTestCases" time="5.104"/>
  <testcase name="verifyCartProductCountIncrease" classname="shield.enus.com.nvidia.www.javatests.AddToCartTestCases" time="6.036">
    <failure message="expected [true] but found [false]" type="java.lang.AssertionError">java.lang.AssertionError: expected [true] but found [false]
	at shield.enus.com.nvidia.www.javatests.AddToCartTestCases.verifyCartProductCountIncrease(AddToCartTestCases.java:102)
</failure>
    <system-out><![CDATA[CartCountIncrease 1
product count exception
Unable to locate element: .//li[@class='cart-item cart-item--330265600']/div[1]/a[2]
For documentation on this error, please visit: http://seleniumhq.org/exceptions/no_such_element.html
Build info: version: '3.0.1', revision: '1969d75', time: '2016-10-18 09:49:13 -0700'
System info: host: 'GCHAND-DT', ip: '10.24.35.10', os.name: 'Windows 10', os.arch: 'amd64', os.version: '10.0', java.version: '1.8.0_121'
Driver info: org.openqa.selenium.firefox.FirefoxDriver
Capabilities [{moz:profile=C:\Users\GCHAND~1.COM\AppData\Local\Temp\rust_mozprofile.hzXgP5s19DTW, rotatable=false, timeouts={implicit=0, page load=300000, script=30000}, pageLoadStrategy=normal, platform=ANY, specificationLevel=0, moz:accessibilityChecks=false, acceptInsecureCerts=false, browserVersion=52.0.2, platformVersion=10.0, moz:processID=15352, browserName=firefox, platformName=windows_nt}]
Session ID: 07b37a32-89c5-4a26-8370-c5514707a54d
*** Element info: {Using=xpath, value=.//li[@class='cart-item cart-item--330265600']/div[1]/a[2]}
null
]]></system-out>
    <system-err><![CDATA[Apr 18, 2017 6:57:50 PM org.openqa.selenium.remote.Augmenter extractRemoteWebDriver
WARNING: Augmenter should be applied to the instances of @Augmentable classes or previously augmented instances only
Apr 18, 2017 6:57:50 PM org.openqa.selenium.remote.Augmenter extractRemoteWebDriver
WARNING: Augmenter should be applied to the instances of @Augmentable classes or previously augmented instances only
Apr 18, 2017 6:57:50 PM org.openqa.selenium.remote.Augmenter extractRemoteWebDriver
WARNING: Augmenter should be applied to the instances of @Augmentable classes or previously augmented instances only
]]></system-err>
  </testcase>
  <testcase name="verifyCartProductCountIncrease" classname="shield.enus.com.nvidia.www.javatests.AddToCartTestCases" time="5.113"/>
  <testcase name="verifyCartProductCountIncrease" classname="shield.enus.com.nvidia.www.javatests.AddToCartTestCases" time="5.12"/>
  <testcase name="verifyCartProductCountIncrease" classname="shield.enus.com.nvidia.www.javatests.AddToCartTestCases" time="5.11"/>
  <testcase name="verifyCartProductCountIncrease" classname="shield.enus.com.nvidia.www.javatests.AddToCartTestCases" time="5.115"/>
  <testcase name="verifyCartProductCountIncrease" classname="shield.enus.com.nvidia.www.javatests.AddToCartTestCases" time="5.111"/>
  <testcase name="verifyCartProductCountIncrease" classname="shield.enus.com.nvidia.www.javatests.AddToCartTestCases" time="5.121"/>
  <testcase name="verifyCartProductCountIncrease" classname="shield.enus.com.nvidia.www.javatests.AddToCartTestCases" time="5.075"/>
  <testcase name="verifyCartProductCountIncrease" classname="shield.enus.com.nvidia.www.javatests.AddToCartTestCases" time="5.136"/>
  <testcase name="verifyCartProductCountIncrease" classname="shield.enus.com.nvidia.www.javatests.AddToCartTestCases" time="5.065"/>
  <testcase name="verifyCartProductCountIncrease" classname="shield.enus.com.nvidia.www.javatests.AddToCartTestCases" time="5.132"/>
  <testcase name="verifyCartProductCountIncrease" classname="shield.enus.com.nvidia.www.javatests.AddToCartTestCases" time="6.024">
    <failure message="expected [true] but found [false]" type="java.lang.AssertionError">java.lang.AssertionError: expected [true] but found [false]
	at shield.enus.com.nvidia.www.javatests.AddToCartTestCases.verifyCartProductCountIncrease(AddToCartTestCases.java:102)
</failure>
    <system-out><![CDATA[CartCountIncrease 1
product count exception
Unable to locate element: .//li[@class='cart-item cart-item--327802300']/div[1]/a[2]
For documentation on this error, please visit: http://seleniumhq.org/exceptions/no_such_element.html
Build info: version: '3.0.1', revision: '1969d75', time: '2016-10-18 09:49:13 -0700'
System info: host: 'GCHAND-DT', ip: '10.24.35.10', os.name: 'Windows 10', os.arch: 'amd64', os.version: '10.0', java.version: '1.8.0_121'
Driver info: org.openqa.selenium.firefox.FirefoxDriver
Capabilities [{moz:profile=C:\Users\GCHAND~1.COM\AppData\Local\Temp\rust_mozprofile.AubjOgL7Yncw, rotatable=false, timeouts={implicit=0, page load=300000, script=30000}, pageLoadStrategy=normal, platform=ANY, specificationLevel=0, moz:accessibilityChecks=false, acceptInsecureCerts=false, browserVersion=52.0.2, platformVersion=10.0, moz:processID=16732, browserName=firefox, platformName=windows_nt}]
Session ID: b512e67e-9d99-417d-8d7a-a8848a1d8456
*** Element info: {Using=xpath, value=.//li[@class='cart-item cart-item--327802300']/div[1]/a[2]}
null
]]></system-out>
    <system-err><![CDATA[Apr 18, 2017 7:06:33 PM org.openqa.selenium.remote.Augmenter extractRemoteWebDriver
WARNING: Augmenter should be applied to the instances of @Augmentable classes or previously augmented instances only
Apr 18, 2017 7:06:34 PM org.openqa.selenium.remote.Augmenter extractRemoteWebDriver
WARNING: Augmenter should be applied to the instances of @Augmentable classes or previously augmented instances only
Apr 18, 2017 7:06:34 PM org.openqa.selenium.remote.Augmenter extractRemoteWebDriver
WARNING: Augmenter should be applied to the instances of @Augmentable classes or previously augmented instances only
]]></system-err>
  </testcase>
  <testcase name="verifyCartProductCountIncrease" classname="shield.enus.com.nvidia.www.javatests.AddToCartTestCases" time="5.121"/>
  <testcase name="verifyCartProductCountIncrease" classname="shield.enus.com.nvidia.www.javatests.AddToCartTestCases" time="5.142"/>
  <testcase name="verifyCartProductCountIncrease" classname="shield.enus.com.nvidia.www.javatests.AddToCartTestCases" time="5.082"/>
  <testcase name="verifyCartProductCountIncrease" classname="shield.enus.com.nvidia.www.javatests.AddToCartTestCases" time="5.168"/>
  <testcase name="verifyCartProductCountIncrease" classname="shield.enus.com.nvidia.www.javatests.AddToCartTestCases" time="5.079"/>
  <testcase name="verifyCartProductCountIncrease" classname="shield.enus.com.nvidia.www.javatests.AddToCartTestCases" time="7.421">
    <failure message="expected [true] but found [false]" type="java.lang.AssertionError">java.lang.AssertionError: expected [true] but found [false]
	at shield.enus.com.nvidia.www.javatests.AddToCartTestCases.verifyCartProductCountIncrease(AddToCartTestCases.java:102)
</failure>
    <system-out><![CDATA[CartCountIncrease 1
product count exception
Unable to locate element: .//li[@class='cart-item cart-item--5088905800']/div[1]/a[2]
For documentation on this error, please visit: http://seleniumhq.org/exceptions/no_such_element.html
Build info: version: '3.0.1', revision: '1969d75', time: '2016-10-18 09:49:13 -0700'
System info: host: 'GCHAND-DT', ip: '10.24.35.10', os.name: 'Windows 10', os.arch: 'amd64', os.version: '10.0', java.version: '1.8.0_121'
Driver info: org.openqa.selenium.firefox.FirefoxDriver
Capabilities [{moz:profile=C:\Users\GCHAND~1.COM\AppData\Local\Temp\rust_mozprofile.h3dsC4jYXvt5, rotatable=false, timeouts={implicit=0, page load=300000, script=30000}, pageLoadStrategy=normal, platform=ANY, specificationLevel=0, moz:accessibilityChecks=false, acceptInsecureCerts=false, browserVersion=52.0.2, platformVersion=10.0, moz:processID=11572, browserName=firefox, platformName=windows_nt}]
Session ID: fcf2fcda-1e64-49d6-a633-1ae044ffc183
*** Element info: {Using=xpath, value=.//li[@class='cart-item cart-item--5088905800']/div[1]/a[2]}
null
]]></system-out>
    <system-err><![CDATA[Apr 18, 2017 7:10:57 PM org.openqa.selenium.remote.Augmenter extractRemoteWebDriver
WARNING: Augmenter should be applied to the instances of @Augmentable classes or previously augmented instances only
Apr 18, 2017 7:10:57 PM org.openqa.selenium.remote.Augmenter extractRemoteWebDriver
WARNING: Augmenter should be applied to the instances of @Augmentable classes or previously augmented instances only
Apr 18, 2017 7:10:58 PM org.openqa.selenium.remote.Augmenter extractRemoteWebDriver
WARNING: Augmenter should be applied to the instances of @Augmentable classes or previously augmented instances only
Apr 18, 2017 7:10:58 PM org.openqa.selenium.remote.Augmenter extractRemoteWebDriver
WARNING: Augmenter should be applied to the instances of @Augmentable classes or previously augmented instances only
Apr 18, 2017 7:10:59 PM org.openqa.selenium.remote.Augmenter extractRemoteWebDriver
WARNING: Augmenter should be applied to the instances of @Augmentable classes or previously augmented instances only
Apr 18, 2017 7:10:59 PM org.openqa.selenium.remote.Augmenter extractRemoteWebDriver
WARNING: Augmenter should be applied to the instances of @Augmentable classes or previously augmented instances only
]]></system-err>
  </testcase>
  <testcase name="verifyCartProductCountIncrease" classname="shield.enus.com.nvidia.www.javatests.AddToCartTestCases" time="5.085"/>
  <testcase name="verifyCartProductCountIncrease" classname="shield.enus.com.nvidia.www.javatests.AddToCartTestCases" time="6.345">
    <failure message="expected [true] but found [false]" type="java.lang.AssertionError">java.lang.AssertionError: expected [true] but found [false]
	at shield.enus.com.nvidia.www.javatests.AddToCartTestCases.verifyCartProductCountIncrease(AddToCartTestCases.java:102)
</failure>
    <system-out><![CDATA[CartCountIncrease 1
product count exception
Unable to locate element: .//li[@class='cart-item cart-item--5088796400']/div[1]/a[2]
For documentation on this error, please visit: http://seleniumhq.org/exceptions/no_such_element.html
Build info: version: '3.0.1', revision: '1969d75', time: '2016-10-18 09:49:13 -0700'
System info: host: 'GCHAND-DT', ip: '10.24.35.10', os.name: 'Windows 10', os.arch: 'amd64', os.version: '10.0', java.version: '1.8.0_121'
Driver info: org.openqa.selenium.firefox.FirefoxDriver
Capabilities [{moz:profile=C:\Users\GCHAND~1.COM\AppData\Local\Temp\rust_mozprofile.6vw0lCLbMUsF, rotatable=false, timeouts={implicit=0, page load=300000, script=30000}, pageLoadStrategy=normal, platform=ANY, specificationLevel=0, moz:accessibilityChecks=false, acceptInsecureCerts=false, browserVersion=52.0.2, platformVersion=10.0, moz:processID=15312, browserName=firefox, platformName=windows_nt}]
Session ID: 0bfbaf1e-36db-4377-86bb-d7a2c1faff08
*** Element info: {Using=xpath, value=.//li[@class='cart-item cart-item--5088796400']/div[1]/a[2]}
null
]]></system-out>
    <system-err><![CDATA[Apr 18, 2017 7:13:01 PM org.openqa.selenium.remote.Augmenter extractRemoteWebDriver
WARNING: Augmenter should be applied to the instances of @Augmentable classes or previously augmented instances only
Apr 18, 2017 7:13:01 PM org.openqa.selenium.remote.Augmenter extractRemoteWebDriver
WARNING: Augmenter should be applied to the instances of @Augmentable classes or previously augmented instances only
Apr 18, 2017 7:13:01 PM org.openqa.selenium.remote.Augmenter extractRemoteWebDriver
WARNING: Augmenter should be applied to the instances of @Augmentable classes or previously augmented instances only
Apr 18, 2017 7:13:02 PM org.openqa.selenium.remote.Augmenter extractRemoteWebDriver
WARNING: Augmenter should be applied to the instances of @Augmentable classes or previously augmented instances only
]]></system-err>
  </testcase>
  <testcase name="verifyCartProductCountIncrease" classname="shield.enus.com.nvidia.www.javatests.AddToCartTestCases" time="5.12"/>
  <testcase name="verifyCartProductCountIncrease" classname="shield.enus.com.nvidia.www.javatests.AddToCartTestCases" time="5.07"/>
  <testcase name="verifyCartProductCountIncrease" classname="shield.enus.com.nvidia.www.javatests.AddToCartTestCases" time="6.201">
    <failure message="expected [true] but found [false]" type="java.lang.AssertionError">java.lang.AssertionError: expected [true] but found [false]
	at shield.enus.com.nvidia.www.javatests.AddToCartTestCases.verifyCartProductCountIncrease(AddToCartTestCases.java:102)
</failure>
    <system-out><![CDATA[CartCountIncrease 1
product count exception
Unable to locate element: .//li[@class='cart-item cart-item--330265600']/div[1]/a[2]
For documentation on this error, please visit: http://seleniumhq.org/exceptions/no_such_element.html
Build info: version: '3.0.1', revision: '1969d75', time: '2016-10-18 09:49:13 -0700'
System info: host: 'GCHAND-DT', ip: '10.24.35.10', os.name: 'Windows 10', os.arch: 'amd64', os.version: '10.0', java.version: '1.8.0_121'
Driver info: org.openqa.selenium.firefox.FirefoxDriver
Capabilities [{moz:profile=C:\Users\GCHAND~1.COM\AppData\Local\Temp\rust_mozprofile.7tQEGTbfmm6T, rotatable=false, timeouts={implicit=0, page load=300000, script=30000}, pageLoadStrategy=normal, platform=ANY, specificationLevel=0, moz:accessibilityChecks=false, acceptInsecureCerts=false, browserVersion=52.0.2, platformVersion=10.0, moz:processID=8036, browserName=firefox, platformName=windows_nt}]
Session ID: d4a585f6-771e-41cf-978f-077f082e01b2
*** Element info: {Using=xpath, value=.//li[@class='cart-item cart-item--330265600']/div[1]/a[2]}
null
]]></system-out>
    <system-err><![CDATA[Apr 18, 2017 7:15:29 PM org.openqa.selenium.remote.Augmenter extractRemoteWebDriver
WARNING: Augmenter should be applied to the instances of @Augmentable classes or previously augmented instances only
Apr 18, 2017 7:15:30 PM org.openqa.selenium.remote.Augmenter extractRemoteWebDriver
WARNING: Augmenter should be applied to the instances of @Augmentable classes or previously augmented instances only
Apr 18, 2017 7:15:30 PM org.openqa.selenium.remote.Augmenter extractRemoteWebDriver
WARNING: Augmenter should be applied to the instances of @Augmentable classes or previously augmented instances only
]]></system-err>
  </testcase>
  <testcase name="verifyCartProductCountIncrease" classname="shield.enus.com.nvidia.www.javatests.AddToCartTestCases" time="5.137"/>
  <testcase name="verifyCartProductCountIncrease" classname="shield.enus.com.nvidia.www.javatests.AddToCartTestCases" time="5.115"/>
  <testcase name="verifyCartProductCountIncrease" classname="shield.enus.com.nvidia.www.javatests.AddToCartTestCases" time="5.096"/>
  <testcase name="verifyCartProductCountIncrease" classname="shield.enus.com.nvidia.www.javatests.AddToCartTestCases" time="5.111"/>
  <testcase name="verifyCartProductCountIncrease" classname="shield.enus.com.nvidia.www.javatests.AddToCartTestCases" time="5.138"/>
  <testcase name="verifyCartProductCountIncrease" classname="shield.enus.com.nvidia.www.javatests.AddToCartTestCases" time="5.15"/>
  <testcase name="verifyCartProductCountIncrease" classname="shield.enus.com.nvidia.www.javatests.AddToCartTestCases" time="5.138"/>
  <testcase name="verifyCartProductCountIncrease" classname="shield.enus.com.nvidia.www.javatests.AddToCartTestCases" time="6.379">
    <failure message="expected [true] but found [false]" type="java.lang.AssertionError">java.lang.AssertionError: expected [true] but found [false]
	at shield.enus.com.nvidia.www.javatests.AddToCartTestCases.verifyCartProductCountIncrease(AddToCartTestCases.java:102)
</failure>
    <system-out><![CDATA[CartCountIncrease 1
product count exception
Unable to locate element: .//li[@class='cart-item cart-item--5088796500']/div[1]/a[2]
For documentation on this error, please visit: http://seleniumhq.org/exceptions/no_such_element.html
Build info: version: '3.0.1', revision: '1969d75', time: '2016-10-18 09:49:13 -0700'
System info: host: 'GCHAND-DT', ip: '10.24.35.10', os.name: 'Windows 10', os.arch: 'amd64', os.version: '10.0', java.version: '1.8.0_121'
Driver info: org.openqa.selenium.firefox.FirefoxDriver
Capabilities [{moz:profile=C:\Users\GCHAND~1.COM\AppData\Local\Temp\rust_mozprofile.ctXGeUvsC0XS, rotatable=false, timeouts={implicit=0, page load=300000, script=30000}, pageLoadStrategy=normal, platform=ANY, specificationLevel=0, moz:accessibilityChecks=false, acceptInsecureCerts=false, browserVersion=52.0.2, platformVersion=10.0, moz:processID=15244, browserName=firefox, platformName=windows_nt}]
Session ID: e4fcfda9-43e9-46ef-89e5-db75bc7c4293
*** Element info: {Using=xpath, value=.//li[@class='cart-item cart-item--5088796500']/div[1]/a[2]}
null
]]></system-out>
    <system-err><![CDATA[Apr 18, 2017 7:21:46 PM org.openqa.selenium.remote.Augmenter extractRemoteWebDriver
WARNING: Augmenter should be applied to the instances of @Augmentable classes or previously augmented instances only
Apr 18, 2017 7:21:47 PM org.openqa.selenium.remote.Augmenter extractRemoteWebDriver
WARNING: Augmenter should be applied to the instances of @Augmentable classes or previously augmented instances only
Apr 18, 2017 7:21:47 PM org.openqa.selenium.remote.Augmenter extractRemoteWebDriver
WARNING: Augmenter should be applied to the instances of @Augmentable classes or previously augmented instances only
Apr 18, 2017 7:21:47 PM org.openqa.selenium.remote.Augmenter extractRemoteWebDriver
WARNING: Augmenter should be applied to the instances of @Augmentable classes or previously augmented instances only
]]></system-err>
  </testcase>
  <testcase name="verifyCartProductCountDeCrease" classname="shield.enus.com.nvidia.www.javatests.AddToCartTestCases" time="5.104"/>
  <testcase name="verifyCartProductCountDeCrease" classname="shield.enus.com.nvidia.www.javatests.AddToCartTestCases" time="5.067"/>
  <testcase name="verifyCartProductCountDeCrease" classname="shield.enus.com.nvidia.www.javatests.AddToCartTestCases" time="5.076"/>
  <testcase name="verifyCartProductCountDeCrease" classname="shield.enus.com.nvidia.www.javatests.AddToCartTestCases" time="5.091"/>
  <testcase name="verifyCartProductCountDeCrease" classname="shield.enus.com.nvidia.www.javatests.AddToCartTestCases" time="5.092"/>
  <testcase name="verifyCartProductCountDeCrease" classname="shield.enus.com.nvidia.www.javatests.AddToCartTestCases" time="5.094"/>
  <testcase name="verifyCartProductCountDeCrease" classname="shield.enus.com.nvidia.www.javatests.AddToCartTestCases" time="5.043"/>
  <testcase name="verifyCartProductCountDeCrease" classname="shield.enus.com.nvidia.www.javatests.AddToCartTestCases" time="5.1"/>
  <testcase name="verifyCartProductCountDeCrease" classname="shield.enus.com.nvidia.www.javatests.AddToCartTestCases" time="5.101"/>
  <testcase name="verifyCartProductCountDeCrease" classname="shield.enus.com.nvidia.www.javatests.AddToCartTestCases" time="5.104"/>
  <testcase name="verifyCartProductCountDeCrease" classname="shield.enus.com.nvidia.www.javatests.AddToCartTestCases" time="5.088"/>
  <testcase name="verifyCartProductCountDeCrease" classname="shield.enus.com.nvidia.www.javatests.AddToCartTestCases" time="5.044"/>
  <testcase name="verifyCartProductCountDeCrease" classname="shield.enus.com.nvidia.www.javatests.AddToCartTestCases" time="5.062"/>
  <testcase name="verifyCartProductCountDeCrease" classname="shield.enus.com.nvidia.www.javatests.AddToCartTestCases" time="6.265">
    <failure message="expected [true] but found [false]" type="java.lang.AssertionError">java.lang.AssertionError: expected [true] but found [false]
	at shield.enus.com.nvidia.www.javatests.AddToCartTestCases.verifyCartProductCountDeCrease(AddToCartTestCases.java:110)
</failure>
    <system-out><![CDATA[product count exception
Unable to locate element: .//li[@class='cart-item cart-item--327801400']/div[1]/a[1]
For documentation on this error, please visit: http://seleniumhq.org/exceptions/no_such_element.html
Build info: version: '3.0.1', revision: '1969d75', time: '2016-10-18 09:49:13 -0700'
System info: host: 'GCHAND-DT', ip: '10.24.35.10', os.name: 'Windows 10', os.arch: 'amd64', os.version: '10.0', java.version: '1.8.0_121'
Driver info: org.openqa.selenium.firefox.FirefoxDriver
Capabilities [{moz:profile=C:\Users\GCHAND~1.COM\AppData\Local\Temp\rust_mozprofile.kdEYecIMUooL, rotatable=false, timeouts={implicit=0, page load=300000, script=30000}, pageLoadStrategy=normal, platform=ANY, specificationLevel=0, moz:accessibilityChecks=false, acceptInsecureCerts=false, browserVersion=52.0.2, platformVersion=10.0, moz:processID=3128, browserName=firefox, platformName=windows_nt}]
Session ID: 37ea40f4-ea60-42a6-9abb-07e2ea4eec93
*** Element info: {Using=xpath, value=.//li[@class='cart-item cart-item--327801400']/div[1]/a[1]}
]]></system-out>
    <system-err><![CDATA[Apr 18, 2017 6:23:50 PM org.openqa.selenium.remote.Augmenter extractRemoteWebDriver
WARNING: Augmenter should be applied to the instances of @Augmentable classes or previously augmented instances only
Apr 18, 2017 6:23:50 PM org.openqa.selenium.remote.Augmenter extractRemoteWebDriver
WARNING: Augmenter should be applied to the instances of @Augmentable classes or previously augmented instances only
Apr 18, 2017 6:23:51 PM org.openqa.selenium.remote.Augmenter extractRemoteWebDriver
WARNING: Augmenter should be applied to the instances of @Augmentable classes or previously augmented instances only
]]></system-err>
  </testcase>
  <testcase name="verifyCartProductCountDeCrease" classname="shield.enus.com.nvidia.www.javatests.AddToCartTestCases" time="5.098"/>
  <testcase name="verifyCartProductCountDeCrease" classname="shield.enus.com.nvidia.www.javatests.AddToCartTestCases" time="5.098"/>
  <testcase name="verifyCartProductCountDeCrease" classname="shield.enus.com.nvidia.www.javatests.AddToCartTestCases" time="5.08"/>
  <testcase name="verifyCartProductCountDeCrease" classname="shield.enus.com.nvidia.www.javatests.AddToCartTestCases" time="5.117"/>
  <testcase name="verifyCartProductCountDeCrease" classname="shield.enus.com.nvidia.www.javatests.AddToCartTestCases" time="5.07"/>
  <testcase name="verifyCartProductCountDeCrease" classname="shield.enus.com.nvidia.www.javatests.AddToCartTestCases" time="7.264">
    <failure message="expected [true] but found [false]" type="java.lang.AssertionError">java.lang.AssertionError: expected [true] but found [false]
	at shield.enus.com.nvidia.www.javatests.AddToCartTestCases.verifyCartProductCountDeCrease(AddToCartTestCases.java:110)
</failure>
    <system-out><![CDATA[product count exception
Unable to locate element: .//li[@class='cart-item cart-item--5088905300']/div[1]/a[1]
For documentation on this error, please visit: http://seleniumhq.org/exceptions/no_such_element.html
Build info: version: '3.0.1', revision: '1969d75', time: '2016-10-18 09:49:13 -0700'
System info: host: 'GCHAND-DT', ip: '10.24.35.10', os.name: 'Windows 10', os.arch: 'amd64', os.version: '10.0', java.version: '1.8.0_121'
Driver info: org.openqa.selenium.firefox.FirefoxDriver
Capabilities [{moz:profile=C:\Users\GCHAND~1.COM\AppData\Local\Temp\rust_mozprofile.5RwaCZ8YOdEX, rotatable=false, timeouts={implicit=0, page load=300000, script=30000}, pageLoadStrategy=normal, platform=ANY, specificationLevel=0, moz:accessibilityChecks=false, acceptInsecureCerts=false, browserVersion=52.0.2, platformVersion=10.0, moz:processID=10332, browserName=firefox, platformName=windows_nt}]
Session ID: 995547fc-25b3-43ac-bbb9-368666f6ac88
*** Element info: {Using=xpath, value=.//li[@class='cart-item cart-item--5088905300']/div[1]/a[1]}
]]></system-out>
    <system-err><![CDATA[Apr 18, 2017 6:28:23 PM org.openqa.selenium.remote.Augmenter extractRemoteWebDriver
WARNING: Augmenter should be applied to the instances of @Augmentable classes or previously augmented instances only
Apr 18, 2017 6:28:23 PM org.openqa.selenium.remote.Augmenter extractRemoteWebDriver
WARNING: Augmenter should be applied to the instances of @Augmentable classes or previously augmented instances only
Apr 18, 2017 6:28:23 PM org.openqa.selenium.remote.Augmenter extractRemoteWebDriver
WARNING: Augmenter should be applied to the instances of @Augmentable classes or previously augmented instances only
Apr 18, 2017 6:28:24 PM org.openqa.selenium.remote.Augmenter extractRemoteWebDriver
WARNING: Augmenter should be applied to the instances of @Augmentable classes or previously augmented instances only
Apr 18, 2017 6:28:24 PM org.openqa.selenium.remote.Augmenter extractRemoteWebDriver
WARNING: Augmenter should be applied to the instances of @Augmentable classes or previously augmented instances only
[NPAPI 5796] WARNING: pipe error: 109: file c:/builds/moz2_slave/m-rel-w32-00000000000000000000/build/src/ipc/chromium/src/chrome/common/ipc_channel_win.cc, line 345
[NPAPI 5796] WARNING: pipe error: 109: file c:/builds/moz2_slave/m-rel-w32-00000000000000000000/build/src/ipc/chromium/src/chrome/common/ipc_channel_win.cc, line 345
Apr 18, 2017 6:28:24 PM org.openqa.selenium.remote.Augmenter extractRemoteWebDriver
WARNING: Augmenter should be applied to the instances of @Augmentable classes or previously augmented instances only
]]></system-err>
  </testcase>
  <testcase name="verifyCartProductCountDeCrease" classname="shield.enus.com.nvidia.www.javatests.AddToCartTestCases" time="5.097"/>
  <testcase name="verifyCartProductCountDeCrease" classname="shield.enus.com.nvidia.www.javatests.AddToCartTestCases" time="5.096"/>
  <testcase name="verifyCartProductCountDeCrease" classname="shield.enus.com.nvidia.www.javatests.AddToCartTestCases" time="5.069"/>
  <testcase name="verifyCartProductCountDeCrease" classname="shield.enus.com.nvidia.www.javatests.AddToCartTestCases" time="5.107"/>
  <testcase name="verifyCartProductCountDeCrease" classname="shield.enus.com.nvidia.www.javatests.AddToCartTestCases" time="7.06">
    <failure message="expected [true] but found [false]" type="java.lang.AssertionError">java.lang.AssertionError: expected [true] but found [false]
	at shield.enus.com.nvidia.www.javatests.AddToCartTestCases.verifyCartProductCountDeCrease(AddToCartTestCases.java:110)
</failure>
    <system-out><![CDATA[product count exception
Unable to locate element: .//li[@class='cart-item cart-item--5088794600']/div[1]/a[1]
For documentation on this error, please visit: http://seleniumhq.org/exceptions/no_such_element.html
Build info: version: '3.0.1', revision: '1969d75', time: '2016-10-18 09:49:13 -0700'
System info: host: 'GCHAND-DT', ip: '10.24.35.10', os.name: 'Windows 10', os.arch: 'amd64', os.version: '10.0', java.version: '1.8.0_121'
Driver info: org.openqa.selenium.firefox.FirefoxDriver
Capabilities [{moz:profile=C:\Users\GCHAND~1.COM\AppData\Local\Temp\rust_mozprofile.3gYfeyDed7e0, rotatable=false, timeouts={implicit=0, page load=300000, script=30000}, pageLoadStrategy=normal, platform=ANY, specificationLevel=0, moz:accessibilityChecks=false, acceptInsecureCerts=false, browserVersion=52.0.2, platformVersion=10.0, moz:processID=15412, browserName=firefox, platformName=windows_nt}]
Session ID: 51c29467-c86c-4952-a939-f1b516b2491c
*** Element info: {Using=xpath, value=.//li[@class='cart-item cart-item--5088794600']/div[1]/a[1]}
]]></system-out>
    <system-err><![CDATA[Apr 18, 2017 6:32:59 PM org.openqa.selenium.remote.Augmenter extractRemoteWebDriver
WARNING: Augmenter should be applied to the instances of @Augmentable classes or previously augmented instances only
Apr 18, 2017 6:32:59 PM org.openqa.selenium.remote.Augmenter extractRemoteWebDriver
WARNING: Augmenter should be applied to the instances of @Augmentable classes or previously augmented instances only
Apr 18, 2017 6:33:00 PM org.openqa.selenium.remote.Augmenter extractRemoteWebDriver
WARNING: Augmenter should be applied to the instances of @Augmentable classes or previously augmented instances only
Apr 18, 2017 6:33:00 PM org.openqa.selenium.remote.Augmenter extractRemoteWebDriver
WARNING: Augmenter should be applied to the instances of @Augmentable classes or previously augmented instances only
Apr 18, 2017 6:33:00 PM org.openqa.selenium.remote.Augmenter extractRemoteWebDriver
WARNING: Augmenter should be applied to the instances of @Augmentable classes or previously augmented instances only
Apr 18, 2017 6:33:01 PM org.openqa.selenium.remote.Augmenter extractRemoteWebDriver
WARNING: Augmenter should be applied to the instances of @Augmentable classes or previously augmented instances only
]]></system-err>
  </testcase>
  <testcase name="verifyCartProductCountDeCrease" classname="shield.enus.com.nvidia.www.javatests.AddToCartTestCases" time="7.467">
    <failure message="expected [true] but found [false]" type="java.lang.AssertionError">java.lang.AssertionError: expected [true] but found [false]
	at shield.enus.com.nvidia.www.javatests.AddToCartTestCases.verifyCartProductCountDeCrease(AddToCartTestCases.java:110)
</failure>
    <system-out><![CDATA[product count exception
Unable to locate element: .//li[@class='cart-item cart-item--5088794700']/div[1]/a[1]
For documentation on this error, please visit: http://seleniumhq.org/exceptions/no_such_element.html
Build info: version: '3.0.1', revision: '1969d75', time: '2016-10-18 09:49:13 -0700'
System info: host: 'GCHAND-DT', ip: '10.24.35.10', os.name: 'Windows 10', os.arch: 'amd64', os.version: '10.0', java.version: '1.8.0_121'
Driver info: org.openqa.selenium.firefox.FirefoxDriver
Capabilities [{moz:profile=C:\Users\GCHAND~1.COM\AppData\Local\Temp\rust_mozprofile.aeIULV3uD6V8, rotatable=false, timeouts={implicit=0, page load=300000, script=30000}, pageLoadStrategy=normal, platform=ANY, specificationLevel=0, moz:accessibilityChecks=false, acceptInsecureCerts=false, browserVersion=52.0.2, platformVersion=10.0, moz:processID=15476, browserName=firefox, platformName=windows_nt}]
Session ID: 2e274799-3502-4687-8f59-b0d5ac94e554
*** Element info: {Using=xpath, value=.//li[@class='cart-item cart-item--5088794700']/div[1]/a[1]}
]]></system-out>
    <system-err><![CDATA[Apr 18, 2017 6:34:58 PM org.openqa.selenium.remote.Augmenter extractRemoteWebDriver
WARNING: Augmenter should be applied to the instances of @Augmentable classes or previously augmented instances only
[NPAPI 15592] WARNING: pipe error: 109: file c:/builds/moz2_slave/m-rel-w32-00000000000000000000/build/src/ipc/chromium/src/chrome/common/ipc_channel_win.cc, line 345
Apr 18, 2017 6:34:59 PM org.openqa.selenium.remote.Augmenter extractRemoteWebDriver
WARNING: Augmenter should be applied to the instances of @Augmentable classes or previously augmented instances only
Apr 18, 2017 6:34:59 PM org.openqa.selenium.remote.Augmenter extractRemoteWebDriver
WARNING: Augmenter should be applied to the instances of @Augmentable classes or previously augmented instances only
Apr 18, 2017 6:35:00 PM org.openqa.selenium.remote.Augmenter extractRemoteWebDriver
WARNING: Augmenter should be applied to the instances of @Augmentable classes or previously augmented instances only
Apr 18, 2017 6:35:00 PM org.openqa.selenium.remote.Augmenter extractRemoteWebDriver
WARNING: Augmenter should be applied to the instances of @Augmentable classes or previously augmented instances only
Apr 18, 2017 6:35:00 PM org.openqa.selenium.remote.Augmenter extractRemoteWebDriver
WARNING: Augmenter should be applied to the instances of @Augmentable classes or previously augmented instances only
]]></system-err>
  </testcase>
  <testcase name="verifyCartProductCountDeCrease" classname="shield.enus.com.nvidia.www.javatests.AddToCartTestCases" time="5.085"/>
  <testcase name="verifyCartProductCountDeCrease" classname="shield.enus.com.nvidia.www.javatests.AddToCartTestCases" time="5.115"/>
  <testcase name="verifyCartProductCountDeCrease" classname="shield.enus.com.nvidia.www.javatests.AddToCartTestCases" time="5.099"/>
  <testcase name="verifyCartProductCountDeCrease" classname="shield.enus.com.nvidia.www.javatests.AddToCartTestCases" time="5.099"/>
  <testcase name="verifyCartProductCountDeCrease" classname="shield.enus.com.nvidia.www.javatests.AddToCartTestCases" time="5.1"/>
  <testcase name="verifyCartProductCountDeCrease" classname="shield.enus.com.nvidia.www.javatests.AddToCartTestCases" time="0.204">
    <failure message="expected [true] but found [false]" type="java.lang.AssertionError">java.lang.AssertionError: expected [true] but found [false]
	at shield.enus.com.nvidia.www.javatests.AddToCartTestCases.verifyCartProductCountDeCrease(AddToCartTestCases.java:110)
</failure>
    <system-out><![CDATA[product count exception
Session ID is null. Using WebDriver after calling quit()?
Build info: version: '3.0.1', revision: '1969d75', time: '2016-10-18 09:49:13 -0700'
System info: host: 'GCHAND-DT', ip: '10.24.35.10', os.name: 'Windows 10', os.arch: 'amd64', os.version: '10.0', java.version: '1.8.0_121'
Driver info: driver.version: RemoteWebDriver
]]></system-out>
    <system-err><![CDATA[Apr 18, 2017 6:38:48 PM org.openqa.selenium.remote.Augmenter extractRemoteWebDriver
WARNING: Augmenter should be applied to the instances of @Augmentable classes or previously augmented instances only
]]></system-err>
  </testcase>
  <testcase name="verifyCartProductCountDeCrease" classname="shield.enus.com.nvidia.www.javatests.AddToCartTestCases" time="5.108"/>
  <testcase name="verifyCartProductCountDeCrease" classname="shield.enus.com.nvidia.www.javatests.AddToCartTestCases" time="5.095"/>
  <testcase name="verifyCartProductCountDeCrease" classname="shield.enus.com.nvidia.www.javatests.AddToCartTestCases" time="6.191">
    <failure message="expected [true] but found [false]" type="java.lang.AssertionError">java.lang.AssertionError: expected [true] but found [false]
	at shield.enus.com.nvidia.www.javatests.AddToCartTestCases.verifyCartProductCountDeCrease(AddToCartTestCases.java:110)
</failure>
    <system-out><![CDATA[product count exception
Unable to locate element: .//li[@class='cart-item cart-item--327801700']/div[1]/a[1]
For documentation on this error, please visit: http://seleniumhq.org/exceptions/no_such_element.html
Build info: version: '3.0.1', revision: '1969d75', time: '2016-10-18 09:49:13 -0700'
System info: host: 'GCHAND-DT', ip: '10.24.35.10', os.name: 'Windows 10', os.arch: 'amd64', os.version: '10.0', java.version: '1.8.0_121'
Driver info: org.openqa.selenium.firefox.FirefoxDriver
Capabilities [{moz:profile=C:\Users\GCHAND~1.COM\AppData\Local\Temp\rust_mozprofile.yrOHPey3gz8J, rotatable=false, timeouts={implicit=0, page load=300000, script=30000}, pageLoadStrategy=normal, platform=ANY, specificationLevel=0, moz:accessibilityChecks=false, acceptInsecureCerts=false, browserVersion=52.0.2, platformVersion=10.0, moz:processID=3292, browserName=firefox, platformName=windows_nt}]
Session ID: 6899cae2-4684-4728-b244-b01d561fc31a
*** Element info: {Using=xpath, value=.//li[@class='cart-item cart-item--327801700']/div[1]/a[1]}
]]></system-out>
    <system-err><![CDATA[Apr 18, 2017 6:41:09 PM org.openqa.selenium.remote.Augmenter extractRemoteWebDriver
WARNING: Augmenter should be applied to the instances of @Augmentable classes or previously augmented instances only
Apr 18, 2017 6:41:10 PM org.openqa.selenium.remote.Augmenter extractRemoteWebDriver
WARNING: Augmenter should be applied to the instances of @Augmentable classes or previously augmented instances only
Apr 18, 2017 6:41:10 PM org.openqa.selenium.remote.Augmenter extractRemoteWebDriver
WARNING: Augmenter should be applied to the instances of @Augmentable classes or previously augmented instances only
]]></system-err>
  </testcase>
  <testcase name="verifyCartProductCountDeCrease" classname="shield.enus.com.nvidia.www.javatests.AddToCartTestCases" time="5.085"/>
  <testcase name="verifyCartProductCountDeCrease" classname="shield.enus.com.nvidia.www.javatests.AddToCartTestCases" time="5.07"/>
  <testcase name="verifyCartProductCountDeCrease" classname="shield.enus.com.nvidia.www.javatests.AddToCartTestCases" time="5.103"/>
  <testcase name="verifyCartProductCountDeCrease" classname="shield.enus.com.nvidia.www.javatests.AddToCartTestCases" time="5.095"/>
  <testcase name="verifyCartProductCountDeCrease" classname="shield.enus.com.nvidia.www.javatests.AddToCartTestCases" time="5.134"/>
  <testcase name="verifyCartProductCountDeCrease" classname="shield.enus.com.nvidia.www.javatests.AddToCartTestCases" time="5.098"/>
  <testcase name="verifyCartProductCountDeCrease" classname="shield.enus.com.nvidia.www.javatests.AddToCartTestCases" time="5.087"/>
  <testcase name="verifyCartProductCountDeCrease" classname="shield.enus.com.nvidia.www.javatests.AddToCartTestCases" time="0.264">
    <failure message="expected [true] but found [false]" type="java.lang.AssertionError">java.lang.AssertionError: expected [true] but found [false]
	at shield.enus.com.nvidia.www.javatests.AddToCartTestCases.verifyCartProductCountDeCrease(AddToCartTestCases.java:110)
</failure>
    <system-out><![CDATA[product count exception
Session ID is null. Using WebDriver after calling quit()?
Build info: version: '3.0.1', revision: '1969d75', time: '2016-10-18 09:49:13 -0700'
System info: host: 'GCHAND-DT', ip: '10.24.35.10', os.name: 'Windows 10', os.arch: 'amd64', os.version: '10.0', java.version: '1.8.0_121'
Driver info: driver.version: RemoteWebDriver
]]></system-out>
    <system-err><![CDATA[Apr 18, 2017 6:47:14 PM org.openqa.selenium.remote.Augmenter extractRemoteWebDriver
WARNING: Augmenter should be applied to the instances of @Augmentable classes or previously augmented instances only
]]></system-err>
  </testcase>
  <testcase name="verifyCartProductCountDeCrease" classname="shield.enus.com.nvidia.www.javatests.AddToCartTestCases" time="5.122"/>
  <testcase name="verifyCartProductCountDeCrease" classname="shield.enus.com.nvidia.www.javatests.AddToCartTestCases" time="5.135"/>
  <testcase name="verifyCartProductCountDeCrease" classname="shield.enus.com.nvidia.www.javatests.AddToCartTestCases" time="6.154">
    <failure message="expected [true] but found [false]" type="java.lang.AssertionError">java.lang.AssertionError: expected [true] but found [false]
	at shield.enus.com.nvidia.www.javatests.AddToCartTestCases.verifyCartProductCountDeCrease(AddToCartTestCases.java:110)
</failure>
    <system-out><![CDATA[product count exception
Unable to locate element: .//li[@class='cart-item cart-item--327801100']/div[1]/a[1]
For documentation on this error, please visit: http://seleniumhq.org/exceptions/no_such_element.html
Build info: version: '3.0.1', revision: '1969d75', time: '2016-10-18 09:49:13 -0700'
System info: host: 'GCHAND-DT', ip: '10.24.35.10', os.name: 'Windows 10', os.arch: 'amd64', os.version: '10.0', java.version: '1.8.0_121'
Driver info: org.openqa.selenium.firefox.FirefoxDriver
Capabilities [{moz:profile=C:\Users\GCHAND~1.COM\AppData\Local\Temp\rust_mozprofile.lYaB1Q4EKbtV, rotatable=false, timeouts={implicit=0, page load=300000, script=30000}, pageLoadStrategy=normal, platform=ANY, specificationLevel=0, moz:accessibilityChecks=false, acceptInsecureCerts=false, browserVersion=52.0.2, platformVersion=10.0, moz:processID=14788, browserName=firefox, platformName=windows_nt}]
Session ID: abe1999b-27cd-420a-8ab5-bd323c2da777
*** Element info: {Using=xpath, value=.//li[@class='cart-item cart-item--327801100']/div[1]/a[1]}
]]></system-out>
    <system-err><![CDATA[Apr 18, 2017 6:49:37 PM org.openqa.selenium.remote.Augmenter extractRemoteWebDriver
WARNING: Augmenter should be applied to the instances of @Augmentable classes or previously augmented instances only
Apr 18, 2017 6:49:38 PM org.openqa.selenium.remote.Augmenter extractRemoteWebDriver
WARNING: Augmenter should be applied to the instances of @Augmentable classes or previously augmented instances only
Apr 18, 2017 6:49:38 PM org.openqa.selenium.remote.Augmenter extractRemoteWebDriver
WARNING: Augmenter should be applied to the instances of @Augmentable classes or previously augmented instances only
]]></system-err>
  </testcase>
  <testcase name="verifyCartProductCountDeCrease" classname="shield.enus.com.nvidia.www.javatests.AddToCartTestCases" time="5.101"/>
  <testcase name="verifyCartProductCountDeCrease" classname="shield.enus.com.nvidia.www.javatests.AddToCartTestCases" time="5.046"/>
  <testcase name="verifyCartProductCountDeCrease" classname="shield.enus.com.nvidia.www.javatests.AddToCartTestCases" time="5.085"/>
  <testcase name="verifyCartProductCountDeCrease" classname="shield.enus.com.nvidia.www.javatests.AddToCartTestCases" time="5.093"/>
  <testcase name="verifyCartProductCountDeCrease" classname="shield.enus.com.nvidia.www.javatests.AddToCartTestCases" time="5.086"/>
  <testcase name="verifyCartProductCountDeCrease" classname="shield.enus.com.nvidia.www.javatests.AddToCartTestCases" time="5.099"/>
  <testcase name="verifyCartProductCountDeCrease" classname="shield.enus.com.nvidia.www.javatests.AddToCartTestCases" time="5.097"/>
  <testcase name="verifyCartProductCountDeCrease" classname="shield.enus.com.nvidia.www.javatests.AddToCartTestCases" time="0.228">
    <failure message="expected [true] but found [false]" type="java.lang.AssertionError">java.lang.AssertionError: expected [true] but found [false]
	at shield.enus.com.nvidia.www.javatests.AddToCartTestCases.verifyCartProductCountDeCrease(AddToCartTestCases.java:110)
</failure>
    <system-out><![CDATA[product count exception
Session ID is null. Using WebDriver after calling quit()?
Build info: version: '3.0.1', revision: '1969d75', time: '2016-10-18 09:49:13 -0700'
System info: host: 'GCHAND-DT', ip: '10.24.35.10', os.name: 'Windows 10', os.arch: 'amd64', os.version: '10.0', java.version: '1.8.0_121'
Driver info: driver.version: RemoteWebDriver
]]></system-out>
    <system-err><![CDATA[Apr 18, 2017 6:55:35 PM org.openqa.selenium.remote.Augmenter extractRemoteWebDriver
WARNING: Augmenter should be applied to the instances of @Augmentable classes or previously augmented instances only
]]></system-err>
  </testcase>
  <testcase name="verifyCartProductCountDeCrease" classname="shield.enus.com.nvidia.www.javatests.AddToCartTestCases" time="5.098"/>
  <testcase name="verifyCartProductCountDeCrease" classname="shield.enus.com.nvidia.www.javatests.AddToCartTestCases" time="5.092"/>
  <testcase name="verifyCartProductCountDeCrease" classname="shield.enus.com.nvidia.www.javatests.AddToCartTestCases" time="6.159">
    <failure message="expected [true] but found [false]" type="java.lang.AssertionError">java.lang.AssertionError: expected [true] but found [false]
	at shield.enus.com.nvidia.www.javatests.AddToCartTestCases.verifyCartProductCountDeCrease(AddToCartTestCases.java:110)
</failure>
    <system-out><![CDATA[product count exception
Unable to locate element: .//li[@class='cart-item cart-item--330265600']/div[1]/a[1]
For documentation on this error, please visit: http://seleniumhq.org/exceptions/no_such_element.html
Build info: version: '3.0.1', revision: '1969d75', time: '2016-10-18 09:49:13 -0700'
System info: host: 'GCHAND-DT', ip: '10.24.35.10', os.name: 'Windows 10', os.arch: 'amd64', os.version: '10.0', java.version: '1.8.0_121'
Driver info: org.openqa.selenium.firefox.FirefoxDriver
Capabilities [{moz:profile=C:\Users\GCHAND~1.COM\AppData\Local\Temp\rust_mozprofile.hzXgP5s19DTW, rotatable=false, timeouts={implicit=0, page load=300000, script=30000}, pageLoadStrategy=normal, platform=ANY, specificationLevel=0, moz:accessibilityChecks=false, acceptInsecureCerts=false, browserVersion=52.0.2, platformVersion=10.0, moz:processID=15352, browserName=firefox, platformName=windows_nt}]
Session ID: 07b37a32-89c5-4a26-8370-c5514707a54d
*** Element info: {Using=xpath, value=.//li[@class='cart-item cart-item--330265600']/div[1]/a[1]}
]]></system-out>
    <system-err><![CDATA[Apr 18, 2017 6:57:56 PM org.openqa.selenium.remote.Augmenter extractRemoteWebDriver
WARNING: Augmenter should be applied to the instances of @Augmentable classes or previously augmented instances only
Apr 18, 2017 6:57:56 PM org.openqa.selenium.remote.Augmenter extractRemoteWebDriver
WARNING: Augmenter should be applied to the instances of @Augmentable classes or previously augmented instances only
Apr 18, 2017 6:57:57 PM org.openqa.selenium.remote.Augmenter extractRemoteWebDriver
WARNING: Augmenter should be applied to the instances of @Augmentable classes or previously augmented instances only
]]></system-err>
  </testcase>
  <testcase name="verifyCartProductCountDeCrease" classname="shield.enus.com.nvidia.www.javatests.AddToCartTestCases" time="5.102"/>
  <testcase name="verifyCartProductCountDeCrease" classname="shield.enus.com.nvidia.www.javatests.AddToCartTestCases" time="5.086"/>
  <testcase name="verifyCartProductCountDeCrease" classname="shield.enus.com.nvidia.www.javatests.AddToCartTestCases" time="5.104"/>
  <testcase name="verifyCartProductCountDeCrease" classname="shield.enus.com.nvidia.www.javatests.AddToCartTestCases" time="5.091"/>
  <testcase name="verifyCartProductCountDeCrease" classname="shield.enus.com.nvidia.www.javatests.AddToCartTestCases" time="5.057"/>
  <testcase name="verifyCartProductCountDeCrease" classname="shield.enus.com.nvidia.www.javatests.AddToCartTestCases" time="5.084"/>
  <testcase name="verifyCartProductCountDeCrease" classname="shield.enus.com.nvidia.www.javatests.AddToCartTestCases" time="5.091"/>
  <testcase name="verifyCartProductCountDeCrease" classname="shield.enus.com.nvidia.www.javatests.AddToCartTestCases" time="5.092"/>
  <testcase name="verifyCartProductCountDeCrease" classname="shield.enus.com.nvidia.www.javatests.AddToCartTestCases" time="5.115"/>
  <testcase name="verifyCartProductCountDeCrease" classname="shield.enus.com.nvidia.www.javatests.AddToCartTestCases" time="5.087"/>
  <testcase name="verifyCartProductCountDeCrease" classname="shield.enus.com.nvidia.www.javatests.AddToCartTestCases" time="6.189">
    <failure message="expected [true] but found [false]" type="java.lang.AssertionError">java.lang.AssertionError: expected [true] but found [false]
	at shield.enus.com.nvidia.www.javatests.AddToCartTestCases.verifyCartProductCountDeCrease(AddToCartTestCases.java:110)
</failure>
    <system-out><![CDATA[product count exception
Unable to locate element: .//li[@class='cart-item cart-item--327802300']/div[1]/a[1]
For documentation on this error, please visit: http://seleniumhq.org/exceptions/no_such_element.html
Build info: version: '3.0.1', revision: '1969d75', time: '2016-10-18 09:49:13 -0700'
System info: host: 'GCHAND-DT', ip: '10.24.35.10', os.name: 'Windows 10', os.arch: 'amd64', os.version: '10.0', java.version: '1.8.0_121'
Driver info: org.openqa.selenium.firefox.FirefoxDriver
Capabilities [{moz:profile=C:\Users\GCHAND~1.COM\AppData\Local\Temp\rust_mozprofile.AubjOgL7Yncw, rotatable=false, timeouts={implicit=0, page load=300000, script=30000}, pageLoadStrategy=normal, platform=ANY, specificationLevel=0, moz:accessibilityChecks=false, acceptInsecureCerts=false, browserVersion=52.0.2, platformVersion=10.0, moz:processID=16732, browserName=firefox, platformName=windows_nt}]
Session ID: b512e67e-9d99-417d-8d7a-a8848a1d8456
*** Element info: {Using=xpath, value=.//li[@class='cart-item cart-item--327802300']/div[1]/a[1]}
]]></system-out>
    <system-err><![CDATA[Apr 18, 2017 7:06:39 PM org.openqa.selenium.remote.Augmenter extractRemoteWebDriver
WARNING: Augmenter should be applied to the instances of @Augmentable classes or previously augmented instances only
Apr 18, 2017 7:06:40 PM org.openqa.selenium.remote.Augmenter extractRemoteWebDriver
WARNING: Augmenter should be applied to the instances of @Augmentable classes or previously augmented instances only
Apr 18, 2017 7:06:40 PM org.openqa.selenium.remote.Augmenter extractRemoteWebDriver
WARNING: Augmenter should be applied to the instances of @Augmentable classes or previously augmented instances only
]]></system-err>
  </testcase>
  <testcase name="verifyCartProductCountDeCrease" classname="shield.enus.com.nvidia.www.javatests.AddToCartTestCases" time="5.097"/>
  <testcase name="verifyCartProductCountDeCrease" classname="shield.enus.com.nvidia.www.javatests.AddToCartTestCases" time="5.106"/>
  <testcase name="verifyCartProductCountDeCrease" classname="shield.enus.com.nvidia.www.javatests.AddToCartTestCases" time="5.077"/>
  <testcase name="verifyCartProductCountDeCrease" classname="shield.enus.com.nvidia.www.javatests.AddToCartTestCases" time="5.122"/>
  <testcase name="verifyCartProductCountDeCrease" classname="shield.enus.com.nvidia.www.javatests.AddToCartTestCases" time="5.071"/>
  <testcase name="verifyCartProductCountDeCrease" classname="shield.enus.com.nvidia.www.javatests.AddToCartTestCases" time="7.397">
    <failure message="expected [true] but found [false]" type="java.lang.AssertionError">java.lang.AssertionError: expected [true] but found [false]
	at shield.enus.com.nvidia.www.javatests.AddToCartTestCases.verifyCartProductCountDeCrease(AddToCartTestCases.java:110)
</failure>
    <system-out><![CDATA[product count exception
Unable to locate element: .//li[@class='cart-item cart-item--5088905800']/div[1]/a[1]
For documentation on this error, please visit: http://seleniumhq.org/exceptions/no_such_element.html
Build info: version: '3.0.1', revision: '1969d75', time: '2016-10-18 09:49:13 -0700'
System info: host: 'GCHAND-DT', ip: '10.24.35.10', os.name: 'Windows 10', os.arch: 'amd64', os.version: '10.0', java.version: '1.8.0_121'
Driver info: org.openqa.selenium.firefox.FirefoxDriver
Capabilities [{moz:profile=C:\Users\GCHAND~1.COM\AppData\Local\Temp\rust_mozprofile.h3dsC4jYXvt5, rotatable=false, timeouts={implicit=0, page load=300000, script=30000}, pageLoadStrategy=normal, platform=ANY, specificationLevel=0, moz:accessibilityChecks=false, acceptInsecureCerts=false, browserVersion=52.0.2, platformVersion=10.0, moz:processID=11572, browserName=firefox, platformName=windows_nt}]
Session ID: fcf2fcda-1e64-49d6-a633-1ae044ffc183
*** Element info: {Using=xpath, value=.//li[@class='cart-item cart-item--5088905800']/div[1]/a[1]}
]]></system-out>
    <system-err><![CDATA[Apr 18, 2017 7:11:04 PM org.openqa.selenium.remote.Augmenter extractRemoteWebDriver
WARNING: Augmenter should be applied to the instances of @Augmentable classes or previously augmented instances only
Apr 18, 2017 7:11:05 PM org.openqa.selenium.remote.Augmenter extractRemoteWebDriver
WARNING: Augmenter should be applied to the instances of @Augmentable classes or previously augmented instances only
Apr 18, 2017 7:11:05 PM org.openqa.selenium.remote.Augmenter extractRemoteWebDriver
WARNING: Augmenter should be applied to the instances of @Augmentable classes or previously augmented instances only
Apr 18, 2017 7:11:06 PM org.openqa.selenium.remote.Augmenter extractRemoteWebDriver
WARNING: Augmenter should be applied to the instances of @Augmentable classes or previously augmented instances only
Apr 18, 2017 7:11:06 PM org.openqa.selenium.remote.Augmenter extractRemoteWebDriver
WARNING: Augmenter should be applied to the instances of @Augmentable classes or previously augmented instances only
Apr 18, 2017 7:11:06 PM org.openqa.selenium.remote.Augmenter extractRemoteWebDriver
WARNING: Augmenter should be applied to the instances of @Augmentable classes or previously augmented instances only
]]></system-err>
  </testcase>
  <testcase name="verifyCartProductCountDeCrease" classname="shield.enus.com.nvidia.www.javatests.AddToCartTestCases" time="5.086"/>
  <testcase name="verifyCartProductCountDeCrease" classname="shield.enus.com.nvidia.www.javatests.AddToCartTestCases" time="6.395">
    <failure message="expected [true] but found [false]" type="java.lang.AssertionError">java.lang.AssertionError: expected [true] but found [false]
	at shield.enus.com.nvidia.www.javatests.AddToCartTestCases.verifyCartProductCountDeCrease(AddToCartTestCases.java:110)
</failure>
    <system-out><![CDATA[product count exception
Unable to locate element: .//li[@class='cart-item cart-item--5088796400']/div[1]/a[1]
For documentation on this error, please visit: http://seleniumhq.org/exceptions/no_such_element.html
Build info: version: '3.0.1', revision: '1969d75', time: '2016-10-18 09:49:13 -0700'
System info: host: 'GCHAND-DT', ip: '10.24.35.10', os.name: 'Windows 10', os.arch: 'amd64', os.version: '10.0', java.version: '1.8.0_121'
Driver info: org.openqa.selenium.firefox.FirefoxDriver
Capabilities [{moz:profile=C:\Users\GCHAND~1.COM\AppData\Local\Temp\rust_mozprofile.6vw0lCLbMUsF, rotatable=false, timeouts={implicit=0, page load=300000, script=30000}, pageLoadStrategy=normal, platform=ANY, specificationLevel=0, moz:accessibilityChecks=false, acceptInsecureCerts=false, browserVersion=52.0.2, platformVersion=10.0, moz:processID=15312, browserName=firefox, platformName=windows_nt}]
Session ID: 0bfbaf1e-36db-4377-86bb-d7a2c1faff08
*** Element info: {Using=xpath, value=.//li[@class='cart-item cart-item--5088796400']/div[1]/a[1]}
]]></system-out>
    <system-err><![CDATA[Apr 18, 2017 7:13:07 PM org.openqa.selenium.remote.Augmenter extractRemoteWebDriver
WARNING: Augmenter should be applied to the instances of @Augmentable classes or previously augmented instances only
Apr 18, 2017 7:13:07 PM org.openqa.selenium.remote.Augmenter extractRemoteWebDriver
WARNING: Augmenter should be applied to the instances of @Augmentable classes or previously augmented instances only
Apr 18, 2017 7:13:08 PM org.openqa.selenium.remote.Augmenter extractRemoteWebDriver
WARNING: Augmenter should be applied to the instances of @Augmentable classes or previously augmented instances only
Apr 18, 2017 7:13:08 PM org.openqa.selenium.remote.Augmenter extractRemoteWebDriver
WARNING: Augmenter should be applied to the instances of @Augmentable classes or previously augmented instances only
]]></system-err>
  </testcase>
  <testcase name="verifyCartProductCountDeCrease" classname="shield.enus.com.nvidia.www.javatests.AddToCartTestCases" time="5.078"/>
  <testcase name="verifyCartProductCountDeCrease" classname="shield.enus.com.nvidia.www.javatests.AddToCartTestCases" time="5.114"/>
  <testcase name="verifyCartProductCountDeCrease" classname="shield.enus.com.nvidia.www.javatests.AddToCartTestCases" time="5.977">
    <failure message="expected [true] but found [false]" type="java.lang.AssertionError">java.lang.AssertionError: expected [true] but found [false]
	at shield.enus.com.nvidia.www.javatests.AddToCartTestCases.verifyCartProductCountDeCrease(AddToCartTestCases.java:110)
</failure>
    <system-out><![CDATA[product count exception
Unable to locate element: .//li[@class='cart-item cart-item--330265600']/div[1]/a[1]
For documentation on this error, please visit: http://seleniumhq.org/exceptions/no_such_element.html
Build info: version: '3.0.1', revision: '1969d75', time: '2016-10-18 09:49:13 -0700'
System info: host: 'GCHAND-DT', ip: '10.24.35.10', os.name: 'Windows 10', os.arch: 'amd64', os.version: '10.0', java.version: '1.8.0_121'
Driver info: org.openqa.selenium.firefox.FirefoxDriver
Capabilities [{moz:profile=C:\Users\GCHAND~1.COM\AppData\Local\Temp\rust_mozprofile.7tQEGTbfmm6T, rotatable=false, timeouts={implicit=0, page load=300000, script=30000}, pageLoadStrategy=normal, platform=ANY, specificationLevel=0, moz:accessibilityChecks=false, acceptInsecureCerts=false, browserVersion=52.0.2, platformVersion=10.0, moz:processID=8036, browserName=firefox, platformName=windows_nt}]
Session ID: d4a585f6-771e-41cf-978f-077f082e01b2
*** Element info: {Using=xpath, value=.//li[@class='cart-item cart-item--330265600']/div[1]/a[1]}
]]></system-out>
    <system-err><![CDATA[Apr 18, 2017 7:15:35 PM org.openqa.selenium.remote.Augmenter extractRemoteWebDriver
WARNING: Augmenter should be applied to the instances of @Augmentable classes or previously augmented instances only
Apr 18, 2017 7:15:36 PM org.openqa.selenium.remote.Augmenter extractRemoteWebDriver
WARNING: Augmenter should be applied to the instances of @Augmentable classes or previously augmented instances only
Apr 18, 2017 7:15:36 PM org.openqa.selenium.remote.Augmenter extractRemoteWebDriver
WARNING: Augmenter should be applied to the instances of @Augmentable classes or previously augmented instances only
]]></system-err>
  </testcase>
  <testcase name="verifyCartProductCountDeCrease" classname="shield.enus.com.nvidia.www.javatests.AddToCartTestCases" time="5.086"/>
  <testcase name="verifyCartProductCountDeCrease" classname="shield.enus.com.nvidia.www.javatests.AddToCartTestCases" time="5.115"/>
  <testcase name="verifyCartProductCountDeCrease" classname="shield.enus.com.nvidia.www.javatests.AddToCartTestCases" time="5.11"/>
  <testcase name="verifyCartProductCountDeCrease" classname="shield.enus.com.nvidia.www.javatests.AddToCartTestCases" time="5.088"/>
  <testcase name="verifyCartProductCountDeCrease" classname="shield.enus.com.nvidia.www.javatests.AddToCartTestCases" time="5.073"/>
  <testcase name="verifyCartProductCountDeCrease" classname="shield.enus.com.nvidia.www.javatests.AddToCartTestCases" time="5.099"/>
  <testcase name="verifyCartProductCountDeCrease" classname="shield.enus.com.nvidia.www.javatests.AddToCartTestCases" time="5.099"/>
  <testcase name="verifyCartProductCountDeCrease" classname="shield.enus.com.nvidia.www.javatests.AddToCartTestCases" time="6.345">
    <failure message="expected [true] but found [false]" type="java.lang.AssertionError">java.lang.AssertionError: expected [true] but found [false]
	at shield.enus.com.nvidia.www.javatests.AddToCartTestCases.verifyCartProductCountDeCrease(AddToCartTestCases.java:110)
</failure>
    <system-out><![CDATA[product count exception
Unable to locate element: .//li[@class='cart-item cart-item--5088796500']/div[1]/a[1]
For documentation on this error, please visit: http://seleniumhq.org/exceptions/no_such_element.html
Build info: version: '3.0.1', revision: '1969d75', time: '2016-10-18 09:49:13 -0700'
System info: host: 'GCHAND-DT', ip: '10.24.35.10', os.name: 'Windows 10', os.arch: 'amd64', os.version: '10.0', java.version: '1.8.0_121'
Driver info: org.openqa.selenium.firefox.FirefoxDriver
Capabilities [{moz:profile=C:\Users\GCHAND~1.COM\AppData\Local\Temp\rust_mozprofile.ctXGeUvsC0XS, rotatable=false, timeouts={implicit=0, page load=300000, script=30000}, pageLoadStrategy=normal, platform=ANY, specificationLevel=0, moz:accessibilityChecks=false, acceptInsecureCerts=false, browserVersion=52.0.2, platformVersion=10.0, moz:processID=15244, browserName=firefox, platformName=windows_nt}]
Session ID: e4fcfda9-43e9-46ef-89e5-db75bc7c4293
*** Element info: {Using=xpath, value=.//li[@class='cart-item cart-item--5088796500']/div[1]/a[1]}
]]></system-out>
    <system-err><![CDATA[Apr 18, 2017 7:21:53 PM org.openqa.selenium.remote.Augmenter extractRemoteWebDriver
WARNING: Augmenter should be applied to the instances of @Augmentable classes or previously augmented instances only
Apr 18, 2017 7:21:53 PM org.openqa.selenium.remote.Augmenter extractRemoteWebDriver
WARNING: Augmenter should be applied to the instances of @Augmentable classes or previously augmented instances only
Apr 18, 2017 7:21:53 PM org.openqa.selenium.remote.Augmenter extractRemoteWebDriver
WARNING: Augmenter should be applied to the instances of @Augmentable classes or previously augmented instances only
Apr 18, 2017 7:21:54 PM org.openqa.selenium.remote.Augmenter extractRemoteWebDriver
WARNING: Augmenter should be applied to the instances of @Augmentable classes or previously augmented instances only
]]></system-err>
  </testcase>
  <testcase name="verifyRemoveProductFromCart" classname="shield.enus.com.nvidia.www.javatests.AddToCartTestCases" time="5.092"/>
  <testcase name="verifyRemoveProductFromCart" classname="shield.enus.com.nvidia.www.javatests.AddToCartTestCases" time="5.081"/>
  <testcase name="verifyRemoveProductFromCart" classname="shield.enus.com.nvidia.www.javatests.AddToCartTestCases" time="5.107"/>
  <testcase name="verifyRemoveProductFromCart" classname="shield.enus.com.nvidia.www.javatests.AddToCartTestCases" time="5.119"/>
  <testcase name="verifyRemoveProductFromCart" classname="shield.enus.com.nvidia.www.javatests.AddToCartTestCases" time="5.101"/>
  <testcase name="verifyRemoveProductFromCart" classname="shield.enus.com.nvidia.www.javatests.AddToCartTestCases" time="5.11"/>
  <testcase name="verifyRemoveProductFromCart" classname="shield.enus.com.nvidia.www.javatests.AddToCartTestCases" time="5.106"/>
  <testcase name="verifyRemoveProductFromCart" classname="shield.enus.com.nvidia.www.javatests.AddToCartTestCases" time="5.128"/>
  <testcase name="verifyRemoveProductFromCart" classname="shield.enus.com.nvidia.www.javatests.AddToCartTestCases" time="5.088"/>
  <testcase name="verifyRemoveProductFromCart" classname="shield.enus.com.nvidia.www.javatests.AddToCartTestCases" time="5.109"/>
  <testcase name="verifyRemoveProductFromCart" classname="shield.enus.com.nvidia.www.javatests.AddToCartTestCases" time="5.124"/>
  <testcase name="verifyRemoveProductFromCart" classname="shield.enus.com.nvidia.www.javatests.AddToCartTestCases" time="5.082"/>
  <testcase name="verifyRemoveProductFromCart" classname="shield.enus.com.nvidia.www.javatests.AddToCartTestCases" time="5.071"/>
  <testcase name="verifyRemoveProductFromCart" classname="shield.enus.com.nvidia.www.javatests.AddToCartTestCases" time="1.111">
    <failure message="expected [true] but found [false]" type="java.lang.AssertionError">java.lang.AssertionError: expected [true] but found [false]
	at shield.enus.com.nvidia.www.javatests.AddToCartTestCases.verifyRemoveProductFromCart(AddToCartTestCases.java:119)
</failure>
    <system-out><![CDATA[Remove functionalites not working exception
]]></system-out>
    <system-err><![CDATA[Apr 18, 2017 6:23:51 PM org.openqa.selenium.remote.Augmenter extractRemoteWebDriver
WARNING: Augmenter should be applied to the instances of @Augmentable classes or previously augmented instances only
Apr 18, 2017 6:23:51 PM org.openqa.selenium.remote.Augmenter extractRemoteWebDriver
WARNING: Augmenter should be applied to the instances of @Augmentable classes or previously augmented instances only
Apr 18, 2017 6:23:52 PM org.openqa.selenium.remote.Augmenter extractRemoteWebDriver
WARNING: Augmenter should be applied to the instances of @Augmentable classes or previously augmented instances only
]]></system-err>
  </testcase>
  <testcase name="verifyRemoveProductFromCart" classname="shield.enus.com.nvidia.www.javatests.AddToCartTestCases" time="5.109"/>
  <testcase name="verifyRemoveProductFromCart" classname="shield.enus.com.nvidia.www.javatests.AddToCartTestCases" time="5.102"/>
  <testcase name="verifyRemoveProductFromCart" classname="shield.enus.com.nvidia.www.javatests.AddToCartTestCases" time="5.108"/>
  <testcase name="verifyRemoveProductFromCart" classname="shield.enus.com.nvidia.www.javatests.AddToCartTestCases" time="5.113"/>
  <testcase name="verifyRemoveProductFromCart" classname="shield.enus.com.nvidia.www.javatests.AddToCartTestCases" time="5.11"/>
  <testcase name="verifyRemoveProductFromCart" classname="shield.enus.com.nvidia.www.javatests.AddToCartTestCases" time="2.056">
    <failure message="expected [true] but found [false]" type="java.lang.AssertionError">java.lang.AssertionError: expected [true] but found [false]
	at shield.enus.com.nvidia.www.javatests.AddToCartTestCases.verifyRemoveProductFromCart(AddToCartTestCases.java:119)
</failure>
    <system-out><![CDATA[Remove functionalites not working exception
]]></system-out>
    <system-err><![CDATA[Apr 18, 2017 6:28:25 PM org.openqa.selenium.remote.Augmenter extractRemoteWebDriver
WARNING: Augmenter should be applied to the instances of @Augmentable classes or previously augmented instances only
Apr 18, 2017 6:28:25 PM org.openqa.selenium.remote.Augmenter extractRemoteWebDriver
WARNING: Augmenter should be applied to the instances of @Augmentable classes or previously augmented instances only
Apr 18, 2017 6:28:25 PM org.openqa.selenium.remote.Augmenter extractRemoteWebDriver
WARNING: Augmenter should be applied to the instances of @Augmentable classes or previously augmented instances only
Apr 18, 2017 6:28:26 PM org.openqa.selenium.remote.Augmenter extractRemoteWebDriver
WARNING: Augmenter should be applied to the instances of @Augmentable classes or previously augmented instances only
Apr 18, 2017 6:28:26 PM org.openqa.selenium.remote.Augmenter extractRemoteWebDriver
WARNING: Augmenter should be applied to the instances of @Augmentable classes or previously augmented instances only
Apr 18, 2017 6:28:26 PM org.openqa.selenium.remote.Augmenter extractRemoteWebDriver
WARNING: Augmenter should be applied to the instances of @Augmentable classes or previously augmented instances only
]]></system-err>
  </testcase>
  <testcase name="verifyRemoveProductFromCart" classname="shield.enus.com.nvidia.www.javatests.AddToCartTestCases" time="5.107"/>
  <testcase name="verifyRemoveProductFromCart" classname="shield.enus.com.nvidia.www.javatests.AddToCartTestCases" time="5.129"/>
  <testcase name="verifyRemoveProductFromCart" classname="shield.enus.com.nvidia.www.javatests.AddToCartTestCases" time="5.076"/>
  <testcase name="verifyRemoveProductFromCart" classname="shield.enus.com.nvidia.www.javatests.AddToCartTestCases" time="5.117"/>
  <testcase name="verifyRemoveProductFromCart" classname="shield.enus.com.nvidia.www.javatests.AddToCartTestCases" time="2.09">
    <failure message="expected [true] but found [false]" type="java.lang.AssertionError">java.lang.AssertionError: expected [true] but found [false]
	at shield.enus.com.nvidia.www.javatests.AddToCartTestCases.verifyRemoveProductFromCart(AddToCartTestCases.java:119)
</failure>
    <system-out><![CDATA[Remove functionalites not working exception
]]></system-out>
    <system-err><![CDATA[Apr 18, 2017 6:33:01 PM org.openqa.selenium.remote.Augmenter extractRemoteWebDriver
WARNING: Augmenter should be applied to the instances of @Augmentable classes or previously augmented instances only
Apr 18, 2017 6:33:01 PM org.openqa.selenium.remote.Augmenter extractRemoteWebDriver
WARNING: Augmenter should be applied to the instances of @Augmentable classes or previously augmented instances only
Apr 18, 2017 6:33:02 PM org.openqa.selenium.remote.Augmenter extractRemoteWebDriver
WARNING: Augmenter should be applied to the instances of @Augmentable classes or previously augmented instances only
Apr 18, 2017 6:33:02 PM org.openqa.selenium.remote.Augmenter extractRemoteWebDriver
WARNING: Augmenter should be applied to the instances of @Augmentable classes or previously augmented instances only
Apr 18, 2017 6:33:02 PM org.openqa.selenium.remote.Augmenter extractRemoteWebDriver
WARNING: Augmenter should be applied to the instances of @Augmentable classes or previously augmented instances only
[NPAPI 18328] WARNING: pipe error: 109: file c:/builds/moz2_slave/m-rel-w32-00000000000000000000/build/src/ipc/chromium/src/chrome/common/ipc_channel_win.cc, line 345
Apr 18, 2017 6:33:03 PM org.openqa.selenium.remote.Augmenter extractRemoteWebDriver
WARNING: Augmenter should be applied to the instances of @Augmentable classes or previously augmented instances only
]]></system-err>
  </testcase>
  <testcase name="verifyRemoveProductFromCart" classname="shield.enus.com.nvidia.www.javatests.AddToCartTestCases" time="2.415">
    <failure message="expected [true] but found [false]" type="java.lang.AssertionError">java.lang.AssertionError: expected [true] but found [false]
	at shield.enus.com.nvidia.www.javatests.AddToCartTestCases.verifyRemoveProductFromCart(AddToCartTestCases.java:119)
</failure>
    <system-out><![CDATA[Remove functionalites not working exception
]]></system-out>
    <system-err><![CDATA[Apr 18, 2017 6:35:00 PM org.openqa.selenium.remote.Augmenter extractRemoteWebDriver
WARNING: Augmenter should be applied to the instances of @Augmentable classes or previously augmented instances only
Apr 18, 2017 6:35:01 PM org.openqa.selenium.remote.Augmenter extractRemoteWebDriver
WARNING: Augmenter should be applied to the instances of @Augmentable classes or previously augmented instances only
Apr 18, 2017 6:35:01 PM org.openqa.selenium.remote.Augmenter extractRemoteWebDriver
WARNING: Augmenter should be applied to the instances of @Augmentable classes or previously augmented instances only
Apr 18, 2017 6:35:02 PM org.openqa.selenium.remote.Augmenter extractRemoteWebDriver
WARNING: Augmenter should be applied to the instances of @Augmentable classes or previously augmented instances only
Apr 18, 2017 6:35:02 PM org.openqa.selenium.remote.Augmenter extractRemoteWebDriver
WARNING: Augmenter should be applied to the instances of @Augmentable classes or previously augmented instances only
Apr 18, 2017 6:35:02 PM org.openqa.selenium.remote.Augmenter extractRemoteWebDriver
WARNING: Augmenter should be applied to the instances of @Augmentable classes or previously augmented instances only
]]></system-err>
  </testcase>
  <testcase name="verifyRemoveProductFromCart" classname="shield.enus.com.nvidia.www.javatests.AddToCartTestCases" time="5.135"/>
  <testcase name="verifyRemoveProductFromCart" classname="shield.enus.com.nvidia.www.javatests.AddToCartTestCases" time="5.123"/>
  <testcase name="verifyRemoveProductFromCart" classname="shield.enus.com.nvidia.www.javatests.AddToCartTestCases" time="5.099"/>
  <testcase name="verifyRemoveProductFromCart" classname="shield.enus.com.nvidia.www.javatests.AddToCartTestCases" time="5.123"/>
  <testcase name="verifyRemoveProductFromCart" classname="shield.enus.com.nvidia.www.javatests.AddToCartTestCases" time="5.113"/>
  <testcase name="verifyRemoveProductFromCart" classname="shield.enus.com.nvidia.www.javatests.AddToCartTestCases" time="0.235">
    <failure message="expected [true] but found [false]" type="java.lang.AssertionError">java.lang.AssertionError: expected [true] but found [false]
	at shield.enus.com.nvidia.www.javatests.AddToCartTestCases.verifyRemoveProductFromCart(AddToCartTestCases.java:119)
</failure>
    <system-out><![CDATA[Remove functionalites not working exception
]]></system-out>
    <system-err><![CDATA[Apr 18, 2017 6:38:48 PM org.openqa.selenium.remote.Augmenter extractRemoteWebDriver
WARNING: Augmenter should be applied to the instances of @Augmentable classes or previously augmented instances only
]]></system-err>
  </testcase>
  <testcase name="verifyRemoveProductFromCart" classname="shield.enus.com.nvidia.www.javatests.AddToCartTestCases" time="5.053"/>
  <testcase name="verifyRemoveProductFromCart" classname="shield.enus.com.nvidia.www.javatests.AddToCartTestCases" time="5.066"/>
  <testcase name="verifyRemoveProductFromCart" classname="shield.enus.com.nvidia.www.javatests.AddToCartTestCases" time="1.107">
    <failure message="expected [true] but found [false]" type="java.lang.AssertionError">java.lang.AssertionError: expected [true] but found [false]
	at shield.enus.com.nvidia.www.javatests.AddToCartTestCases.verifyRemoveProductFromCart(AddToCartTestCases.java:119)
</failure>
    <system-out><![CDATA[Remove functionalites not working exception
]]></system-out>
    <system-err><![CDATA[Apr 18, 2017 6:41:11 PM org.openqa.selenium.remote.Augmenter extractRemoteWebDriver
WARNING: Augmenter should be applied to the instances of @Augmentable classes or previously augmented instances only
Apr 18, 2017 6:41:11 PM org.openqa.selenium.remote.Augmenter extractRemoteWebDriver
WARNING: Augmenter should be applied to the instances of @Augmentable classes or previously augmented instances only
Apr 18, 2017 6:41:11 PM org.openqa.selenium.remote.Augmenter extractRemoteWebDriver
WARNING: Augmenter should be applied to the instances of @Augmentable classes or previously augmented instances only
]]></system-err>
  </testcase>
  <testcase name="verifyRemoveProductFromCart" classname="shield.enus.com.nvidia.www.javatests.AddToCartTestCases" time="5.093"/>
  <testcase name="verifyRemoveProductFromCart" classname="shield.enus.com.nvidia.www.javatests.AddToCartTestCases" time="5.099"/>
  <testcase name="verifyRemoveProductFromCart" classname="shield.enus.com.nvidia.www.javatests.AddToCartTestCases" time="5.118"/>
  <testcase name="verifyRemoveProductFromCart" classname="shield.enus.com.nvidia.www.javatests.AddToCartTestCases" time="5.103"/>
  <testcase name="verifyRemoveProductFromCart" classname="shield.enus.com.nvidia.www.javatests.AddToCartTestCases" time="5.108"/>
  <testcase name="verifyRemoveProductFromCart" classname="shield.enus.com.nvidia.www.javatests.AddToCartTestCases" time="5.088"/>
  <testcase name="verifyRemoveProductFromCart" classname="shield.enus.com.nvidia.www.javatests.AddToCartTestCases" time="5.101"/>
  <testcase name="verifyRemoveProductFromCart" classname="shield.enus.com.nvidia.www.javatests.AddToCartTestCases" time="0.196">
    <failure message="expected [true] but found [false]" type="java.lang.AssertionError">java.lang.AssertionError: expected [true] but found [false]
	at shield.enus.com.nvidia.www.javatests.AddToCartTestCases.verifyRemoveProductFromCart(AddToCartTestCases.java:119)
</failure>
    <system-out><![CDATA[Remove functionalites not working exception
]]></system-out>
    <system-err><![CDATA[Apr 18, 2017 6:47:15 PM org.openqa.selenium.remote.Augmenter extractRemoteWebDriver
WARNING: Augmenter should be applied to the instances of @Augmentable classes or previously augmented instances only
]]></system-err>
  </testcase>
  <testcase name="verifyRemoveProductFromCart" classname="shield.enus.com.nvidia.www.javatests.AddToCartTestCases" time="5.123"/>
  <testcase name="verifyRemoveProductFromCart" classname="shield.enus.com.nvidia.www.javatests.AddToCartTestCases" time="5.093"/>
  <testcase name="verifyRemoveProductFromCart" classname="shield.enus.com.nvidia.www.javatests.AddToCartTestCases" time="1.085">
    <failure message="expected [true] but found [false]" type="java.lang.AssertionError">java.lang.AssertionError: expected [true] but found [false]
	at shield.enus.com.nvidia.www.javatests.AddToCartTestCases.verifyRemoveProductFromCart(AddToCartTestCases.java:119)
</failure>
    <system-out><![CDATA[Remove functionalites not working exception
]]></system-out>
    <system-err><![CDATA[Apr 18, 2017 6:49:38 PM org.openqa.selenium.remote.Augmenter extractRemoteWebDriver
WARNING: Augmenter should be applied to the instances of @Augmentable classes or previously augmented instances only
Apr 18, 2017 6:49:39 PM org.openqa.selenium.remote.Augmenter extractRemoteWebDriver
WARNING: Augmenter should be applied to the instances of @Augmentable classes or previously augmented instances only
Apr 18, 2017 6:49:39 PM org.openqa.selenium.remote.Augmenter extractRemoteWebDriver
WARNING: Augmenter should be applied to the instances of @Augmentable classes or previously augmented instances only
]]></system-err>
  </testcase>
  <testcase name="verifyRemoveProductFromCart" classname="shield.enus.com.nvidia.www.javatests.AddToCartTestCases" time="5.12"/>
  <testcase name="verifyRemoveProductFromCart" classname="shield.enus.com.nvidia.www.javatests.AddToCartTestCases" time="5.088"/>
  <testcase name="verifyRemoveProductFromCart" classname="shield.enus.com.nvidia.www.javatests.AddToCartTestCases" time="5.111"/>
  <testcase name="verifyRemoveProductFromCart" classname="shield.enus.com.nvidia.www.javatests.AddToCartTestCases" time="5.112"/>
  <testcase name="verifyRemoveProductFromCart" classname="shield.enus.com.nvidia.www.javatests.AddToCartTestCases" time="5.1"/>
  <testcase name="verifyRemoveProductFromCart" classname="shield.enus.com.nvidia.www.javatests.AddToCartTestCases" time="5.095"/>
  <testcase name="verifyRemoveProductFromCart" classname="shield.enus.com.nvidia.www.javatests.AddToCartTestCases" time="5.108"/>
  <testcase name="verifyRemoveProductFromCart" classname="shield.enus.com.nvidia.www.javatests.AddToCartTestCases" time="0.244">
    <failure message="expected [true] but found [false]" type="java.lang.AssertionError">java.lang.AssertionError: expected [true] but found [false]
	at shield.enus.com.nvidia.www.javatests.AddToCartTestCases.verifyRemoveProductFromCart(AddToCartTestCases.java:119)
</failure>
    <system-out><![CDATA[Remove functionalites not working exception
]]></system-out>
    <system-err><![CDATA[Apr 18, 2017 6:55:35 PM org.openqa.selenium.remote.Augmenter extractRemoteWebDriver
WARNING: Augmenter should be applied to the instances of @Augmentable classes or previously augmented instances only
]]></system-err>
  </testcase>
  <testcase name="verifyRemoveProductFromCart" classname="shield.enus.com.nvidia.www.javatests.AddToCartTestCases" time="5.101"/>
  <testcase name="verifyRemoveProductFromCart" classname="shield.enus.com.nvidia.www.javatests.AddToCartTestCases" time="5.124"/>
  <testcase name="verifyRemoveProductFromCart" classname="shield.enus.com.nvidia.www.javatests.AddToCartTestCases" time="1.109">
    <failure message="expected [true] but found [false]" type="java.lang.AssertionError">java.lang.AssertionError: expected [true] but found [false]
	at shield.enus.com.nvidia.www.javatests.AddToCartTestCases.verifyRemoveProductFromCart(AddToCartTestCases.java:119)
</failure>
    <system-out><![CDATA[Remove functionalites not working exception
]]></system-out>
    <system-err><![CDATA[Apr 18, 2017 6:57:57 PM org.openqa.selenium.remote.Augmenter extractRemoteWebDriver
WARNING: Augmenter should be applied to the instances of @Augmentable classes or previously augmented instances only
Apr 18, 2017 6:57:57 PM org.openqa.selenium.remote.Augmenter extractRemoteWebDriver
WARNING: Augmenter should be applied to the instances of @Augmentable classes or previously augmented instances only
Apr 18, 2017 6:57:58 PM org.openqa.selenium.remote.Augmenter extractRemoteWebDriver
WARNING: Augmenter should be applied to the instances of @Augmentable classes or previously augmented instances only
]]></system-err>
  </testcase>
  <testcase name="verifyRemoveProductFromCart" classname="shield.enus.com.nvidia.www.javatests.AddToCartTestCases" time="5.117"/>
  <testcase name="verifyRemoveProductFromCart" classname="shield.enus.com.nvidia.www.javatests.AddToCartTestCases" time="5.111"/>
  <testcase name="verifyRemoveProductFromCart" classname="shield.enus.com.nvidia.www.javatests.AddToCartTestCases" time="5.101"/>
  <testcase name="verifyRemoveProductFromCart" classname="shield.enus.com.nvidia.www.javatests.AddToCartTestCases" time="5.096"/>
  <testcase name="verifyRemoveProductFromCart" classname="shield.enus.com.nvidia.www.javatests.AddToCartTestCases" time="5.085"/>
  <testcase name="verifyRemoveProductFromCart" classname="shield.enus.com.nvidia.www.javatests.AddToCartTestCases" time="5.087"/>
  <testcase name="verifyRemoveProductFromCart" classname="shield.enus.com.nvidia.www.javatests.AddToCartTestCases" time="5.114"/>
  <testcase name="verifyRemoveProductFromCart" classname="shield.enus.com.nvidia.www.javatests.AddToCartTestCases" time="5.139"/>
  <testcase name="verifyRemoveProductFromCart" classname="shield.enus.com.nvidia.www.javatests.AddToCartTestCases" time="5.111"/>
  <testcase name="verifyRemoveProductFromCart" classname="shield.enus.com.nvidia.www.javatests.AddToCartTestCases" time="5.128"/>
  <testcase name="verifyRemoveProductFromCart" classname="shield.enus.com.nvidia.www.javatests.AddToCartTestCases" time="1.107">
    <failure message="expected [true] but found [false]" type="java.lang.AssertionError">java.lang.AssertionError: expected [true] but found [false]
	at shield.enus.com.nvidia.www.javatests.AddToCartTestCases.verifyRemoveProductFromCart(AddToCartTestCases.java:119)
</failure>
    <system-out><![CDATA[Remove functionalites not working exception
]]></system-out>
    <system-err><![CDATA[Apr 18, 2017 7:06:40 PM org.openqa.selenium.remote.Augmenter extractRemoteWebDriver
WARNING: Augmenter should be applied to the instances of @Augmentable classes or previously augmented instances only
Apr 18, 2017 7:06:41 PM org.openqa.selenium.remote.Augmenter extractRemoteWebDriver
WARNING: Augmenter should be applied to the instances of @Augmentable classes or previously augmented instances only
Apr 18, 2017 7:06:41 PM org.openqa.selenium.remote.Augmenter extractRemoteWebDriver
WARNING: Augmenter should be applied to the instances of @Augmentable classes or previously augmented instances only
]]></system-err>
  </testcase>
  <testcase name="verifyRemoveProductFromCart" classname="shield.enus.com.nvidia.www.javatests.AddToCartTestCases" time="5.123"/>
  <testcase name="verifyRemoveProductFromCart" classname="shield.enus.com.nvidia.www.javatests.AddToCartTestCases" time="5.101"/>
  <testcase name="verifyRemoveProductFromCart" classname="shield.enus.com.nvidia.www.javatests.AddToCartTestCases" time="5.071"/>
  <testcase name="verifyRemoveProductFromCart" classname="shield.enus.com.nvidia.www.javatests.AddToCartTestCases" time="5.115"/>
  <testcase name="verifyRemoveProductFromCart" classname="shield.enus.com.nvidia.www.javatests.AddToCartTestCases" time="5.109"/>
  <testcase name="verifyRemoveProductFromCart" classname="shield.enus.com.nvidia.www.javatests.AddToCartTestCases" time="2.452">
    <failure message="expected [true] but found [false]" type="java.lang.AssertionError">java.lang.AssertionError: expected [true] but found [false]
	at shield.enus.com.nvidia.www.javatests.AddToCartTestCases.verifyRemoveProductFromCart(AddToCartTestCases.java:119)
</failure>
    <system-out><![CDATA[Remove functionalites not working exception
]]></system-out>
    <system-err><![CDATA[Apr 18, 2017 7:11:07 PM org.openqa.selenium.remote.Augmenter extractRemoteWebDriver
WARNING: Augmenter should be applied to the instances of @Augmentable classes or previously augmented instances only
Apr 18, 2017 7:11:07 PM org.openqa.selenium.remote.Augmenter extractRemoteWebDriver
WARNING: Augmenter should be applied to the instances of @Augmentable classes or previously augmented instances only
Apr 18, 2017 7:11:08 PM org.openqa.selenium.remote.Augmenter extractRemoteWebDriver
WARNING: Augmenter should be applied to the instances of @Augmentable classes or previously augmented instances only
Apr 18, 2017 7:11:08 PM org.openqa.selenium.remote.Augmenter extractRemoteWebDriver
WARNING: Augmenter should be applied to the instances of @Augmentable classes or previously augmented instances only
Apr 18, 2017 7:11:08 PM org.openqa.selenium.remote.Augmenter extractRemoteWebDriver
WARNING: Augmenter should be applied to the instances of @Augmentable classes or previously augmented instances only
Apr 18, 2017 7:11:09 PM org.openqa.selenium.remote.Augmenter extractRemoteWebDriver
WARNING: Augmenter should be applied to the instances of @Augmentable classes or previously augmented instances only
]]></system-err>
  </testcase>
  <testcase name="verifyRemoveProductFromCart" classname="shield.enus.com.nvidia.www.javatests.AddToCartTestCases" time="5.109"/>
  <testcase name="verifyRemoveProductFromCart" classname="shield.enus.com.nvidia.www.javatests.AddToCartTestCases" time="1.281">
    <failure message="expected [true] but found [false]" type="java.lang.AssertionError">java.lang.AssertionError: expected [true] but found [false]
	at shield.enus.com.nvidia.www.javatests.AddToCartTestCases.verifyRemoveProductFromCart(AddToCartTestCases.java:119)
</failure>
    <system-out><![CDATA[Remove functionalites not working exception
]]></system-out>
    <system-err><![CDATA[Apr 18, 2017 7:13:08 PM org.openqa.selenium.remote.Augmenter extractRemoteWebDriver
WARNING: Augmenter should be applied to the instances of @Augmentable classes or previously augmented instances only
Apr 18, 2017 7:13:09 PM org.openqa.selenium.remote.Augmenter extractRemoteWebDriver
WARNING: Augmenter should be applied to the instances of @Augmentable classes or previously augmented instances only
Apr 18, 2017 7:13:09 PM org.openqa.selenium.remote.Augmenter extractRemoteWebDriver
WARNING: Augmenter should be applied to the instances of @Augmentable classes or previously augmented instances only
Apr 18, 2017 7:13:09 PM org.openqa.selenium.remote.Augmenter extractRemoteWebDriver
WARNING: Augmenter should be applied to the instances of @Augmentable classes or previously augmented instances only
]]></system-err>
  </testcase>
  <testcase name="verifyRemoveProductFromCart" classname="shield.enus.com.nvidia.www.javatests.AddToCartTestCases" time="5.103"/>
  <testcase name="verifyRemoveProductFromCart" classname="shield.enus.com.nvidia.www.javatests.AddToCartTestCases" time="5.104"/>
  <testcase name="verifyRemoveProductFromCart" classname="shield.enus.com.nvidia.www.javatests.AddToCartTestCases" time="1.021">
    <failure message="expected [true] but found [false]" type="java.lang.AssertionError">java.lang.AssertionError: expected [true] but found [false]
	at shield.enus.com.nvidia.www.javatests.AddToCartTestCases.verifyRemoveProductFromCart(AddToCartTestCases.java:119)
</failure>
    <system-out><![CDATA[Remove functionalites not working exception
]]></system-out>
    <system-err><![CDATA[Apr 18, 2017 7:15:36 PM org.openqa.selenium.remote.Augmenter extractRemoteWebDriver
WARNING: Augmenter should be applied to the instances of @Augmentable classes or previously augmented instances only
Apr 18, 2017 7:15:37 PM org.openqa.selenium.remote.Augmenter extractRemoteWebDriver
WARNING: Augmenter should be applied to the instances of @Augmentable classes or previously augmented instances only
Apr 18, 2017 7:15:37 PM org.openqa.selenium.remote.Augmenter extractRemoteWebDriver
WARNING: Augmenter should be applied to the instances of @Augmentable classes or previously augmented instances only
]]></system-err>
  </testcase>
  <testcase name="verifyRemoveProductFromCart" classname="shield.enus.com.nvidia.www.javatests.AddToCartTestCases" time="5.081"/>
  <testcase name="verifyRemoveProductFromCart" classname="shield.enus.com.nvidia.www.javatests.AddToCartTestCases" time="5.087"/>
  <testcase name="verifyRemoveProductFromCart" classname="shield.enus.com.nvidia.www.javatests.AddToCartTestCases" time="5.051"/>
  <testcase name="verifyRemoveProductFromCart" classname="shield.enus.com.nvidia.www.javatests.AddToCartTestCases" time="5.101"/>
  <testcase name="verifyRemoveProductFromCart" classname="shield.enus.com.nvidia.www.javatests.AddToCartTestCases" time="5.043"/>
  <testcase name="verifyRemoveProductFromCart" classname="shield.enus.com.nvidia.www.javatests.AddToCartTestCases" time="5.121"/>
  <testcase name="verifyRemoveProductFromCart" classname="shield.enus.com.nvidia.www.javatests.AddToCartTestCases" time="5.045"/>
  <testcase name="verifyRemoveProductFromCart" classname="shield.enus.com.nvidia.www.javatests.AddToCartTestCases" time="1.273">
    <failure message="expected [true] but found [false]" type="java.lang.AssertionError">java.lang.AssertionError: expected [true] but found [false]
	at shield.enus.com.nvidia.www.javatests.AddToCartTestCases.verifyRemoveProductFromCart(AddToCartTestCases.java:119)
</failure>
    <system-out><![CDATA[Remove functionalites not working exception
]]></system-out>
    <system-err><![CDATA[Apr 18, 2017 7:21:54 PM org.openqa.selenium.remote.Augmenter extractRemoteWebDriver
WARNING: Augmenter should be applied to the instances of @Augmentable classes or previously augmented instances only
Apr 18, 2017 7:21:54 PM org.openqa.selenium.remote.Augmenter extractRemoteWebDriver
WARNING: Augmenter should be applied to the instances of @Augmentable classes or previously augmented instances only
Apr 18, 2017 7:21:55 PM org.openqa.selenium.remote.Augmenter extractRemoteWebDriver
WARNING: Augmenter should be applied to the instances of @Augmentable classes or previously augmented instances only
Apr 18, 2017 7:21:55 PM org.openqa.selenium.remote.Augmenter extractRemoteWebDriver
WARNING: Augmenter should be applied to the instances of @Augmentable classes or previously augmented instances only
]]></system-err>
  </testcase>
  <testcase name="verifyCartEmptymessage" classname="shield.enus.com.nvidia.www.javatests.AddToCartTestCases" time="5.062"/>
  <testcase name="verifyCartEmptymessage" classname="shield.enus.com.nvidia.www.javatests.AddToCartTestCases" time="5.084"/>
  <testcase name="verifyCartEmptymessage" classname="shield.enus.com.nvidia.www.javatests.AddToCartTestCases" time="5.08"/>
  <testcase name="verifyCartEmptymessage" classname="shield.enus.com.nvidia.www.javatests.AddToCartTestCases" time="5.075"/>
  <testcase name="verifyCartEmptymessage" classname="shield.enus.com.nvidia.www.javatests.AddToCartTestCases" time="5.055"/>
  <testcase name="verifyCartEmptymessage" classname="shield.enus.com.nvidia.www.javatests.AddToCartTestCases" time="5.112"/>
  <testcase name="verifyCartEmptymessage" classname="shield.enus.com.nvidia.www.javatests.AddToCartTestCases" time="5.096"/>
  <testcase name="verifyCartEmptymessage" classname="shield.enus.com.nvidia.www.javatests.AddToCartTestCases" time="5.06"/>
  <testcase name="verifyCartEmptymessage" classname="shield.enus.com.nvidia.www.javatests.AddToCartTestCases" time="5.09"/>
  <testcase name="verifyCartEmptymessage" classname="shield.enus.com.nvidia.www.javatests.AddToCartTestCases" time="5.07"/>
  <testcase name="verifyCartEmptymessage" classname="shield.enus.com.nvidia.www.javatests.AddToCartTestCases" time="5.035"/>
  <testcase name="verifyCartEmptymessage" classname="shield.enus.com.nvidia.www.javatests.AddToCartTestCases" time="5.061"/>
  <testcase name="verifyCartEmptymessage" classname="shield.enus.com.nvidia.www.javatests.AddToCartTestCases" time="5.065"/>
  <testcase name="verifyCartEmptymessage" classname="shield.enus.com.nvidia.www.javatests.AddToCartTestCases" time="6.252">
    <failure message="expected [true] but found [false]" type="java.lang.AssertionError">java.lang.AssertionError: expected [true] but found [false]
	at shield.enus.com.nvidia.www.javatests.AddToCartTestCases.verifyCartEmptymessage(AddToCartTestCases.java:127)
</failure>
    <system-out><![CDATA[product has remvoed from cart
Empty message is not showing, Exception 
]]></system-out>
    <system-err><![CDATA[Apr 18, 2017 6:23:57 PM org.openqa.selenium.remote.Augmenter extractRemoteWebDriver
WARNING: Augmenter should be applied to the instances of @Augmentable classes or previously augmented instances only
Apr 18, 2017 6:23:58 PM org.openqa.selenium.remote.Augmenter extractRemoteWebDriver
WARNING: Augmenter should be applied to the instances of @Augmentable classes or previously augmented instances only
Apr 18, 2017 6:23:58 PM org.openqa.selenium.remote.Augmenter extractRemoteWebDriver
WARNING: Augmenter should be applied to the instances of @Augmentable classes or previously augmented instances only
]]></system-err>
  </testcase>
  <testcase name="verifyCartEmptymessage" classname="shield.enus.com.nvidia.www.javatests.AddToCartTestCases" time="5.065"/>
  <testcase name="verifyCartEmptymessage" classname="shield.enus.com.nvidia.www.javatests.AddToCartTestCases" time="5.085"/>
  <testcase name="verifyCartEmptymessage" classname="shield.enus.com.nvidia.www.javatests.AddToCartTestCases" time="5.085"/>
  <testcase name="verifyCartEmptymessage" classname="shield.enus.com.nvidia.www.javatests.AddToCartTestCases" time="5.079"/>
  <testcase name="verifyCartEmptymessage" classname="shield.enus.com.nvidia.www.javatests.AddToCartTestCases" time="5.086"/>
  <testcase name="verifyCartEmptymessage" classname="shield.enus.com.nvidia.www.javatests.AddToCartTestCases" time="7.198">
    <failure message="expected [true] but found [false]" type="java.lang.AssertionError">java.lang.AssertionError: expected [true] but found [false]
	at shield.enus.com.nvidia.www.javatests.AddToCartTestCases.verifyCartEmptymessage(AddToCartTestCases.java:127)
</failure>
    <system-out><![CDATA[product has remvoed from cart
Empty message is not showing, Exception 
]]></system-out>
    <system-err><![CDATA[Apr 18, 2017 6:28:32 PM org.openqa.selenium.remote.Augmenter extractRemoteWebDriver
WARNING: Augmenter should be applied to the instances of @Augmentable classes or previously augmented instances only
Apr 18, 2017 6:28:32 PM org.openqa.selenium.remote.Augmenter extractRemoteWebDriver
WARNING: Augmenter should be applied to the instances of @Augmentable classes or previously augmented instances only
Apr 18, 2017 6:28:33 PM org.openqa.selenium.remote.Augmenter extractRemoteWebDriver
WARNING: Augmenter should be applied to the instances of @Augmentable classes or previously augmented instances only
Apr 18, 2017 6:28:33 PM org.openqa.selenium.remote.Augmenter extractRemoteWebDriver
WARNING: Augmenter should be applied to the instances of @Augmentable classes or previously augmented instances only
Apr 18, 2017 6:28:33 PM org.openqa.selenium.remote.Augmenter extractRemoteWebDriver
WARNING: Augmenter should be applied to the instances of @Augmentable classes or previously augmented instances only
Apr 18, 2017 6:28:33 PM org.openqa.selenium.remote.Augmenter extractRemoteWebDriver
WARNING: Augmenter should be applied to the instances of @Augmentable classes or previously augmented instances only
]]></system-err>
  </testcase>
  <testcase name="verifyCartEmptymessage" classname="shield.enus.com.nvidia.www.javatests.AddToCartTestCases" time="5.08"/>
  <testcase name="verifyCartEmptymessage" classname="shield.enus.com.nvidia.www.javatests.AddToCartTestCases" time="5.11"/>
  <testcase name="verifyCartEmptymessage" classname="shield.enus.com.nvidia.www.javatests.AddToCartTestCases" time="5.056"/>
  <testcase name="verifyCartEmptymessage" classname="shield.enus.com.nvidia.www.javatests.AddToCartTestCases" time="5.084"/>
  <testcase name="verifyCartEmptymessage" classname="shield.enus.com.nvidia.www.javatests.AddToCartTestCases" time="7.139">
    <failure message="expected [true] but found [false]" type="java.lang.AssertionError">java.lang.AssertionError: expected [true] but found [false]
	at shield.enus.com.nvidia.www.javatests.AddToCartTestCases.verifyCartEmptymessage(AddToCartTestCases.java:127)
</failure>
    <system-out><![CDATA[product has remvoed from cart
Empty message is not showing, Exception 
]]></system-out>
    <system-err><![CDATA[Apr 18, 2017 6:33:08 PM org.openqa.selenium.remote.Augmenter extractRemoteWebDriver
WARNING: Augmenter should be applied to the instances of @Augmentable classes or previously augmented instances only
Apr 18, 2017 6:33:09 PM org.openqa.selenium.remote.Augmenter extractRemoteWebDriver
WARNING: Augmenter should be applied to the instances of @Augmentable classes or previously augmented instances only
Apr 18, 2017 6:33:09 PM org.openqa.selenium.remote.Augmenter extractRemoteWebDriver
WARNING: Augmenter should be applied to the instances of @Augmentable classes or previously augmented instances only
Apr 18, 2017 6:33:09 PM org.openqa.selenium.remote.Augmenter extractRemoteWebDriver
WARNING: Augmenter should be applied to the instances of @Augmentable classes or previously augmented instances only
Apr 18, 2017 6:33:10 PM org.openqa.selenium.remote.Augmenter extractRemoteWebDriver
WARNING: Augmenter should be applied to the instances of @Augmentable classes or previously augmented instances only
Apr 18, 2017 6:33:10 PM org.openqa.selenium.remote.Augmenter extractRemoteWebDriver
WARNING: Augmenter should be applied to the instances of @Augmentable classes or previously augmented instances only
]]></system-err>
  </testcase>
  <testcase name="verifyCartEmptymessage" classname="shield.enus.com.nvidia.www.javatests.AddToCartTestCases" time="7.456">
    <failure message="expected [true] but found [false]" type="java.lang.AssertionError">java.lang.AssertionError: expected [true] but found [false]
	at shield.enus.com.nvidia.www.javatests.AddToCartTestCases.verifyCartEmptymessage(AddToCartTestCases.java:127)
</failure>
    <system-out><![CDATA[product has remvoed from cart
Empty message is not showing, Exception 
]]></system-out>
    <system-err><![CDATA[Apr 18, 2017 6:35:08 PM org.openqa.selenium.remote.Augmenter extractRemoteWebDriver
WARNING: Augmenter should be applied to the instances of @Augmentable classes or previously augmented instances only
Apr 18, 2017 6:35:09 PM org.openqa.selenium.remote.Augmenter extractRemoteWebDriver
WARNING: Augmenter should be applied to the instances of @Augmentable classes or previously augmented instances only
Apr 18, 2017 6:35:09 PM org.openqa.selenium.remote.Augmenter extractRemoteWebDriver
WARNING: Augmenter should be applied to the instances of @Augmentable classes or previously augmented instances only
Apr 18, 2017 6:35:09 PM org.openqa.selenium.remote.Augmenter extractRemoteWebDriver
WARNING: Augmenter should be applied to the instances of @Augmentable classes or previously augmented instances only
Apr 18, 2017 6:35:10 PM org.openqa.selenium.remote.Augmenter extractRemoteWebDriver
WARNING: Augmenter should be applied to the instances of @Augmentable classes or previously augmented instances only
Apr 18, 2017 6:35:10 PM org.openqa.selenium.remote.Augmenter extractRemoteWebDriver
WARNING: Augmenter should be applied to the instances of @Augmentable classes or previously augmented instances only
]]></system-err>
  </testcase>
  <testcase name="verifyCartEmptymessage" classname="shield.enus.com.nvidia.www.javatests.AddToCartTestCases" time="5.083"/>
  <testcase name="verifyCartEmptymessage" classname="shield.enus.com.nvidia.www.javatests.AddToCartTestCases" time="5.066"/>
  <testcase name="verifyCartEmptymessage" classname="shield.enus.com.nvidia.www.javatests.AddToCartTestCases" time="5.081"/>
  <testcase name="verifyCartEmptymessage" classname="shield.enus.com.nvidia.www.javatests.AddToCartTestCases" time="5.065"/>
  <testcase name="verifyCartEmptymessage" classname="shield.enus.com.nvidia.www.javatests.AddToCartTestCases" time="5.026"/>
  <testcase name="verifyCartEmptymessage" classname="shield.enus.com.nvidia.www.javatests.AddToCartTestCases" time="5.278">
    <failure message="expected [true] but found [false]" type="java.lang.AssertionError">java.lang.AssertionError: expected [true] but found [false]
	at shield.enus.com.nvidia.www.javatests.AddToCartTestCases.verifyCartEmptymessage(AddToCartTestCases.java:127)
</failure>
    <system-out><![CDATA[product has remvoed from cart
Empty message is not showing, Exception 
]]></system-out>
    <system-err><![CDATA[Apr 18, 2017 6:38:53 PM org.openqa.selenium.remote.Augmenter extractRemoteWebDriver
WARNING: Augmenter should be applied to the instances of @Augmentable classes or previously augmented instances only
]]></system-err>
  </testcase>
  <testcase name="verifyCartEmptymessage" classname="shield.enus.com.nvidia.www.javatests.AddToCartTestCases" time="5.075"/>
  <testcase name="verifyCartEmptymessage" classname="shield.enus.com.nvidia.www.javatests.AddToCartTestCases" time="5.021"/>
  <testcase name="verifyCartEmptymessage" classname="shield.enus.com.nvidia.www.javatests.AddToCartTestCases" time="6.038">
    <failure message="expected [true] but found [false]" type="java.lang.AssertionError">java.lang.AssertionError: expected [true] but found [false]
	at shield.enus.com.nvidia.www.javatests.AddToCartTestCases.verifyCartEmptymessage(AddToCartTestCases.java:127)
</failure>
    <system-out><![CDATA[product has remvoed from cart
Empty message is not showing, Exception 
]]></system-out>
    <system-err><![CDATA[Apr 18, 2017 6:41:17 PM org.openqa.selenium.remote.Augmenter extractRemoteWebDriver
WARNING: Augmenter should be applied to the instances of @Augmentable classes or previously augmented instances only
Apr 18, 2017 6:41:17 PM org.openqa.selenium.remote.Augmenter extractRemoteWebDriver
WARNING: Augmenter should be applied to the instances of @Augmentable classes or previously augmented instances only
Apr 18, 2017 6:41:17 PM org.openqa.selenium.remote.Augmenter extractRemoteWebDriver
WARNING: Augmenter should be applied to the instances of @Augmentable classes or previously augmented instances only
]]></system-err>
  </testcase>
  <testcase name="verifyCartEmptymessage" classname="shield.enus.com.nvidia.www.javatests.AddToCartTestCases" time="5.055"/>
  <testcase name="verifyCartEmptymessage" classname="shield.enus.com.nvidia.www.javatests.AddToCartTestCases" time="5.035"/>
  <testcase name="verifyCartEmptymessage" classname="shield.enus.com.nvidia.www.javatests.AddToCartTestCases" time="5.067"/>
  <testcase name="verifyCartEmptymessage" classname="shield.enus.com.nvidia.www.javatests.AddToCartTestCases" time="5.075"/>
  <testcase name="verifyCartEmptymessage" classname="shield.enus.com.nvidia.www.javatests.AddToCartTestCases" time="5.062"/>
  <testcase name="verifyCartEmptymessage" classname="shield.enus.com.nvidia.www.javatests.AddToCartTestCases" time="5.079"/>
  <testcase name="verifyCartEmptymessage" classname="shield.enus.com.nvidia.www.javatests.AddToCartTestCases" time="5.075"/>
  <testcase name="verifyCartEmptymessage" classname="shield.enus.com.nvidia.www.javatests.AddToCartTestCases" time="5.293">
    <failure message="expected [true] but found [false]" type="java.lang.AssertionError">java.lang.AssertionError: expected [true] but found [false]
	at shield.enus.com.nvidia.www.javatests.AddToCartTestCases.verifyCartEmptymessage(AddToCartTestCases.java:127)
</failure>
    <system-out><![CDATA[product has remvoed from cart
Empty message is not showing, Exception 
]]></system-out>
    <system-err><![CDATA[Apr 18, 2017 6:47:20 PM org.openqa.selenium.remote.Augmenter extractRemoteWebDriver
WARNING: Augmenter should be applied to the instances of @Augmentable classes or previously augmented instances only
]]></system-err>
  </testcase>
  <testcase name="verifyCartEmptymessage" classname="shield.enus.com.nvidia.www.javatests.AddToCartTestCases" time="5.076"/>
  <testcase name="verifyCartEmptymessage" classname="shield.enus.com.nvidia.www.javatests.AddToCartTestCases" time="5.061"/>
  <testcase name="verifyCartEmptymessage" classname="shield.enus.com.nvidia.www.javatests.AddToCartTestCases" time="6.07">
    <failure message="expected [true] but found [false]" type="java.lang.AssertionError">java.lang.AssertionError: expected [true] but found [false]
	at shield.enus.com.nvidia.www.javatests.AddToCartTestCases.verifyCartEmptymessage(AddToCartTestCases.java:127)
</failure>
    <system-out><![CDATA[product has remvoed from cart
Empty message is not showing, Exception 
]]></system-out>
    <system-err><![CDATA[Apr 18, 2017 6:49:44 PM org.openqa.selenium.remote.Augmenter extractRemoteWebDriver
WARNING: Augmenter should be applied to the instances of @Augmentable classes or previously augmented instances only
Apr 18, 2017 6:49:45 PM org.openqa.selenium.remote.Augmenter extractRemoteWebDriver
WARNING: Augmenter should be applied to the instances of @Augmentable classes or previously augmented instances only
Apr 18, 2017 6:49:45 PM org.openqa.selenium.remote.Augmenter extractRemoteWebDriver
WARNING: Augmenter should be applied to the instances of @Augmentable classes or previously augmented instances only
]]></system-err>
  </testcase>
  <testcase name="verifyCartEmptymessage" classname="shield.enus.com.nvidia.www.javatests.AddToCartTestCases" time="5.025"/>
  <testcase name="verifyCartEmptymessage" classname="shield.enus.com.nvidia.www.javatests.AddToCartTestCases" time="5.09"/>
  <testcase name="verifyCartEmptymessage" classname="shield.enus.com.nvidia.www.javatests.AddToCartTestCases" time="5.081"/>
  <testcase name="verifyCartEmptymessage" classname="shield.enus.com.nvidia.www.javatests.AddToCartTestCases" time="5.065"/>
  <testcase name="verifyCartEmptymessage" classname="shield.enus.com.nvidia.www.javatests.AddToCartTestCases" time="5.067"/>
  <testcase name="verifyCartEmptymessage" classname="shield.enus.com.nvidia.www.javatests.AddToCartTestCases" time="5.075"/>
  <testcase name="verifyCartEmptymessage" classname="shield.enus.com.nvidia.www.javatests.AddToCartTestCases" time="5.083"/>
  <testcase name="verifyCartEmptymessage" classname="shield.enus.com.nvidia.www.javatests.AddToCartTestCases" time="5.227">
    <failure message="expected [true] but found [false]" type="java.lang.AssertionError">java.lang.AssertionError: expected [true] but found [false]
	at shield.enus.com.nvidia.www.javatests.AddToCartTestCases.verifyCartEmptymessage(AddToCartTestCases.java:127)
</failure>
    <system-out><![CDATA[product has remvoed from cart
Empty message is not showing, Exception 
]]></system-out>
    <system-err><![CDATA[Apr 18, 2017 6:55:40 PM org.openqa.selenium.remote.Augmenter extractRemoteWebDriver
WARNING: Augmenter should be applied to the instances of @Augmentable classes or previously augmented instances only
]]></system-err>
  </testcase>
  <testcase name="verifyCartEmptymessage" classname="shield.enus.com.nvidia.www.javatests.AddToCartTestCases" time="5.063"/>
  <testcase name="verifyCartEmptymessage" classname="shield.enus.com.nvidia.www.javatests.AddToCartTestCases" time="5.049"/>
  <testcase name="verifyCartEmptymessage" classname="shield.enus.com.nvidia.www.javatests.AddToCartTestCases" time="6.096">
    <failure message="expected [true] but found [false]" type="java.lang.AssertionError">java.lang.AssertionError: expected [true] but found [false]
	at shield.enus.com.nvidia.www.javatests.AddToCartTestCases.verifyCartEmptymessage(AddToCartTestCases.java:127)
</failure>
    <system-out><![CDATA[product has remvoed from cart
Empty message is not showing, Exception 
]]></system-out>
    <system-err><![CDATA[Apr 18, 2017 6:58:03 PM org.openqa.selenium.remote.Augmenter extractRemoteWebDriver
WARNING: Augmenter should be applied to the instances of @Augmentable classes or previously augmented instances only
Apr 18, 2017 6:58:04 PM org.openqa.selenium.remote.Augmenter extractRemoteWebDriver
WARNING: Augmenter should be applied to the instances of @Augmentable classes or previously augmented instances only
Apr 18, 2017 6:58:04 PM org.openqa.selenium.remote.Augmenter extractRemoteWebDriver
WARNING: Augmenter should be applied to the instances of @Augmentable classes or previously augmented instances only
]]></system-err>
  </testcase>
  <testcase name="verifyCartEmptymessage" classname="shield.enus.com.nvidia.www.javatests.AddToCartTestCases" time="5.064"/>
  <testcase name="verifyCartEmptymessage" classname="shield.enus.com.nvidia.www.javatests.AddToCartTestCases" time="5.08"/>
  <testcase name="verifyCartEmptymessage" classname="shield.enus.com.nvidia.www.javatests.AddToCartTestCases" time="5.06"/>
  <testcase name="verifyCartEmptymessage" classname="shield.enus.com.nvidia.www.javatests.AddToCartTestCases" time="5.063"/>
  <testcase name="verifyCartEmptymessage" classname="shield.enus.com.nvidia.www.javatests.AddToCartTestCases" time="5.08"/>
  <testcase name="verifyCartEmptymessage" classname="shield.enus.com.nvidia.www.javatests.AddToCartTestCases" time="5.077"/>
  <testcase name="verifyCartEmptymessage" classname="shield.enus.com.nvidia.www.javatests.AddToCartTestCases" time="5.063"/>
  <testcase name="verifyCartEmptymessage" classname="shield.enus.com.nvidia.www.javatests.AddToCartTestCases" time="5.066"/>
  <testcase name="verifyCartEmptymessage" classname="shield.enus.com.nvidia.www.javatests.AddToCartTestCases" time="5.056"/>
  <testcase name="verifyCartEmptymessage" classname="shield.enus.com.nvidia.www.javatests.AddToCartTestCases" time="5.066"/>
  <testcase name="verifyCartEmptymessage" classname="shield.enus.com.nvidia.www.javatests.AddToCartTestCases" time="6.013">
    <failure message="expected [true] but found [false]" type="java.lang.AssertionError">java.lang.AssertionError: expected [true] but found [false]
	at shield.enus.com.nvidia.www.javatests.AddToCartTestCases.verifyCartEmptymessage(AddToCartTestCases.java:127)
</failure>
    <system-out><![CDATA[product has remvoed from cart
Empty message is not showing, Exception 
]]></system-out>
    <system-err><![CDATA[Apr 18, 2017 7:06:47 PM org.openqa.selenium.remote.Augmenter extractRemoteWebDriver
WARNING: Augmenter should be applied to the instances of @Augmentable classes or previously augmented instances only
Apr 18, 2017 7:06:47 PM org.openqa.selenium.remote.Augmenter extractRemoteWebDriver
WARNING: Augmenter should be applied to the instances of @Augmentable classes or previously augmented instances only
Apr 18, 2017 7:06:47 PM org.openqa.selenium.remote.Augmenter extractRemoteWebDriver
WARNING: Augmenter should be applied to the instances of @Augmentable classes or previously augmented instances only
]]></system-err>
  </testcase>
  <testcase name="verifyCartEmptymessage" classname="shield.enus.com.nvidia.www.javatests.AddToCartTestCases" time="5.076"/>
  <testcase name="verifyCartEmptymessage" classname="shield.enus.com.nvidia.www.javatests.AddToCartTestCases" time="5.082"/>
  <testcase name="verifyCartEmptymessage" classname="shield.enus.com.nvidia.www.javatests.AddToCartTestCases" time="5.068"/>
  <testcase name="verifyCartEmptymessage" classname="shield.enus.com.nvidia.www.javatests.AddToCartTestCases" time="5.085"/>
  <testcase name="verifyCartEmptymessage" classname="shield.enus.com.nvidia.www.javatests.AddToCartTestCases" time="5.08"/>
  <testcase name="verifyCartEmptymessage" classname="shield.enus.com.nvidia.www.javatests.AddToCartTestCases" time="7.591">
    <failure message="expected [true] but found [false]" type="java.lang.AssertionError">java.lang.AssertionError: expected [true] but found [false]
	at shield.enus.com.nvidia.www.javatests.AddToCartTestCases.verifyCartEmptymessage(AddToCartTestCases.java:127)
</failure>
    <system-out><![CDATA[product has remvoed from cart
Empty message is not showing, Exception 
]]></system-out>
    <system-err><![CDATA[[NPAPI 3440] WARNING: pipe error: 109: file c:/builds/moz2_slave/m-rel-w32-00000000000000000000/build/src/ipc/chromium/src/chrome/common/ipc_channel_win.cc, line 345
[NPAPI 3440] WARNING: pipe error: 109: file c:/builds/moz2_slave/m-rel-w32-00000000000000000000/build/src/ipc/chromium/src/chrome/common/ipc_channel_win.cc, line 345
Apr 18, 2017 7:11:14 PM org.openqa.selenium.remote.Augmenter extractRemoteWebDriver
WARNING: Augmenter should be applied to the instances of @Augmentable classes or previously augmented instances only
Apr 18, 2017 7:11:15 PM org.openqa.selenium.remote.Augmenter extractRemoteWebDriver
WARNING: Augmenter should be applied to the instances of @Augmentable classes or previously augmented instances only
Apr 18, 2017 7:11:15 PM org.openqa.selenium.remote.Augmenter extractRemoteWebDriver
WARNING: Augmenter should be applied to the instances of @Augmentable classes or previously augmented instances only
Apr 18, 2017 7:11:16 PM org.openqa.selenium.remote.Augmenter extractRemoteWebDriver
WARNING: Augmenter should be applied to the instances of @Augmentable classes or previously augmented instances only
Apr 18, 2017 7:11:16 PM org.openqa.selenium.remote.Augmenter extractRemoteWebDriver
WARNING: Augmenter should be applied to the instances of @Augmentable classes or previously augmented instances only
Apr 18, 2017 7:11:16 PM org.openqa.selenium.remote.Augmenter extractRemoteWebDriver
WARNING: Augmenter should be applied to the instances of @Augmentable classes or previously augmented instances only
]]></system-err>
  </testcase>
  <testcase name="verifyCartEmptymessage" classname="shield.enus.com.nvidia.www.javatests.AddToCartTestCases" time="5.044"/>
  <testcase name="verifyCartEmptymessage" classname="shield.enus.com.nvidia.www.javatests.AddToCartTestCases" time="6.343">
    <failure message="expected [true] but found [false]" type="java.lang.AssertionError">java.lang.AssertionError: expected [true] but found [false]
	at shield.enus.com.nvidia.www.javatests.AddToCartTestCases.verifyCartEmptymessage(AddToCartTestCases.java:127)
</failure>
    <system-out><![CDATA[product has remvoed from cart
Empty message is not showing, Exception 
]]></system-out>
    <system-err><![CDATA[Apr 18, 2017 7:13:15 PM org.openqa.selenium.remote.Augmenter extractRemoteWebDriver
WARNING: Augmenter should be applied to the instances of @Augmentable classes or previously augmented instances only
Apr 18, 2017 7:13:15 PM org.openqa.selenium.remote.Augmenter extractRemoteWebDriver
WARNING: Augmenter should be applied to the instances of @Augmentable classes or previously augmented instances only
Apr 18, 2017 7:13:15 PM org.openqa.selenium.remote.Augmenter extractRemoteWebDriver
WARNING: Augmenter should be applied to the instances of @Augmentable classes or previously augmented instances only
Apr 18, 2017 7:13:16 PM org.openqa.selenium.remote.Augmenter extractRemoteWebDriver
WARNING: Augmenter should be applied to the instances of @Augmentable classes or previously augmented instances only
]]></system-err>
  </testcase>
  <testcase name="verifyCartEmptymessage" classname="shield.enus.com.nvidia.www.javatests.AddToCartTestCases" time="5.068"/>
  <testcase name="verifyCartEmptymessage" classname="shield.enus.com.nvidia.www.javatests.AddToCartTestCases" time="5.045"/>
  <testcase name="verifyCartEmptymessage" classname="shield.enus.com.nvidia.www.javatests.AddToCartTestCases" time="5.95">
    <failure message="expected [true] but found [false]" type="java.lang.AssertionError">java.lang.AssertionError: expected [true] but found [false]
	at shield.enus.com.nvidia.www.javatests.AddToCartTestCases.verifyCartEmptymessage(AddToCartTestCases.java:127)
</failure>
    <system-out><![CDATA[product has remvoed from cart
Empty message is not showing, Exception 
]]></system-out>
    <system-err><![CDATA[Apr 18, 2017 7:15:42 PM org.openqa.selenium.remote.Augmenter extractRemoteWebDriver
WARNING: Augmenter should be applied to the instances of @Augmentable classes or previously augmented instances only
Apr 18, 2017 7:15:43 PM org.openqa.selenium.remote.Augmenter extractRemoteWebDriver
WARNING: Augmenter should be applied to the instances of @Augmentable classes or previously augmented instances only
Apr 18, 2017 7:15:43 PM org.openqa.selenium.remote.Augmenter extractRemoteWebDriver
WARNING: Augmenter should be applied to the instances of @Augmentable classes or previously augmented instances only
]]></system-err>
  </testcase>
  <testcase name="verifyCartEmptymessage" classname="shield.enus.com.nvidia.www.javatests.AddToCartTestCases" time="5.067"/>
  <testcase name="verifyCartEmptymessage" classname="shield.enus.com.nvidia.www.javatests.AddToCartTestCases" time="5.066"/>
  <testcase name="verifyCartEmptymessage" classname="shield.enus.com.nvidia.www.javatests.AddToCartTestCases" time="5.079"/>
  <testcase name="verifyCartEmptymessage" classname="shield.enus.com.nvidia.www.javatests.AddToCartTestCases" time="5.077"/>
  <testcase name="verifyCartEmptymessage" classname="shield.enus.com.nvidia.www.javatests.AddToCartTestCases" time="5.083"/>
  <testcase name="verifyCartEmptymessage" classname="shield.enus.com.nvidia.www.javatests.AddToCartTestCases" time="5.081"/>
  <testcase name="verifyCartEmptymessage" classname="shield.enus.com.nvidia.www.javatests.AddToCartTestCases" time="5.052"/>
  <testcase name="verifyCartEmptymessage" classname="shield.enus.com.nvidia.www.javatests.AddToCartTestCases" time="6.318">
    <failure message="expected [true] but found [false]" type="java.lang.AssertionError">java.lang.AssertionError: expected [true] but found [false]
	at shield.enus.com.nvidia.www.javatests.AddToCartTestCases.verifyCartEmptymessage(AddToCartTestCases.java:127)
</failure>
    <system-out><![CDATA[product has remvoed from cart
Empty message is not showing, Exception 
]]></system-out>
    <system-err><![CDATA[[NPAPI 10920] WARNING: pipe error: 109: file c:/builds/moz2_slave/m-rel-w32-00000000000000000000/build/src/ipc/chromium/src/chrome/common/ipc_channel_win.cc, line 345
Apr 18, 2017 7:22:00 PM org.openqa.selenium.remote.Augmenter extractRemoteWebDriver
WARNING: Augmenter should be applied to the instances of @Augmentable classes or previously augmented instances only
Apr 18, 2017 7:22:01 PM org.openqa.selenium.remote.Augmenter extractRemoteWebDriver
WARNING: Augmenter should be applied to the instances of @Augmentable classes or previously augmented instances only
Apr 18, 2017 7:22:01 PM org.openqa.selenium.remote.Augmenter extractRemoteWebDriver
WARNING: Augmenter should be applied to the instances of @Augmentable classes or previously augmented instances only
Apr 18, 2017 7:22:01 PM org.openqa.selenium.remote.Augmenter extractRemoteWebDriver
WARNING: Augmenter should be applied to the instances of @Augmentable classes or previously augmented instances only
]]></system-err>
  </testcase>
  <testcase name="verifyCartClose" classname="shield.enus.com.nvidia.www.javatests.AddToCartTestCases" time="0.041"/>
  <testcase name="verifyCartClose" classname="shield.enus.com.nvidia.www.javatests.AddToCartTestCases" time="0.066"/>
  <testcase name="verifyCartClose" classname="shield.enus.com.nvidia.www.javatests.AddToCartTestCases" time="0.055"/>
  <testcase name="verifyCartClose" classname="shield.enus.com.nvidia.www.javatests.AddToCartTestCases" time="0.1"/>
  <testcase name="verifyCartClose" classname="shield.enus.com.nvidia.www.javatests.AddToCartTestCases" time="0.064"/>
  <testcase name="verifyCartClose" classname="shield.enus.com.nvidia.www.javatests.AddToCartTestCases" time="0.041"/>
  <testcase name="verifyCartClose" classname="shield.enus.com.nvidia.www.javatests.AddToCartTestCases" time="0.053"/>
  <testcase name="verifyCartClose" classname="shield.enus.com.nvidia.www.javatests.AddToCartTestCases" time="0.065"/>
  <testcase name="verifyCartClose" classname="shield.enus.com.nvidia.www.javatests.AddToCartTestCases" time="0.073"/>
  <testcase name="verifyCartClose" classname="shield.enus.com.nvidia.www.javatests.AddToCartTestCases" time="0.082"/>
  <testcase name="verifyCartClose" classname="shield.enus.com.nvidia.www.javatests.AddToCartTestCases" time="0.083"/>
  <testcase name="verifyCartClose" classname="shield.enus.com.nvidia.www.javatests.AddToCartTestCases" time="0.048"/>
  <testcase name="verifyCartClose" classname="shield.enus.com.nvidia.www.javatests.AddToCartTestCases" time="0.064"/>
  <testcase name="verifyCartClose" classname="shield.enus.com.nvidia.www.javatests.AddToCartTestCases" time="1.117">
    <failure message="expected [true] but found [false]" type="java.lang.AssertionError">java.lang.AssertionError: expected [true] but found [false]
	at shield.enus.com.nvidia.www.javatests.AddToCartTestCases.verifyCartClose(AddToCartTestCases.java:135)
</failure>
    <system-out><![CDATA[ Cart pop-up clsoing issue
]]></system-out>
    <system-err><![CDATA[Apr 18, 2017 6:23:58 PM org.openqa.selenium.remote.Augmenter extractRemoteWebDriver
WARNING: Augmenter should be applied to the instances of @Augmentable classes or previously augmented instances only
Apr 18, 2017 6:23:59 PM org.openqa.selenium.remote.Augmenter extractRemoteWebDriver
WARNING: Augmenter should be applied to the instances of @Augmentable classes or previously augmented instances only
Apr 18, 2017 6:23:59 PM org.openqa.selenium.remote.Augmenter extractRemoteWebDriver
WARNING: Augmenter should be applied to the instances of @Augmentable classes or previously augmented instances only
]]></system-err>
  </testcase>
  <testcase name="verifyCartClose" classname="shield.enus.com.nvidia.www.javatests.AddToCartTestCases" time="0.062"/>
  <testcase name="verifyCartClose" classname="shield.enus.com.nvidia.www.javatests.AddToCartTestCases" time="0.09"/>
  <testcase name="verifyCartClose" classname="shield.enus.com.nvidia.www.javatests.AddToCartTestCases" time="0.085"/>
  <testcase name="verifyCartClose" classname="shield.enus.com.nvidia.www.javatests.AddToCartTestCases" time="0.073"/>
  <testcase name="verifyCartClose" classname="shield.enus.com.nvidia.www.javatests.AddToCartTestCases" time="0.089"/>
  <testcase name="verifyCartClose" classname="shield.enus.com.nvidia.www.javatests.AddToCartTestCases" time="2.185">
    <failure message="expected [true] but found [false]" type="java.lang.AssertionError">java.lang.AssertionError: expected [true] but found [false]
	at shield.enus.com.nvidia.www.javatests.AddToCartTestCases.verifyCartClose(AddToCartTestCases.java:135)
</failure>
    <system-out><![CDATA[ Cart pop-up clsoing issue
]]></system-out>
    <system-err><![CDATA[Apr 18, 2017 6:28:34 PM org.openqa.selenium.remote.Augmenter extractRemoteWebDriver
WARNING: Augmenter should be applied to the instances of @Augmentable classes or previously augmented instances only
Apr 18, 2017 6:28:34 PM org.openqa.selenium.remote.Augmenter extractRemoteWebDriver
WARNING: Augmenter should be applied to the instances of @Augmentable classes or previously augmented instances only
Apr 18, 2017 6:28:35 PM org.openqa.selenium.remote.Augmenter extractRemoteWebDriver
WARNING: Augmenter should be applied to the instances of @Augmentable classes or previously augmented instances only
Apr 18, 2017 6:28:35 PM org.openqa.selenium.remote.Augmenter extractRemoteWebDriver
WARNING: Augmenter should be applied to the instances of @Augmentable classes or previously augmented instances only
Apr 18, 2017 6:28:35 PM org.openqa.selenium.remote.Augmenter extractRemoteWebDriver
WARNING: Augmenter should be applied to the instances of @Augmentable classes or previously augmented instances only
Apr 18, 2017 6:28:36 PM org.openqa.selenium.remote.Augmenter extractRemoteWebDriver
WARNING: Augmenter should be applied to the instances of @Augmentable classes or previously augmented instances only
]]></system-err>
  </testcase>
  <testcase name="verifyCartClose" classname="shield.enus.com.nvidia.www.javatests.AddToCartTestCases" time="0.066"/>
  <testcase name="verifyCartClose" classname="shield.enus.com.nvidia.www.javatests.AddToCartTestCases" time="0.054"/>
  <testcase name="verifyCartClose" classname="shield.enus.com.nvidia.www.javatests.AddToCartTestCases" time="0.061"/>
  <testcase name="verifyCartClose" classname="shield.enus.com.nvidia.www.javatests.AddToCartTestCases" time="0.094"/>
  <testcase name="verifyCartClose" classname="shield.enus.com.nvidia.www.javatests.AddToCartTestCases" time="2.26">
    <failure message="expected [true] but found [false]" type="java.lang.AssertionError">java.lang.AssertionError: expected [true] but found [false]
	at shield.enus.com.nvidia.www.javatests.AddToCartTestCases.verifyCartClose(AddToCartTestCases.java:135)
</failure>
    <system-out><![CDATA[ Cart pop-up clsoing issue
]]></system-out>
    <system-err><![CDATA[Apr 18, 2017 6:33:10 PM org.openqa.selenium.remote.Augmenter extractRemoteWebDriver
WARNING: Augmenter should be applied to the instances of @Augmentable classes or previously augmented instances only
Apr 18, 2017 6:33:11 PM org.openqa.selenium.remote.Augmenter extractRemoteWebDriver
WARNING: Augmenter should be applied to the instances of @Augmentable classes or previously augmented instances only
Apr 18, 2017 6:33:11 PM org.openqa.selenium.remote.Augmenter extractRemoteWebDriver
WARNING: Augmenter should be applied to the instances of @Augmentable classes or previously augmented instances only
Apr 18, 2017 6:33:12 PM org.openqa.selenium.remote.Augmenter extractRemoteWebDriver
WARNING: Augmenter should be applied to the instances of @Augmentable classes or previously augmented instances only
Apr 18, 2017 6:33:12 PM org.openqa.selenium.remote.Augmenter extractRemoteWebDriver
WARNING: Augmenter should be applied to the instances of @Augmentable classes or previously augmented instances only
Apr 18, 2017 6:33:12 PM org.openqa.selenium.remote.Augmenter extractRemoteWebDriver
WARNING: Augmenter should be applied to the instances of @Augmentable classes or previously augmented instances only
]]></system-err>
  </testcase>
  <testcase name="verifyCartClose" classname="shield.enus.com.nvidia.www.javatests.AddToCartTestCases" time="2.247">
    <failure message="expected [true] but found [false]" type="java.lang.AssertionError">java.lang.AssertionError: expected [true] but found [false]
	at shield.enus.com.nvidia.www.javatests.AddToCartTestCases.verifyCartClose(AddToCartTestCases.java:135)
</failure>
    <system-out><![CDATA[ Cart pop-up clsoing issue
]]></system-out>
    <system-err><![CDATA[Apr 18, 2017 6:35:10 PM org.openqa.selenium.remote.Augmenter extractRemoteWebDriver
WARNING: Augmenter should be applied to the instances of @Augmentable classes or previously augmented instances only
Apr 18, 2017 6:35:11 PM org.openqa.selenium.remote.Augmenter extractRemoteWebDriver
WARNING: Augmenter should be applied to the instances of @Augmentable classes or previously augmented instances only
Apr 18, 2017 6:35:11 PM org.openqa.selenium.remote.Augmenter extractRemoteWebDriver
WARNING: Augmenter should be applied to the instances of @Augmentable classes or previously augmented instances only
Apr 18, 2017 6:35:12 PM org.openqa.selenium.remote.Augmenter extractRemoteWebDriver
WARNING: Augmenter should be applied to the instances of @Augmentable classes or previously augmented instances only
Apr 18, 2017 6:35:12 PM org.openqa.selenium.remote.Augmenter extractRemoteWebDriver
WARNING: Augmenter should be applied to the instances of @Augmentable classes or previously augmented instances only
Apr 18, 2017 6:35:12 PM org.openqa.selenium.remote.Augmenter extractRemoteWebDriver
WARNING: Augmenter should be applied to the instances of @Augmentable classes or previously augmented instances only
]]></system-err>
  </testcase>
  <testcase name="verifyCartClose" classname="shield.enus.com.nvidia.www.javatests.AddToCartTestCases" time="0.073"/>
  <testcase name="verifyCartClose" classname="shield.enus.com.nvidia.www.javatests.AddToCartTestCases" time="0.068"/>
  <testcase name="verifyCartClose" classname="shield.enus.com.nvidia.www.javatests.AddToCartTestCases" time="0.084"/>
  <testcase name="verifyCartClose" classname="shield.enus.com.nvidia.www.javatests.AddToCartTestCases" time="0.069"/>
  <testcase name="verifyCartClose" classname="shield.enus.com.nvidia.www.javatests.AddToCartTestCases" time="0.044"/>
  <testcase name="verifyCartClose" classname="shield.enus.com.nvidia.www.javatests.AddToCartTestCases" time="0.213">
    <failure message="expected [true] but found [false]" type="java.lang.AssertionError">java.lang.AssertionError: expected [true] but found [false]
	at shield.enus.com.nvidia.www.javatests.AddToCartTestCases.verifyCartClose(AddToCartTestCases.java:135)
</failure>
    <system-out><![CDATA[ Cart pop-up clsoing issue
]]></system-out>
    <system-err><![CDATA[Apr 18, 2017 6:38:54 PM org.openqa.selenium.remote.Augmenter extractRemoteWebDriver
WARNING: Augmenter should be applied to the instances of @Augmentable classes or previously augmented instances only
]]></system-err>
  </testcase>
  <testcase name="verifyCartClose" classname="shield.enus.com.nvidia.www.javatests.AddToCartTestCases" time="0.063"/>
  <testcase name="verifyCartClose" classname="shield.enus.com.nvidia.www.javatests.AddToCartTestCases" time="0.035"/>
  <testcase name="verifyCartClose" classname="shield.enus.com.nvidia.www.javatests.AddToCartTestCases" time="1.037">
    <failure message="expected [true] but found [false]" type="java.lang.AssertionError">java.lang.AssertionError: expected [true] but found [false]
	at shield.enus.com.nvidia.www.javatests.AddToCartTestCases.verifyCartClose(AddToCartTestCases.java:135)
</failure>
    <system-out><![CDATA[ Cart pop-up clsoing issue
]]></system-out>
    <system-err><![CDATA[Apr 18, 2017 6:41:18 PM org.openqa.selenium.remote.Augmenter extractRemoteWebDriver
WARNING: Augmenter should be applied to the instances of @Augmentable classes or previously augmented instances only
Apr 18, 2017 6:41:18 PM org.openqa.selenium.remote.Augmenter extractRemoteWebDriver
WARNING: Augmenter should be applied to the instances of @Augmentable classes or previously augmented instances only
Apr 18, 2017 6:41:18 PM org.openqa.selenium.remote.Augmenter extractRemoteWebDriver
WARNING: Augmenter should be applied to the instances of @Augmentable classes or previously augmented instances only
]]></system-err>
  </testcase>
  <testcase name="verifyCartClose" classname="shield.enus.com.nvidia.www.javatests.AddToCartTestCases" time="0.045"/>
  <testcase name="verifyCartClose" classname="shield.enus.com.nvidia.www.javatests.AddToCartTestCases" time="0.043"/>
  <testcase name="verifyCartClose" classname="shield.enus.com.nvidia.www.javatests.AddToCartTestCases" time="0.063"/>
  <testcase name="verifyCartClose" classname="shield.enus.com.nvidia.www.javatests.AddToCartTestCases" time="0.053"/>
  <testcase name="verifyCartClose" classname="shield.enus.com.nvidia.www.javatests.AddToCartTestCases" time="0.058"/>
  <testcase name="verifyCartClose" classname="shield.enus.com.nvidia.www.javatests.AddToCartTestCases" time="0.07"/>
  <testcase name="verifyCartClose" classname="shield.enus.com.nvidia.www.javatests.AddToCartTestCases" time="0.074"/>
  <testcase name="verifyCartClose" classname="shield.enus.com.nvidia.www.javatests.AddToCartTestCases" time="0.202">
    <failure message="expected [true] but found [false]" type="java.lang.AssertionError">java.lang.AssertionError: expected [true] but found [false]
	at shield.enus.com.nvidia.www.javatests.AddToCartTestCases.verifyCartClose(AddToCartTestCases.java:135)
</failure>
    <system-out><![CDATA[ Cart pop-up clsoing issue
]]></system-out>
    <system-err><![CDATA[Apr 18, 2017 6:47:20 PM org.openqa.selenium.remote.Augmenter extractRemoteWebDriver
WARNING: Augmenter should be applied to the instances of @Augmentable classes or previously augmented instances only
]]></system-err>
  </testcase>
  <testcase name="verifyCartClose" classname="shield.enus.com.nvidia.www.javatests.AddToCartTestCases" time="0.047"/>
  <testcase name="verifyCartClose" classname="shield.enus.com.nvidia.www.javatests.AddToCartTestCases" time="0.051"/>
  <testcase name="verifyCartClose" classname="shield.enus.com.nvidia.www.javatests.AddToCartTestCases" time="1.001">
    <failure message="expected [true] but found [false]" type="java.lang.AssertionError">java.lang.AssertionError: expected [true] but found [false]
	at shield.enus.com.nvidia.www.javatests.AddToCartTestCases.verifyCartClose(AddToCartTestCases.java:135)
</failure>
    <system-out><![CDATA[ Cart pop-up clsoing issue
]]></system-out>
    <system-err><![CDATA[Apr 18, 2017 6:49:45 PM org.openqa.selenium.remote.Augmenter extractRemoteWebDriver
WARNING: Augmenter should be applied to the instances of @Augmentable classes or previously augmented instances only
Apr 18, 2017 6:49:46 PM org.openqa.selenium.remote.Augmenter extractRemoteWebDriver
WARNING: Augmenter should be applied to the instances of @Augmentable classes or previously augmented instances only
Apr 18, 2017 6:49:46 PM org.openqa.selenium.remote.Augmenter extractRemoteWebDriver
WARNING: Augmenter should be applied to the instances of @Augmentable classes or previously augmented instances only
]]></system-err>
  </testcase>
  <testcase name="verifyCartClose" classname="shield.enus.com.nvidia.www.javatests.AddToCartTestCases" time="0.052"/>
  <testcase name="verifyCartClose" classname="shield.enus.com.nvidia.www.javatests.AddToCartTestCases" time="0.084"/>
  <testcase name="verifyCartClose" classname="shield.enus.com.nvidia.www.javatests.AddToCartTestCases" time="0.069"/>
  <testcase name="verifyCartClose" classname="shield.enus.com.nvidia.www.javatests.AddToCartTestCases" time="0.076"/>
  <testcase name="verifyCartClose" classname="shield.enus.com.nvidia.www.javatests.AddToCartTestCases" time="0.067"/>
  <testcase name="verifyCartClose" classname="shield.enus.com.nvidia.www.javatests.AddToCartTestCases" time="0.049"/>
  <testcase name="verifyCartClose" classname="shield.enus.com.nvidia.www.javatests.AddToCartTestCases" time="0.086"/>
  <testcase name="verifyCartClose" classname="shield.enus.com.nvidia.www.javatests.AddToCartTestCases" time="0.227">
    <failure message="expected [true] but found [false]" type="java.lang.AssertionError">java.lang.AssertionError: expected [true] but found [false]
	at shield.enus.com.nvidia.www.javatests.AddToCartTestCases.verifyCartClose(AddToCartTestCases.java:135)
</failure>
    <system-out><![CDATA[ Cart pop-up clsoing issue
]]></system-out>
    <system-err><![CDATA[Apr 18, 2017 6:55:40 PM org.openqa.selenium.remote.Augmenter extractRemoteWebDriver
WARNING: Augmenter should be applied to the instances of @Augmentable classes or previously augmented instances only
]]></system-err>
  </testcase>
  <testcase name="verifyCartClose" classname="shield.enus.com.nvidia.www.javatests.AddToCartTestCases" time="0.059"/>
  <testcase name="verifyCartClose" classname="shield.enus.com.nvidia.www.javatests.AddToCartTestCases" time="0.061"/>
  <testcase name="verifyCartClose" classname="shield.enus.com.nvidia.www.javatests.AddToCartTestCases" time="0.995">
    <failure message="expected [true] but found [false]" type="java.lang.AssertionError">java.lang.AssertionError: expected [true] but found [false]
	at shield.enus.com.nvidia.www.javatests.AddToCartTestCases.verifyCartClose(AddToCartTestCases.java:135)
</failure>
    <system-out><![CDATA[ Cart pop-up clsoing issue
]]></system-out>
    <system-err><![CDATA[Apr 18, 2017 6:58:04 PM org.openqa.selenium.remote.Augmenter extractRemoteWebDriver
WARNING: Augmenter should be applied to the instances of @Augmentable classes or previously augmented instances only
Apr 18, 2017 6:58:05 PM org.openqa.selenium.remote.Augmenter extractRemoteWebDriver
WARNING: Augmenter should be applied to the instances of @Augmentable classes or previously augmented instances only
Apr 18, 2017 6:58:05 PM org.openqa.selenium.remote.Augmenter extractRemoteWebDriver
WARNING: Augmenter should be applied to the instances of @Augmentable classes or previously augmented instances only
]]></system-err>
  </testcase>
  <testcase name="verifyCartClose" classname="shield.enus.com.nvidia.www.javatests.AddToCartTestCases" time="0.072"/>
  <testcase name="verifyCartClose" classname="shield.enus.com.nvidia.www.javatests.AddToCartTestCases" time="0.045"/>
  <testcase name="verifyCartClose" classname="shield.enus.com.nvidia.www.javatests.AddToCartTestCases" time="0.072"/>
  <testcase name="verifyCartClose" classname="shield.enus.com.nvidia.www.javatests.AddToCartTestCases" time="0.067"/>
  <testcase name="verifyCartClose" classname="shield.enus.com.nvidia.www.javatests.AddToCartTestCases" time="0.067"/>
  <testcase name="verifyCartClose" classname="shield.enus.com.nvidia.www.javatests.AddToCartTestCases" time="0.071"/>
  <testcase name="verifyCartClose" classname="shield.enus.com.nvidia.www.javatests.AddToCartTestCases" time="0.086"/>
  <testcase name="verifyCartClose" classname="shield.enus.com.nvidia.www.javatests.AddToCartTestCases" time="0.067"/>
  <testcase name="verifyCartClose" classname="shield.enus.com.nvidia.www.javatests.AddToCartTestCases" time="0.04"/>
  <testcase name="verifyCartClose" classname="shield.enus.com.nvidia.www.javatests.AddToCartTestCases" time="0.067"/>
  <testcase name="verifyCartClose" classname="shield.enus.com.nvidia.www.javatests.AddToCartTestCases" time="1.002">
    <failure message="expected [true] but found [false]" type="java.lang.AssertionError">java.lang.AssertionError: expected [true] but found [false]
	at shield.enus.com.nvidia.www.javatests.AddToCartTestCases.verifyCartClose(AddToCartTestCases.java:135)
</failure>
    <system-out><![CDATA[ Cart pop-up clsoing issue
]]></system-out>
    <system-err><![CDATA[Apr 18, 2017 7:06:48 PM org.openqa.selenium.remote.Augmenter extractRemoteWebDriver
WARNING: Augmenter should be applied to the instances of @Augmentable classes or previously augmented instances only
Apr 18, 2017 7:06:48 PM org.openqa.selenium.remote.Augmenter extractRemoteWebDriver
WARNING: Augmenter should be applied to the instances of @Augmentable classes or previously augmented instances only
Apr 18, 2017 7:06:48 PM org.openqa.selenium.remote.Augmenter extractRemoteWebDriver
WARNING: Augmenter should be applied to the instances of @Augmentable classes or previously augmented instances only
]]></system-err>
  </testcase>
  <testcase name="verifyCartClose" classname="shield.enus.com.nvidia.www.javatests.AddToCartTestCases" time="0.07"/>
  <testcase name="verifyCartClose" classname="shield.enus.com.nvidia.www.javatests.AddToCartTestCases" time="0.063"/>
  <testcase name="verifyCartClose" classname="shield.enus.com.nvidia.www.javatests.AddToCartTestCases" time="0.091"/>
  <testcase name="verifyCartClose" classname="shield.enus.com.nvidia.www.javatests.AddToCartTestCases" time="0.09"/>
  <testcase name="verifyCartClose" classname="shield.enus.com.nvidia.www.javatests.AddToCartTestCases" time="0.068"/>
  <testcase name="verifyCartClose" classname="shield.enus.com.nvidia.www.javatests.AddToCartTestCases" time="2.354">
    <failure message="expected [true] but found [false]" type="java.lang.AssertionError">java.lang.AssertionError: expected [true] but found [false]
	at shield.enus.com.nvidia.www.javatests.AddToCartTestCases.verifyCartClose(AddToCartTestCases.java:135)
</failure>
    <system-out><![CDATA[ Cart pop-up clsoing issue
]]></system-out>
    <system-err><![CDATA[Apr 18, 2017 7:11:17 PM org.openqa.selenium.remote.Augmenter extractRemoteWebDriver
WARNING: Augmenter should be applied to the instances of @Augmentable classes or previously augmented instances only
Apr 18, 2017 7:11:17 PM org.openqa.selenium.remote.Augmenter extractRemoteWebDriver
WARNING: Augmenter should be applied to the instances of @Augmentable classes or previously augmented instances only
Apr 18, 2017 7:11:18 PM org.openqa.selenium.remote.Augmenter extractRemoteWebDriver
WARNING: Augmenter should be applied to the instances of @Augmentable classes or previously augmented instances only
Apr 18, 2017 7:11:18 PM org.openqa.selenium.remote.Augmenter extractRemoteWebDriver
WARNING: Augmenter should be applied to the instances of @Augmentable classes or previously augmented instances only
Apr 18, 2017 7:11:18 PM org.openqa.selenium.remote.Augmenter extractRemoteWebDriver
WARNING: Augmenter should be applied to the instances of @Augmentable classes or previously augmented instances only
Apr 18, 2017 7:11:19 PM org.openqa.selenium.remote.Augmenter extractRemoteWebDriver
WARNING: Augmenter should be applied to the instances of @Augmentable classes or previously augmented instances only
]]></system-err>
  </testcase>
  <testcase name="verifyCartClose" classname="shield.enus.com.nvidia.www.javatests.AddToCartTestCases" time="0.05"/>
  <testcase name="verifyCartClose" classname="shield.enus.com.nvidia.www.javatests.AddToCartTestCases" time="1.286">
    <failure message="expected [true] but found [false]" type="java.lang.AssertionError">java.lang.AssertionError: expected [true] but found [false]
	at shield.enus.com.nvidia.www.javatests.AddToCartTestCases.verifyCartClose(AddToCartTestCases.java:135)
</failure>
    <system-out><![CDATA[ Cart pop-up clsoing issue
]]></system-out>
    <system-err><![CDATA[Apr 18, 2017 7:13:16 PM org.openqa.selenium.remote.Augmenter extractRemoteWebDriver
WARNING: Augmenter should be applied to the instances of @Augmentable classes or previously augmented instances only
Apr 18, 2017 7:13:16 PM org.openqa.selenium.remote.Augmenter extractRemoteWebDriver
WARNING: Augmenter should be applied to the instances of @Augmentable classes or previously augmented instances only
Apr 18, 2017 7:13:17 PM org.openqa.selenium.remote.Augmenter extractRemoteWebDriver
WARNING: Augmenter should be applied to the instances of @Augmentable classes or previously augmented instances only
Apr 18, 2017 7:13:17 PM org.openqa.selenium.remote.Augmenter extractRemoteWebDriver
WARNING: Augmenter should be applied to the instances of @Augmentable classes or previously augmented instances only
[NPAPI 17156] WARNING: pipe error: 109: file c:/builds/moz2_slave/m-rel-w32-00000000000000000000/build/src/ipc/chromium/src/chrome/common/ipc_channel_win.cc, line 345
]]></system-err>
  </testcase>
  <testcase name="verifyCartClose" classname="shield.enus.com.nvidia.www.javatests.AddToCartTestCases" time="0.049"/>
  <testcase name="verifyCartClose" classname="shield.enus.com.nvidia.www.javatests.AddToCartTestCases" time="0.041"/>
  <testcase name="verifyCartClose" classname="shield.enus.com.nvidia.www.javatests.AddToCartTestCases" time="0.962">
    <failure message="expected [true] but found [false]" type="java.lang.AssertionError">java.lang.AssertionError: expected [true] but found [false]
	at shield.enus.com.nvidia.www.javatests.AddToCartTestCases.verifyCartClose(AddToCartTestCases.java:135)
</failure>
    <system-out><![CDATA[ Cart pop-up clsoing issue
]]></system-out>
    <system-err><![CDATA[Apr 18, 2017 7:15:43 PM org.openqa.selenium.remote.Augmenter extractRemoteWebDriver
WARNING: Augmenter should be applied to the instances of @Augmentable classes or previously augmented instances only
Apr 18, 2017 7:15:44 PM org.openqa.selenium.remote.Augmenter extractRemoteWebDriver
WARNING: Augmenter should be applied to the instances of @Augmentable classes or previously augmented instances only
Apr 18, 2017 7:15:44 PM org.openqa.selenium.remote.Augmenter extractRemoteWebDriver
WARNING: Augmenter should be applied to the instances of @Augmentable classes or previously augmented instances only
]]></system-err>
  </testcase>
  <testcase name="verifyCartClose" classname="shield.enus.com.nvidia.www.javatests.AddToCartTestCases" time="0.049"/>
  <testcase name="verifyCartClose" classname="shield.enus.com.nvidia.www.javatests.AddToCartTestCases" time="0.065"/>
  <testcase name="verifyCartClose" classname="shield.enus.com.nvidia.www.javatests.AddToCartTestCases" time="0.078"/>
  <testcase name="verifyCartClose" classname="shield.enus.com.nvidia.www.javatests.AddToCartTestCases" time="0.055"/>
  <testcase name="verifyCartClose" classname="shield.enus.com.nvidia.www.javatests.AddToCartTestCases" time="0.069"/>
  <testcase name="verifyCartClose" classname="shield.enus.com.nvidia.www.javatests.AddToCartTestCases" time="0.064"/>
  <testcase name="verifyCartClose" classname="shield.enus.com.nvidia.www.javatests.AddToCartTestCases" time="0.061"/>
  <testcase name="verifyCartClose" classname="shield.enus.com.nvidia.www.javatests.AddToCartTestCases" time="1.254">
    <failure message="expected [true] but found [false]" type="java.lang.AssertionError">java.lang.AssertionError: expected [true] but found [false]
	at shield.enus.com.nvidia.www.javatests.AddToCartTestCases.verifyCartClose(AddToCartTestCases.java:135)
</failure>
    <system-out><![CDATA[ Cart pop-up clsoing issue
]]></system-out>
    <system-err><![CDATA[Apr 18, 2017 7:22:02 PM org.openqa.selenium.remote.Augmenter extractRemoteWebDriver
WARNING: Augmenter should be applied to the instances of @Augmentable classes or previously augmented instances only
Apr 18, 2017 7:22:02 PM org.openqa.selenium.remote.Augmenter extractRemoteWebDriver
WARNING: Augmenter should be applied to the instances of @Augmentable classes or previously augmented instances only
Apr 18, 2017 7:22:02 PM org.openqa.selenium.remote.Augmenter extractRemoteWebDriver
WARNING: Augmenter should be applied to the instances of @Augmentable classes or previously augmented instances only
Apr 18, 2017 7:22:02 PM org.openqa.selenium.remote.Augmenter extractRemoteWebDriver
WARNING: Augmenter should be applied to the instances of @Augmentable classes or previously augmented instances only
]]></system-err>
  </testcase>
  <testcase name="verifyCheckout" classname="shield.enus.com.nvidia.www.javatests.AddToCartTestCases" time="52.69"/>
  <testcase name="verifyCheckout" classname="shield.enus.com.nvidia.www.javatests.AddToCartTestCases" time="67.221"/>
  <testcase name="verifyCheckout" classname="shield.enus.com.nvidia.www.javatests.AddToCartTestCases" time="50.522"/>
  <testcase name="verifyCheckout" classname="shield.enus.com.nvidia.www.javatests.AddToCartTestCases" time="50.58"/>
  <testcase name="verifyCheckout" classname="shield.enus.com.nvidia.www.javatests.AddToCartTestCases" time="67.135"/>
  <testcase name="verifyCheckout" classname="shield.enus.com.nvidia.www.javatests.AddToCartTestCases" time="50.582"/>
  <testcase name="verifyCheckout" classname="shield.enus.com.nvidia.www.javatests.AddToCartTestCases" time="50.584"/>
  <testcase name="verifyCheckout" classname="shield.enus.com.nvidia.www.javatests.AddToCartTestCases" time="67.251"/>
  <testcase name="verifyCheckout" classname="shield.enus.com.nvidia.www.javatests.AddToCartTestCases" time="50.491"/>
  <testcase name="verifyCheckout" classname="shield.enus.com.nvidia.www.javatests.AddToCartTestCases" time="50.61"/>
  <testcase name="verifyCheckout" classname="shield.enus.com.nvidia.www.javatests.AddToCartTestCases" time="66.981"/>
  <testcase name="verifyCheckout" classname="shield.enus.com.nvidia.www.javatests.AddToCartTestCases" time="50.495"/>
  <testcase name="verifyCheckout" classname="shield.enus.com.nvidia.www.javatests.AddToCartTestCases" time="51.05"/>
  <testcase name="verifyCheckout" classname="shield.enus.com.nvidia.www.javatests.AddToCartTestCases" time="67.204"/>
  <testcase name="verifyCheckout" classname="shield.enus.com.nvidia.www.javatests.AddToCartTestCases" time="50.544"/>
  <testcase name="verifyCheckout" classname="shield.enus.com.nvidia.www.javatests.AddToCartTestCases" time="50.593"/>
  <testcase name="verifyCheckout" classname="shield.enus.com.nvidia.www.javatests.AddToCartTestCases" time="67.199"/>
  <testcase name="verifyCheckout" classname="shield.enus.com.nvidia.www.javatests.AddToCartTestCases" time="50.496"/>
  <testcase name="verifyCheckout" classname="shield.enus.com.nvidia.www.javatests.AddToCartTestCases" time="50.543"/>
  <testcase name="verifyCheckout" classname="shield.enus.com.nvidia.www.javatests.AddToCartTestCases" time="67.116"/>
  <testcase name="verifyCheckout" classname="shield.enus.com.nvidia.www.javatests.AddToCartTestCases" time="50.526"/>
  <testcase name="verifyCheckout" classname="shield.enus.com.nvidia.www.javatests.AddToCartTestCases" time="50.53"/>
  <testcase name="verifyCheckout" classname="shield.enus.com.nvidia.www.javatests.AddToCartTestCases" time="67.114"/>
  <testcase name="verifyCheckout" classname="shield.enus.com.nvidia.www.javatests.AddToCartTestCases" time="50.377"/>
  <testcase name="VerifyProductIsAddedToCartOrnot" classname="shield.enus.com.nvidia.www.javatests.PascalAddToCartTests" time="12.029">
    <failure message="Index: 0, Size: 0" type="java.lang.IndexOutOfBoundsException">java.lang.IndexOutOfBoundsException: Index: 0, Size: 0
	at shield.enus.com.nvidia.www.javatests.PascalAddToCartTests.VerifyProductIsAddedToCartOrnot(PascalAddToCartTests.java:34)
</failure>
    <system-out><![CDATA[Firefox has browser initiated successfully
browserInitialization successful
shieldHomWebElementInitialization successful
digitalriverWebElements successful
gcDRWebElements successful
buynows size 0
]]></system-out>
    <system-err><![CDATA[1492519473954	Marionette	INFO	New connections will no longer be accepted
[Child 4936] ###!!! ABORT: Aborting on channel error.: file c:/builds/moz2_slave/m-rel-w32-00000000000000000000/build/src/ipc/glue/MessageChannel.cpp, line 2143
[NPAPI 8672] ###!!! ABORT: Aborting on channel error.: file c:/builds/moz2_slave/m-rel-w32-00000000000000000000/build/src/ipc/glue/MessageChannel.cpp, line 2143
Apr 18, 2017 6:14:35 PM org.openqa.selenium.os.UnixProcess destroy
SEVERE: Unable to kill process with PID 16984
Apr 18, 2017 6:14:35 PM org.openqa.selenium.remote.ProtocolHandshake createSession
INFO: Attempting bi-dialect session, assuming Postel's Law holds true on the remote end
1492519476774	Marionette	INFO	Listening on port 52102
Apr 18, 2017 6:14:38 PM org.openqa.selenium.remote.ProtocolHandshake createSession
INFO: Detected dialect: W3C
]]></system-err>
  </testcase>
  <testcase name="VerifyProductIsAddedToCartOrnot" classname="shield.enus.com.nvidia.www.javatests.PascalAddToCartTests" time="19.233"/>
  <testcase name="VerifyProductIsAddedToCartOrnot" classname="shield.enus.com.nvidia.www.javatests.PascalAddToCartTests" time="19.355"/>
  <testcase name="VerifyProductIsAddedToCartOrnot" classname="shield.enus.com.nvidia.www.javatests.PascalAddToCartTests" time="19.622"/>
  <testcase name="VerifyCartOverLayPopup" classname="shield.enus.com.nvidia.www.javatests.PascalAddToCartTests" time="0.029">
    <failure message="Unable to locate element: .cart_black.cart.cart--shown&#10;For documentation on this error, please visit: http://seleniumhq.org/exceptions/no_such_element.html&#10;Build info: version: &apos;3.0.1&apos;, revision: &apos;1969d75&apos;, time: &apos;2016-10-18 09:49:13 -0700&apos;&#10;System info: host: &apos;GCHAND-DT&apos;, ip: &apos;10.24.35.10&apos;, os.name: &apos;Windows 10&apos;, os.arch: &apos;amd64&apos;, os.version: &apos;10.0&apos;, java.version: &apos;1.8.0_121&apos;&#10;Driver info: org.openqa.selenium.firefox.FirefoxDriver&#10;Capabilities [{moz:profile=C:\Users\GCHAND~1.COM\AppData\Local\Temp\rust_mozprofile.6pWXUTOPTqb2, rotatable=false, timeouts={implicit=0, page load=300000, script=30000}, pageLoadStrategy=normal, platform=ANY, specificationLevel=0, moz:accessibilityChecks=false, acceptInsecureCerts=false, browserVersion=52.0.2, platformVersion=10.0, moz:processID=7196, browserName=firefox, platformName=windows_nt}]&#10;Session ID: 9f980b22-42fb-426c-94be-a3dae2d4bd84&#10;*** Element info: {Using=css selector, value=.cart_black.cart.cart--shown}" type="org.openqa.selenium.NoSuchElementException">org.openqa.selenium.NoSuchElementException: 
Unable to locate element: .cart_black.cart.cart--shown
For documentation on this error, please visit: http://seleniumhq.org/exceptions/no_such_element.html
Build info: version: '3.0.1', revision: '1969d75', time: '2016-10-18 09:49:13 -0700'
System info: host: 'GCHAND-DT', ip: '10.24.35.10', os.name: 'Windows 10', os.arch: 'amd64', os.version: '10.0', java.version: '1.8.0_121'
Driver info: org.openqa.selenium.firefox.FirefoxDriver
Capabilities [{moz:profile=C:\Users\GCHAND~1.COM\AppData\Local\Temp\rust_mozprofile.6pWXUTOPTqb2, rotatable=false, timeouts={implicit=0, page load=300000, script=30000}, pageLoadStrategy=normal, platform=ANY, specificationLevel=0, moz:accessibilityChecks=false, acceptInsecureCerts=false, browserVersion=52.0.2, platformVersion=10.0, moz:processID=7196, browserName=firefox, platformName=windows_nt}]
Session ID: 9f980b22-42fb-426c-94be-a3dae2d4bd84
*** Element info: {Using=css selector, value=.cart_black.cart.cart--shown}
	at shield.enus.com.nvidia.www.javatests.PascalAddToCartTests.VerifyCartOverLayPopup(PascalAddToCartTests.java:68)
</failure>
  </testcase>
  <testcase name="VerifyCartOverLayPopup" classname="shield.enus.com.nvidia.www.javatests.PascalAddToCartTests" time="0.022"/>
  <testcase name="VerifyCartOverLayPopup" classname="shield.enus.com.nvidia.www.javatests.PascalAddToCartTests" time="0.019"/>
  <testcase name="VerifyCartOverLayPopup" classname="shield.enus.com.nvidia.www.javatests.PascalAddToCartTests" time="0.018"/>
  <testcase name="verifyProductAddedToCart" classname="shield.enus.com.nvidia.www.javatests.PascalAddToCartTests" time="0.025">
    <failure message="Unable to locate element: .cart-item.cart-item--5060742400&#10;For documentation on this error, please visit: http://seleniumhq.org/exceptions/no_such_element.html&#10;Build info: version: &apos;3.0.1&apos;, revision: &apos;1969d75&apos;, time: &apos;2016-10-18 09:49:13 -0700&apos;&#10;System info: host: &apos;GCHAND-DT&apos;, ip: &apos;10.24.35.10&apos;, os.name: &apos;Windows 10&apos;, os.arch: &apos;amd64&apos;, os.version: &apos;10.0&apos;, java.version: &apos;1.8.0_121&apos;&#10;Driver info: org.openqa.selenium.firefox.FirefoxDriver&#10;Capabilities [{moz:profile=C:\Users\GCHAND~1.COM\AppData\Local\Temp\rust_mozprofile.6pWXUTOPTqb2, rotatable=false, timeouts={implicit=0, page load=300000, script=30000}, pageLoadStrategy=normal, platform=ANY, specificationLevel=0, moz:accessibilityChecks=false, acceptInsecureCerts=false, browserVersion=52.0.2, platformVersion=10.0, moz:processID=7196, browserName=firefox, platformName=windows_nt}]&#10;Session ID: 9f980b22-42fb-426c-94be-a3dae2d4bd84&#10;*** Element info: {Using=css selector, value=.cart-item.cart-item--5060742400}" type="org.openqa.selenium.NoSuchElementException">org.openqa.selenium.NoSuchElementException: 
Unable to locate element: .cart-item.cart-item--5060742400
For documentation on this error, please visit: http://seleniumhq.org/exceptions/no_such_element.html
Build info: version: '3.0.1', revision: '1969d75', time: '2016-10-18 09:49:13 -0700'
System info: host: 'GCHAND-DT', ip: '10.24.35.10', os.name: 'Windows 10', os.arch: 'amd64', os.version: '10.0', java.version: '1.8.0_121'
Driver info: org.openqa.selenium.firefox.FirefoxDriver
Capabilities [{moz:profile=C:\Users\GCHAND~1.COM\AppData\Local\Temp\rust_mozprofile.6pWXUTOPTqb2, rotatable=false, timeouts={implicit=0, page load=300000, script=30000}, pageLoadStrategy=normal, platform=ANY, specificationLevel=0, moz:accessibilityChecks=false, acceptInsecureCerts=false, browserVersion=52.0.2, platformVersion=10.0, moz:processID=7196, browserName=firefox, platformName=windows_nt}]
Session ID: 9f980b22-42fb-426c-94be-a3dae2d4bd84
*** Element info: {Using=css selector, value=.cart-item.cart-item--5060742400}
	at shield.enus.com.nvidia.www.javatests.PascalAddToCartTests.verifyProductAddedToCart(PascalAddToCartTests.java:80)
</failure>
  </testcase>
  <testcase name="verifyProductAddedToCart" classname="shield.enus.com.nvidia.www.javatests.PascalAddToCartTests" time="0.023"/>
  <testcase name="verifyProductAddedToCart" classname="shield.enus.com.nvidia.www.javatests.PascalAddToCartTests" time="0.028"/>
  <testcase name="verifyProductAddedToCart" classname="shield.enus.com.nvidia.www.javatests.PascalAddToCartTests" time="0.016"/>
  <testcase name="verifyCartTotalAmout" classname="shield.enus.com.nvidia.www.javatests.PascalAddToCartTests" time="0.012">
    <failure message="Unable to locate element: .cart__total&#10;For documentation on this error, please visit: http://seleniumhq.org/exceptions/no_such_element.html&#10;Build info: version: &apos;3.0.1&apos;, revision: &apos;1969d75&apos;, time: &apos;2016-10-18 09:49:13 -0700&apos;&#10;System info: host: &apos;GCHAND-DT&apos;, ip: &apos;10.24.35.10&apos;, os.name: &apos;Windows 10&apos;, os.arch: &apos;amd64&apos;, os.version: &apos;10.0&apos;, java.version: &apos;1.8.0_121&apos;&#10;Driver info: org.openqa.selenium.firefox.FirefoxDriver&#10;Capabilities [{moz:profile=C:\Users\GCHAND~1.COM\AppData\Local\Temp\rust_mozprofile.6pWXUTOPTqb2, rotatable=false, timeouts={implicit=0, page load=300000, script=30000}, pageLoadStrategy=normal, platform=ANY, specificationLevel=0, moz:accessibilityChecks=false, acceptInsecureCerts=false, browserVersion=52.0.2, platformVersion=10.0, moz:processID=7196, browserName=firefox, platformName=windows_nt}]&#10;Session ID: 9f980b22-42fb-426c-94be-a3dae2d4bd84&#10;*** Element info: {Using=css selector, value=.cart__total}" type="org.openqa.selenium.NoSuchElementException">org.openqa.selenium.NoSuchElementException: 
Unable to locate element: .cart__total
For documentation on this error, please visit: http://seleniumhq.org/exceptions/no_such_element.html
Build info: version: '3.0.1', revision: '1969d75', time: '2016-10-18 09:49:13 -0700'
System info: host: 'GCHAND-DT', ip: '10.24.35.10', os.name: 'Windows 10', os.arch: 'amd64', os.version: '10.0', java.version: '1.8.0_121'
Driver info: org.openqa.selenium.firefox.FirefoxDriver
Capabilities [{moz:profile=C:\Users\GCHAND~1.COM\AppData\Local\Temp\rust_mozprofile.6pWXUTOPTqb2, rotatable=false, timeouts={implicit=0, page load=300000, script=30000}, pageLoadStrategy=normal, platform=ANY, specificationLevel=0, moz:accessibilityChecks=false, acceptInsecureCerts=false, browserVersion=52.0.2, platformVersion=10.0, moz:processID=7196, browserName=firefox, platformName=windows_nt}]
Session ID: 9f980b22-42fb-426c-94be-a3dae2d4bd84
*** Element info: {Using=css selector, value=.cart__total}
	at shield.enus.com.nvidia.www.javatests.PascalAddToCartTests.verifyCartTotalAmout(PascalAddToCartTests.java:92)
</failure>
  </testcase>
  <testcase name="verifyCartTotalAmout" classname="shield.enus.com.nvidia.www.javatests.PascalAddToCartTests" time="0.009"/>
  <testcase name="verifyCartTotalAmout" classname="shield.enus.com.nvidia.www.javatests.PascalAddToCartTests" time="0.018"/>
  <testcase name="verifyCartTotalAmout" classname="shield.enus.com.nvidia.www.javatests.PascalAddToCartTests" time="0.012"/>
  <testcase name="verifyCartSubTotal" classname="shield.enus.com.nvidia.www.javatests.PascalAddToCartTests" time="0.011">
    <failure message="Unable to locate element: .cart-item__price&#10;For documentation on this error, please visit: http://seleniumhq.org/exceptions/no_such_element.html&#10;Build info: version: &apos;3.0.1&apos;, revision: &apos;1969d75&apos;, time: &apos;2016-10-18 09:49:13 -0700&apos;&#10;System info: host: &apos;GCHAND-DT&apos;, ip: &apos;10.24.35.10&apos;, os.name: &apos;Windows 10&apos;, os.arch: &apos;amd64&apos;, os.version: &apos;10.0&apos;, java.version: &apos;1.8.0_121&apos;&#10;Driver info: org.openqa.selenium.firefox.FirefoxDriver&#10;Capabilities [{moz:profile=C:\Users\GCHAND~1.COM\AppData\Local\Temp\rust_mozprofile.6pWXUTOPTqb2, rotatable=false, timeouts={implicit=0, page load=300000, script=30000}, pageLoadStrategy=normal, platform=ANY, specificationLevel=0, moz:accessibilityChecks=false, acceptInsecureCerts=false, browserVersion=52.0.2, platformVersion=10.0, moz:processID=7196, browserName=firefox, platformName=windows_nt}]&#10;Session ID: 9f980b22-42fb-426c-94be-a3dae2d4bd84&#10;*** Element info: {Using=css selector, value=.cart-item__price}" type="org.openqa.selenium.NoSuchElementException">org.openqa.selenium.NoSuchElementException: 
Unable to locate element: .cart-item__price
For documentation on this error, please visit: http://seleniumhq.org/exceptions/no_such_element.html
Build info: version: '3.0.1', revision: '1969d75', time: '2016-10-18 09:49:13 -0700'
System info: host: 'GCHAND-DT', ip: '10.24.35.10', os.name: 'Windows 10', os.arch: 'amd64', os.version: '10.0', java.version: '1.8.0_121'
Driver info: org.openqa.selenium.firefox.FirefoxDriver
Capabilities [{moz:profile=C:\Users\GCHAND~1.COM\AppData\Local\Temp\rust_mozprofile.6pWXUTOPTqb2, rotatable=false, timeouts={implicit=0, page load=300000, script=30000}, pageLoadStrategy=normal, platform=ANY, specificationLevel=0, moz:accessibilityChecks=false, acceptInsecureCerts=false, browserVersion=52.0.2, platformVersion=10.0, moz:processID=7196, browserName=firefox, platformName=windows_nt}]
Session ID: 9f980b22-42fb-426c-94be-a3dae2d4bd84
*** Element info: {Using=css selector, value=.cart-item__price}
	at shield.enus.com.nvidia.www.javatests.PascalAddToCartTests.verifyCartSubTotal(PascalAddToCartTests.java:106)
</failure>
  </testcase>
  <testcase name="verifyCartSubTotal" classname="shield.enus.com.nvidia.www.javatests.PascalAddToCartTests" time="0.015"/>
  <testcase name="verifyCartSubTotal" classname="shield.enus.com.nvidia.www.javatests.PascalAddToCartTests" time="0.013"/>
  <testcase name="verifyCartSubTotal" classname="shield.enus.com.nvidia.www.javatests.PascalAddToCartTests" time="0.01"/>
  <testcase name="verifyCartProductCountDeCrease" classname="shield.enus.com.nvidia.www.javatests.PascalAddToCartTests" time="5.021">
    <failure message="Unable to locate element: .quantity-selector__dec.js-cart-item-dec&#10;For documentation on this error, please visit: http://seleniumhq.org/exceptions/no_such_element.html&#10;Build info: version: &apos;3.0.1&apos;, revision: &apos;1969d75&apos;, time: &apos;2016-10-18 09:49:13 -0700&apos;&#10;System info: host: &apos;GCHAND-DT&apos;, ip: &apos;10.24.35.10&apos;, os.name: &apos;Windows 10&apos;, os.arch: &apos;amd64&apos;, os.version: &apos;10.0&apos;, java.version: &apos;1.8.0_121&apos;&#10;Driver info: org.openqa.selenium.firefox.FirefoxDriver&#10;Capabilities [{moz:profile=C:\Users\GCHAND~1.COM\AppData\Local\Temp\rust_mozprofile.6pWXUTOPTqb2, rotatable=false, timeouts={implicit=0, page load=300000, script=30000}, pageLoadStrategy=normal, platform=ANY, specificationLevel=0, moz:accessibilityChecks=false, acceptInsecureCerts=false, browserVersion=52.0.2, platformVersion=10.0, moz:processID=7196, browserName=firefox, platformName=windows_nt}]&#10;Session ID: 9f980b22-42fb-426c-94be-a3dae2d4bd84&#10;*** Element info: {Using=css selector, value=.quantity-selector__dec.js-cart-item-dec}" type="org.openqa.selenium.NoSuchElementException">org.openqa.selenium.NoSuchElementException: 
Unable to locate element: .quantity-selector__dec.js-cart-item-dec
For documentation on this error, please visit: http://seleniumhq.org/exceptions/no_such_element.html
Build info: version: '3.0.1', revision: '1969d75', time: '2016-10-18 09:49:13 -0700'
System info: host: 'GCHAND-DT', ip: '10.24.35.10', os.name: 'Windows 10', os.arch: 'amd64', os.version: '10.0', java.version: '1.8.0_121'
Driver info: org.openqa.selenium.firefox.FirefoxDriver
Capabilities [{moz:profile=C:\Users\GCHAND~1.COM\AppData\Local\Temp\rust_mozprofile.6pWXUTOPTqb2, rotatable=false, timeouts={implicit=0, page load=300000, script=30000}, pageLoadStrategy=normal, platform=ANY, specificationLevel=0, moz:accessibilityChecks=false, acceptInsecureCerts=false, browserVersion=52.0.2, platformVersion=10.0, moz:processID=7196, browserName=firefox, platformName=windows_nt}]
Session ID: 9f980b22-42fb-426c-94be-a3dae2d4bd84
*** Element info: {Using=css selector, value=.quantity-selector__dec.js-cart-item-dec}
	at shield.enus.com.nvidia.www.javatests.PascalAddToCartTests.verifyCartProductCountDeCrease(PascalAddToCartTests.java:118)
</failure>
  </testcase>
  <testcase name="verifyCartProductCountDeCrease" classname="shield.enus.com.nvidia.www.javatests.PascalAddToCartTests" time="10.085"/>
  <testcase name="verifyCartProductCountDeCrease" classname="shield.enus.com.nvidia.www.javatests.PascalAddToCartTests" time="10.078"/>
  <testcase name="verifyCartProductCountDeCrease" classname="shield.enus.com.nvidia.www.javatests.PascalAddToCartTests" time="10.079"/>
  <testcase name="verifyCartProductCountIncrease" classname="shield.enus.com.nvidia.www.javatests.PascalAddToCartTests" time="0.023">
    <failure message="Unable to locate element: .quantity-selector__inc.js-cart-item-inc&#10;For documentation on this error, please visit: http://seleniumhq.org/exceptions/no_such_element.html&#10;Build info: version: &apos;3.0.1&apos;, revision: &apos;1969d75&apos;, time: &apos;2016-10-18 09:49:13 -0700&apos;&#10;System info: host: &apos;GCHAND-DT&apos;, ip: &apos;10.24.35.10&apos;, os.name: &apos;Windows 10&apos;, os.arch: &apos;amd64&apos;, os.version: &apos;10.0&apos;, java.version: &apos;1.8.0_121&apos;&#10;Driver info: org.openqa.selenium.firefox.FirefoxDriver&#10;Capabilities [{moz:profile=C:\Users\GCHAND~1.COM\AppData\Local\Temp\rust_mozprofile.6pWXUTOPTqb2, rotatable=false, timeouts={implicit=0, page load=300000, script=30000}, pageLoadStrategy=normal, platform=ANY, specificationLevel=0, moz:accessibilityChecks=false, acceptInsecureCerts=false, browserVersion=52.0.2, platformVersion=10.0, moz:processID=7196, browserName=firefox, platformName=windows_nt}]&#10;Session ID: 9f980b22-42fb-426c-94be-a3dae2d4bd84&#10;*** Element info: {Using=css selector, value=.quantity-selector__inc.js-cart-item-inc}" type="org.openqa.selenium.NoSuchElementException">org.openqa.selenium.NoSuchElementException: 
Unable to locate element: .quantity-selector__inc.js-cart-item-inc
For documentation on this error, please visit: http://seleniumhq.org/exceptions/no_such_element.html
Build info: version: '3.0.1', revision: '1969d75', time: '2016-10-18 09:49:13 -0700'
System info: host: 'GCHAND-DT', ip: '10.24.35.10', os.name: 'Windows 10', os.arch: 'amd64', os.version: '10.0', java.version: '1.8.0_121'
Driver info: org.openqa.selenium.firefox.FirefoxDriver
Capabilities [{moz:profile=C:\Users\GCHAND~1.COM\AppData\Local\Temp\rust_mozprofile.6pWXUTOPTqb2, rotatable=false, timeouts={implicit=0, page load=300000, script=30000}, pageLoadStrategy=normal, platform=ANY, specificationLevel=0, moz:accessibilityChecks=false, acceptInsecureCerts=false, browserVersion=52.0.2, platformVersion=10.0, moz:processID=7196, browserName=firefox, platformName=windows_nt}]
Session ID: 9f980b22-42fb-426c-94be-a3dae2d4bd84
*** Element info: {Using=css selector, value=.quantity-selector__inc.js-cart-item-inc}
	at shield.enus.com.nvidia.www.javatests.PascalAddToCartTests.verifyCartProductCountIncrease(PascalAddToCartTests.java:131)
</failure>
  </testcase>
  <testcase name="verifyCartProductCountIncrease" classname="shield.enus.com.nvidia.www.javatests.PascalAddToCartTests" time="5.079"/>
  <testcase name="verifyCartProductCountIncrease" classname="shield.enus.com.nvidia.www.javatests.PascalAddToCartTests" time="5.032"/>
  <testcase name="verifyCartProductCountIncrease" classname="shield.enus.com.nvidia.www.javatests.PascalAddToCartTests" time="5.054"/>
  <testcase name="verifyRemoveProductFromCart" classname="shield.enus.com.nvidia.www.javatests.PascalAddToCartTests" time="0.013">
    <failure message="Unable to locate element: .cart-item__remove.js-cart-item-remove&#10;For documentation on this error, please visit: http://seleniumhq.org/exceptions/no_such_element.html&#10;Build info: version: &apos;3.0.1&apos;, revision: &apos;1969d75&apos;, time: &apos;2016-10-18 09:49:13 -0700&apos;&#10;System info: host: &apos;GCHAND-DT&apos;, ip: &apos;10.24.35.10&apos;, os.name: &apos;Windows 10&apos;, os.arch: &apos;amd64&apos;, os.version: &apos;10.0&apos;, java.version: &apos;1.8.0_121&apos;&#10;Driver info: org.openqa.selenium.firefox.FirefoxDriver&#10;Capabilities [{moz:profile=C:\Users\GCHAND~1.COM\AppData\Local\Temp\rust_mozprofile.6pWXUTOPTqb2, rotatable=false, timeouts={implicit=0, page load=300000, script=30000}, pageLoadStrategy=normal, platform=ANY, specificationLevel=0, moz:accessibilityChecks=false, acceptInsecureCerts=false, browserVersion=52.0.2, platformVersion=10.0, moz:processID=7196, browserName=firefox, platformName=windows_nt}]&#10;Session ID: 9f980b22-42fb-426c-94be-a3dae2d4bd84&#10;*** Element info: {Using=css selector, value=.cart-item__remove.js-cart-item-remove}" type="org.openqa.selenium.NoSuchElementException">org.openqa.selenium.NoSuchElementException: 
Unable to locate element: .cart-item__remove.js-cart-item-remove
For documentation on this error, please visit: http://seleniumhq.org/exceptions/no_such_element.html
Build info: version: '3.0.1', revision: '1969d75', time: '2016-10-18 09:49:13 -0700'
System info: host: 'GCHAND-DT', ip: '10.24.35.10', os.name: 'Windows 10', os.arch: 'amd64', os.version: '10.0', java.version: '1.8.0_121'
Driver info: org.openqa.selenium.firefox.FirefoxDriver
Capabilities [{moz:profile=C:\Users\GCHAND~1.COM\AppData\Local\Temp\rust_mozprofile.6pWXUTOPTqb2, rotatable=false, timeouts={implicit=0, page load=300000, script=30000}, pageLoadStrategy=normal, platform=ANY, specificationLevel=0, moz:accessibilityChecks=false, acceptInsecureCerts=false, browserVersion=52.0.2, platformVersion=10.0, moz:processID=7196, browserName=firefox, platformName=windows_nt}]
Session ID: 9f980b22-42fb-426c-94be-a3dae2d4bd84
*** Element info: {Using=css selector, value=.cart-item__remove.js-cart-item-remove}
	at shield.enus.com.nvidia.www.javatests.PascalAddToCartTests.verifyRemoveProductFromCart(PascalAddToCartTests.java:145)
</failure>
  </testcase>
  <testcase name="verifyRemoveProductFromCart" classname="shield.enus.com.nvidia.www.javatests.PascalAddToCartTests" time="5.085"/>
  <testcase name="verifyRemoveProductFromCart" classname="shield.enus.com.nvidia.www.javatests.PascalAddToCartTests" time="5.092"/>
  <testcase name="verifyRemoveProductFromCart" classname="shield.enus.com.nvidia.www.javatests.PascalAddToCartTests" time="5.079"/>
  <testcase name="verifyCartEmptymessage" classname="shield.enus.com.nvidia.www.javatests.PascalAddToCartTests" time="0.012">
    <failure message="Unable to locate element: .cart__empty&#10;For documentation on this error, please visit: http://seleniumhq.org/exceptions/no_such_element.html&#10;Build info: version: &apos;3.0.1&apos;, revision: &apos;1969d75&apos;, time: &apos;2016-10-18 09:49:13 -0700&apos;&#10;System info: host: &apos;GCHAND-DT&apos;, ip: &apos;10.24.35.10&apos;, os.name: &apos;Windows 10&apos;, os.arch: &apos;amd64&apos;, os.version: &apos;10.0&apos;, java.version: &apos;1.8.0_121&apos;&#10;Driver info: org.openqa.selenium.firefox.FirefoxDriver&#10;Capabilities [{moz:profile=C:\Users\GCHAND~1.COM\AppData\Local\Temp\rust_mozprofile.6pWXUTOPTqb2, rotatable=false, timeouts={implicit=0, page load=300000, script=30000}, pageLoadStrategy=normal, platform=ANY, specificationLevel=0, moz:accessibilityChecks=false, acceptInsecureCerts=false, browserVersion=52.0.2, platformVersion=10.0, moz:processID=7196, browserName=firefox, platformName=windows_nt}]&#10;Session ID: 9f980b22-42fb-426c-94be-a3dae2d4bd84&#10;*** Element info: {Using=css selector, value=.cart__empty}" type="org.openqa.selenium.NoSuchElementException">org.openqa.selenium.NoSuchElementException: 
Unable to locate element: .cart__empty
For documentation on this error, please visit: http://seleniumhq.org/exceptions/no_such_element.html
Build info: version: '3.0.1', revision: '1969d75', time: '2016-10-18 09:49:13 -0700'
System info: host: 'GCHAND-DT', ip: '10.24.35.10', os.name: 'Windows 10', os.arch: 'amd64', os.version: '10.0', java.version: '1.8.0_121'
Driver info: org.openqa.selenium.firefox.FirefoxDriver
Capabilities [{moz:profile=C:\Users\GCHAND~1.COM\AppData\Local\Temp\rust_mozprofile.6pWXUTOPTqb2, rotatable=false, timeouts={implicit=0, page load=300000, script=30000}, pageLoadStrategy=normal, platform=ANY, specificationLevel=0, moz:accessibilityChecks=false, acceptInsecureCerts=false, browserVersion=52.0.2, platformVersion=10.0, moz:processID=7196, browserName=firefox, platformName=windows_nt}]
Session ID: 9f980b22-42fb-426c-94be-a3dae2d4bd84
*** Element info: {Using=css selector, value=.cart__empty}
	at shield.enus.com.nvidia.www.javatests.PascalAddToCartTests.verifyCartEmptymessage(PascalAddToCartTests.java:157)
</failure>
  </testcase>
  <testcase name="verifyCartEmptymessage" classname="shield.enus.com.nvidia.www.javatests.PascalAddToCartTests" time="24.518"/>
  <testcase name="verifyCartEmptymessage" classname="shield.enus.com.nvidia.www.javatests.PascalAddToCartTests" time="24.021"/>
  <testcase name="verifyCartEmptymessage" classname="shield.enus.com.nvidia.www.javatests.PascalAddToCartTests" time="24.082"/>
  <testcase name="verifyCheckoutFlow" classname="shield.enus.com.nvidia.www.javatests.PascalAddToCartTests" time="5.035">
    <failure message="Unable to locate element: .nv-button.js-checkout.cart__checkout-button&#10;For documentation on this error, please visit: http://seleniumhq.org/exceptions/no_such_element.html&#10;Build info: version: &apos;3.0.1&apos;, revision: &apos;1969d75&apos;, time: &apos;2016-10-18 09:49:13 -0700&apos;&#10;System info: host: &apos;GCHAND-DT&apos;, ip: &apos;10.24.35.10&apos;, os.name: &apos;Windows 10&apos;, os.arch: &apos;amd64&apos;, os.version: &apos;10.0&apos;, java.version: &apos;1.8.0_121&apos;&#10;Driver info: org.openqa.selenium.firefox.FirefoxDriver&#10;Capabilities [{moz:profile=C:\Users\GCHAND~1.COM\AppData\Local\Temp\rust_mozprofile.6pWXUTOPTqb2, rotatable=false, timeouts={implicit=0, page load=300000, script=30000}, pageLoadStrategy=normal, platform=ANY, specificationLevel=0, moz:accessibilityChecks=false, acceptInsecureCerts=false, browserVersion=52.0.2, platformVersion=10.0, moz:processID=7196, browserName=firefox, platformName=windows_nt}]&#10;Session ID: 9f980b22-42fb-426c-94be-a3dae2d4bd84&#10;*** Element info: {Using=css selector, value=.nv-button.js-checkout.cart__checkout-button}" type="org.openqa.selenium.NoSuchElementException">org.openqa.selenium.NoSuchElementException: 
Unable to locate element: .nv-button.js-checkout.cart__checkout-button
For documentation on this error, please visit: http://seleniumhq.org/exceptions/no_such_element.html
Build info: version: '3.0.1', revision: '1969d75', time: '2016-10-18 09:49:13 -0700'
System info: host: 'GCHAND-DT', ip: '10.24.35.10', os.name: 'Windows 10', os.arch: 'amd64', os.version: '10.0', java.version: '1.8.0_121'
Driver info: org.openqa.selenium.firefox.FirefoxDriver
Capabilities [{moz:profile=C:\Users\GCHAND~1.COM\AppData\Local\Temp\rust_mozprofile.6pWXUTOPTqb2, rotatable=false, timeouts={implicit=0, page load=300000, script=30000}, pageLoadStrategy=normal, platform=ANY, specificationLevel=0, moz:accessibilityChecks=false, acceptInsecureCerts=false, browserVersion=52.0.2, platformVersion=10.0, moz:processID=7196, browserName=firefox, platformName=windows_nt}]
Session ID: 9f980b22-42fb-426c-94be-a3dae2d4bd84
*** Element info: {Using=css selector, value=.nv-button.js-checkout.cart__checkout-button}
	at shield.enus.com.nvidia.www.javatests.PascalAddToCartTests.verifyCheckoutFlow(PascalAddToCartTests.java:172)
</failure>
  </testcase>
  <testcase name="verifyCheckoutFlow" classname="shield.enus.com.nvidia.www.javatests.PascalAddToCartTests" time="17.132"/>
  <testcase name="verifyCheckoutFlow" classname="shield.enus.com.nvidia.www.javatests.PascalAddToCartTests" time="17.129"/>
  <testcase name="verifyCheckoutFlow" classname="shield.enus.com.nvidia.www.javatests.PascalAddToCartTests" time="17.14"/>
  <testcase name="VerifyProductIsAddedToCartOrnot" classname="shield.enus.com.nvidia.www.javatests.PascalSLIAddToCartTestCases" time="19.22">
    <failure message="Unable to locate element: .cart_black.cart.cart--shown&#10;For documentation on this error, please visit: http://seleniumhq.org/exceptions/no_such_element.html&#10;Build info: version: &apos;3.0.1&apos;, revision: &apos;1969d75&apos;, time: &apos;2016-10-18 09:49:13 -0700&apos;&#10;System info: host: &apos;GCHAND-DT&apos;, ip: &apos;10.24.35.10&apos;, os.name: &apos;Windows 10&apos;, os.arch: &apos;amd64&apos;, os.version: &apos;10.0&apos;, java.version: &apos;1.8.0_121&apos;&#10;Driver info: org.openqa.selenium.firefox.FirefoxDriver&#10;Capabilities [{moz:profile=C:\Users\GCHAND~1.COM\AppData\Local\Temp\rust_mozprofile.SdJe8jOLcvkL, rotatable=false, timeouts={implicit=0, page load=300000, script=30000}, pageLoadStrategy=normal, platform=ANY, specificationLevel=0, moz:accessibilityChecks=false, acceptInsecureCerts=false, browserVersion=52.0.2, platformVersion=10.0, moz:processID=10536, browserName=firefox, platformName=windows_nt}]&#10;Session ID: aef105c7-971e-46b6-be61-bf12feb6225b&#10;*** Element info: {Using=css selector, value=.cart_black.cart.cart--shown}" type="org.openqa.selenium.NoSuchElementException">org.openqa.selenium.NoSuchElementException: 
Unable to locate element: .cart_black.cart.cart--shown
For documentation on this error, please visit: http://seleniumhq.org/exceptions/no_such_element.html
Build info: version: '3.0.1', revision: '1969d75', time: '2016-10-18 09:49:13 -0700'
System info: host: 'GCHAND-DT', ip: '10.24.35.10', os.name: 'Windows 10', os.arch: 'amd64', os.version: '10.0', java.version: '1.8.0_121'
Driver info: org.openqa.selenium.firefox.FirefoxDriver
Capabilities [{moz:profile=C:\Users\GCHAND~1.COM\AppData\Local\Temp\rust_mozprofile.SdJe8jOLcvkL, rotatable=false, timeouts={implicit=0, page load=300000, script=30000}, pageLoadStrategy=normal, platform=ANY, specificationLevel=0, moz:accessibilityChecks=false, acceptInsecureCerts=false, browserVersion=52.0.2, platformVersion=10.0, moz:processID=10536, browserName=firefox, platformName=windows_nt}]
Session ID: aef105c7-971e-46b6-be61-bf12feb6225b
*** Element info: {Using=css selector, value=.cart_black.cart.cart--shown}
	at shield.enus.com.nvidia.www.javatests.PascalSLIAddToCartTestCases.VerifyProductIsAddedToCartOrnot(PascalSLIAddToCartTestCases.java:33)
</failure>
    <system-out><![CDATA[Firefox has browser initiated successfully
browserInitialization successful
shieldHomWebElementInitialization successful
digitalriverWebElements successful
gcDRWebElements successful
info: Web element scrolling success [[FirefoxDriver: firefox on ANY (aef105c7-971e-46b6-be61-bf12feb6225b)] -> xpath: .//a[starts-with(@class, 'cta-button-sm-disabled active js-add-button') and @data-digital-river-id='2032108300']]
]]></system-out>
    <system-err><![CDATA[1492519504759	Marionette	INFO	New connections will no longer be accepted
[Child 13144] ###!!! ABORT: Aborting on channel error.: file c:/builds/moz2_slave/m-rel-w32-00000000000000000000/build/src/ipc/glue/MessageChannel.cpp, line 2143
[NPAPI 14772] ###!!! ABORT: Aborting on channel error.: file c:/builds/moz2_slave/m-rel-w32-00000000000000000000/build/src/ipc/glue/MessageChannel.cpp, line 2143
Apr 18, 2017 6:15:06 PM org.openqa.selenium.os.UnixProcess destroy
SEVERE: Unable to kill process with PID 16000
Apr 18, 2017 6:15:07 PM org.openqa.selenium.remote.ProtocolHandshake createSession
INFO: Attempting bi-dialect session, assuming Postel's Law holds true on the remote end
1492519508161	Marionette	INFO	Listening on port 54511
Apr 18, 2017 6:15:10 PM org.openqa.selenium.remote.ProtocolHandshake createSession
INFO: Detected dialect: W3C
]]></system-err>
  </testcase>
  <testcase name="VerifyProductIsAddedToCartOrnot" classname="shield.enus.com.nvidia.www.javatests.PascalSLIAddToCartTestCases" time="19.522">
    <failure message="Unable to locate element: .cart_black.cart.cart--shown&#10;For documentation on this error, please visit: http://seleniumhq.org/exceptions/no_such_element.html&#10;Build info: version: &apos;3.0.1&apos;, revision: &apos;1969d75&apos;, time: &apos;2016-10-18 09:49:13 -0700&apos;&#10;System info: host: &apos;GCHAND-DT&apos;, ip: &apos;10.24.35.10&apos;, os.name: &apos;Windows 10&apos;, os.arch: &apos;amd64&apos;, os.version: &apos;10.0&apos;, java.version: &apos;1.8.0_121&apos;&#10;Driver info: org.openqa.selenium.firefox.FirefoxDriver&#10;Capabilities [{moz:profile=C:\Users\GCHAND~1.COM\AppData\Local\Temp\rust_mozprofile.kzX4eJ61JDeY, rotatable=false, timeouts={implicit=0, page load=300000, script=30000}, pageLoadStrategy=normal, platform=ANY, specificationLevel=0, moz:accessibilityChecks=false, acceptInsecureCerts=false, browserVersion=52.0.2, platformVersion=10.0, moz:processID=2220, browserName=firefox, platformName=windows_nt}]&#10;Session ID: 1bebf4fa-a5ac-4cf5-a502-9974d44c04d1&#10;*** Element info: {Using=css selector, value=.cart_black.cart.cart--shown}" type="org.openqa.selenium.NoSuchElementException">org.openqa.selenium.NoSuchElementException: 
Unable to locate element: .cart_black.cart.cart--shown
For documentation on this error, please visit: http://seleniumhq.org/exceptions/no_such_element.html
Build info: version: '3.0.1', revision: '1969d75', time: '2016-10-18 09:49:13 -0700'
System info: host: 'GCHAND-DT', ip: '10.24.35.10', os.name: 'Windows 10', os.arch: 'amd64', os.version: '10.0', java.version: '1.8.0_121'
Driver info: org.openqa.selenium.firefox.FirefoxDriver
Capabilities [{moz:profile=C:\Users\GCHAND~1.COM\AppData\Local\Temp\rust_mozprofile.kzX4eJ61JDeY, rotatable=false, timeouts={implicit=0, page load=300000, script=30000}, pageLoadStrategy=normal, platform=ANY, specificationLevel=0, moz:accessibilityChecks=false, acceptInsecureCerts=false, browserVersion=52.0.2, platformVersion=10.0, moz:processID=2220, browserName=firefox, platformName=windows_nt}]
Session ID: 1bebf4fa-a5ac-4cf5-a502-9974d44c04d1
*** Element info: {Using=css selector, value=.cart_black.cart.cart--shown}
	at shield.enus.com.nvidia.www.javatests.PascalSLIAddToCartTestCases.VerifyProductIsAddedToCartOrnot(PascalSLIAddToCartTestCases.java:33)
</failure>
    <system-out><![CDATA[Firefox has browser initiated successfully
browserInitialization successful
shieldHomWebElementInitialization successful
digitalriverWebElements successful
gcDRWebElements successful
info: Web element scrolling success [[FirefoxDriver: firefox on ANY (1bebf4fa-a5ac-4cf5-a502-9974d44c04d1)] -> xpath: .//a[starts-with(@class, 'cta-button-sm-disabled active js-add-button') and @data-digital-river-id='2032108400']]
]]></system-out>
    <system-err><![CDATA[1492519543805	Marionette	INFO	New connections will no longer be accepted
[Child 17028] ###!!! ABORT: Aborting on channel error.: file c:/builds/moz2_slave/m-rel-w32-00000000000000000000/build/src/ipc/glue/MessageChannel.cpp, line 2143
[NPAPI 10404] ###!!! ABORT: Aborting on channel error.: file c:/builds/moz2_slave/m-rel-w32-00000000000000000000/build/src/ipc/glue/MessageChannel.cpp, line 2143
Apr 18, 2017 6:15:45 PM org.openqa.selenium.os.UnixProcess destroy
SEVERE: Unable to kill process with PID 10392
Apr 18, 2017 6:15:45 PM org.openqa.selenium.remote.ProtocolHandshake createSession
INFO: Attempting bi-dialect session, assuming Postel's Law holds true on the remote end
1492519546649	Marionette	INFO	Listening on port 60059
Apr 18, 2017 6:15:48 PM org.openqa.selenium.remote.ProtocolHandshake createSession
INFO: Detected dialect: W3C
]]></system-err>
  </testcase>
  <testcase name="VerifyProductIsAddedToCartOrnot" classname="shield.enus.com.nvidia.www.javatests.PascalSLIAddToCartTestCases" time="19.612"/>
  <testcase name="VerifyCartOverLayPopup" classname="shield.enus.com.nvidia.www.javatests.PascalSLIAddToCartTestCases" time="0.006">
    <failure message="Unable to locate element: .cart_black.cart.cart--shown&#10;For documentation on this error, please visit: http://seleniumhq.org/exceptions/no_such_element.html&#10;Build info: version: &apos;3.0.1&apos;, revision: &apos;1969d75&apos;, time: &apos;2016-10-18 09:49:13 -0700&apos;&#10;System info: host: &apos;GCHAND-DT&apos;, ip: &apos;10.24.35.10&apos;, os.name: &apos;Windows 10&apos;, os.arch: &apos;amd64&apos;, os.version: &apos;10.0&apos;, java.version: &apos;1.8.0_121&apos;&#10;Driver info: org.openqa.selenium.firefox.FirefoxDriver&#10;Capabilities [{moz:profile=C:\Users\GCHAND~1.COM\AppData\Local\Temp\rust_mozprofile.SdJe8jOLcvkL, rotatable=false, timeouts={implicit=0, page load=300000, script=30000}, pageLoadStrategy=normal, platform=ANY, specificationLevel=0, moz:accessibilityChecks=false, acceptInsecureCerts=false, browserVersion=52.0.2, platformVersion=10.0, moz:processID=10536, browserName=firefox, platformName=windows_nt}]&#10;Session ID: aef105c7-971e-46b6-be61-bf12feb6225b&#10;*** Element info: {Using=css selector, value=.cart_black.cart.cart--shown}" type="org.openqa.selenium.NoSuchElementException">org.openqa.selenium.NoSuchElementException: 
Unable to locate element: .cart_black.cart.cart--shown
For documentation on this error, please visit: http://seleniumhq.org/exceptions/no_such_element.html
Build info: version: '3.0.1', revision: '1969d75', time: '2016-10-18 09:49:13 -0700'
System info: host: 'GCHAND-DT', ip: '10.24.35.10', os.name: 'Windows 10', os.arch: 'amd64', os.version: '10.0', java.version: '1.8.0_121'
Driver info: org.openqa.selenium.firefox.FirefoxDriver
Capabilities [{moz:profile=C:\Users\GCHAND~1.COM\AppData\Local\Temp\rust_mozprofile.SdJe8jOLcvkL, rotatable=false, timeouts={implicit=0, page load=300000, script=30000}, pageLoadStrategy=normal, platform=ANY, specificationLevel=0, moz:accessibilityChecks=false, acceptInsecureCerts=false, browserVersion=52.0.2, platformVersion=10.0, moz:processID=10536, browserName=firefox, platformName=windows_nt}]
Session ID: aef105c7-971e-46b6-be61-bf12feb6225b
*** Element info: {Using=css selector, value=.cart_black.cart.cart--shown}
	at shield.enus.com.nvidia.www.javatests.PascalSLIAddToCartTestCases.VerifyCartOverLayPopup(PascalSLIAddToCartTestCases.java:42)
</failure>
  </testcase>
  <testcase name="VerifyCartOverLayPopup" classname="shield.enus.com.nvidia.www.javatests.PascalSLIAddToCartTestCases" time="0.007">
    <failure message="Unable to locate element: .cart_black.cart.cart--shown&#10;For documentation on this error, please visit: http://seleniumhq.org/exceptions/no_such_element.html&#10;Build info: version: &apos;3.0.1&apos;, revision: &apos;1969d75&apos;, time: &apos;2016-10-18 09:49:13 -0700&apos;&#10;System info: host: &apos;GCHAND-DT&apos;, ip: &apos;10.24.35.10&apos;, os.name: &apos;Windows 10&apos;, os.arch: &apos;amd64&apos;, os.version: &apos;10.0&apos;, java.version: &apos;1.8.0_121&apos;&#10;Driver info: org.openqa.selenium.firefox.FirefoxDriver&#10;Capabilities [{moz:profile=C:\Users\GCHAND~1.COM\AppData\Local\Temp\rust_mozprofile.kzX4eJ61JDeY, rotatable=false, timeouts={implicit=0, page load=300000, script=30000}, pageLoadStrategy=normal, platform=ANY, specificationLevel=0, moz:accessibilityChecks=false, acceptInsecureCerts=false, browserVersion=52.0.2, platformVersion=10.0, moz:processID=2220, browserName=firefox, platformName=windows_nt}]&#10;Session ID: 1bebf4fa-a5ac-4cf5-a502-9974d44c04d1&#10;*** Element info: {Using=css selector, value=.cart_black.cart.cart--shown}" type="org.openqa.selenium.NoSuchElementException">org.openqa.selenium.NoSuchElementException: 
Unable to locate element: .cart_black.cart.cart--shown
For documentation on this error, please visit: http://seleniumhq.org/exceptions/no_such_element.html
Build info: version: '3.0.1', revision: '1969d75', time: '2016-10-18 09:49:13 -0700'
System info: host: 'GCHAND-DT', ip: '10.24.35.10', os.name: 'Windows 10', os.arch: 'amd64', os.version: '10.0', java.version: '1.8.0_121'
Driver info: org.openqa.selenium.firefox.FirefoxDriver
Capabilities [{moz:profile=C:\Users\GCHAND~1.COM\AppData\Local\Temp\rust_mozprofile.kzX4eJ61JDeY, rotatable=false, timeouts={implicit=0, page load=300000, script=30000}, pageLoadStrategy=normal, platform=ANY, specificationLevel=0, moz:accessibilityChecks=false, acceptInsecureCerts=false, browserVersion=52.0.2, platformVersion=10.0, moz:processID=2220, browserName=firefox, platformName=windows_nt}]
Session ID: 1bebf4fa-a5ac-4cf5-a502-9974d44c04d1
*** Element info: {Using=css selector, value=.cart_black.cart.cart--shown}
	at shield.enus.com.nvidia.www.javatests.PascalSLIAddToCartTestCases.VerifyCartOverLayPopup(PascalSLIAddToCartTestCases.java:42)
</failure>
  </testcase>
  <testcase name="VerifyCartOverLayPopup" classname="shield.enus.com.nvidia.www.javatests.PascalSLIAddToCartTestCases" time="0.013"/>
  <testcase name="verifyProductAddedToCart" classname="shield.enus.com.nvidia.www.javatests.PascalSLIAddToCartTestCases" time="0.007">
    <failure message="Unable to locate element: .cart-item.cart-item--2032108300&#10;For documentation on this error, please visit: http://seleniumhq.org/exceptions/no_such_element.html&#10;Build info: version: &apos;3.0.1&apos;, revision: &apos;1969d75&apos;, time: &apos;2016-10-18 09:49:13 -0700&apos;&#10;System info: host: &apos;GCHAND-DT&apos;, ip: &apos;10.24.35.10&apos;, os.name: &apos;Windows 10&apos;, os.arch: &apos;amd64&apos;, os.version: &apos;10.0&apos;, java.version: &apos;1.8.0_121&apos;&#10;Driver info: org.openqa.selenium.firefox.FirefoxDriver&#10;Capabilities [{moz:profile=C:\Users\GCHAND~1.COM\AppData\Local\Temp\rust_mozprofile.SdJe8jOLcvkL, rotatable=false, timeouts={implicit=0, page load=300000, script=30000}, pageLoadStrategy=normal, platform=ANY, specificationLevel=0, moz:accessibilityChecks=false, acceptInsecureCerts=false, browserVersion=52.0.2, platformVersion=10.0, moz:processID=10536, browserName=firefox, platformName=windows_nt}]&#10;Session ID: aef105c7-971e-46b6-be61-bf12feb6225b&#10;*** Element info: {Using=css selector, value=.cart-item.cart-item--2032108300}" type="org.openqa.selenium.NoSuchElementException">org.openqa.selenium.NoSuchElementException: 
Unable to locate element: .cart-item.cart-item--2032108300
For documentation on this error, please visit: http://seleniumhq.org/exceptions/no_such_element.html
Build info: version: '3.0.1', revision: '1969d75', time: '2016-10-18 09:49:13 -0700'
System info: host: 'GCHAND-DT', ip: '10.24.35.10', os.name: 'Windows 10', os.arch: 'amd64', os.version: '10.0', java.version: '1.8.0_121'
Driver info: org.openqa.selenium.firefox.FirefoxDriver
Capabilities [{moz:profile=C:\Users\GCHAND~1.COM\AppData\Local\Temp\rust_mozprofile.SdJe8jOLcvkL, rotatable=false, timeouts={implicit=0, page load=300000, script=30000}, pageLoadStrategy=normal, platform=ANY, specificationLevel=0, moz:accessibilityChecks=false, acceptInsecureCerts=false, browserVersion=52.0.2, platformVersion=10.0, moz:processID=10536, browserName=firefox, platformName=windows_nt}]
Session ID: aef105c7-971e-46b6-be61-bf12feb6225b
*** Element info: {Using=css selector, value=.cart-item.cart-item--2032108300}
	at shield.enus.com.nvidia.www.javatests.PascalSLIAddToCartTestCases.verifyProductAddedToCart(PascalSLIAddToCartTestCases.java:54)
</failure>
  </testcase>
  <testcase name="verifyProductAddedToCart" classname="shield.enus.com.nvidia.www.javatests.PascalSLIAddToCartTestCases" time="0.006">
    <failure message="Unable to locate element: .cart-item.cart-item--2032108400&#10;For documentation on this error, please visit: http://seleniumhq.org/exceptions/no_such_element.html&#10;Build info: version: &apos;3.0.1&apos;, revision: &apos;1969d75&apos;, time: &apos;2016-10-18 09:49:13 -0700&apos;&#10;System info: host: &apos;GCHAND-DT&apos;, ip: &apos;10.24.35.10&apos;, os.name: &apos;Windows 10&apos;, os.arch: &apos;amd64&apos;, os.version: &apos;10.0&apos;, java.version: &apos;1.8.0_121&apos;&#10;Driver info: org.openqa.selenium.firefox.FirefoxDriver&#10;Capabilities [{moz:profile=C:\Users\GCHAND~1.COM\AppData\Local\Temp\rust_mozprofile.kzX4eJ61JDeY, rotatable=false, timeouts={implicit=0, page load=300000, script=30000}, pageLoadStrategy=normal, platform=ANY, specificationLevel=0, moz:accessibilityChecks=false, acceptInsecureCerts=false, browserVersion=52.0.2, platformVersion=10.0, moz:processID=2220, browserName=firefox, platformName=windows_nt}]&#10;Session ID: 1bebf4fa-a5ac-4cf5-a502-9974d44c04d1&#10;*** Element info: {Using=css selector, value=.cart-item.cart-item--2032108400}" type="org.openqa.selenium.NoSuchElementException">org.openqa.selenium.NoSuchElementException: 
Unable to locate element: .cart-item.cart-item--2032108400
For documentation on this error, please visit: http://seleniumhq.org/exceptions/no_such_element.html
Build info: version: '3.0.1', revision: '1969d75', time: '2016-10-18 09:49:13 -0700'
System info: host: 'GCHAND-DT', ip: '10.24.35.10', os.name: 'Windows 10', os.arch: 'amd64', os.version: '10.0', java.version: '1.8.0_121'
Driver info: org.openqa.selenium.firefox.FirefoxDriver
Capabilities [{moz:profile=C:\Users\GCHAND~1.COM\AppData\Local\Temp\rust_mozprofile.kzX4eJ61JDeY, rotatable=false, timeouts={implicit=0, page load=300000, script=30000}, pageLoadStrategy=normal, platform=ANY, specificationLevel=0, moz:accessibilityChecks=false, acceptInsecureCerts=false, browserVersion=52.0.2, platformVersion=10.0, moz:processID=2220, browserName=firefox, platformName=windows_nt}]
Session ID: 1bebf4fa-a5ac-4cf5-a502-9974d44c04d1
*** Element info: {Using=css selector, value=.cart-item.cart-item--2032108400}
	at shield.enus.com.nvidia.www.javatests.PascalSLIAddToCartTestCases.verifyProductAddedToCart(PascalSLIAddToCartTestCases.java:54)
</failure>
  </testcase>
  <testcase name="verifyProductAddedToCart" classname="shield.enus.com.nvidia.www.javatests.PascalSLIAddToCartTestCases" time="0.019"/>
  <testcase name="verifyCartTotalAmout" classname="shield.enus.com.nvidia.www.javatests.PascalSLIAddToCartTestCases" time="0.01">
    <failure message="Unable to locate element: .cart__total&#10;For documentation on this error, please visit: http://seleniumhq.org/exceptions/no_such_element.html&#10;Build info: version: &apos;3.0.1&apos;, revision: &apos;1969d75&apos;, time: &apos;2016-10-18 09:49:13 -0700&apos;&#10;System info: host: &apos;GCHAND-DT&apos;, ip: &apos;10.24.35.10&apos;, os.name: &apos;Windows 10&apos;, os.arch: &apos;amd64&apos;, os.version: &apos;10.0&apos;, java.version: &apos;1.8.0_121&apos;&#10;Driver info: org.openqa.selenium.firefox.FirefoxDriver&#10;Capabilities [{moz:profile=C:\Users\GCHAND~1.COM\AppData\Local\Temp\rust_mozprofile.SdJe8jOLcvkL, rotatable=false, timeouts={implicit=0, page load=300000, script=30000}, pageLoadStrategy=normal, platform=ANY, specificationLevel=0, moz:accessibilityChecks=false, acceptInsecureCerts=false, browserVersion=52.0.2, platformVersion=10.0, moz:processID=10536, browserName=firefox, platformName=windows_nt}]&#10;Session ID: aef105c7-971e-46b6-be61-bf12feb6225b&#10;*** Element info: {Using=css selector, value=.cart__total}" type="org.openqa.selenium.NoSuchElementException">org.openqa.selenium.NoSuchElementException: 
Unable to locate element: .cart__total
For documentation on this error, please visit: http://seleniumhq.org/exceptions/no_such_element.html
Build info: version: '3.0.1', revision: '1969d75', time: '2016-10-18 09:49:13 -0700'
System info: host: 'GCHAND-DT', ip: '10.24.35.10', os.name: 'Windows 10', os.arch: 'amd64', os.version: '10.0', java.version: '1.8.0_121'
Driver info: org.openqa.selenium.firefox.FirefoxDriver
Capabilities [{moz:profile=C:\Users\GCHAND~1.COM\AppData\Local\Temp\rust_mozprofile.SdJe8jOLcvkL, rotatable=false, timeouts={implicit=0, page load=300000, script=30000}, pageLoadStrategy=normal, platform=ANY, specificationLevel=0, moz:accessibilityChecks=false, acceptInsecureCerts=false, browserVersion=52.0.2, platformVersion=10.0, moz:processID=10536, browserName=firefox, platformName=windows_nt}]
Session ID: aef105c7-971e-46b6-be61-bf12feb6225b
*** Element info: {Using=css selector, value=.cart__total}
	at shield.enus.com.nvidia.www.javatests.PascalSLIAddToCartTestCases.verifyCartTotalAmout(PascalSLIAddToCartTestCases.java:66)
</failure>
  </testcase>
  <testcase name="verifyCartTotalAmout" classname="shield.enus.com.nvidia.www.javatests.PascalSLIAddToCartTestCases" time="0.01">
    <failure message="Unable to locate element: .cart__total&#10;For documentation on this error, please visit: http://seleniumhq.org/exceptions/no_such_element.html&#10;Build info: version: &apos;3.0.1&apos;, revision: &apos;1969d75&apos;, time: &apos;2016-10-18 09:49:13 -0700&apos;&#10;System info: host: &apos;GCHAND-DT&apos;, ip: &apos;10.24.35.10&apos;, os.name: &apos;Windows 10&apos;, os.arch: &apos;amd64&apos;, os.version: &apos;10.0&apos;, java.version: &apos;1.8.0_121&apos;&#10;Driver info: org.openqa.selenium.firefox.FirefoxDriver&#10;Capabilities [{moz:profile=C:\Users\GCHAND~1.COM\AppData\Local\Temp\rust_mozprofile.kzX4eJ61JDeY, rotatable=false, timeouts={implicit=0, page load=300000, script=30000}, pageLoadStrategy=normal, platform=ANY, specificationLevel=0, moz:accessibilityChecks=false, acceptInsecureCerts=false, browserVersion=52.0.2, platformVersion=10.0, moz:processID=2220, browserName=firefox, platformName=windows_nt}]&#10;Session ID: 1bebf4fa-a5ac-4cf5-a502-9974d44c04d1&#10;*** Element info: {Using=css selector, value=.cart__total}" type="org.openqa.selenium.NoSuchElementException">org.openqa.selenium.NoSuchElementException: 
Unable to locate element: .cart__total
For documentation on this error, please visit: http://seleniumhq.org/exceptions/no_such_element.html
Build info: version: '3.0.1', revision: '1969d75', time: '2016-10-18 09:49:13 -0700'
System info: host: 'GCHAND-DT', ip: '10.24.35.10', os.name: 'Windows 10', os.arch: 'amd64', os.version: '10.0', java.version: '1.8.0_121'
Driver info: org.openqa.selenium.firefox.FirefoxDriver
Capabilities [{moz:profile=C:\Users\GCHAND~1.COM\AppData\Local\Temp\rust_mozprofile.kzX4eJ61JDeY, rotatable=false, timeouts={implicit=0, page load=300000, script=30000}, pageLoadStrategy=normal, platform=ANY, specificationLevel=0, moz:accessibilityChecks=false, acceptInsecureCerts=false, browserVersion=52.0.2, platformVersion=10.0, moz:processID=2220, browserName=firefox, platformName=windows_nt}]
Session ID: 1bebf4fa-a5ac-4cf5-a502-9974d44c04d1
*** Element info: {Using=css selector, value=.cart__total}
	at shield.enus.com.nvidia.www.javatests.PascalSLIAddToCartTestCases.verifyCartTotalAmout(PascalSLIAddToCartTestCases.java:66)
</failure>
  </testcase>
  <testcase name="verifyCartTotalAmout" classname="shield.enus.com.nvidia.www.javatests.PascalSLIAddToCartTestCases" time="0.009"/>
  <testcase name="verifyCartSubTotal" classname="shield.enus.com.nvidia.www.javatests.PascalSLIAddToCartTestCases" time="0.005">
    <failure message="Unable to locate element: .cart-item__price&#10;For documentation on this error, please visit: http://seleniumhq.org/exceptions/no_such_element.html&#10;Build info: version: &apos;3.0.1&apos;, revision: &apos;1969d75&apos;, time: &apos;2016-10-18 09:49:13 -0700&apos;&#10;System info: host: &apos;GCHAND-DT&apos;, ip: &apos;10.24.35.10&apos;, os.name: &apos;Windows 10&apos;, os.arch: &apos;amd64&apos;, os.version: &apos;10.0&apos;, java.version: &apos;1.8.0_121&apos;&#10;Driver info: org.openqa.selenium.firefox.FirefoxDriver&#10;Capabilities [{moz:profile=C:\Users\GCHAND~1.COM\AppData\Local\Temp\rust_mozprofile.SdJe8jOLcvkL, rotatable=false, timeouts={implicit=0, page load=300000, script=30000}, pageLoadStrategy=normal, platform=ANY, specificationLevel=0, moz:accessibilityChecks=false, acceptInsecureCerts=false, browserVersion=52.0.2, platformVersion=10.0, moz:processID=10536, browserName=firefox, platformName=windows_nt}]&#10;Session ID: aef105c7-971e-46b6-be61-bf12feb6225b&#10;*** Element info: {Using=css selector, value=.cart-item__price}" type="org.openqa.selenium.NoSuchElementException">org.openqa.selenium.NoSuchElementException: 
Unable to locate element: .cart-item__price
For documentation on this error, please visit: http://seleniumhq.org/exceptions/no_such_element.html
Build info: version: '3.0.1', revision: '1969d75', time: '2016-10-18 09:49:13 -0700'
System info: host: 'GCHAND-DT', ip: '10.24.35.10', os.name: 'Windows 10', os.arch: 'amd64', os.version: '10.0', java.version: '1.8.0_121'
Driver info: org.openqa.selenium.firefox.FirefoxDriver
Capabilities [{moz:profile=C:\Users\GCHAND~1.COM\AppData\Local\Temp\rust_mozprofile.SdJe8jOLcvkL, rotatable=false, timeouts={implicit=0, page load=300000, script=30000}, pageLoadStrategy=normal, platform=ANY, specificationLevel=0, moz:accessibilityChecks=false, acceptInsecureCerts=false, browserVersion=52.0.2, platformVersion=10.0, moz:processID=10536, browserName=firefox, platformName=windows_nt}]
Session ID: aef105c7-971e-46b6-be61-bf12feb6225b
*** Element info: {Using=css selector, value=.cart-item__price}
	at shield.enus.com.nvidia.www.javatests.PascalSLIAddToCartTestCases.verifyCartSubTotal(PascalSLIAddToCartTestCases.java:80)
</failure>
  </testcase>
  <testcase name="verifyCartSubTotal" classname="shield.enus.com.nvidia.www.javatests.PascalSLIAddToCartTestCases" time="0.005">
    <failure message="Unable to locate element: .cart-item__price&#10;For documentation on this error, please visit: http://seleniumhq.org/exceptions/no_such_element.html&#10;Build info: version: &apos;3.0.1&apos;, revision: &apos;1969d75&apos;, time: &apos;2016-10-18 09:49:13 -0700&apos;&#10;System info: host: &apos;GCHAND-DT&apos;, ip: &apos;10.24.35.10&apos;, os.name: &apos;Windows 10&apos;, os.arch: &apos;amd64&apos;, os.version: &apos;10.0&apos;, java.version: &apos;1.8.0_121&apos;&#10;Driver info: org.openqa.selenium.firefox.FirefoxDriver&#10;Capabilities [{moz:profile=C:\Users\GCHAND~1.COM\AppData\Local\Temp\rust_mozprofile.kzX4eJ61JDeY, rotatable=false, timeouts={implicit=0, page load=300000, script=30000}, pageLoadStrategy=normal, platform=ANY, specificationLevel=0, moz:accessibilityChecks=false, acceptInsecureCerts=false, browserVersion=52.0.2, platformVersion=10.0, moz:processID=2220, browserName=firefox, platformName=windows_nt}]&#10;Session ID: 1bebf4fa-a5ac-4cf5-a502-9974d44c04d1&#10;*** Element info: {Using=css selector, value=.cart-item__price}" type="org.openqa.selenium.NoSuchElementException">org.openqa.selenium.NoSuchElementException: 
Unable to locate element: .cart-item__price
For documentation on this error, please visit: http://seleniumhq.org/exceptions/no_such_element.html
Build info: version: '3.0.1', revision: '1969d75', time: '2016-10-18 09:49:13 -0700'
System info: host: 'GCHAND-DT', ip: '10.24.35.10', os.name: 'Windows 10', os.arch: 'amd64', os.version: '10.0', java.version: '1.8.0_121'
Driver info: org.openqa.selenium.firefox.FirefoxDriver
Capabilities [{moz:profile=C:\Users\GCHAND~1.COM\AppData\Local\Temp\rust_mozprofile.kzX4eJ61JDeY, rotatable=false, timeouts={implicit=0, page load=300000, script=30000}, pageLoadStrategy=normal, platform=ANY, specificationLevel=0, moz:accessibilityChecks=false, acceptInsecureCerts=false, browserVersion=52.0.2, platformVersion=10.0, moz:processID=2220, browserName=firefox, platformName=windows_nt}]
Session ID: 1bebf4fa-a5ac-4cf5-a502-9974d44c04d1
*** Element info: {Using=css selector, value=.cart-item__price}
	at shield.enus.com.nvidia.www.javatests.PascalSLIAddToCartTestCases.verifyCartSubTotal(PascalSLIAddToCartTestCases.java:80)
</failure>
  </testcase>
  <testcase name="verifyCartSubTotal" classname="shield.enus.com.nvidia.www.javatests.PascalSLIAddToCartTestCases" time="0.007"/>
  <testcase name="verifyCartProductCountDeCrease" classname="shield.enus.com.nvidia.www.javatests.PascalSLIAddToCartTestCases" time="5.028">
    <failure message="Unable to locate element: .quantity-selector__dec.js-cart-item-dec&#10;For documentation on this error, please visit: http://seleniumhq.org/exceptions/no_such_element.html&#10;Build info: version: &apos;3.0.1&apos;, revision: &apos;1969d75&apos;, time: &apos;2016-10-18 09:49:13 -0700&apos;&#10;System info: host: &apos;GCHAND-DT&apos;, ip: &apos;10.24.35.10&apos;, os.name: &apos;Windows 10&apos;, os.arch: &apos;amd64&apos;, os.version: &apos;10.0&apos;, java.version: &apos;1.8.0_121&apos;&#10;Driver info: org.openqa.selenium.firefox.FirefoxDriver&#10;Capabilities [{moz:profile=C:\Users\GCHAND~1.COM\AppData\Local\Temp\rust_mozprofile.SdJe8jOLcvkL, rotatable=false, timeouts={implicit=0, page load=300000, script=30000}, pageLoadStrategy=normal, platform=ANY, specificationLevel=0, moz:accessibilityChecks=false, acceptInsecureCerts=false, browserVersion=52.0.2, platformVersion=10.0, moz:processID=10536, browserName=firefox, platformName=windows_nt}]&#10;Session ID: aef105c7-971e-46b6-be61-bf12feb6225b&#10;*** Element info: {Using=css selector, value=.quantity-selector__dec.js-cart-item-dec}" type="org.openqa.selenium.NoSuchElementException">org.openqa.selenium.NoSuchElementException: 
Unable to locate element: .quantity-selector__dec.js-cart-item-dec
For documentation on this error, please visit: http://seleniumhq.org/exceptions/no_such_element.html
Build info: version: '3.0.1', revision: '1969d75', time: '2016-10-18 09:49:13 -0700'
System info: host: 'GCHAND-DT', ip: '10.24.35.10', os.name: 'Windows 10', os.arch: 'amd64', os.version: '10.0', java.version: '1.8.0_121'
Driver info: org.openqa.selenium.firefox.FirefoxDriver
Capabilities [{moz:profile=C:\Users\GCHAND~1.COM\AppData\Local\Temp\rust_mozprofile.SdJe8jOLcvkL, rotatable=false, timeouts={implicit=0, page load=300000, script=30000}, pageLoadStrategy=normal, platform=ANY, specificationLevel=0, moz:accessibilityChecks=false, acceptInsecureCerts=false, browserVersion=52.0.2, platformVersion=10.0, moz:processID=10536, browserName=firefox, platformName=windows_nt}]
Session ID: aef105c7-971e-46b6-be61-bf12feb6225b
*** Element info: {Using=css selector, value=.quantity-selector__dec.js-cart-item-dec}
	at shield.enus.com.nvidia.www.javatests.PascalSLIAddToCartTestCases.verifyCartProductCountDeCrease(PascalSLIAddToCartTestCases.java:92)
</failure>
  </testcase>
  <testcase name="verifyCartProductCountDeCrease" classname="shield.enus.com.nvidia.www.javatests.PascalSLIAddToCartTestCases" time="5.01">
    <failure message="Unable to locate element: .quantity-selector__dec.js-cart-item-dec&#10;For documentation on this error, please visit: http://seleniumhq.org/exceptions/no_such_element.html&#10;Build info: version: &apos;3.0.1&apos;, revision: &apos;1969d75&apos;, time: &apos;2016-10-18 09:49:13 -0700&apos;&#10;System info: host: &apos;GCHAND-DT&apos;, ip: &apos;10.24.35.10&apos;, os.name: &apos;Windows 10&apos;, os.arch: &apos;amd64&apos;, os.version: &apos;10.0&apos;, java.version: &apos;1.8.0_121&apos;&#10;Driver info: org.openqa.selenium.firefox.FirefoxDriver&#10;Capabilities [{moz:profile=C:\Users\GCHAND~1.COM\AppData\Local\Temp\rust_mozprofile.kzX4eJ61JDeY, rotatable=false, timeouts={implicit=0, page load=300000, script=30000}, pageLoadStrategy=normal, platform=ANY, specificationLevel=0, moz:accessibilityChecks=false, acceptInsecureCerts=false, browserVersion=52.0.2, platformVersion=10.0, moz:processID=2220, browserName=firefox, platformName=windows_nt}]&#10;Session ID: 1bebf4fa-a5ac-4cf5-a502-9974d44c04d1&#10;*** Element info: {Using=css selector, value=.quantity-selector__dec.js-cart-item-dec}" type="org.openqa.selenium.NoSuchElementException">org.openqa.selenium.NoSuchElementException: 
Unable to locate element: .quantity-selector__dec.js-cart-item-dec
For documentation on this error, please visit: http://seleniumhq.org/exceptions/no_such_element.html
Build info: version: '3.0.1', revision: '1969d75', time: '2016-10-18 09:49:13 -0700'
System info: host: 'GCHAND-DT', ip: '10.24.35.10', os.name: 'Windows 10', os.arch: 'amd64', os.version: '10.0', java.version: '1.8.0_121'
Driver info: org.openqa.selenium.firefox.FirefoxDriver
Capabilities [{moz:profile=C:\Users\GCHAND~1.COM\AppData\Local\Temp\rust_mozprofile.kzX4eJ61JDeY, rotatable=false, timeouts={implicit=0, page load=300000, script=30000}, pageLoadStrategy=normal, platform=ANY, specificationLevel=0, moz:accessibilityChecks=false, acceptInsecureCerts=false, browserVersion=52.0.2, platformVersion=10.0, moz:processID=2220, browserName=firefox, platformName=windows_nt}]
Session ID: 1bebf4fa-a5ac-4cf5-a502-9974d44c04d1
*** Element info: {Using=css selector, value=.quantity-selector__dec.js-cart-item-dec}
	at shield.enus.com.nvidia.www.javatests.PascalSLIAddToCartTestCases.verifyCartProductCountDeCrease(PascalSLIAddToCartTestCases.java:92)
</failure>
  </testcase>
  <testcase name="verifyCartProductCountDeCrease" classname="shield.enus.com.nvidia.www.javatests.PascalSLIAddToCartTestCases" time="5.015">
    <failure message="Unable to locate element: .quantity-selector__dec.js-cart-item-dec&#10;For documentation on this error, please visit: http://seleniumhq.org/exceptions/no_such_element.html&#10;Build info: version: &apos;3.0.1&apos;, revision: &apos;1969d75&apos;, time: &apos;2016-10-18 09:49:13 -0700&apos;&#10;System info: host: &apos;GCHAND-DT&apos;, ip: &apos;10.24.35.10&apos;, os.name: &apos;Windows 10&apos;, os.arch: &apos;amd64&apos;, os.version: &apos;10.0&apos;, java.version: &apos;1.8.0_121&apos;&#10;Driver info: org.openqa.selenium.firefox.FirefoxDriver&#10;Capabilities [{moz:profile=C:\Users\GCHAND~1.COM\AppData\Local\Temp\rust_mozprofile.k9E4hZ15DIJr, rotatable=false, timeouts={implicit=0, page load=300000, script=30000}, pageLoadStrategy=normal, platform=ANY, specificationLevel=0, moz:accessibilityChecks=false, acceptInsecureCerts=false, browserVersion=52.0.2, platformVersion=10.0, moz:processID=16624, browserName=firefox, platformName=windows_nt}]&#10;Session ID: f10bf2c1-d189-4d43-881c-7078156fde6e&#10;*** Element info: {Using=css selector, value=.quantity-selector__dec.js-cart-item-dec}" type="org.openqa.selenium.NoSuchElementException">org.openqa.selenium.NoSuchElementException: 
Unable to locate element: .quantity-selector__dec.js-cart-item-dec
For documentation on this error, please visit: http://seleniumhq.org/exceptions/no_such_element.html
Build info: version: '3.0.1', revision: '1969d75', time: '2016-10-18 09:49:13 -0700'
System info: host: 'GCHAND-DT', ip: '10.24.35.10', os.name: 'Windows 10', os.arch: 'amd64', os.version: '10.0', java.version: '1.8.0_121'
Driver info: org.openqa.selenium.firefox.FirefoxDriver
Capabilities [{moz:profile=C:\Users\GCHAND~1.COM\AppData\Local\Temp\rust_mozprofile.k9E4hZ15DIJr, rotatable=false, timeouts={implicit=0, page load=300000, script=30000}, pageLoadStrategy=normal, platform=ANY, specificationLevel=0, moz:accessibilityChecks=false, acceptInsecureCerts=false, browserVersion=52.0.2, platformVersion=10.0, moz:processID=16624, browserName=firefox, platformName=windows_nt}]
Session ID: f10bf2c1-d189-4d43-881c-7078156fde6e
*** Element info: {Using=css selector, value=.quantity-selector__dec.js-cart-item-dec}
	at shield.enus.com.nvidia.www.javatests.PascalSLIAddToCartTestCases.verifyCartProductCountDeCrease(PascalSLIAddToCartTestCases.java:92)
</failure>
  </testcase>
  <testcase name="verifyCartProductCountIncrease" classname="shield.enus.com.nvidia.www.javatests.PascalSLIAddToCartTestCases" time="0.012">
    <failure message="Unable to locate element: .quantity-selector__inc.js-cart-item-inc&#10;For documentation on this error, please visit: http://seleniumhq.org/exceptions/no_such_element.html&#10;Build info: version: &apos;3.0.1&apos;, revision: &apos;1969d75&apos;, time: &apos;2016-10-18 09:49:13 -0700&apos;&#10;System info: host: &apos;GCHAND-DT&apos;, ip: &apos;10.24.35.10&apos;, os.name: &apos;Windows 10&apos;, os.arch: &apos;amd64&apos;, os.version: &apos;10.0&apos;, java.version: &apos;1.8.0_121&apos;&#10;Driver info: org.openqa.selenium.firefox.FirefoxDriver&#10;Capabilities [{moz:profile=C:\Users\GCHAND~1.COM\AppData\Local\Temp\rust_mozprofile.SdJe8jOLcvkL, rotatable=false, timeouts={implicit=0, page load=300000, script=30000}, pageLoadStrategy=normal, platform=ANY, specificationLevel=0, moz:accessibilityChecks=false, acceptInsecureCerts=false, browserVersion=52.0.2, platformVersion=10.0, moz:processID=10536, browserName=firefox, platformName=windows_nt}]&#10;Session ID: aef105c7-971e-46b6-be61-bf12feb6225b&#10;*** Element info: {Using=css selector, value=.quantity-selector__inc.js-cart-item-inc}" type="org.openqa.selenium.NoSuchElementException">org.openqa.selenium.NoSuchElementException: 
Unable to locate element: .quantity-selector__inc.js-cart-item-inc
For documentation on this error, please visit: http://seleniumhq.org/exceptions/no_such_element.html
Build info: version: '3.0.1', revision: '1969d75', time: '2016-10-18 09:49:13 -0700'
System info: host: 'GCHAND-DT', ip: '10.24.35.10', os.name: 'Windows 10', os.arch: 'amd64', os.version: '10.0', java.version: '1.8.0_121'
Driver info: org.openqa.selenium.firefox.FirefoxDriver
Capabilities [{moz:profile=C:\Users\GCHAND~1.COM\AppData\Local\Temp\rust_mozprofile.SdJe8jOLcvkL, rotatable=false, timeouts={implicit=0, page load=300000, script=30000}, pageLoadStrategy=normal, platform=ANY, specificationLevel=0, moz:accessibilityChecks=false, acceptInsecureCerts=false, browserVersion=52.0.2, platformVersion=10.0, moz:processID=10536, browserName=firefox, platformName=windows_nt}]
Session ID: aef105c7-971e-46b6-be61-bf12feb6225b
*** Element info: {Using=css selector, value=.quantity-selector__inc.js-cart-item-inc}
	at shield.enus.com.nvidia.www.javatests.PascalSLIAddToCartTestCases.verifyCartProductCountIncrease(PascalSLIAddToCartTestCases.java:105)
</failure>
  </testcase>
  <testcase name="verifyCartProductCountIncrease" classname="shield.enus.com.nvidia.www.javatests.PascalSLIAddToCartTestCases" time="0.004">
    <failure message="Unable to locate element: .quantity-selector__inc.js-cart-item-inc&#10;For documentation on this error, please visit: http://seleniumhq.org/exceptions/no_such_element.html&#10;Build info: version: &apos;3.0.1&apos;, revision: &apos;1969d75&apos;, time: &apos;2016-10-18 09:49:13 -0700&apos;&#10;System info: host: &apos;GCHAND-DT&apos;, ip: &apos;10.24.35.10&apos;, os.name: &apos;Windows 10&apos;, os.arch: &apos;amd64&apos;, os.version: &apos;10.0&apos;, java.version: &apos;1.8.0_121&apos;&#10;Driver info: org.openqa.selenium.firefox.FirefoxDriver&#10;Capabilities [{moz:profile=C:\Users\GCHAND~1.COM\AppData\Local\Temp\rust_mozprofile.kzX4eJ61JDeY, rotatable=false, timeouts={implicit=0, page load=300000, script=30000}, pageLoadStrategy=normal, platform=ANY, specificationLevel=0, moz:accessibilityChecks=false, acceptInsecureCerts=false, browserVersion=52.0.2, platformVersion=10.0, moz:processID=2220, browserName=firefox, platformName=windows_nt}]&#10;Session ID: 1bebf4fa-a5ac-4cf5-a502-9974d44c04d1&#10;*** Element info: {Using=css selector, value=.quantity-selector__inc.js-cart-item-inc}" type="org.openqa.selenium.NoSuchElementException">org.openqa.selenium.NoSuchElementException: 
Unable to locate element: .quantity-selector__inc.js-cart-item-inc
For documentation on this error, please visit: http://seleniumhq.org/exceptions/no_such_element.html
Build info: version: '3.0.1', revision: '1969d75', time: '2016-10-18 09:49:13 -0700'
System info: host: 'GCHAND-DT', ip: '10.24.35.10', os.name: 'Windows 10', os.arch: 'amd64', os.version: '10.0', java.version: '1.8.0_121'
Driver info: org.openqa.selenium.firefox.FirefoxDriver
Capabilities [{moz:profile=C:\Users\GCHAND~1.COM\AppData\Local\Temp\rust_mozprofile.kzX4eJ61JDeY, rotatable=false, timeouts={implicit=0, page load=300000, script=30000}, pageLoadStrategy=normal, platform=ANY, specificationLevel=0, moz:accessibilityChecks=false, acceptInsecureCerts=false, browserVersion=52.0.2, platformVersion=10.0, moz:processID=2220, browserName=firefox, platformName=windows_nt}]
Session ID: 1bebf4fa-a5ac-4cf5-a502-9974d44c04d1
*** Element info: {Using=css selector, value=.quantity-selector__inc.js-cart-item-inc}
	at shield.enus.com.nvidia.www.javatests.PascalSLIAddToCartTestCases.verifyCartProductCountIncrease(PascalSLIAddToCartTestCases.java:105)
</failure>
  </testcase>
  <testcase name="verifyCartProductCountIncrease" classname="shield.enus.com.nvidia.www.javatests.PascalSLIAddToCartTestCases" time="0.01">
    <failure message="Unable to locate element: .quantity-selector__inc.js-cart-item-inc&#10;For documentation on this error, please visit: http://seleniumhq.org/exceptions/no_such_element.html&#10;Build info: version: &apos;3.0.1&apos;, revision: &apos;1969d75&apos;, time: &apos;2016-10-18 09:49:13 -0700&apos;&#10;System info: host: &apos;GCHAND-DT&apos;, ip: &apos;10.24.35.10&apos;, os.name: &apos;Windows 10&apos;, os.arch: &apos;amd64&apos;, os.version: &apos;10.0&apos;, java.version: &apos;1.8.0_121&apos;&#10;Driver info: org.openqa.selenium.firefox.FirefoxDriver&#10;Capabilities [{moz:profile=C:\Users\GCHAND~1.COM\AppData\Local\Temp\rust_mozprofile.k9E4hZ15DIJr, rotatable=false, timeouts={implicit=0, page load=300000, script=30000}, pageLoadStrategy=normal, platform=ANY, specificationLevel=0, moz:accessibilityChecks=false, acceptInsecureCerts=false, browserVersion=52.0.2, platformVersion=10.0, moz:processID=16624, browserName=firefox, platformName=windows_nt}]&#10;Session ID: f10bf2c1-d189-4d43-881c-7078156fde6e&#10;*** Element info: {Using=css selector, value=.quantity-selector__inc.js-cart-item-inc}" type="org.openqa.selenium.NoSuchElementException">org.openqa.selenium.NoSuchElementException: 
Unable to locate element: .quantity-selector__inc.js-cart-item-inc
For documentation on this error, please visit: http://seleniumhq.org/exceptions/no_such_element.html
Build info: version: '3.0.1', revision: '1969d75', time: '2016-10-18 09:49:13 -0700'
System info: host: 'GCHAND-DT', ip: '10.24.35.10', os.name: 'Windows 10', os.arch: 'amd64', os.version: '10.0', java.version: '1.8.0_121'
Driver info: org.openqa.selenium.firefox.FirefoxDriver
Capabilities [{moz:profile=C:\Users\GCHAND~1.COM\AppData\Local\Temp\rust_mozprofile.k9E4hZ15DIJr, rotatable=false, timeouts={implicit=0, page load=300000, script=30000}, pageLoadStrategy=normal, platform=ANY, specificationLevel=0, moz:accessibilityChecks=false, acceptInsecureCerts=false, browserVersion=52.0.2, platformVersion=10.0, moz:processID=16624, browserName=firefox, platformName=windows_nt}]
Session ID: f10bf2c1-d189-4d43-881c-7078156fde6e
*** Element info: {Using=css selector, value=.quantity-selector__inc.js-cart-item-inc}
	at shield.enus.com.nvidia.www.javatests.PascalSLIAddToCartTestCases.verifyCartProductCountIncrease(PascalSLIAddToCartTestCases.java:105)
</failure>
  </testcase>
  <testcase name="verifyRemoveProductFromCart" classname="shield.enus.com.nvidia.www.javatests.PascalSLIAddToCartTestCases" time="0.014">
    <failure message="Unable to locate element: .cart-item__remove.js-cart-item-remove&#10;For documentation on this error, please visit: http://seleniumhq.org/exceptions/no_such_element.html&#10;Build info: version: &apos;3.0.1&apos;, revision: &apos;1969d75&apos;, time: &apos;2016-10-18 09:49:13 -0700&apos;&#10;System info: host: &apos;GCHAND-DT&apos;, ip: &apos;10.24.35.10&apos;, os.name: &apos;Windows 10&apos;, os.arch: &apos;amd64&apos;, os.version: &apos;10.0&apos;, java.version: &apos;1.8.0_121&apos;&#10;Driver info: org.openqa.selenium.firefox.FirefoxDriver&#10;Capabilities [{moz:profile=C:\Users\GCHAND~1.COM\AppData\Local\Temp\rust_mozprofile.SdJe8jOLcvkL, rotatable=false, timeouts={implicit=0, page load=300000, script=30000}, pageLoadStrategy=normal, platform=ANY, specificationLevel=0, moz:accessibilityChecks=false, acceptInsecureCerts=false, browserVersion=52.0.2, platformVersion=10.0, moz:processID=10536, browserName=firefox, platformName=windows_nt}]&#10;Session ID: aef105c7-971e-46b6-be61-bf12feb6225b&#10;*** Element info: {Using=css selector, value=.cart-item__remove.js-cart-item-remove}" type="org.openqa.selenium.NoSuchElementException">org.openqa.selenium.NoSuchElementException: 
Unable to locate element: .cart-item__remove.js-cart-item-remove
For documentation on this error, please visit: http://seleniumhq.org/exceptions/no_such_element.html
Build info: version: '3.0.1', revision: '1969d75', time: '2016-10-18 09:49:13 -0700'
System info: host: 'GCHAND-DT', ip: '10.24.35.10', os.name: 'Windows 10', os.arch: 'amd64', os.version: '10.0', java.version: '1.8.0_121'
Driver info: org.openqa.selenium.firefox.FirefoxDriver
Capabilities [{moz:profile=C:\Users\GCHAND~1.COM\AppData\Local\Temp\rust_mozprofile.SdJe8jOLcvkL, rotatable=false, timeouts={implicit=0, page load=300000, script=30000}, pageLoadStrategy=normal, platform=ANY, specificationLevel=0, moz:accessibilityChecks=false, acceptInsecureCerts=false, browserVersion=52.0.2, platformVersion=10.0, moz:processID=10536, browserName=firefox, platformName=windows_nt}]
Session ID: aef105c7-971e-46b6-be61-bf12feb6225b
*** Element info: {Using=css selector, value=.cart-item__remove.js-cart-item-remove}
	at shield.enus.com.nvidia.www.javatests.PascalSLIAddToCartTestCases.verifyRemoveProductFromCart(PascalSLIAddToCartTestCases.java:119)
</failure>
  </testcase>
  <testcase name="verifyRemoveProductFromCart" classname="shield.enus.com.nvidia.www.javatests.PascalSLIAddToCartTestCases" time="0.005">
    <failure message="Unable to locate element: .cart-item__remove.js-cart-item-remove&#10;For documentation on this error, please visit: http://seleniumhq.org/exceptions/no_such_element.html&#10;Build info: version: &apos;3.0.1&apos;, revision: &apos;1969d75&apos;, time: &apos;2016-10-18 09:49:13 -0700&apos;&#10;System info: host: &apos;GCHAND-DT&apos;, ip: &apos;10.24.35.10&apos;, os.name: &apos;Windows 10&apos;, os.arch: &apos;amd64&apos;, os.version: &apos;10.0&apos;, java.version: &apos;1.8.0_121&apos;&#10;Driver info: org.openqa.selenium.firefox.FirefoxDriver&#10;Capabilities [{moz:profile=C:\Users\GCHAND~1.COM\AppData\Local\Temp\rust_mozprofile.kzX4eJ61JDeY, rotatable=false, timeouts={implicit=0, page load=300000, script=30000}, pageLoadStrategy=normal, platform=ANY, specificationLevel=0, moz:accessibilityChecks=false, acceptInsecureCerts=false, browserVersion=52.0.2, platformVersion=10.0, moz:processID=2220, browserName=firefox, platformName=windows_nt}]&#10;Session ID: 1bebf4fa-a5ac-4cf5-a502-9974d44c04d1&#10;*** Element info: {Using=css selector, value=.cart-item__remove.js-cart-item-remove}" type="org.openqa.selenium.NoSuchElementException">org.openqa.selenium.NoSuchElementException: 
Unable to locate element: .cart-item__remove.js-cart-item-remove
For documentation on this error, please visit: http://seleniumhq.org/exceptions/no_such_element.html
Build info: version: '3.0.1', revision: '1969d75', time: '2016-10-18 09:49:13 -0700'
System info: host: 'GCHAND-DT', ip: '10.24.35.10', os.name: 'Windows 10', os.arch: 'amd64', os.version: '10.0', java.version: '1.8.0_121'
Driver info: org.openqa.selenium.firefox.FirefoxDriver
Capabilities [{moz:profile=C:\Users\GCHAND~1.COM\AppData\Local\Temp\rust_mozprofile.kzX4eJ61JDeY, rotatable=false, timeouts={implicit=0, page load=300000, script=30000}, pageLoadStrategy=normal, platform=ANY, specificationLevel=0, moz:accessibilityChecks=false, acceptInsecureCerts=false, browserVersion=52.0.2, platformVersion=10.0, moz:processID=2220, browserName=firefox, platformName=windows_nt}]
Session ID: 1bebf4fa-a5ac-4cf5-a502-9974d44c04d1
*** Element info: {Using=css selector, value=.cart-item__remove.js-cart-item-remove}
	at shield.enus.com.nvidia.www.javatests.PascalSLIAddToCartTestCases.verifyRemoveProductFromCart(PascalSLIAddToCartTestCases.java:119)
</failure>
  </testcase>
  <testcase name="verifyRemoveProductFromCart" classname="shield.enus.com.nvidia.www.javatests.PascalSLIAddToCartTestCases" time="0.01">
    <failure message="Unable to locate element: .cart-item__remove.js-cart-item-remove&#10;For documentation on this error, please visit: http://seleniumhq.org/exceptions/no_such_element.html&#10;Build info: version: &apos;3.0.1&apos;, revision: &apos;1969d75&apos;, time: &apos;2016-10-18 09:49:13 -0700&apos;&#10;System info: host: &apos;GCHAND-DT&apos;, ip: &apos;10.24.35.10&apos;, os.name: &apos;Windows 10&apos;, os.arch: &apos;amd64&apos;, os.version: &apos;10.0&apos;, java.version: &apos;1.8.0_121&apos;&#10;Driver info: org.openqa.selenium.firefox.FirefoxDriver&#10;Capabilities [{moz:profile=C:\Users\GCHAND~1.COM\AppData\Local\Temp\rust_mozprofile.k9E4hZ15DIJr, rotatable=false, timeouts={implicit=0, page load=300000, script=30000}, pageLoadStrategy=normal, platform=ANY, specificationLevel=0, moz:accessibilityChecks=false, acceptInsecureCerts=false, browserVersion=52.0.2, platformVersion=10.0, moz:processID=16624, browserName=firefox, platformName=windows_nt}]&#10;Session ID: f10bf2c1-d189-4d43-881c-7078156fde6e&#10;*** Element info: {Using=css selector, value=.cart-item__remove.js-cart-item-remove}" type="org.openqa.selenium.NoSuchElementException">org.openqa.selenium.NoSuchElementException: 
Unable to locate element: .cart-item__remove.js-cart-item-remove
For documentation on this error, please visit: http://seleniumhq.org/exceptions/no_such_element.html
Build info: version: '3.0.1', revision: '1969d75', time: '2016-10-18 09:49:13 -0700'
System info: host: 'GCHAND-DT', ip: '10.24.35.10', os.name: 'Windows 10', os.arch: 'amd64', os.version: '10.0', java.version: '1.8.0_121'
Driver info: org.openqa.selenium.firefox.FirefoxDriver
Capabilities [{moz:profile=C:\Users\GCHAND~1.COM\AppData\Local\Temp\rust_mozprofile.k9E4hZ15DIJr, rotatable=false, timeouts={implicit=0, page load=300000, script=30000}, pageLoadStrategy=normal, platform=ANY, specificationLevel=0, moz:accessibilityChecks=false, acceptInsecureCerts=false, browserVersion=52.0.2, platformVersion=10.0, moz:processID=16624, browserName=firefox, platformName=windows_nt}]
Session ID: f10bf2c1-d189-4d43-881c-7078156fde6e
*** Element info: {Using=css selector, value=.cart-item__remove.js-cart-item-remove}
	at shield.enus.com.nvidia.www.javatests.PascalSLIAddToCartTestCases.verifyRemoveProductFromCart(PascalSLIAddToCartTestCases.java:119)
</failure>
  </testcase>
  <testcase name="verifyCartEmptymessage" classname="shield.enus.com.nvidia.www.javatests.PascalSLIAddToCartTestCases" time="0.014">
    <failure message="Unable to locate element: .cart__empty&#10;For documentation on this error, please visit: http://seleniumhq.org/exceptions/no_such_element.html&#10;Build info: version: &apos;3.0.1&apos;, revision: &apos;1969d75&apos;, time: &apos;2016-10-18 09:49:13 -0700&apos;&#10;System info: host: &apos;GCHAND-DT&apos;, ip: &apos;10.24.35.10&apos;, os.name: &apos;Windows 10&apos;, os.arch: &apos;amd64&apos;, os.version: &apos;10.0&apos;, java.version: &apos;1.8.0_121&apos;&#10;Driver info: org.openqa.selenium.firefox.FirefoxDriver&#10;Capabilities [{moz:profile=C:\Users\GCHAND~1.COM\AppData\Local\Temp\rust_mozprofile.SdJe8jOLcvkL, rotatable=false, timeouts={implicit=0, page load=300000, script=30000}, pageLoadStrategy=normal, platform=ANY, specificationLevel=0, moz:accessibilityChecks=false, acceptInsecureCerts=false, browserVersion=52.0.2, platformVersion=10.0, moz:processID=10536, browserName=firefox, platformName=windows_nt}]&#10;Session ID: aef105c7-971e-46b6-be61-bf12feb6225b&#10;*** Element info: {Using=css selector, value=.cart__empty}" type="org.openqa.selenium.NoSuchElementException">org.openqa.selenium.NoSuchElementException: 
Unable to locate element: .cart__empty
For documentation on this error, please visit: http://seleniumhq.org/exceptions/no_such_element.html
Build info: version: '3.0.1', revision: '1969d75', time: '2016-10-18 09:49:13 -0700'
System info: host: 'GCHAND-DT', ip: '10.24.35.10', os.name: 'Windows 10', os.arch: 'amd64', os.version: '10.0', java.version: '1.8.0_121'
Driver info: org.openqa.selenium.firefox.FirefoxDriver
Capabilities [{moz:profile=C:\Users\GCHAND~1.COM\AppData\Local\Temp\rust_mozprofile.SdJe8jOLcvkL, rotatable=false, timeouts={implicit=0, page load=300000, script=30000}, pageLoadStrategy=normal, platform=ANY, specificationLevel=0, moz:accessibilityChecks=false, acceptInsecureCerts=false, browserVersion=52.0.2, platformVersion=10.0, moz:processID=10536, browserName=firefox, platformName=windows_nt}]
Session ID: aef105c7-971e-46b6-be61-bf12feb6225b
*** Element info: {Using=css selector, value=.cart__empty}
	at shield.enus.com.nvidia.www.javatests.PascalSLIAddToCartTestCases.verifyCartEmptymessage(PascalSLIAddToCartTestCases.java:131)
</failure>
  </testcase>
  <testcase name="verifyCartEmptymessage" classname="shield.enus.com.nvidia.www.javatests.PascalSLIAddToCartTestCases" time="0.005">
    <failure message="Unable to locate element: .cart__empty&#10;For documentation on this error, please visit: http://seleniumhq.org/exceptions/no_such_element.html&#10;Build info: version: &apos;3.0.1&apos;, revision: &apos;1969d75&apos;, time: &apos;2016-10-18 09:49:13 -0700&apos;&#10;System info: host: &apos;GCHAND-DT&apos;, ip: &apos;10.24.35.10&apos;, os.name: &apos;Windows 10&apos;, os.arch: &apos;amd64&apos;, os.version: &apos;10.0&apos;, java.version: &apos;1.8.0_121&apos;&#10;Driver info: org.openqa.selenium.firefox.FirefoxDriver&#10;Capabilities [{moz:profile=C:\Users\GCHAND~1.COM\AppData\Local\Temp\rust_mozprofile.kzX4eJ61JDeY, rotatable=false, timeouts={implicit=0, page load=300000, script=30000}, pageLoadStrategy=normal, platform=ANY, specificationLevel=0, moz:accessibilityChecks=false, acceptInsecureCerts=false, browserVersion=52.0.2, platformVersion=10.0, moz:processID=2220, browserName=firefox, platformName=windows_nt}]&#10;Session ID: 1bebf4fa-a5ac-4cf5-a502-9974d44c04d1&#10;*** Element info: {Using=css selector, value=.cart__empty}" type="org.openqa.selenium.NoSuchElementException">org.openqa.selenium.NoSuchElementException: 
Unable to locate element: .cart__empty
For documentation on this error, please visit: http://seleniumhq.org/exceptions/no_such_element.html
Build info: version: '3.0.1', revision: '1969d75', time: '2016-10-18 09:49:13 -0700'
System info: host: 'GCHAND-DT', ip: '10.24.35.10', os.name: 'Windows 10', os.arch: 'amd64', os.version: '10.0', java.version: '1.8.0_121'
Driver info: org.openqa.selenium.firefox.FirefoxDriver
Capabilities [{moz:profile=C:\Users\GCHAND~1.COM\AppData\Local\Temp\rust_mozprofile.kzX4eJ61JDeY, rotatable=false, timeouts={implicit=0, page load=300000, script=30000}, pageLoadStrategy=normal, platform=ANY, specificationLevel=0, moz:accessibilityChecks=false, acceptInsecureCerts=false, browserVersion=52.0.2, platformVersion=10.0, moz:processID=2220, browserName=firefox, platformName=windows_nt}]
Session ID: 1bebf4fa-a5ac-4cf5-a502-9974d44c04d1
*** Element info: {Using=css selector, value=.cart__empty}
	at shield.enus.com.nvidia.www.javatests.PascalSLIAddToCartTestCases.verifyCartEmptymessage(PascalSLIAddToCartTestCases.java:131)
</failure>
  </testcase>
  <testcase name="verifyCartEmptymessage" classname="shield.enus.com.nvidia.www.javatests.PascalSLIAddToCartTestCases" time="0.01">
    <failure message="Unable to locate element: .cart__empty&#10;For documentation on this error, please visit: http://seleniumhq.org/exceptions/no_such_element.html&#10;Build info: version: &apos;3.0.1&apos;, revision: &apos;1969d75&apos;, time: &apos;2016-10-18 09:49:13 -0700&apos;&#10;System info: host: &apos;GCHAND-DT&apos;, ip: &apos;10.24.35.10&apos;, os.name: &apos;Windows 10&apos;, os.arch: &apos;amd64&apos;, os.version: &apos;10.0&apos;, java.version: &apos;1.8.0_121&apos;&#10;Driver info: org.openqa.selenium.firefox.FirefoxDriver&#10;Capabilities [{moz:profile=C:\Users\GCHAND~1.COM\AppData\Local\Temp\rust_mozprofile.k9E4hZ15DIJr, rotatable=false, timeouts={implicit=0, page load=300000, script=30000}, pageLoadStrategy=normal, platform=ANY, specificationLevel=0, moz:accessibilityChecks=false, acceptInsecureCerts=false, browserVersion=52.0.2, platformVersion=10.0, moz:processID=16624, browserName=firefox, platformName=windows_nt}]&#10;Session ID: f10bf2c1-d189-4d43-881c-7078156fde6e&#10;*** Element info: {Using=css selector, value=.cart__empty}" type="org.openqa.selenium.NoSuchElementException">org.openqa.selenium.NoSuchElementException: 
Unable to locate element: .cart__empty
For documentation on this error, please visit: http://seleniumhq.org/exceptions/no_such_element.html
Build info: version: '3.0.1', revision: '1969d75', time: '2016-10-18 09:49:13 -0700'
System info: host: 'GCHAND-DT', ip: '10.24.35.10', os.name: 'Windows 10', os.arch: 'amd64', os.version: '10.0', java.version: '1.8.0_121'
Driver info: org.openqa.selenium.firefox.FirefoxDriver
Capabilities [{moz:profile=C:\Users\GCHAND~1.COM\AppData\Local\Temp\rust_mozprofile.k9E4hZ15DIJr, rotatable=false, timeouts={implicit=0, page load=300000, script=30000}, pageLoadStrategy=normal, platform=ANY, specificationLevel=0, moz:accessibilityChecks=false, acceptInsecureCerts=false, browserVersion=52.0.2, platformVersion=10.0, moz:processID=16624, browserName=firefox, platformName=windows_nt}]
Session ID: f10bf2c1-d189-4d43-881c-7078156fde6e
*** Element info: {Using=css selector, value=.cart__empty}
	at shield.enus.com.nvidia.www.javatests.PascalSLIAddToCartTestCases.verifyCartEmptymessage(PascalSLIAddToCartTestCases.java:131)
</failure>
  </testcase>
  <testcase name="verifyCheckoutFlow" classname="shield.enus.com.nvidia.www.javatests.PascalSLIAddToCartTestCases" time="5.037">
    <failure message="Unable to locate element: .nv-button.js-checkout.cart__checkout-button&#10;For documentation on this error, please visit: http://seleniumhq.org/exceptions/no_such_element.html&#10;Build info: version: &apos;3.0.1&apos;, revision: &apos;1969d75&apos;, time: &apos;2016-10-18 09:49:13 -0700&apos;&#10;System info: host: &apos;GCHAND-DT&apos;, ip: &apos;10.24.35.10&apos;, os.name: &apos;Windows 10&apos;, os.arch: &apos;amd64&apos;, os.version: &apos;10.0&apos;, java.version: &apos;1.8.0_121&apos;&#10;Driver info: org.openqa.selenium.firefox.FirefoxDriver&#10;Capabilities [{moz:profile=C:\Users\GCHAND~1.COM\AppData\Local\Temp\rust_mozprofile.SdJe8jOLcvkL, rotatable=false, timeouts={implicit=0, page load=300000, script=30000}, pageLoadStrategy=normal, platform=ANY, specificationLevel=0, moz:accessibilityChecks=false, acceptInsecureCerts=false, browserVersion=52.0.2, platformVersion=10.0, moz:processID=10536, browserName=firefox, platformName=windows_nt}]&#10;Session ID: aef105c7-971e-46b6-be61-bf12feb6225b&#10;*** Element info: {Using=css selector, value=.nv-button.js-checkout.cart__checkout-button}" type="org.openqa.selenium.NoSuchElementException">org.openqa.selenium.NoSuchElementException: 
Unable to locate element: .nv-button.js-checkout.cart__checkout-button
For documentation on this error, please visit: http://seleniumhq.org/exceptions/no_such_element.html
Build info: version: '3.0.1', revision: '1969d75', time: '2016-10-18 09:49:13 -0700'
System info: host: 'GCHAND-DT', ip: '10.24.35.10', os.name: 'Windows 10', os.arch: 'amd64', os.version: '10.0', java.version: '1.8.0_121'
Driver info: org.openqa.selenium.firefox.FirefoxDriver
Capabilities [{moz:profile=C:\Users\GCHAND~1.COM\AppData\Local\Temp\rust_mozprofile.SdJe8jOLcvkL, rotatable=false, timeouts={implicit=0, page load=300000, script=30000}, pageLoadStrategy=normal, platform=ANY, specificationLevel=0, moz:accessibilityChecks=false, acceptInsecureCerts=false, browserVersion=52.0.2, platformVersion=10.0, moz:processID=10536, browserName=firefox, platformName=windows_nt}]
Session ID: aef105c7-971e-46b6-be61-bf12feb6225b
*** Element info: {Using=css selector, value=.nv-button.js-checkout.cart__checkout-button}
	at shield.enus.com.nvidia.www.javatests.PascalSLIAddToCartTestCases.verifyCheckoutFlow(PascalSLIAddToCartTestCases.java:146)
</failure>
  </testcase>
  <testcase name="verifyCheckoutFlow" classname="shield.enus.com.nvidia.www.javatests.PascalSLIAddToCartTestCases" time="5.039">
    <failure message="Unable to locate element: .nv-button.js-checkout.cart__checkout-button&#10;For documentation on this error, please visit: http://seleniumhq.org/exceptions/no_such_element.html&#10;Build info: version: &apos;3.0.1&apos;, revision: &apos;1969d75&apos;, time: &apos;2016-10-18 09:49:13 -0700&apos;&#10;System info: host: &apos;GCHAND-DT&apos;, ip: &apos;10.24.35.10&apos;, os.name: &apos;Windows 10&apos;, os.arch: &apos;amd64&apos;, os.version: &apos;10.0&apos;, java.version: &apos;1.8.0_121&apos;&#10;Driver info: org.openqa.selenium.firefox.FirefoxDriver&#10;Capabilities [{moz:profile=C:\Users\GCHAND~1.COM\AppData\Local\Temp\rust_mozprofile.kzX4eJ61JDeY, rotatable=false, timeouts={implicit=0, page load=300000, script=30000}, pageLoadStrategy=normal, platform=ANY, specificationLevel=0, moz:accessibilityChecks=false, acceptInsecureCerts=false, browserVersion=52.0.2, platformVersion=10.0, moz:processID=2220, browserName=firefox, platformName=windows_nt}]&#10;Session ID: 1bebf4fa-a5ac-4cf5-a502-9974d44c04d1&#10;*** Element info: {Using=css selector, value=.nv-button.js-checkout.cart__checkout-button}" type="org.openqa.selenium.NoSuchElementException">org.openqa.selenium.NoSuchElementException: 
Unable to locate element: .nv-button.js-checkout.cart__checkout-button
For documentation on this error, please visit: http://seleniumhq.org/exceptions/no_such_element.html
Build info: version: '3.0.1', revision: '1969d75', time: '2016-10-18 09:49:13 -0700'
System info: host: 'GCHAND-DT', ip: '10.24.35.10', os.name: 'Windows 10', os.arch: 'amd64', os.version: '10.0', java.version: '1.8.0_121'
Driver info: org.openqa.selenium.firefox.FirefoxDriver
Capabilities [{moz:profile=C:\Users\GCHAND~1.COM\AppData\Local\Temp\rust_mozprofile.kzX4eJ61JDeY, rotatable=false, timeouts={implicit=0, page load=300000, script=30000}, pageLoadStrategy=normal, platform=ANY, specificationLevel=0, moz:accessibilityChecks=false, acceptInsecureCerts=false, browserVersion=52.0.2, platformVersion=10.0, moz:processID=2220, browserName=firefox, platformName=windows_nt}]
Session ID: 1bebf4fa-a5ac-4cf5-a502-9974d44c04d1
*** Element info: {Using=css selector, value=.nv-button.js-checkout.cart__checkout-button}
	at shield.enus.com.nvidia.www.javatests.PascalSLIAddToCartTestCases.verifyCheckoutFlow(PascalSLIAddToCartTestCases.java:146)
</failure>
  </testcase>
  <testcase name="verifyCheckoutFlow" classname="shield.enus.com.nvidia.www.javatests.PascalSLIAddToCartTestCases" time="5.051">
    <failure message="Unable to locate element: .nv-button.js-checkout.cart__checkout-button&#10;For documentation on this error, please visit: http://seleniumhq.org/exceptions/no_such_element.html&#10;Build info: version: &apos;3.0.1&apos;, revision: &apos;1969d75&apos;, time: &apos;2016-10-18 09:49:13 -0700&apos;&#10;System info: host: &apos;GCHAND-DT&apos;, ip: &apos;10.24.35.10&apos;, os.name: &apos;Windows 10&apos;, os.arch: &apos;amd64&apos;, os.version: &apos;10.0&apos;, java.version: &apos;1.8.0_121&apos;&#10;Driver info: org.openqa.selenium.firefox.FirefoxDriver&#10;Capabilities [{moz:profile=C:\Users\GCHAND~1.COM\AppData\Local\Temp\rust_mozprofile.k9E4hZ15DIJr, rotatable=false, timeouts={implicit=0, page load=300000, script=30000}, pageLoadStrategy=normal, platform=ANY, specificationLevel=0, moz:accessibilityChecks=false, acceptInsecureCerts=false, browserVersion=52.0.2, platformVersion=10.0, moz:processID=16624, browserName=firefox, platformName=windows_nt}]&#10;Session ID: f10bf2c1-d189-4d43-881c-7078156fde6e&#10;*** Element info: {Using=css selector, value=.nv-button.js-checkout.cart__checkout-button}" type="org.openqa.selenium.NoSuchElementException">org.openqa.selenium.NoSuchElementException: 
Unable to locate element: .nv-button.js-checkout.cart__checkout-button
For documentation on this error, please visit: http://seleniumhq.org/exceptions/no_such_element.html
Build info: version: '3.0.1', revision: '1969d75', time: '2016-10-18 09:49:13 -0700'
System info: host: 'GCHAND-DT', ip: '10.24.35.10', os.name: 'Windows 10', os.arch: 'amd64', os.version: '10.0', java.version: '1.8.0_121'
Driver info: org.openqa.selenium.firefox.FirefoxDriver
Capabilities [{moz:profile=C:\Users\GCHAND~1.COM\AppData\Local\Temp\rust_mozprofile.k9E4hZ15DIJr, rotatable=false, timeouts={implicit=0, page load=300000, script=30000}, pageLoadStrategy=normal, platform=ANY, specificationLevel=0, moz:accessibilityChecks=false, acceptInsecureCerts=false, browserVersion=52.0.2, platformVersion=10.0, moz:processID=16624, browserName=firefox, platformName=windows_nt}]
Session ID: f10bf2c1-d189-4d43-881c-7078156fde6e
*** Element info: {Using=css selector, value=.nv-button.js-checkout.cart__checkout-button}
	at shield.enus.com.nvidia.www.javatests.PascalSLIAddToCartTestCases.verifyCheckoutFlow(PascalSLIAddToCartTestCases.java:146)
</failure>
  </testcase>
  <testcase name="closeBrowser" classname="shield.enus.com.nvidia.www.javatests.CloseBrowser" time="0.214">
    <failure message="Session ID is null. Using WebDriver after calling quit()?&#10;Build info: version: &apos;3.0.1&apos;, revision: &apos;1969d75&apos;, time: &apos;2016-10-18 09:49:13 -0700&apos;&#10;System info: host: &apos;GCHAND-DT&apos;, ip: &apos;10.24.35.10&apos;, os.name: &apos;Windows 10&apos;, os.arch: &apos;amd64&apos;, os.version: &apos;10.0&apos;, java.version: &apos;1.8.0_121&apos;&#10;Driver info: driver.version: RemoteWebDriver" type="org.openqa.selenium.NoSuchSessionException">org.openqa.selenium.NoSuchSessionException: 
Session ID is null. Using WebDriver after calling quit()?
Build info: version: '3.0.1', revision: '1969d75', time: '2016-10-18 09:49:13 -0700'
System info: host: 'GCHAND-DT', ip: '10.24.35.10', os.name: 'Windows 10', os.arch: 'amd64', os.version: '10.0', java.version: '1.8.0_121'
Driver info: driver.version: RemoteWebDriver
	at shield.enus.com.nvidia.www.javatests.CloseBrowser.closeBrowser(CloseBrowser.java:14)
</failure>
  </testcase>
  <testcase name="closeBrowser" classname="shield.enus.com.nvidia.www.javatests.CloseBrowser" time="0.203">
    <failure message="Session ID is null. Using WebDriver after calling quit()?&#10;Build info: version: &apos;3.0.1&apos;, revision: &apos;1969d75&apos;, time: &apos;2016-10-18 09:49:13 -0700&apos;&#10;System info: host: &apos;GCHAND-DT&apos;, ip: &apos;10.24.35.10&apos;, os.name: &apos;Windows 10&apos;, os.arch: &apos;amd64&apos;, os.version: &apos;10.0&apos;, java.version: &apos;1.8.0_121&apos;&#10;Driver info: driver.version: RemoteWebDriver" type="org.openqa.selenium.NoSuchSessionException">org.openqa.selenium.NoSuchSessionException: 
Session ID is null. Using WebDriver after calling quit()?
Build info: version: '3.0.1', revision: '1969d75', time: '2016-10-18 09:49:13 -0700'
System info: host: 'GCHAND-DT', ip: '10.24.35.10', os.name: 'Windows 10', os.arch: 'amd64', os.version: '10.0', java.version: '1.8.0_121'
Driver info: driver.version: RemoteWebDriver
	at shield.enus.com.nvidia.www.javatests.CloseBrowser.closeBrowser(CloseBrowser.java:14)
</failure>
  </testcase>
  <testcase name="closeBrowser" classname="shield.enus.com.nvidia.www.javatests.CloseBrowser" time="0.228">
    <failure message="Session ID is null. Using WebDriver after calling quit()?&#10;Build info: version: &apos;3.0.1&apos;, revision: &apos;1969d75&apos;, time: &apos;2016-10-18 09:49:13 -0700&apos;&#10;System info: host: &apos;GCHAND-DT&apos;, ip: &apos;10.24.35.10&apos;, os.name: &apos;Windows 10&apos;, os.arch: &apos;amd64&apos;, os.version: &apos;10.0&apos;, java.version: &apos;1.8.0_121&apos;&#10;Driver info: driver.version: RemoteWebDriver" type="org.openqa.selenium.NoSuchSessionException">org.openqa.selenium.NoSuchSessionException: 
Session ID is null. Using WebDriver after calling quit()?
Build info: version: '3.0.1', revision: '1969d75', time: '2016-10-18 09:49:13 -0700'
System info: host: 'GCHAND-DT', ip: '10.24.35.10', os.name: 'Windows 10', os.arch: 'amd64', os.version: '10.0', java.version: '1.8.0_121'
Driver info: driver.version: RemoteWebDriver
	at shield.enus.com.nvidia.www.javatests.CloseBrowser.closeBrowser(CloseBrowser.java:14)
</failure>
  </testcase>
</testsuite>