<?xml version="1.0" encoding="UTF-8"?>
<!-- Generated by org.testng.reporters.JUnitReportReporter -->
<testsuite hostname="GCHAND-DT" name="shield.enus.com.nvidia.www.javatests.HeaderAndFooterTestCases" tests="4" failures="0" timestamp="10 Jan 2017 05:09:46 GMT" time="18.673" errors="0">
  <testcase name="verifyHeaderNavigationalLinks" time="4.212" classname="shield.enus.com.nvidia.www.javatests.HeaderAndFooterTestCases"/>
  <testcase name="verifyGlobalFooterNavigationalLinks" time="1.993" classname="shield.enus.com.nvidia.www.javatests.HeaderAndFooterTestCases"/>
  <testcase name="verifylobalFooterSocialMediaLinks" time="5.094" classname="shield.enus.com.nvidia.www.javatests.HeaderAndFooterTestCases"/>
  <testcase name="verifyFooterNavigationalLinks" time="7.374" classname="shield.enus.com.nvidia.www.javatests.HeaderAndFooterTestCases"/>
</testsuite> <!-- shield.enus.com.nvidia.www.javatests.HeaderAndFooterTestCases -->
