<?xml version="1.0" encoding="UTF-8"?>
<!-- Generated by org.testng.reporters.JUnitReportReporter -->
<testsuite hostname="GCHAND-DT" name="shield.enus.com.nvidia.www.javatests.ColumnComponentTestCases" tests="2" failures="0" timestamp="10 Jan 2017 05:09:46 GMT" time="0.078" errors="0">
  <testcase name="verifyAllLeftColumn" time="0.038" classname="shield.enus.com.nvidia.www.javatests.ColumnComponentTestCases"/>
  <testcase name="verifyAllRightColumn" time="0.040" classname="shield.enus.com.nvidia.www.javatests.ColumnComponentTestCases"/>
</testsuite> <!-- shield.enus.com.nvidia.www.javatests.ColumnComponentTestCases -->
