<?xml version="1.0" encoding="UTF-8"?>
<!-- Generated by org.testng.reporters.JUnitReportReporter -->
<testsuite hostname="GCHAND-DT" name="shield.enus.com.nvidia.www.javatests.PascalSLIAddToCartTestCases" tests="30" failures="0" timestamp="4 Apr 2017 10:08:50 GMT" time="239.620" errors="0">
  <testcase name="verifyCheckoutFlow" time="15.070" classname="shield.enus.com.nvidia.www.javatests.PascalSLIAddToCartTestCases"/>
  <testcase name="verifyCartSubTotal" time="0.006" classname="shield.enus.com.nvidia.www.javatests.PascalSLIAddToCartTestCases"/>
  <testcase name="verifyCheckoutFlow" time="15.094" classname="shield.enus.com.nvidia.www.javatests.PascalSLIAddToCartTestCases"/>
  <testcase name="verifyCartProductCountIncrease" time="5.067" classname="shield.enus.com.nvidia.www.javatests.PascalSLIAddToCartTestCases"/>
  <testcase name="verifyCartSubTotal" time="0.008" classname="shield.enus.com.nvidia.www.javatests.PascalSLIAddToCartTestCases"/>
  <testcase name="verifyCartEmptymessage" time="25.122" classname="shield.enus.com.nvidia.www.javatests.PascalSLIAddToCartTestCases"/>
  <testcase name="verifyCartProductCountIncrease" time="5.093" classname="shield.enus.com.nvidia.www.javatests.PascalSLIAddToCartTestCases"/>
  <testcase name="verifyProductAddedToCart" time="0.012" classname="shield.enus.com.nvidia.www.javatests.PascalSLIAddToCartTestCases"/>
  <testcase name="VerifyCartOverLayPopup" time="0.013" classname="shield.enus.com.nvidia.www.javatests.PascalSLIAddToCartTestCases"/>
  <testcase name="verifyCartProductCountIncrease" time="5.054" classname="shield.enus.com.nvidia.www.javatests.PascalSLIAddToCartTestCases"/>
  <testcase name="verifyCartTotalAmout" time="0.013" classname="shield.enus.com.nvidia.www.javatests.PascalSLIAddToCartTestCases"/>
  <testcase name="verifyCartTotalAmout" time="0.015" classname="shield.enus.com.nvidia.www.javatests.PascalSLIAddToCartTestCases"/>
  <testcase name="VerifyProductIsAddedToCartOrnot" time="19.585" classname="shield.enus.com.nvidia.www.javatests.PascalSLIAddToCartTestCases"/>
  <testcase name="verifyCartSubTotal" time="0.009" classname="shield.enus.com.nvidia.www.javatests.PascalSLIAddToCartTestCases"/>
  <testcase name="verifyRemoveProductFromCart" time="5.059" classname="shield.enus.com.nvidia.www.javatests.PascalSLIAddToCartTestCases"/>
  <testcase name="VerifyCartOverLayPopup" time="0.014" classname="shield.enus.com.nvidia.www.javatests.PascalSLIAddToCartTestCases"/>
  <testcase name="verifyCartProductCountDeCrease" time="10.085" classname="shield.enus.com.nvidia.www.javatests.PascalSLIAddToCartTestCases"/>
  <testcase name="verifyCartEmptymessage" time="25.063" classname="shield.enus.com.nvidia.www.javatests.PascalSLIAddToCartTestCases"/>
  <testcase name="VerifyCartOverLayPopup" time="0.017" classname="shield.enus.com.nvidia.www.javatests.PascalSLIAddToCartTestCases"/>
  <testcase name="verifyProductAddedToCart" time="0.016" classname="shield.enus.com.nvidia.www.javatests.PascalSLIAddToCartTestCases"/>
  <testcase name="verifyRemoveProductFromCart" time="5.050" classname="shield.enus.com.nvidia.www.javatests.PascalSLIAddToCartTestCases"/>
  <testcase name="VerifyProductIsAddedToCartOrnot" time="19.581" classname="shield.enus.com.nvidia.www.javatests.PascalSLIAddToCartTestCases"/>
  <testcase name="verifyCartProductCountDeCrease" time="10.045" classname="shield.enus.com.nvidia.www.javatests.PascalSLIAddToCartTestCases"/>
  <testcase name="verifyCartTotalAmout" time="0.010" classname="shield.enus.com.nvidia.www.javatests.PascalSLIAddToCartTestCases"/>
  <testcase name="VerifyProductIsAddedToCartOrnot" time="19.381" classname="shield.enus.com.nvidia.www.javatests.PascalSLIAddToCartTestCases"/>
  <testcase name="verifyProductAddedToCart" time="0.014" classname="shield.enus.com.nvidia.www.javatests.PascalSLIAddToCartTestCases"/>
  <testcase name="verifyCheckoutFlow" time="15.132" classname="shield.enus.com.nvidia.www.javatests.PascalSLIAddToCartTestCases"/>
  <testcase name="verifyRemoveProductFromCart" time="5.063" classname="shield.enus.com.nvidia.www.javatests.PascalSLIAddToCartTestCases"/>
  <testcase name="verifyCartEmptymessage" time="24.839" classname="shield.enus.com.nvidia.www.javatests.PascalSLIAddToCartTestCases"/>
  <testcase name="verifyCartProductCountDeCrease" time="10.090" classname="shield.enus.com.nvidia.www.javatests.PascalSLIAddToCartTestCases"/>
</testsuite> <!-- shield.enus.com.nvidia.www.javatests.PascalSLIAddToCartTestCases -->
