<?xml version="1.0" encoding="UTF-8"?>
<!-- Generated by org.testng.reporters.JUnitReportReporter -->
<testsuite hostname="GCHAND-DT" name="shield.enus.com.nvidia.www.javatests.DRCheckOutTests" tests="10" failures="0" timestamp="27 Feb 2017 09:59:21 GMT" time="447.464" errors="0">
  <testcase name="InitialProductCount" time="0.014" classname="shield.enus.com.nvidia.www.javatests.DRCheckOutTests"/>
  <testcase name="VerifyBillingAddress" time="6.577" classname="shield.enus.com.nvidia.www.javatests.DRCheckOutTests"/>
  <testcase name="VerfyShoppingInfoPanelIsDisplayed" time="428.103" classname="shield.enus.com.nvidia.www.javatests.DRCheckOutTests"/>
  <testcase name="VerifyOrderpanel" time="2.703" classname="shield.enus.com.nvidia.www.javatests.DRCheckOutTests"/>
  <testcase name="VerifynavigationfromCartandBillingpageToShippingInfopage" time="4.521" classname="shield.enus.com.nvidia.www.javatests.DRCheckOutTests"/>
  <testcase name="VerfyCandyRack" time="0.032" classname="shield.enus.com.nvidia.www.javatests.DRCheckOutTests"/>
  <testcase name="VerifyProduct" time="0.053" classname="shield.enus.com.nvidia.www.javatests.DRCheckOutTests"/>
  <testcase name="ValidLogin" time="3.309" classname="shield.enus.com.nvidia.www.javatests.DRCheckOutTests"/>
  <testcase name="VerfyPaymentInfo" time="2.138" classname="shield.enus.com.nvidia.www.javatests.DRCheckOutTests"/>
  <testcase name="VerifyOrderNumber" time="0.014" classname="shield.enus.com.nvidia.www.javatests.DRCheckOutTests"/>
</testsuite> <!-- shield.enus.com.nvidia.www.javatests.DRCheckOutTests -->
