<?xml version="1.0" encoding="UTF-8"?>
<!-- Generated by org.testng.reporters.JUnitReportReporter -->
<testsuite hostname="GCHAND-DT" name="shield.enus.com.nvidia.www.javatests.GCLoginTestCase" tests="1" failures="0" timestamp="22 Feb 2017 10:47:23 GMT" time="45.758" errors="0">
  <testcase name="gcLogin" time="45.758" classname="shield.enus.com.nvidia.www.javatests.GCLoginTestCase"/>
</testsuite> <!-- shield.enus.com.nvidia.www.javatests.GCLoginTestCase -->
